Start train-evaluate |avg_pool_3x3~0|+|avg_pool_3x3~0|skip_connect~1|+|nor_conv_3x3~0|skip_connect~1|nor_conv_3x3~2|
arch_config : {'channel': 16, 'num_cells': 5}

The 00/01-th seed is 111 ----------------------<.>----------------------
Does not find the existing file output/trofim-NST/specifics/LESS-|avg_pool_3x3~0|+|avg_pool_3x3~0|skip_connect~1|+|nor_conv_3x3~0|skip_connect~1|nor_conv_3x3~2|-16-5/seed-0111.pth, train and evaluate!
configs/nas-benchmark/LESS.config
Configure(scheduler='cos', eta_min=0.0, epochs=12, warmup=0, optim='SGD', LR=0.1, decay=0.0005, momentum=0.9, nesterov=True, criterion='Softmax', batch_size=256, class_num=100, xshape=(1, 3, 32, 32))
Evaluate ||||||| cifar100   ||||||| Train-Num=50000, Valid-Num=10000, Train-Loader-Num=196, Valid-Loader-Num=40, batch size=256
Evaluate ||||||| cifar100   ||||||| Config=Configure(scheduler='cos', eta_min=0.0, epochs=12, warmup=0, optim='SGD', LR=0.1, decay=0.0005, momentum=0.9, nesterov=True, criterion='Softmax', batch_size=256, class_num=100, xshape=(1, 3, 32, 32))
Evaluate ---->>>> ori-test   with 40 batchs
Evaluate ---->>>> x-valid    with 20 batchs
Evaluate ---->>>> x-test     with 20 batchs
[2020-10-15 14:31:13] Seed-------------------------- 111 --------------------------
FLOP = 78.56778 MB, Param = 0.565236 MB
[2020-10-15 14:31:35] Time Left: [00:04:02] epoch=000/012 :: Train [loss=4.17761, acc@1=7.17%, acc@5=23.82%] Valid [loss=1.24347, acc@1=4.32%, acc@5=16.86%]
[2020-10-15 14:31:57] Time Left: [00:03:38] epoch=001/012 :: Train [loss=-4.93161, acc@1=17.62%, acc@5=44.35%] Valid [loss=-6.39407, acc@1=15.28%, acc@5=39.52%]
[2020-10-15 14:32:19] Time Left: [00:03:16] epoch=002/012 :: Train [loss=-7.85979, acc@1=26.59%, acc@5=57.89%] Valid [loss=-7.59943, acc@1=17.94%, acc@5=44.04%]
[2020-10-15 14:32:40] Time Left: [00:02:54] epoch=003/012 :: Train [loss=-9.18513, acc@1=33.57%, acc@5=66.71%] Valid [loss=-9.84073, acc@1=31.24%, acc@5=63.60%]
[2020-10-15 14:33:02] Time Left: [00:02:32] epoch=004/012 :: Train [loss=-9.95340, acc@1=39.18%, acc@5=72.21%] Valid [loss=-10.21809, acc@1=32.98%, acc@5=65.52%]
[2020-10-15 14:33:23] Time Left: [00:02:10] epoch=005/012 :: Train [loss=-10.44328, acc@1=43.37%, acc@5=76.08%] Valid [loss=-10.59295, acc@1=36.78%, acc@5=68.22%]
[2020-10-15 14:33:45] Time Left: [00:01:48] epoch=006/012 :: Train [loss=-10.76082, acc@1=46.56%, acc@5=78.63%] Valid [loss=-10.13358, acc@1=29.44%, acc@5=62.46%]
[2020-10-15 14:34:07] Time Left: [00:01:26] epoch=007/012 :: Train [loss=-11.02203, acc@1=50.02%, acc@5=81.18%] Valid [loss=-10.48680, acc@1=34.88%, acc@5=67.02%]
[2020-10-15 14:34:28] Time Left: [00:01:05] epoch=008/012 :: Train [loss=-11.21664, acc@1=52.56%, acc@5=82.79%] Valid [loss=-11.17880, acc@1=41.52%, acc@5=73.42%]
[2020-10-15 14:34:50] Time Left: [00:00:43] epoch=009/012 :: Train [loss=-11.37788, acc@1=55.11%, acc@5=84.70%] Valid [loss=-11.82221, acc@1=50.74%, acc@5=80.62%]
[2020-10-15 14:35:12] Time Left: [00:00:21] epoch=010/012 :: Train [loss=-11.49056, acc@1=57.15%, acc@5=85.70%] Valid [loss=-11.97054, acc@1=52.54%, acc@5=82.44%]
[2020-10-15 14:35:33] Time Left: [00:00:00] epoch=011/012 :: Train [loss=-11.57045, acc@1=58.54%, acc@5=86.64%] Valid [loss=-12.09566, acc@1=54.54%, acc@5=83.98%]
Python  Version  : 3.7.7 (default, Mar 26 2020, 15:48:22)  [GCC 7.3.0]
Pillow  Version  : 7.0.0
PyTorch Version  : 1.4.0
cuDNN   Version  : 7603
CUDA available   : True
CUDA GPU numbers : 1
CUDA_VISIBLE_DEVICES=0

--------------- dataset : cifar100 ---------------
Flops = 78.56778 MB, Params = 0.565236 MB
config : OrderedDict([('scheduler', 'cos'), ('eta_min', 0.0), ('epochs', 12), ('warmup', 0), ('optim', 'SGD'), ('LR', 0.1), ('decay', 0.0005), ('momentum', 0.9), ('nesterov', True), ('criterion', 'Softmax'), ('batch_size', 256), ('class_num', 100), ('xshape', (1, 3, 32, 32))])
Training State (finish) = True

<<<***>>> The 00/01-th seed is 111 <finish> other procedures need Time Left: [00:00:00]
