Start train-evaluate |skip_connect~0|+|nor_conv_1x1~0|none~1|+|avg_pool_3x3~0|nor_conv_3x3~1|avg_pool_3x3~2|
arch_config : {'channel': 16, 'num_cells': 5}

The 00/01-th seed is 111 ----------------------<.>----------------------
Does not find the existing file output/trofim-NST/specifics/LESS-|skip_connect~0|+|nor_conv_1x1~0|none~1|+|avg_pool_3x3~0|nor_conv_3x3~1|avg_pool_3x3~2|-16-5/seed-0111.pth, train and evaluate!
configs/nas-benchmark/LESS.config
Configure(scheduler='cos', eta_min=0.0, epochs=12, warmup=0, optim='SGD', LR=0.1, decay=0.0005, momentum=0.9, nesterov=True, criterion='Softmax', batch_size=256, class_num=100, xshape=(1, 3, 32, 32))
Evaluate ||||||| cifar100   ||||||| Train-Num=50000, Valid-Num=10000, Train-Loader-Num=196, Valid-Loader-Num=40, batch size=256
Evaluate ||||||| cifar100   ||||||| Config=Configure(scheduler='cos', eta_min=0.0, epochs=12, warmup=0, optim='SGD', LR=0.1, decay=0.0005, momentum=0.9, nesterov=True, criterion='Softmax', batch_size=256, class_num=100, xshape=(1, 3, 32, 32))
Evaluate ---->>>> ori-test   with 40 batchs
Evaluate ---->>>> x-valid    with 20 batchs
Evaluate ---->>>> x-test     with 20 batchs
[2020-10-15 13:23:20] Seed-------------------------- 111 --------------------------
FLOP = 47.1105 MB, Param = 0.350196 MB
[2020-10-15 13:23:41] Time Left: [00:03:53] epoch=000/012 :: Train [loss=2.99326, acc@1=8.32%, acc@5=25.80%] Valid [loss=-1.67983, acc@1=7.02%, acc@5=24.92%]
[2020-10-15 13:24:03] Time Left: [00:03:35] epoch=001/012 :: Train [loss=-5.86650, acc@1=20.01%, acc@5=48.48%] Valid [loss=-6.22999, acc@1=12.76%, acc@5=36.10%]
[2020-10-15 13:24:24] Time Left: [00:03:12] epoch=002/012 :: Train [loss=-8.12945, acc@1=28.85%, acc@5=61.28%] Valid [loss=-7.78577, acc@1=18.44%, acc@5=46.40%]
[2020-10-15 13:24:45] Time Left: [00:02:50] epoch=003/012 :: Train [loss=-9.01719, acc@1=35.71%, acc@5=68.74%] Valid [loss=-9.12146, acc@1=29.00%, acc@5=61.66%]
[2020-10-15 13:25:06] Time Left: [00:02:28] epoch=004/012 :: Train [loss=-9.63374, acc@1=40.16%, acc@5=73.32%] Valid [loss=-9.05150, acc@1=26.14%, acc@5=54.96%]
[2020-10-15 13:25:27] Time Left: [00:02:06] epoch=005/012 :: Train [loss=-10.13463, acc@1=44.16%, acc@5=76.64%] Valid [loss=-10.02614, acc@1=35.80%, acc@5=65.86%]
[2020-10-15 13:25:47] Time Left: [00:01:45] epoch=006/012 :: Train [loss=-10.53960, acc@1=47.41%, acc@5=79.25%] Valid [loss=-9.60696, acc@1=27.36%, acc@5=56.42%]
[2020-10-15 13:26:08] Time Left: [00:01:24] epoch=007/012 :: Train [loss=-10.84606, acc@1=50.65%, acc@5=81.45%] Valid [loss=-10.28400, acc@1=35.46%, acc@5=66.96%]
[2020-10-15 13:26:29] Time Left: [00:01:03] epoch=008/012 :: Train [loss=-11.07143, acc@1=53.01%, acc@5=83.31%] Valid [loss=-10.96773, acc@1=42.34%, acc@5=72.58%]
[2020-10-15 13:26:51] Time Left: [00:00:42] epoch=009/012 :: Train [loss=-11.24980, acc@1=55.79%, acc@5=84.93%] Valid [loss=-11.62087, acc@1=50.34%, acc@5=80.34%]
[2020-10-15 13:27:11] Time Left: [00:00:21] epoch=010/012 :: Train [loss=-11.36996, acc@1=57.52%, acc@5=86.26%] Valid [loss=-11.88002, acc@1=54.72%, acc@5=83.80%]
[2020-10-15 13:27:32] Time Left: [00:00:00] epoch=011/012 :: Train [loss=-11.44434, acc@1=58.89%, acc@5=86.96%] Valid [loss=-11.95299, acc@1=56.12%, acc@5=84.72%]
Python  Version  : 3.7.7 (default, Mar 26 2020, 15:48:22)  [GCC 7.3.0]
Pillow  Version  : 7.0.0
PyTorch Version  : 1.4.0
cuDNN   Version  : 7603
CUDA available   : True
CUDA GPU numbers : 1
CUDA_VISIBLE_DEVICES=0

--------------- dataset : cifar100 ---------------
Flops = 47.1105 MB, Params = 0.350196 MB
config : OrderedDict([('scheduler', 'cos'), ('eta_min', 0.0), ('epochs', 12), ('warmup', 0), ('optim', 'SGD'), ('LR', 0.1), ('decay', 0.0005), ('momentum', 0.9), ('nesterov', True), ('criterion', 'Softmax'), ('batch_size', 256), ('class_num', 100), ('xshape', (1, 3, 32, 32))])
Training State (finish) = True

<<<***>>> The 00/01-th seed is 111 <finish> other procedures need Time Left: [00:00:00]
