Start train-evaluate |skip_connect~0|+|nor_conv_1x1~0|skip_connect~1|+|nor_conv_3x3~0|none~1|skip_connect~2|
arch_config : {'channel': 16, 'num_cells': 5}

The 00/01-th seed is 111 ----------------------<.>----------------------
Does not find the existing file output/trofim-NST/specifics/LESS-|skip_connect~0|+|nor_conv_1x1~0|skip_connect~1|+|nor_conv_3x3~0|none~1|skip_connect~2|-16-5/seed-0111.pth, train and evaluate!
configs/nas-benchmark/LESS.config
Configure(scheduler='cos', eta_min=0.0, epochs=12, warmup=0, optim='SGD', LR=0.1, decay=0.0005, momentum=0.9, nesterov=True, criterion='Softmax', batch_size=256, class_num=100, xshape=(1, 3, 32, 32))
Evaluate ||||||| cifar100   ||||||| Train-Num=50000, Valid-Num=10000, Train-Loader-Num=196, Valid-Loader-Num=40, batch size=256
Evaluate ||||||| cifar100   ||||||| Config=Configure(scheduler='cos', eta_min=0.0, epochs=12, warmup=0, optim='SGD', LR=0.1, decay=0.0005, momentum=0.9, nesterov=True, criterion='Softmax', batch_size=256, class_num=100, xshape=(1, 3, 32, 32))
Evaluate ---->>>> ori-test   with 40 batchs
Evaluate ---->>>> x-valid    with 20 batchs
Evaluate ---->>>> x-test     with 20 batchs
[2020-10-15 14:22:39] Seed-------------------------- 111 --------------------------
FLOP = 47.1105 MB, Param = 0.350196 MB
[2020-10-15 14:22:59] Time Left: [00:03:38] epoch=000/012 :: Train [loss=-2.19437, acc@1=8.19%, acc@5=25.36%] Valid [loss=-6.38675, acc@1=9.10%, acc@5=27.02%]
[2020-10-15 14:23:18] Time Left: [00:03:14] epoch=001/012 :: Train [loss=-8.07303, acc@1=22.79%, acc@5=53.44%] Valid [loss=-8.51700, acc@1=19.84%, acc@5=48.88%]
[2020-10-15 14:23:37] Time Left: [00:02:54] epoch=002/012 :: Train [loss=-9.45262, acc@1=32.93%, acc@5=66.19%] Valid [loss=-10.06544, acc@1=30.60%, acc@5=63.62%]
[2020-10-15 14:23:56] Time Left: [00:02:33] epoch=003/012 :: Train [loss=-10.23160, acc@1=39.35%, acc@5=73.06%] Valid [loss=-10.33156, acc@1=32.38%, acc@5=66.92%]
[2020-10-15 14:24:15] Time Left: [00:02:14] epoch=004/012 :: Train [loss=-10.72300, acc@1=44.21%, acc@5=76.95%] Valid [loss=-11.02705, acc@1=36.74%, acc@5=70.14%]
[2020-10-15 14:24:34] Time Left: [00:01:55] epoch=005/012 :: Train [loss=-11.07401, acc@1=47.67%, acc@5=79.67%] Valid [loss=-11.31743, acc@1=42.22%, acc@5=74.30%]
[2020-10-15 14:24:54] Time Left: [00:01:35] epoch=006/012 :: Train [loss=-11.34555, acc@1=50.69%, acc@5=81.90%] Valid [loss=-11.58620, acc@1=43.30%, acc@5=75.38%]
[2020-10-15 14:25:13] Time Left: [00:01:16] epoch=007/012 :: Train [loss=-11.56453, acc@1=53.44%, acc@5=83.73%] Valid [loss=-11.93924, acc@1=48.28%, acc@5=80.06%]
[2020-10-15 14:25:32] Time Left: [00:00:57] epoch=008/012 :: Train [loss=-11.73294, acc@1=55.80%, acc@5=85.38%] Valid [loss=-12.03518, acc@1=48.62%, acc@5=80.26%]
[2020-10-15 14:25:51] Time Left: [00:00:38] epoch=009/012 :: Train [loss=-11.87377, acc@1=58.04%, acc@5=86.59%] Valid [loss=-12.42863, acc@1=53.86%, acc@5=83.82%]
[2020-10-15 14:26:10] Time Left: [00:00:19] epoch=010/012 :: Train [loss=-11.97584, acc@1=60.13%, acc@5=87.88%] Valid [loss=-12.56786, acc@1=56.54%, acc@5=84.74%]
[2020-10-15 14:26:29] Time Left: [00:00:00] epoch=011/012 :: Train [loss=-12.04302, acc@1=61.42%, acc@5=88.57%] Valid [loss=-12.63755, acc@1=57.22%, acc@5=85.90%]
Python  Version  : 3.7.7 (default, Mar 26 2020, 15:48:22)  [GCC 7.3.0]
Pillow  Version  : 7.0.0
PyTorch Version  : 1.4.0
cuDNN   Version  : 7603
CUDA available   : True
CUDA GPU numbers : 1
CUDA_VISIBLE_DEVICES=0

--------------- dataset : cifar100 ---------------
Flops = 47.1105 MB, Params = 0.350196 MB
config : OrderedDict([('scheduler', 'cos'), ('eta_min', 0.0), ('epochs', 12), ('warmup', 0), ('optim', 'SGD'), ('LR', 0.1), ('decay', 0.0005), ('momentum', 0.9), ('nesterov', True), ('criterion', 'Softmax'), ('batch_size', 256), ('class_num', 100), ('xshape', (1, 3, 32, 32))])
Training State (finish) = True

<<<***>>> The 00/01-th seed is 111 <finish> other procedures need Time Left: [00:00:00]
