Start train-evaluate |avg_pool_3x3~0|+|nor_conv_1x1~0|skip_connect~1|+|nor_conv_1x1~0|skip_connect~1|skip_connect~2|
arch_config : {'channel': 16, 'num_cells': 5}

The 00/01-th seed is 111 ----------------------<.>----------------------
Does not find the existing file output/trofim-NST/specifics/LESS-|avg_pool_3x3~0|+|nor_conv_1x1~0|skip_connect~1|+|nor_conv_1x1~0|skip_connect~1|skip_connect~2|-16-5/seed-0111.pth, train and evaluate!
configs/nas-benchmark/LESS.config
Configure(scheduler='cos', eta_min=0.0, epochs=12, warmup=0, optim='SGD', LR=0.1, decay=0.0005, momentum=0.9, nesterov=True, criterion='Softmax', batch_size=256, class_num=100, xshape=(1, 3, 32, 32))
Evaluate ||||||| cifar100   ||||||| Train-Num=50000, Valid-Num=10000, Train-Loader-Num=196, Valid-Loader-Num=40, batch size=256
Evaluate ||||||| cifar100   ||||||| Config=Configure(scheduler='cos', eta_min=0.0, epochs=12, warmup=0, optim='SGD', LR=0.1, decay=0.0005, momentum=0.9, nesterov=True, criterion='Softmax', batch_size=256, class_num=100, xshape=(1, 3, 32, 32))
Evaluate ---->>>> ori-test   with 40 batchs
Evaluate ---->>>> x-valid    with 20 batchs
Evaluate ---->>>> x-test     with 20 batchs
[2020-10-15 13:13:44] Seed-------------------------- 111 --------------------------
FLOP = 15.65322 MB, Param = 0.135156 MB
[2020-10-15 13:14:03] Time Left: [00:03:28] epoch=000/012 :: Train [loss=13.96214, acc@1=3.84%, acc@5=14.99%] Valid [loss=11.19491, acc@1=4.20%, acc@5=15.34%]
[2020-10-15 13:14:22] Time Left: [00:03:11] epoch=001/012 :: Train [loss=6.62529, acc@1=6.96%, acc@5=23.36%] Valid [loss=6.72405, acc@1=5.84%, acc@5=22.24%]
[2020-10-15 13:14:42] Time Left: [00:02:54] epoch=002/012 :: Train [loss=3.87072, acc@1=8.84%, acc@5=28.18%] Valid [loss=4.47388, acc@1=6.50%, acc@5=21.50%]
[2020-10-15 13:15:01] Time Left: [00:02:33] epoch=003/012 :: Train [loss=1.75764, acc@1=10.32%, acc@5=31.02%] Valid [loss=1.93110, acc@1=9.26%, acc@5=27.18%]
[2020-10-15 13:15:20] Time Left: [00:02:13] epoch=004/012 :: Train [loss=0.42087, acc@1=11.19%, acc@5=32.93%] Valid [loss=2.99279, acc@1=7.46%, acc@5=23.76%]
[2020-10-15 13:15:38] Time Left: [00:01:54] epoch=005/012 :: Train [loss=-0.41417, acc@1=12.56%, acc@5=35.08%] Valid [loss=8.05901, acc@1=3.94%, acc@5=15.92%]
[2020-10-15 13:15:57] Time Left: [00:01:35] epoch=006/012 :: Train [loss=-0.99197, acc@1=13.81%, acc@5=37.07%] Valid [loss=0.77454, acc@1=6.56%, acc@5=22.84%]
[2020-10-15 13:16:16] Time Left: [00:01:15] epoch=007/012 :: Train [loss=-1.48541, acc@1=15.04%, acc@5=39.58%] Valid [loss=-0.76115, acc@1=11.76%, acc@5=33.86%]
[2020-10-15 13:16:35] Time Left: [00:00:56] epoch=008/012 :: Train [loss=-1.87854, acc@1=16.14%, acc@5=41.36%] Valid [loss=-0.24173, acc@1=9.98%, acc@5=29.60%]
[2020-10-15 13:16:53] Time Left: [00:00:37] epoch=009/012 :: Train [loss=-2.22418, acc@1=17.25%, acc@5=43.16%] Valid [loss=-1.54414, acc@1=14.88%, acc@5=40.04%]
[2020-10-15 13:17:12] Time Left: [00:00:18] epoch=010/012 :: Train [loss=-2.45251, acc@1=17.96%, acc@5=44.21%] Valid [loss=-1.93293, acc@1=15.28%, acc@5=40.44%]
[2020-10-15 13:17:31] Time Left: [00:00:00] epoch=011/012 :: Train [loss=-2.57864, acc@1=18.24%, acc@5=44.70%] Valid [loss=-2.22469, acc@1=17.42%, acc@5=42.06%]
Python  Version  : 3.7.7 (default, Mar 26 2020, 15:48:22)  [GCC 7.3.0]
Pillow  Version  : 7.0.0
PyTorch Version  : 1.4.0
cuDNN   Version  : 7603
CUDA available   : True
CUDA GPU numbers : 1
CUDA_VISIBLE_DEVICES=0

--------------- dataset : cifar100 ---------------
Flops = 15.65322 MB, Params = 0.135156 MB
config : OrderedDict([('scheduler', 'cos'), ('eta_min', 0.0), ('epochs', 12), ('warmup', 0), ('optim', 'SGD'), ('LR', 0.1), ('decay', 0.0005), ('momentum', 0.9), ('nesterov', True), ('criterion', 'Softmax'), ('batch_size', 256), ('class_num', 100), ('xshape', (1, 3, 32, 32))])
Training State (finish) = True

<<<***>>> The 00/01-th seed is 111 <finish> other procedures need Time Left: [00:00:00]
