Start train-evaluate |avg_pool_3x3~0|+|none~0|nor_conv_3x3~1|+|skip_connect~0|nor_conv_3x3~1|none~2|
arch_config : {'channel': 16, 'num_cells': 5}

The 00/01-th seed is 111 ----------------------<.>----------------------
Does not find the existing file output/trofim-NST/specifics/LESS-|avg_pool_3x3~0|+|none~0|nor_conv_3x3~1|+|skip_connect~0|nor_conv_3x3~1|none~2|-16-5/seed-0111.pth, train and evaluate!
configs/nas-benchmark/LESS.config
Configure(scheduler='cos', eta_min=0.0, epochs=12, warmup=0, optim='SGD', LR=0.1, decay=0.0005, momentum=0.9, nesterov=True, criterion='Softmax', batch_size=256, class_num=100, xshape=(1, 3, 32, 32))
Evaluate ||||||| cifar100   ||||||| Train-Num=50000, Valid-Num=10000, Train-Loader-Num=196, Valid-Loader-Num=40, batch size=256
Evaluate ||||||| cifar100   ||||||| Config=Configure(scheduler='cos', eta_min=0.0, epochs=12, warmup=0, optim='SGD', LR=0.1, decay=0.0005, momentum=0.9, nesterov=True, criterion='Softmax', batch_size=256, class_num=100, xshape=(1, 3, 32, 32))
Evaluate ---->>>> ori-test   with 40 batchs
Evaluate ---->>>> x-valid    with 20 batchs
Evaluate ---->>>> x-test     with 20 batchs
[2020-10-15 13:52:34] Seed-------------------------- 111 --------------------------
FLOP = 78.56778 MB, Param = 0.565236 MB
[2020-10-15 13:52:56] Time Left: [00:04:00] epoch=000/012 :: Train [loss=-1.02731, acc@1=8.28%, acc@5=26.36%] Valid [loss=-4.22537, acc@1=8.52%, acc@5=27.14%]
[2020-10-15 13:53:18] Time Left: [00:03:35] epoch=001/012 :: Train [loss=-6.22164, acc@1=20.80%, acc@5=50.02%] Valid [loss=-6.72014, acc@1=17.24%, acc@5=45.84%]
[2020-10-15 13:53:40] Time Left: [00:03:16] epoch=002/012 :: Train [loss=-7.63451, acc@1=28.89%, acc@5=61.17%] Valid [loss=-6.61428, acc@1=18.54%, acc@5=47.02%]
[2020-10-15 13:54:01] Time Left: [00:02:53] epoch=003/012 :: Train [loss=-8.38274, acc@1=34.77%, acc@5=67.96%] Valid [loss=-8.79560, acc@1=28.68%, acc@5=61.68%]
[2020-10-15 13:54:23] Time Left: [00:02:31] epoch=004/012 :: Train [loss=-8.95621, acc@1=38.88%, acc@5=72.32%] Valid [loss=-9.03989, acc@1=33.30%, acc@5=65.08%]
[2020-10-15 13:54:44] Time Left: [00:02:09] epoch=005/012 :: Train [loss=-9.34214, acc@1=42.38%, acc@5=75.23%] Valid [loss=-9.67766, acc@1=37.32%, acc@5=70.76%]
[2020-10-15 13:55:06] Time Left: [00:01:48] epoch=006/012 :: Train [loss=-9.65453, acc@1=45.27%, acc@5=77.59%] Valid [loss=-9.91190, acc@1=40.04%, acc@5=73.56%]
[2020-10-15 13:55:27] Time Left: [00:01:26] epoch=007/012 :: Train [loss=-9.89036, acc@1=48.04%, acc@5=79.49%] Valid [loss=-10.32380, acc@1=43.80%, acc@5=77.08%]
[2020-10-15 13:55:49] Time Left: [00:01:04] epoch=008/012 :: Train [loss=-10.07255, acc@1=50.02%, acc@5=81.32%] Valid [loss=-10.44531, acc@1=44.60%, acc@5=76.12%]
[2020-10-15 13:56:10] Time Left: [00:00:43] epoch=009/012 :: Train [loss=-10.22247, acc@1=52.30%, acc@5=83.00%] Valid [loss=-10.72196, acc@1=48.68%, acc@5=79.80%]
[2020-10-15 13:56:31] Time Left: [00:00:21] epoch=010/012 :: Train [loss=-10.32397, acc@1=54.04%, acc@5=83.84%] Valid [loss=-10.87909, acc@1=51.32%, acc@5=81.88%]
[2020-10-15 13:56:53] Time Left: [00:00:00] epoch=011/012 :: Train [loss=-10.39646, acc@1=55.22%, acc@5=84.71%] Valid [loss=-10.96354, acc@1=52.26%, acc@5=82.68%]
Python  Version  : 3.7.7 (default, Mar 26 2020, 15:48:22)  [GCC 7.3.0]
Pillow  Version  : 7.0.0
PyTorch Version  : 1.4.0
cuDNN   Version  : 7603
CUDA available   : True
CUDA GPU numbers : 1
CUDA_VISIBLE_DEVICES=0

--------------- dataset : cifar100 ---------------
Flops = 78.56778 MB, Params = 0.565236 MB
config : OrderedDict([('scheduler', 'cos'), ('eta_min', 0.0), ('epochs', 12), ('warmup', 0), ('optim', 'SGD'), ('LR', 0.1), ('decay', 0.0005), ('momentum', 0.9), ('nesterov', True), ('criterion', 'Softmax'), ('batch_size', 256), ('class_num', 100), ('xshape', (1, 3, 32, 32))])
Training State (finish) = True

<<<***>>> The 00/01-th seed is 111 <finish> other procedures need Time Left: [00:00:00]
