Start train-evaluate |skip_connect~0|+|avg_pool_3x3~0|nor_conv_1x1~1|+|skip_connect~0|avg_pool_3x3~1|skip_connect~2|
arch_config : {'channel': 16, 'num_cells': 5}

The 00/01-th seed is 111 ----------------------<.>----------------------
Does not find the existing file output/trofim-NST/specifics/LESS-|skip_connect~0|+|avg_pool_3x3~0|nor_conv_1x1~1|+|skip_connect~0|avg_pool_3x3~1|skip_connect~2|-16-5/seed-0111.pth, train and evaluate!
configs/nas-benchmark/LESS.config
Configure(scheduler='cos', eta_min=0.0, epochs=12, warmup=0, optim='SGD', LR=0.1, decay=0.0005, momentum=0.9, nesterov=True, criterion='Softmax', batch_size=256, class_num=100, xshape=(1, 3, 32, 32))
Evaluate ||||||| cifar100   ||||||| Train-Num=50000, Valid-Num=10000, Train-Loader-Num=196, Valid-Loader-Num=40, batch size=256
Evaluate ||||||| cifar100   ||||||| Config=Configure(scheduler='cos', eta_min=0.0, epochs=12, warmup=0, optim='SGD', LR=0.1, decay=0.0005, momentum=0.9, nesterov=True, criterion='Softmax', batch_size=256, class_num=100, xshape=(1, 3, 32, 32))
Evaluate ---->>>> ori-test   with 40 batchs
Evaluate ---->>>> x-valid    with 20 batchs
Evaluate ---->>>> x-test     with 20 batchs
[2020-10-15 14:07:01] Seed-------------------------- 111 --------------------------
FLOP = 11.72106 MB, Param = 0.107156 MB
[2020-10-15 14:07:18] Time Left: [00:03:03] epoch=000/012 :: Train [loss=17.06016, acc@1=3.91%, acc@5=14.95%] Valid [loss=9.34262, acc@1=4.04%, acc@5=15.36%]
[2020-10-15 14:07:36] Time Left: [00:02:52] epoch=001/012 :: Train [loss=7.64141, acc@1=7.24%, acc@5=25.09%] Valid [loss=7.27034, acc@1=6.80%, acc@5=21.74%]
[2020-10-15 14:07:52] Time Left: [00:02:32] epoch=002/012 :: Train [loss=5.49986, acc@1=8.42%, acc@5=27.45%] Valid [loss=5.70439, acc@1=7.42%, acc@5=24.78%]
[2020-10-15 14:08:09] Time Left: [00:02:14] epoch=003/012 :: Train [loss=3.71877, acc@1=9.57%, acc@5=29.92%] Valid [loss=3.97210, acc@1=7.62%, acc@5=24.56%]
[2020-10-15 14:08:25] Time Left: [00:01:57] epoch=004/012 :: Train [loss=2.71977, acc@1=10.60%, acc@5=31.69%] Valid [loss=3.72886, acc@1=9.32%, acc@5=29.98%]
[2020-10-15 14:08:42] Time Left: [00:01:40] epoch=005/012 :: Train [loss=1.87385, acc@1=11.25%, acc@5=33.33%] Valid [loss=2.63178, acc@1=7.96%, acc@5=26.78%]
[2020-10-15 14:08:58] Time Left: [00:01:23] epoch=006/012 :: Train [loss=1.21925, acc@1=12.01%, acc@5=34.22%] Valid [loss=1.76656, acc@1=10.32%, acc@5=30.62%]
[2020-10-15 14:09:15] Time Left: [00:01:06] epoch=007/012 :: Train [loss=0.48108, acc@1=12.93%, acc@5=35.67%] Valid [loss=2.15767, acc@1=6.00%, acc@5=21.32%]
[2020-10-15 14:09:32] Time Left: [00:00:50] epoch=008/012 :: Train [loss=-0.19815, acc@1=13.57%, acc@5=36.92%] Valid [loss=0.53236, acc@1=12.14%, acc@5=32.86%]
[2020-10-15 14:09:48] Time Left: [00:00:33] epoch=009/012 :: Train [loss=-0.80567, acc@1=14.69%, acc@5=38.74%] Valid [loss=-0.00687, acc@1=10.42%, acc@5=32.34%]
[2020-10-15 14:10:05] Time Left: [00:00:16] epoch=010/012 :: Train [loss=-1.17089, acc@1=15.29%, acc@5=39.98%] Valid [loss=-0.54405, acc@1=13.06%, acc@5=35.20%]
[2020-10-15 14:10:21] Time Left: [00:00:00] epoch=011/012 :: Train [loss=-1.30292, acc@1=15.69%, acc@5=40.16%] Valid [loss=-0.73863, acc@1=13.10%, acc@5=35.92%]
Python  Version  : 3.7.7 (default, Mar 26 2020, 15:48:22)  [GCC 7.3.0]
Pillow  Version  : 7.0.0
PyTorch Version  : 1.4.0
cuDNN   Version  : 7603
CUDA available   : True
CUDA GPU numbers : 1
CUDA_VISIBLE_DEVICES=0

--------------- dataset : cifar100 ---------------
Flops = 11.72106 MB, Params = 0.107156 MB
config : OrderedDict([('scheduler', 'cos'), ('eta_min', 0.0), ('epochs', 12), ('warmup', 0), ('optim', 'SGD'), ('LR', 0.1), ('decay', 0.0005), ('momentum', 0.9), ('nesterov', True), ('criterion', 'Softmax'), ('batch_size', 256), ('class_num', 100), ('xshape', (1, 3, 32, 32))])
Training State (finish) = True

<<<***>>> The 00/01-th seed is 111 <finish> other procedures need Time Left: [00:00:00]
