Start train-evaluate |nor_conv_1x1~0|+|skip_connect~0|nor_conv_3x3~1|+|none~0|avg_pool_3x3~1|avg_pool_3x3~2|
arch_config : {'channel': 16, 'num_cells': 5}

The 00/01-th seed is 111 ----------------------<.>----------------------
Does not find the existing file output/trofim-NST/specifics/LESS-|nor_conv_1x1~0|+|skip_connect~0|nor_conv_3x3~1|+|none~0|avg_pool_3x3~1|avg_pool_3x3~2|-16-5/seed-0111.pth, train and evaluate!
configs/nas-benchmark/LESS.config
Configure(scheduler='cos', eta_min=0.0, epochs=12, warmup=0, optim='SGD', LR=0.1, decay=0.0005, momentum=0.9, nesterov=True, criterion='Softmax', batch_size=256, class_num=100, xshape=(1, 3, 32, 32))
Evaluate ||||||| cifar100   ||||||| Train-Num=50000, Valid-Num=10000, Train-Loader-Num=196, Valid-Loader-Num=40, batch size=256
Evaluate ||||||| cifar100   ||||||| Config=Configure(scheduler='cos', eta_min=0.0, epochs=12, warmup=0, optim='SGD', LR=0.1, decay=0.0005, momentum=0.9, nesterov=True, criterion='Softmax', batch_size=256, class_num=100, xshape=(1, 3, 32, 32))
Evaluate ---->>>> ori-test   with 40 batchs
Evaluate ---->>>> x-valid    with 20 batchs
Evaluate ---->>>> x-test     with 20 batchs
[2020-10-15 13:32:46] Seed-------------------------- 111 --------------------------
FLOP = 47.1105 MB, Param = 0.350196 MB
[2020-10-15 13:33:08] Time Left: [00:04:04] epoch=000/012 :: Train [loss=4.55822, acc@1=7.87%, acc@5=25.15%] Valid [loss=0.56699, acc@1=8.84%, acc@5=27.98%]
[2020-10-15 13:33:29] Time Left: [00:03:35] epoch=001/012 :: Train [loss=-1.40806, acc@1=17.55%, acc@5=44.01%] Valid [loss=-0.82686, acc@1=10.84%, acc@5=33.64%]
[2020-10-15 13:33:49] Time Left: [00:03:11] epoch=002/012 :: Train [loss=-2.81432, acc@1=24.02%, acc@5=53.91%] Valid [loss=-2.33188, acc@1=15.58%, acc@5=40.82%]
[2020-10-15 13:34:10] Time Left: [00:02:49] epoch=003/012 :: Train [loss=-3.63931, acc@1=29.17%, acc@5=60.53%] Valid [loss=-3.24267, acc@1=22.68%, acc@5=50.72%]
[2020-10-15 13:34:31] Time Left: [00:02:27] epoch=004/012 :: Train [loss=-4.22032, acc@1=33.02%, acc@5=64.84%] Valid [loss=-3.62571, acc@1=21.80%, acc@5=48.58%]
[2020-10-15 13:34:52] Time Left: [00:02:06] epoch=005/012 :: Train [loss=-4.71850, acc@1=36.44%, acc@5=68.58%] Valid [loss=-4.15390, acc@1=27.42%, acc@5=57.34%]
[2020-10-15 13:35:13] Time Left: [00:01:45] epoch=006/012 :: Train [loss=-5.15863, acc@1=39.65%, acc@5=72.29%] Valid [loss=-4.14559, acc@1=28.70%, acc@5=57.90%]
[2020-10-15 13:35:34] Time Left: [00:01:24] epoch=007/012 :: Train [loss=-5.53768, acc@1=42.99%, acc@5=74.99%] Valid [loss=-5.03844, acc@1=32.62%, acc@5=63.38%]
[2020-10-15 13:35:55] Time Left: [00:01:03] epoch=008/012 :: Train [loss=-5.85843, acc@1=45.93%, acc@5=77.45%] Valid [loss=-5.61817, acc@1=38.82%, acc@5=69.70%]
[2020-10-15 13:36:16] Time Left: [00:00:41] epoch=009/012 :: Train [loss=-6.10136, acc@1=48.67%, acc@5=79.69%] Valid [loss=-6.04580, acc@1=42.92%, acc@5=74.50%]
[2020-10-15 13:36:36] Time Left: [00:00:20] epoch=010/012 :: Train [loss=-6.27275, acc@1=51.08%, acc@5=81.29%] Valid [loss=-6.35608, acc@1=47.42%, acc@5=77.98%]
[2020-10-15 13:36:57] Time Left: [00:00:00] epoch=011/012 :: Train [loss=-6.36962, acc@1=52.40%, acc@5=82.33%] Valid [loss=-6.49757, acc@1=49.54%, acc@5=79.54%]
Python  Version  : 3.7.7 (default, Mar 26 2020, 15:48:22)  [GCC 7.3.0]
Pillow  Version  : 7.0.0
PyTorch Version  : 1.4.0
cuDNN   Version  : 7603
CUDA available   : True
CUDA GPU numbers : 1
CUDA_VISIBLE_DEVICES=0

--------------- dataset : cifar100 ---------------
Flops = 47.1105 MB, Params = 0.350196 MB
config : OrderedDict([('scheduler', 'cos'), ('eta_min', 0.0), ('epochs', 12), ('warmup', 0), ('optim', 'SGD'), ('LR', 0.1), ('decay', 0.0005), ('momentum', 0.9), ('nesterov', True), ('criterion', 'Softmax'), ('batch_size', 256), ('class_num', 100), ('xshape', (1, 3, 32, 32))])
Training State (finish) = True

<<<***>>> The 00/01-th seed is 111 <finish> other procedures need Time Left: [00:00:00]
