Start train-evaluate |nor_conv_3x3~0|+|avg_pool_3x3~0|nor_conv_1x1~1|+|avg_pool_3x3~0|skip_connect~1|nor_conv_3x3~2|
arch_config : {'channel': 16, 'num_cells': 5}

The 00/01-th seed is 111 ----------------------<.>----------------------
Does not find the existing file output/trofim-NST/specifics/LESS-|nor_conv_3x3~0|+|avg_pool_3x3~0|nor_conv_1x1~1|+|avg_pool_3x3~0|skip_connect~1|nor_conv_3x3~2|-16-5/seed-0111.pth, train and evaluate!
configs/nas-benchmark/LESS.config
Configure(scheduler='cos', eta_min=0.0, epochs=12, warmup=0, optim='SGD', LR=0.1, decay=0.0005, momentum=0.9, nesterov=True, criterion='Softmax', batch_size=256, class_num=100, xshape=(1, 3, 32, 32))
Evaluate ||||||| cifar100   ||||||| Train-Num=50000, Valid-Num=10000, Train-Loader-Num=196, Valid-Loader-Num=40, batch size=256
Evaluate ||||||| cifar100   ||||||| Config=Configure(scheduler='cos', eta_min=0.0, epochs=12, warmup=0, optim='SGD', LR=0.1, decay=0.0005, momentum=0.9, nesterov=True, criterion='Softmax', batch_size=256, class_num=100, xshape=(1, 3, 32, 32))
Evaluate ---->>>> ori-test   with 40 batchs
Evaluate ---->>>> x-valid    with 20 batchs
Evaluate ---->>>> x-test     with 20 batchs
[2020-10-15 14:26:50] Seed-------------------------- 111 --------------------------
FLOP = 82.49994 MB, Param = 0.593236 MB
[2020-10-15 14:27:16] Time Left: [00:04:44] epoch=000/012 :: Train [loss=4.38902, acc@1=6.88%, acc@5=22.76%] Valid [loss=-0.85736, acc@1=5.10%, acc@5=18.48%]
[2020-10-15 14:27:41] Time Left: [00:04:14] epoch=001/012 :: Train [loss=-5.39890, acc@1=18.38%, acc@5=46.03%] Valid [loss=-6.17590, acc@1=14.36%, acc@5=37.04%]
[2020-10-15 14:28:06] Time Left: [00:03:47] epoch=002/012 :: Train [loss=-8.12149, acc@1=27.98%, acc@5=59.85%] Valid [loss=-8.07046, acc@1=20.32%, acc@5=47.70%]
[2020-10-15 14:28:31] Time Left: [00:03:22] epoch=003/012 :: Train [loss=-9.16982, acc@1=35.10%, acc@5=68.32%] Valid [loss=-8.91467, acc@1=25.66%, acc@5=56.02%]
[2020-10-15 14:28:56] Time Left: [00:02:56] epoch=004/012 :: Train [loss=-9.81948, acc@1=40.31%, acc@5=73.38%] Valid [loss=-9.89180, acc@1=33.64%, acc@5=65.16%]
[2020-10-15 14:29:21] Time Left: [00:02:31] epoch=005/012 :: Train [loss=-10.33858, acc@1=44.74%, acc@5=77.55%] Valid [loss=-10.20606, acc@1=34.74%, acc@5=67.16%]
[2020-10-15 14:29:46] Time Left: [00:02:05] epoch=006/012 :: Train [loss=-10.75211, acc@1=48.48%, acc@5=80.19%] Valid [loss=-10.99583, acc@1=41.66%, acc@5=74.28%]
[2020-10-15 14:30:11] Time Left: [00:01:40] epoch=007/012 :: Train [loss=-11.09273, acc@1=51.45%, acc@5=82.59%] Valid [loss=-10.37344, acc@1=33.34%, acc@5=64.98%]
[2020-10-15 14:30:37] Time Left: [00:01:15] epoch=008/012 :: Train [loss=-11.35643, acc@1=54.71%, acc@5=84.56%] Valid [loss=-11.70347, acc@1=48.26%, acc@5=79.08%]
[2020-10-15 14:31:02] Time Left: [00:00:50] epoch=009/012 :: Train [loss=-11.55688, acc@1=57.74%, acc@5=86.20%] Valid [loss=-11.87846, acc@1=50.80%, acc@5=80.86%]
[2020-10-15 14:31:27] Time Left: [00:00:25] epoch=010/012 :: Train [loss=-11.69597, acc@1=60.13%, acc@5=87.73%] Valid [loss=-12.17701, acc@1=55.68%, acc@5=84.44%]
[2020-10-15 14:31:52] Time Left: [00:00:00] epoch=011/012 :: Train [loss=-11.78977, acc@1=62.07%, acc@5=88.85%] Valid [loss=-12.29237, acc@1=57.50%, acc@5=85.52%]
Python  Version  : 3.7.7 (default, Mar 26 2020, 15:48:22)  [GCC 7.3.0]
Pillow  Version  : 7.0.0
PyTorch Version  : 1.4.0
cuDNN   Version  : 7603
CUDA available   : True
CUDA GPU numbers : 1
CUDA_VISIBLE_DEVICES=0

--------------- dataset : cifar100 ---------------
Flops = 82.49994 MB, Params = 0.593236 MB
config : OrderedDict([('scheduler', 'cos'), ('eta_min', 0.0), ('epochs', 12), ('warmup', 0), ('optim', 'SGD'), ('LR', 0.1), ('decay', 0.0005), ('momentum', 0.9), ('nesterov', True), ('criterion', 'Softmax'), ('batch_size', 256), ('class_num', 100), ('xshape', (1, 3, 32, 32))])
Training State (finish) = True

<<<***>>> The 00/01-th seed is 111 <finish> other procedures need Time Left: [00:00:00]
