Start train-evaluate |skip_connect~0|+|skip_connect~0|avg_pool_3x3~1|+|none~0|none~1|avg_pool_3x3~2|
arch_config : {'channel': 16, 'num_cells': 5}

The 00/01-th seed is 111 ----------------------<.>----------------------
Does not find the existing file output/trofim-NST/specifics/LESS-|skip_connect~0|+|skip_connect~0|avg_pool_3x3~1|+|none~0|none~1|avg_pool_3x3~2|-16-5/seed-0111.pth, train and evaluate!
configs/nas-benchmark/LESS.config
Configure(scheduler='cos', eta_min=0.0, epochs=12, warmup=0, optim='SGD', LR=0.1, decay=0.0005, momentum=0.9, nesterov=True, criterion='Softmax', batch_size=256, class_num=100, xshape=(1, 3, 32, 32))
Evaluate ||||||| cifar100   ||||||| Train-Num=50000, Valid-Num=10000, Train-Loader-Num=196, Valid-Loader-Num=40, batch size=256
Evaluate ||||||| cifar100   ||||||| Config=Configure(scheduler='cos', eta_min=0.0, epochs=12, warmup=0, optim='SGD', LR=0.1, decay=0.0005, momentum=0.9, nesterov=True, criterion='Softmax', batch_size=256, class_num=100, xshape=(1, 3, 32, 32))
Evaluate ---->>>> ori-test   with 40 batchs
Evaluate ---->>>> x-valid    with 20 batchs
Evaluate ---->>>> x-test     with 20 batchs
[2020-10-15 14:35:48] Seed-------------------------- 111 --------------------------
FLOP = 7.7889 MB, Param = 0.079156 MB
[2020-10-15 14:36:02] Time Left: [00:02:33] epoch=000/012 :: Train [loss=24.94033, acc@1=3.76%, acc@5=14.80%] Valid [loss=18.11065, acc@1=4.10%, acc@5=17.22%]
[2020-10-15 14:36:16] Time Left: [00:02:18] epoch=001/012 :: Train [loss=18.37399, acc@1=4.57%, acc@5=18.01%] Valid [loss=17.17779, acc@1=4.42%, acc@5=18.78%]
[2020-10-15 14:36:29] Time Left: [00:02:03] epoch=002/012 :: Train [loss=17.34555, acc@1=5.47%, acc@5=19.89%] Valid [loss=16.07888, acc@1=6.18%, acc@5=21.22%]
[2020-10-15 14:36:43] Time Left: [00:01:49] epoch=003/012 :: Train [loss=15.20901, acc@1=6.39%, acc@5=21.82%] Valid [loss=14.33799, acc@1=7.66%, acc@5=24.08%]
[2020-10-15 14:36:57] Time Left: [00:01:36] epoch=004/012 :: Train [loss=13.55529, acc@1=6.87%, acc@5=23.27%] Valid [loss=13.18240, acc@1=7.16%, acc@5=23.60%]
[2020-10-15 14:37:10] Time Left: [00:01:22] epoch=005/012 :: Train [loss=12.43320, acc@1=7.32%, acc@5=24.25%] Valid [loss=11.86852, acc@1=7.04%, acc@5=23.36%]
[2020-10-15 14:37:24] Time Left: [00:01:08] epoch=006/012 :: Train [loss=11.75295, acc@1=7.61%, acc@5=24.72%] Valid [loss=11.62682, acc@1=7.94%, acc@5=24.68%]
[2020-10-15 14:37:38] Time Left: [00:00:54] epoch=007/012 :: Train [loss=11.26301, acc@1=7.91%, acc@5=25.31%] Valid [loss=11.21623, acc@1=7.16%, acc@5=25.36%]
[2020-10-15 14:37:51] Time Left: [00:00:41] epoch=008/012 :: Train [loss=11.03799, acc@1=8.24%, acc@5=25.88%] Valid [loss=11.06602, acc@1=6.54%, acc@5=23.76%]
[2020-10-15 14:38:05] Time Left: [00:00:27] epoch=009/012 :: Train [loss=10.87929, acc@1=8.42%, acc@5=26.15%] Valid [loss=10.85979, acc@1=7.20%, acc@5=25.62%]
[2020-10-15 14:38:19] Time Left: [00:00:13] epoch=010/012 :: Train [loss=10.78996, acc@1=8.80%, acc@5=26.86%] Valid [loss=10.76662, acc@1=7.58%, acc@5=24.74%]
[2020-10-15 14:38:33] Time Left: [00:00:00] epoch=011/012 :: Train [loss=10.76408, acc@1=8.87%, acc@5=26.98%] Valid [loss=10.66898, acc@1=7.44%, acc@5=25.54%]
Python  Version  : 3.7.7 (default, Mar 26 2020, 15:48:22)  [GCC 7.3.0]
Pillow  Version  : 7.0.0
PyTorch Version  : 1.4.0
cuDNN   Version  : 7603
CUDA available   : True
CUDA GPU numbers : 1
CUDA_VISIBLE_DEVICES=0

--------------- dataset : cifar100 ---------------
Flops = 7.7889 MB, Params = 0.079156 MB
config : OrderedDict([('scheduler', 'cos'), ('eta_min', 0.0), ('epochs', 12), ('warmup', 0), ('optim', 'SGD'), ('LR', 0.1), ('decay', 0.0005), ('momentum', 0.9), ('nesterov', True), ('criterion', 'Softmax'), ('batch_size', 256), ('class_num', 100), ('xshape', (1, 3, 32, 32))])
Training State (finish) = True

<<<***>>> The 00/01-th seed is 111 <finish> other procedures need Time Left: [00:00:00]
