Start train-evaluate |nor_conv_1x1~0|+|avg_pool_3x3~0|skip_connect~1|+|skip_connect~0|none~1|nor_conv_3x3~2|
arch_config : {'channel': 16, 'num_cells': 5}

The 00/01-th seed is 111 ----------------------<.>----------------------
Does not find the existing file output/trofim-NST/specifics/LESS-|nor_conv_1x1~0|+|avg_pool_3x3~0|skip_connect~1|+|skip_connect~0|none~1|nor_conv_3x3~2|-16-5/seed-0111.pth, train and evaluate!
configs/nas-benchmark/LESS.config
Configure(scheduler='cos', eta_min=0.0, epochs=12, warmup=0, optim='SGD', LR=0.1, decay=0.0005, momentum=0.9, nesterov=True, criterion='Softmax', batch_size=256, class_num=100, xshape=(1, 3, 32, 32))
Evaluate ||||||| cifar100   ||||||| Train-Num=50000, Valid-Num=10000, Train-Loader-Num=196, Valid-Loader-Num=40, batch size=256
Evaluate ||||||| cifar100   ||||||| Config=Configure(scheduler='cos', eta_min=0.0, epochs=12, warmup=0, optim='SGD', LR=0.1, decay=0.0005, momentum=0.9, nesterov=True, criterion='Softmax', batch_size=256, class_num=100, xshape=(1, 3, 32, 32))
Evaluate ---->>>> ori-test   with 40 batchs
Evaluate ---->>>> x-valid    with 20 batchs
Evaluate ---->>>> x-test     with 20 batchs
[2020-10-15 13:13:44] Seed-------------------------- 111 --------------------------
FLOP = 47.1105 MB, Param = 0.350196 MB
[2020-10-15 13:14:04] Time Left: [00:03:44] epoch=000/012 :: Train [loss=-0.06955, acc@1=6.99%, acc@5=22.96%] Valid [loss=-4.27611, acc@1=5.96%, acc@5=19.18%]
[2020-10-15 13:14:26] Time Left: [00:03:29] epoch=001/012 :: Train [loss=-6.87097, acc@1=19.51%, acc@5=48.09%] Valid [loss=-6.21990, acc@1=11.30%, acc@5=33.98%]
[2020-10-15 13:14:46] Time Left: [00:03:05] epoch=002/012 :: Train [loss=-8.81428, acc@1=29.04%, acc@5=61.58%] Valid [loss=-8.11570, acc@1=18.92%, acc@5=48.46%]
[2020-10-15 13:15:06] Time Left: [00:02:44] epoch=003/012 :: Train [loss=-9.78210, acc@1=35.52%, acc@5=69.12%] Valid [loss=-9.62802, acc@1=24.88%, acc@5=56.90%]
[2020-10-15 13:15:27] Time Left: [00:02:23] epoch=004/012 :: Train [loss=-10.40133, acc@1=40.63%, acc@5=74.31%] Valid [loss=-10.73550, acc@1=35.74%, acc@5=69.52%]
[2020-10-15 13:15:47] Time Left: [00:02:02] epoch=005/012 :: Train [loss=-10.81007, acc@1=45.01%, acc@5=77.66%] Valid [loss=-10.55038, acc@1=34.72%, acc@5=66.26%]
[2020-10-15 13:16:07] Time Left: [00:01:42] epoch=006/012 :: Train [loss=-11.11341, acc@1=48.25%, acc@5=80.39%] Valid [loss=-11.10800, acc@1=38.62%, acc@5=70.38%]
[2020-10-15 13:16:27] Time Left: [00:01:21] epoch=007/012 :: Train [loss=-11.35873, acc@1=51.44%, acc@5=82.61%] Valid [loss=-11.76761, acc@1=47.28%, acc@5=78.20%]
[2020-10-15 13:16:48] Time Left: [00:01:01] epoch=008/012 :: Train [loss=-11.55509, acc@1=54.00%, acc@5=84.29%] Valid [loss=-12.00727, acc@1=49.60%, acc@5=80.62%]
[2020-10-15 13:17:08] Time Left: [00:00:40] epoch=009/012 :: Train [loss=-11.71115, acc@1=56.81%, acc@5=85.82%] Valid [loss=-12.21023, acc@1=52.30%, acc@5=82.92%]
[2020-10-15 13:17:28] Time Left: [00:00:20] epoch=010/012 :: Train [loss=-11.82162, acc@1=58.79%, acc@5=87.11%] Valid [loss=-12.36434, acc@1=55.18%, acc@5=84.52%]
[2020-10-15 13:17:48] Time Left: [00:00:00] epoch=011/012 :: Train [loss=-11.89635, acc@1=60.17%, acc@5=87.85%] Valid [loss=-12.43134, acc@1=56.16%, acc@5=84.50%]
Python  Version  : 3.7.7 (default, Mar 26 2020, 15:48:22)  [GCC 7.3.0]
Pillow  Version  : 7.0.0
PyTorch Version  : 1.4.0
cuDNN   Version  : 7603
CUDA available   : True
CUDA GPU numbers : 1
CUDA_VISIBLE_DEVICES=0

--------------- dataset : cifar100 ---------------
Flops = 47.1105 MB, Params = 0.350196 MB
config : OrderedDict([('scheduler', 'cos'), ('eta_min', 0.0), ('epochs', 12), ('warmup', 0), ('optim', 'SGD'), ('LR', 0.1), ('decay', 0.0005), ('momentum', 0.9), ('nesterov', True), ('criterion', 'Softmax'), ('batch_size', 256), ('class_num', 100), ('xshape', (1, 3, 32, 32))])
Training State (finish) = True

<<<***>>> The 00/01-th seed is 111 <finish> other procedures need Time Left: [00:00:00]
