Start train-evaluate |skip_connect~0|+|avg_pool_3x3~0|skip_connect~1|+|nor_conv_1x1~0|avg_pool_3x3~1|avg_pool_3x3~2|
arch_config : {'channel': 16, 'num_cells': 5}

The 00/01-th seed is 111 ----------------------<.>----------------------
Does not find the existing file output/trofim-NST/specifics/LESS-|skip_connect~0|+|avg_pool_3x3~0|skip_connect~1|+|nor_conv_1x1~0|avg_pool_3x3~1|avg_pool_3x3~2|-16-5/seed-0111.pth, train and evaluate!
configs/nas-benchmark/LESS.config
Configure(scheduler='cos', eta_min=0.0, epochs=12, warmup=0, optim='SGD', LR=0.1, decay=0.0005, momentum=0.9, nesterov=True, criterion='Softmax', batch_size=256, class_num=100, xshape=(1, 3, 32, 32))
Evaluate ||||||| cifar100   ||||||| Train-Num=50000, Valid-Num=10000, Train-Loader-Num=196, Valid-Loader-Num=40, batch size=256
Evaluate ||||||| cifar100   ||||||| Config=Configure(scheduler='cos', eta_min=0.0, epochs=12, warmup=0, optim='SGD', LR=0.1, decay=0.0005, momentum=0.9, nesterov=True, criterion='Softmax', batch_size=256, class_num=100, xshape=(1, 3, 32, 32))
Evaluate ---->>>> ori-test   with 40 batchs
Evaluate ---->>>> x-valid    with 20 batchs
Evaluate ---->>>> x-test     with 20 batchs
[2020-10-15 13:42:26] Seed-------------------------- 111 --------------------------
FLOP = 11.72106 MB, Param = 0.107156 MB
[2020-10-15 13:42:44] Time Left: [00:03:13] epoch=000/012 :: Train [loss=20.80737, acc@1=3.74%, acc@5=15.04%] Valid [loss=11.86222, acc@1=4.86%, acc@5=18.48%]
[2020-10-15 13:43:01] Time Left: [00:02:55] epoch=001/012 :: Train [loss=9.49586, acc@1=7.20%, acc@5=24.62%] Valid [loss=10.03776, acc@1=5.08%, acc@5=18.66%]
[2020-10-15 13:43:18] Time Left: [00:02:37] epoch=002/012 :: Train [loss=8.12915, acc@1=8.22%, acc@5=27.38%] Valid [loss=8.06616, acc@1=8.62%, acc@5=28.02%]
[2020-10-15 13:43:36] Time Left: [00:02:19] epoch=003/012 :: Train [loss=6.78632, acc@1=9.15%, acc@5=29.19%] Valid [loss=7.69830, acc@1=7.36%, acc@5=23.58%]
[2020-10-15 13:43:53] Time Left: [00:02:01] epoch=004/012 :: Train [loss=5.72056, acc@1=10.19%, acc@5=31.11%] Valid [loss=8.24781, acc@1=7.94%, acc@5=25.76%]
[2020-10-15 13:44:10] Time Left: [00:01:44] epoch=005/012 :: Train [loss=4.80972, acc@1=10.77%, acc@5=32.66%] Valid [loss=4.99505, acc@1=9.60%, acc@5=29.60%]
[2020-10-15 13:44:28] Time Left: [00:01:26] epoch=006/012 :: Train [loss=3.95573, acc@1=11.73%, acc@5=34.24%] Valid [loss=6.03103, acc@1=6.66%, acc@5=22.22%]
[2020-10-15 13:44:45] Time Left: [00:01:09] epoch=007/012 :: Train [loss=3.03001, acc@1=12.54%, acc@5=35.47%] Valid [loss=4.51748, acc@1=8.74%, acc@5=28.46%]
[2020-10-15 13:45:02] Time Left: [00:00:52] epoch=008/012 :: Train [loss=2.29686, acc@1=13.23%, acc@5=36.47%] Valid [loss=3.01076, acc@1=11.52%, acc@5=32.90%]
[2020-10-15 13:45:20] Time Left: [00:00:34] epoch=009/012 :: Train [loss=1.67296, acc@1=14.08%, acc@5=37.69%] Valid [loss=2.59655, acc@1=10.68%, acc@5=31.30%]
[2020-10-15 13:45:37] Time Left: [00:00:17] epoch=010/012 :: Train [loss=1.25480, acc@1=14.14%, acc@5=38.53%] Valid [loss=1.95412, acc@1=11.78%, acc@5=34.18%]
[2020-10-15 13:45:54] Time Left: [00:00:00] epoch=011/012 :: Train [loss=1.11010, acc@1=14.61%, acc@5=38.90%] Valid [loss=1.83869, acc@1=12.00%, acc@5=35.26%]
Python  Version  : 3.7.7 (default, Mar 26 2020, 15:48:22)  [GCC 7.3.0]
Pillow  Version  : 7.0.0
PyTorch Version  : 1.4.0
cuDNN   Version  : 7603
CUDA available   : True
CUDA GPU numbers : 1
CUDA_VISIBLE_DEVICES=0

--------------- dataset : cifar100 ---------------
Flops = 11.72106 MB, Params = 0.107156 MB
config : OrderedDict([('scheduler', 'cos'), ('eta_min', 0.0), ('epochs', 12), ('warmup', 0), ('optim', 'SGD'), ('LR', 0.1), ('decay', 0.0005), ('momentum', 0.9), ('nesterov', True), ('criterion', 'Softmax'), ('batch_size', 256), ('class_num', 100), ('xshape', (1, 3, 32, 32))])
Training State (finish) = True

<<<***>>> The 00/01-th seed is 111 <finish> other procedures need Time Left: [00:00:00]
