Start train-evaluate |skip_connect~0|+|avg_pool_3x3~0|none~1|+|nor_conv_1x1~0|none~1|nor_conv_3x3~2|
arch_config : {'channel': 16, 'num_cells': 5}

The 00/01-th seed is 111 ----------------------<.>----------------------
Does not find the existing file output/trofim-NST/specifics/LESS-|skip_connect~0|+|avg_pool_3x3~0|none~1|+|nor_conv_1x1~0|none~1|nor_conv_3x3~2|-16-5/seed-0111.pth, train and evaluate!
configs/nas-benchmark/LESS.config
Configure(scheduler='cos', eta_min=0.0, epochs=12, warmup=0, optim='SGD', LR=0.1, decay=0.0005, momentum=0.9, nesterov=True, criterion='Softmax', batch_size=256, class_num=100, xshape=(1, 3, 32, 32))
Evaluate ||||||| cifar100   ||||||| Train-Num=50000, Valid-Num=10000, Train-Loader-Num=196, Valid-Loader-Num=40, batch size=256
Evaluate ||||||| cifar100   ||||||| Config=Configure(scheduler='cos', eta_min=0.0, epochs=12, warmup=0, optim='SGD', LR=0.1, decay=0.0005, momentum=0.9, nesterov=True, criterion='Softmax', batch_size=256, class_num=100, xshape=(1, 3, 32, 32))
Evaluate ---->>>> ori-test   with 40 batchs
Evaluate ---->>>> x-valid    with 20 batchs
Evaluate ---->>>> x-test     with 20 batchs
[2020-10-15 13:23:31] Seed-------------------------- 111 --------------------------
FLOP = 47.1105 MB, Param = 0.350196 MB
[2020-10-15 13:23:51] Time Left: [00:03:46] epoch=000/012 :: Train [loss=-2.22526, acc@1=7.09%, acc@5=23.34%] Valid [loss=-5.78519, acc@1=8.90%, acc@5=30.20%]
[2020-10-15 13:24:12] Time Left: [00:03:23] epoch=001/012 :: Train [loss=-7.00188, acc@1=17.78%, acc@5=45.76%] Valid [loss=-6.27275, acc@1=11.64%, acc@5=34.00%]
[2020-10-15 13:24:32] Time Left: [00:03:02] epoch=002/012 :: Train [loss=-8.34323, acc@1=25.94%, acc@5=57.48%] Valid [loss=-7.63330, acc@1=16.38%, acc@5=45.42%]
[2020-10-15 13:24:52] Time Left: [00:02:42] epoch=003/012 :: Train [loss=-9.10528, acc@1=31.36%, acc@5=64.48%] Valid [loss=-8.46898, acc@1=18.44%, acc@5=49.02%]
[2020-10-15 13:25:12] Time Left: [00:02:21] epoch=004/012 :: Train [loss=-9.62343, acc@1=36.16%, acc@5=69.95%] Valid [loss=-9.21467, acc@1=24.12%, acc@5=54.34%]
[2020-10-15 13:25:32] Time Left: [00:02:01] epoch=005/012 :: Train [loss=-9.97581, acc@1=39.93%, acc@5=73.21%] Valid [loss=-9.31339, acc@1=27.96%, acc@5=57.60%]
[2020-10-15 13:25:53] Time Left: [00:01:41] epoch=006/012 :: Train [loss=-10.23562, acc@1=43.24%, acc@5=75.80%] Valid [loss=-10.49588, acc@1=40.06%, acc@5=72.04%]
[2020-10-15 13:26:13] Time Left: [00:01:20] epoch=007/012 :: Train [loss=-10.45453, acc@1=45.98%, acc@5=78.26%] Valid [loss=-10.33178, acc@1=36.64%, acc@5=68.84%]
[2020-10-15 13:26:33] Time Left: [00:01:00] epoch=008/012 :: Train [loss=-10.63546, acc@1=48.47%, acc@5=80.04%] Valid [loss=-10.75245, acc@1=42.64%, acc@5=74.18%]
[2020-10-15 13:26:53] Time Left: [00:00:40] epoch=009/012 :: Train [loss=-10.78630, acc@1=50.93%, acc@5=81.93%] Valid [loss=-11.10668, acc@1=46.46%, acc@5=78.04%]
[2020-10-15 13:27:13] Time Left: [00:00:20] epoch=010/012 :: Train [loss=-10.89585, acc@1=52.96%, acc@5=83.33%] Valid [loss=-11.33717, acc@1=50.36%, acc@5=80.58%]
[2020-10-15 13:27:34] Time Left: [00:00:00] epoch=011/012 :: Train [loss=-10.96996, acc@1=54.59%, acc@5=84.18%] Valid [loss=-11.43022, acc@1=51.52%, acc@5=81.66%]
Python  Version  : 3.7.7 (default, Mar 26 2020, 15:48:22)  [GCC 7.3.0]
Pillow  Version  : 7.0.0
PyTorch Version  : 1.4.0
cuDNN   Version  : 7603
CUDA available   : True
CUDA GPU numbers : 1
CUDA_VISIBLE_DEVICES=0

--------------- dataset : cifar100 ---------------
Flops = 47.1105 MB, Params = 0.350196 MB
config : OrderedDict([('scheduler', 'cos'), ('eta_min', 0.0), ('epochs', 12), ('warmup', 0), ('optim', 'SGD'), ('LR', 0.1), ('decay', 0.0005), ('momentum', 0.9), ('nesterov', True), ('criterion', 'Softmax'), ('batch_size', 256), ('class_num', 100), ('xshape', (1, 3, 32, 32))])
Training State (finish) = True

<<<***>>> The 00/01-th seed is 111 <finish> other procedures need Time Left: [00:00:00]
