Start train-evaluate |none~0|+|avg_pool_3x3~0|skip_connect~1|+|nor_conv_3x3~0|nor_conv_1x1~1|nor_conv_1x1~2|
arch_config : {'channel': 16, 'num_cells': 5}

The 00/01-th seed is 111 ----------------------<.>----------------------
Does not find the existing file output/trofim-NST/specifics/LESS-|none~0|+|avg_pool_3x3~0|skip_connect~1|+|nor_conv_3x3~0|nor_conv_1x1~1|nor_conv_1x1~2|-16-5/seed-0111.pth, train and evaluate!
configs/nas-benchmark/LESS.config
Configure(scheduler='cos', eta_min=0.0, epochs=12, warmup=0, optim='SGD', LR=0.1, decay=0.0005, momentum=0.9, nesterov=True, criterion='Softmax', batch_size=256, class_num=100, xshape=(1, 3, 32, 32))
Evaluate ||||||| cifar100   ||||||| Train-Num=50000, Valid-Num=10000, Train-Loader-Num=196, Valid-Loader-Num=40, batch size=256
Evaluate ||||||| cifar100   ||||||| Config=Configure(scheduler='cos', eta_min=0.0, epochs=12, warmup=0, optim='SGD', LR=0.1, decay=0.0005, momentum=0.9, nesterov=True, criterion='Softmax', batch_size=256, class_num=100, xshape=(1, 3, 32, 32))
Evaluate ---->>>> ori-test   with 40 batchs
Evaluate ---->>>> x-valid    with 20 batchs
Evaluate ---->>>> x-test     with 20 batchs
[2020-10-15 13:17:19] Seed-------------------------- 111 --------------------------
FLOP = 51.04266 MB, Param = 0.378196 MB
[2020-10-15 13:17:44] Time Left: [00:04:31] epoch=000/012 :: Train [loss=-0.46550, acc@1=6.64%, acc@5=21.85%] Valid [loss=-4.56169, acc@1=7.24%, acc@5=23.68%]
[2020-10-15 13:18:07] Time Left: [00:04:00] epoch=001/012 :: Train [loss=-7.22468, acc@1=18.71%, acc@5=46.64%] Valid [loss=-7.12288, acc@1=11.10%, acc@5=33.40%]
[2020-10-15 13:18:30] Time Left: [00:03:34] epoch=002/012 :: Train [loss=-8.82798, acc@1=27.32%, acc@5=59.34%] Valid [loss=-9.21381, acc@1=22.92%, acc@5=50.42%]
[2020-10-15 13:18:54] Time Left: [00:03:09] epoch=003/012 :: Train [loss=-9.78357, acc@1=33.90%, acc@5=66.95%] Valid [loss=-10.07293, acc@1=28.02%, acc@5=60.46%]
[2020-10-15 13:19:17] Time Left: [00:02:45] epoch=004/012 :: Train [loss=-10.31066, acc@1=38.37%, acc@5=71.75%] Valid [loss=-8.76090, acc@1=18.08%, acc@5=45.12%]
[2020-10-15 13:19:40] Time Left: [00:02:21] epoch=005/012 :: Train [loss=-10.66437, acc@1=42.07%, acc@5=75.18%] Valid [loss=-10.30964, acc@1=29.38%, acc@5=60.30%]
[2020-10-15 13:20:04] Time Left: [00:01:57] epoch=006/012 :: Train [loss=-10.90452, acc@1=45.40%, acc@5=77.66%] Valid [loss=-10.13377, acc@1=30.76%, acc@5=60.98%]
[2020-10-15 13:20:27] Time Left: [00:01:34] epoch=007/012 :: Train [loss=-11.10671, acc@1=48.18%, acc@5=79.73%] Valid [loss=-10.84424, acc@1=36.24%, acc@5=70.00%]
[2020-10-15 13:20:50] Time Left: [00:01:10] epoch=008/012 :: Train [loss=-11.27363, acc@1=51.07%, acc@5=81.61%] Valid [loss=-11.72723, acc@1=47.50%, acc@5=79.18%]
[2020-10-15 13:21:14] Time Left: [00:00:46] epoch=009/012 :: Train [loss=-11.41643, acc@1=53.39%, acc@5=83.46%] Valid [loss=-11.79617, acc@1=48.12%, acc@5=79.40%]
[2020-10-15 13:21:37] Time Left: [00:00:23] epoch=010/012 :: Train [loss=-11.52072, acc@1=55.40%, acc@5=84.86%] Valid [loss=-12.00538, acc@1=51.62%, acc@5=81.84%]
[2020-10-15 13:22:00] Time Left: [00:00:00] epoch=011/012 :: Train [loss=-11.59804, acc@1=57.04%, acc@5=85.61%] Valid [loss=-12.08827, acc@1=53.34%, acc@5=82.54%]
Python  Version  : 3.7.7 (default, Mar 26 2020, 15:48:22)  [GCC 7.3.0]
Pillow  Version  : 7.0.0
PyTorch Version  : 1.4.0
cuDNN   Version  : 7603
CUDA available   : True
CUDA GPU numbers : 1
CUDA_VISIBLE_DEVICES=0

--------------- dataset : cifar100 ---------------
Flops = 51.04266 MB, Params = 0.378196 MB
config : OrderedDict([('scheduler', 'cos'), ('eta_min', 0.0), ('epochs', 12), ('warmup', 0), ('optim', 'SGD'), ('LR', 0.1), ('decay', 0.0005), ('momentum', 0.9), ('nesterov', True), ('criterion', 'Softmax'), ('batch_size', 256), ('class_num', 100), ('xshape', (1, 3, 32, 32))])
Training State (finish) = True

<<<***>>> The 00/01-th seed is 111 <finish> other procedures need Time Left: [00:00:00]
