Start train-evaluate |avg_pool_3x3~0|+|avg_pool_3x3~0|skip_connect~1|+|avg_pool_3x3~0|skip_connect~1|skip_connect~2|
arch_config : {'channel': 16, 'num_cells': 5}

The 00/01-th seed is 111 ----------------------<.>----------------------
Does not find the existing file output/trofim-NST/specifics/LESS-|avg_pool_3x3~0|+|avg_pool_3x3~0|skip_connect~1|+|avg_pool_3x3~0|skip_connect~1|skip_connect~2|-16-5/seed-0111.pth, train and evaluate!
configs/nas-benchmark/LESS.config
Configure(scheduler='cos', eta_min=0.0, epochs=12, warmup=0, optim='SGD', LR=0.1, decay=0.0005, momentum=0.9, nesterov=True, criterion='Softmax', batch_size=256, class_num=100, xshape=(1, 3, 32, 32))
Evaluate ||||||| cifar100   ||||||| Train-Num=50000, Valid-Num=10000, Train-Loader-Num=196, Valid-Loader-Num=40, batch size=256
Evaluate ||||||| cifar100   ||||||| Config=Configure(scheduler='cos', eta_min=0.0, epochs=12, warmup=0, optim='SGD', LR=0.1, decay=0.0005, momentum=0.9, nesterov=True, criterion='Softmax', batch_size=256, class_num=100, xshape=(1, 3, 32, 32))
Evaluate ---->>>> ori-test   with 40 batchs
Evaluate ---->>>> x-valid    with 20 batchs
Evaluate ---->>>> x-test     with 20 batchs
[2020-10-15 13:30:47] Seed-------------------------- 111 --------------------------
FLOP = 7.7889 MB, Param = 0.079156 MB
[2020-10-15 13:31:01] Time Left: [00:02:38] epoch=000/012 :: Train [loss=26.91485, acc@1=3.12%, acc@5=12.90%] Valid [loss=19.45012, acc@1=3.84%, acc@5=15.76%]
[2020-10-15 13:31:16] Time Left: [00:02:28] epoch=001/012 :: Train [loss=19.79118, acc@1=4.51%, acc@5=17.57%] Valid [loss=18.11211, acc@1=4.34%, acc@5=18.18%]
[2020-10-15 13:31:31] Time Left: [00:02:11] epoch=002/012 :: Train [loss=18.96370, acc@1=5.25%, acc@5=19.37%] Valid [loss=17.49017, acc@1=6.48%, acc@5=22.30%]
[2020-10-15 13:31:45] Time Left: [00:01:55] epoch=003/012 :: Train [loss=16.67907, acc@1=5.73%, acc@5=20.31%] Valid [loss=14.79787, acc@1=5.58%, acc@5=19.42%]
[2020-10-15 13:31:59] Time Left: [00:01:40] epoch=004/012 :: Train [loss=14.03185, acc@1=6.22%, acc@5=21.56%] Valid [loss=13.43320, acc@1=5.52%, acc@5=19.60%]
[2020-10-15 13:32:13] Time Left: [00:01:26] epoch=005/012 :: Train [loss=12.69780, acc@1=6.64%, acc@5=22.54%] Valid [loss=11.92844, acc@1=7.38%, acc@5=24.12%]
[2020-10-15 13:32:27] Time Left: [00:01:11] epoch=006/012 :: Train [loss=12.10329, acc@1=7.43%, acc@5=24.16%] Valid [loss=11.66876, acc@1=7.92%, acc@5=24.82%]
[2020-10-15 13:32:41] Time Left: [00:00:57] epoch=007/012 :: Train [loss=11.69919, acc@1=8.07%, acc@5=25.55%] Valid [loss=11.24072, acc@1=8.42%, acc@5=26.70%]
[2020-10-15 13:32:55] Time Left: [00:00:42] epoch=008/012 :: Train [loss=11.52268, acc@1=8.50%, acc@5=26.50%] Valid [loss=11.31404, acc@1=6.42%, acc@5=24.46%]
[2020-10-15 13:33:10] Time Left: [00:00:28] epoch=009/012 :: Train [loss=11.35280, acc@1=8.71%, acc@5=26.62%] Valid [loss=10.88158, acc@1=6.92%, acc@5=24.96%]
[2020-10-15 13:33:24] Time Left: [00:00:14] epoch=010/012 :: Train [loss=11.08652, acc@1=8.74%, acc@5=26.69%] Valid [loss=10.62539, acc@1=6.86%, acc@5=24.12%]
[2020-10-15 13:33:38] Time Left: [00:00:00] epoch=011/012 :: Train [loss=10.95623, acc@1=8.74%, acc@5=26.81%] Valid [loss=10.47255, acc@1=7.14%, acc@5=24.58%]
Python  Version  : 3.7.7 (default, Mar 26 2020, 15:48:22)  [GCC 7.3.0]
Pillow  Version  : 7.0.0
PyTorch Version  : 1.4.0
cuDNN   Version  : 7603
CUDA available   : True
CUDA GPU numbers : 1
CUDA_VISIBLE_DEVICES=0

--------------- dataset : cifar100 ---------------
Flops = 7.7889 MB, Params = 0.079156 MB
config : OrderedDict([('scheduler', 'cos'), ('eta_min', 0.0), ('epochs', 12), ('warmup', 0), ('optim', 'SGD'), ('LR', 0.1), ('decay', 0.0005), ('momentum', 0.9), ('nesterov', True), ('criterion', 'Softmax'), ('batch_size', 256), ('class_num', 100), ('xshape', (1, 3, 32, 32))])
Training State (finish) = True

<<<***>>> The 00/01-th seed is 111 <finish> other procedures need Time Left: [00:00:00]
