Start train-evaluate |nor_conv_1x1~0|+|skip_connect~0|nor_conv_1x1~1|+|none~0|skip_connect~1|none~2|
arch_config : {'channel': 16, 'num_cells': 5}

The 00/01-th seed is 111 ----------------------<.>----------------------
Does not find the existing file output/trofim-NST/specifics/LESS-|nor_conv_1x1~0|+|skip_connect~0|nor_conv_1x1~1|+|none~0|skip_connect~1|none~2|-16-5/seed-0111.pth, train and evaluate!
configs/nas-benchmark/LESS.config
Configure(scheduler='cos', eta_min=0.0, epochs=12, warmup=0, optim='SGD', LR=0.1, decay=0.0005, momentum=0.9, nesterov=True, criterion='Softmax', batch_size=256, class_num=100, xshape=(1, 3, 32, 32))
Evaluate ||||||| cifar100   ||||||| Train-Num=50000, Valid-Num=10000, Train-Loader-Num=196, Valid-Loader-Num=40, batch size=256
Evaluate ||||||| cifar100   ||||||| Config=Configure(scheduler='cos', eta_min=0.0, epochs=12, warmup=0, optim='SGD', LR=0.1, decay=0.0005, momentum=0.9, nesterov=True, criterion='Softmax', batch_size=256, class_num=100, xshape=(1, 3, 32, 32))
Evaluate ---->>>> ori-test   with 40 batchs
Evaluate ---->>>> x-valid    with 20 batchs
Evaluate ---->>>> x-test     with 20 batchs
[2020-10-15 14:12:29] Seed-------------------------- 111 --------------------------
FLOP = 15.65322 MB, Param = 0.135156 MB
[2020-10-15 14:12:49] Time Left: [00:03:39] epoch=000/012 :: Train [loss=-2.52836, acc@1=6.43%, acc@5=21.14%] Valid [loss=-1.70766, acc@1=4.56%, acc@5=18.06%]
[2020-10-15 14:13:07] Time Left: [00:03:12] epoch=001/012 :: Train [loss=-6.30905, acc@1=17.90%, acc@5=45.74%] Valid [loss=-3.11123, acc@1=9.08%, acc@5=29.78%]
[2020-10-15 14:13:26] Time Left: [00:02:51] epoch=002/012 :: Train [loss=-7.28256, acc@1=24.93%, acc@5=56.57%] Valid [loss=-7.02448, acc@1=20.18%, acc@5=49.50%]
[2020-10-15 14:13:44] Time Left: [00:02:30] epoch=003/012 :: Train [loss=-7.89716, acc@1=30.42%, acc@5=62.73%] Valid [loss=-7.35591, acc@1=22.50%, acc@5=53.56%]
[2020-10-15 14:14:02] Time Left: [00:02:11] epoch=004/012 :: Train [loss=-8.31028, acc@1=34.17%, acc@5=67.12%] Valid [loss=-7.13894, acc@1=19.36%, acc@5=51.90%]
[2020-10-15 14:14:21] Time Left: [00:01:52] epoch=005/012 :: Train [loss=-8.64554, acc@1=37.60%, acc@5=70.58%] Valid [loss=-7.70261, acc@1=25.92%, acc@5=59.52%]
[2020-10-15 14:14:40] Time Left: [00:01:33] epoch=006/012 :: Train [loss=-8.91073, acc@1=40.07%, acc@5=72.95%] Valid [loss=-8.78139, acc@1=33.14%, acc@5=65.74%]
[2020-10-15 14:14:58] Time Left: [00:01:14] epoch=007/012 :: Train [loss=-9.10870, acc@1=42.44%, acc@5=75.33%] Valid [loss=-9.00541, acc@1=36.96%, acc@5=69.56%]
[2020-10-15 14:15:17] Time Left: [00:00:56] epoch=008/012 :: Train [loss=-9.26925, acc@1=44.53%, acc@5=76.90%] Valid [loss=-9.45481, acc@1=40.76%, acc@5=73.22%]
[2020-10-15 14:15:35] Time Left: [00:00:37] epoch=009/012 :: Train [loss=-9.39359, acc@1=46.46%, acc@5=78.56%] Valid [loss=-9.66673, acc@1=44.24%, acc@5=76.24%]
[2020-10-15 14:15:54] Time Left: [00:00:18] epoch=010/012 :: Train [loss=-9.48118, acc@1=48.24%, acc@5=79.70%] Valid [loss=-9.85393, acc@1=46.16%, acc@5=78.16%]
[2020-10-15 14:16:12] Time Left: [00:00:00] epoch=011/012 :: Train [loss=-9.53629, acc@1=49.25%, acc@5=80.59%] Valid [loss=-9.92479, acc@1=47.40%, acc@5=79.30%]
Python  Version  : 3.7.7 (default, Mar 26 2020, 15:48:22)  [GCC 7.3.0]
Pillow  Version  : 7.0.0
PyTorch Version  : 1.4.0
cuDNN   Version  : 7603
CUDA available   : True
CUDA GPU numbers : 1
CUDA_VISIBLE_DEVICES=0

--------------- dataset : cifar100 ---------------
Flops = 15.65322 MB, Params = 0.135156 MB
config : OrderedDict([('scheduler', 'cos'), ('eta_min', 0.0), ('epochs', 12), ('warmup', 0), ('optim', 'SGD'), ('LR', 0.1), ('decay', 0.0005), ('momentum', 0.9), ('nesterov', True), ('criterion', 'Softmax'), ('batch_size', 256), ('class_num', 100), ('xshape', (1, 3, 32, 32))])
Training State (finish) = True

<<<***>>> The 00/01-th seed is 111 <finish> other procedures need Time Left: [00:00:00]
