Start train-evaluate |none~0|+|nor_conv_3x3~0|avg_pool_3x3~1|+|avg_pool_3x3~0|none~1|skip_connect~2|
arch_config : {'channel': 16, 'num_cells': 5}

The 00/01-th seed is 111 ----------------------<.>----------------------
Does not find the existing file output/trofim-NST/specifics/LESS-|none~0|+|nor_conv_3x3~0|avg_pool_3x3~1|+|avg_pool_3x3~0|none~1|skip_connect~2|-16-5/seed-0111.pth, train and evaluate!
configs/nas-benchmark/LESS.config
Configure(scheduler='cos', eta_min=0.0, epochs=12, warmup=0, optim='SGD', LR=0.1, decay=0.0005, momentum=0.9, nesterov=True, criterion='Softmax', batch_size=256, class_num=100, xshape=(1, 3, 32, 32))
Evaluate ||||||| cifar100   ||||||| Train-Num=50000, Valid-Num=10000, Train-Loader-Num=196, Valid-Loader-Num=40, batch size=256
Evaluate ||||||| cifar100   ||||||| Config=Configure(scheduler='cos', eta_min=0.0, epochs=12, warmup=0, optim='SGD', LR=0.1, decay=0.0005, momentum=0.9, nesterov=True, criterion='Softmax', batch_size=256, class_num=100, xshape=(1, 3, 32, 32))
Evaluate ---->>>> ori-test   with 40 batchs
Evaluate ---->>>> x-valid    with 20 batchs
Evaluate ---->>>> x-test     with 20 batchs
[2020-10-15 14:32:09] Seed-------------------------- 111 --------------------------
FLOP = 43.17834 MB, Param = 0.322196 MB
[2020-10-15 14:32:27] Time Left: [00:03:19] epoch=000/012 :: Train [loss=3.55384, acc@1=7.75%, acc@5=25.12%] Valid [loss=3.33398, acc@1=3.30%, acc@5=14.80%]
[2020-10-15 14:32:45] Time Left: [00:02:59] epoch=001/012 :: Train [loss=-4.77546, acc@1=17.95%, acc@5=45.49%] Valid [loss=-6.39059, acc@1=14.86%, acc@5=40.76%]
[2020-10-15 14:33:03] Time Left: [00:02:41] epoch=002/012 :: Train [loss=-7.67687, acc@1=27.02%, acc@5=58.51%] Valid [loss=-7.96266, acc@1=22.14%, acc@5=49.64%]
[2020-10-15 14:33:21] Time Left: [00:02:23] epoch=003/012 :: Train [loss=-8.77738, acc@1=33.93%, acc@5=66.62%] Valid [loss=-8.35317, acc@1=24.00%, acc@5=55.22%]
[2020-10-15 14:33:39] Time Left: [00:02:05] epoch=004/012 :: Train [loss=-9.41083, acc@1=38.60%, acc@5=71.62%] Valid [loss=-8.48112, acc@1=23.24%, acc@5=53.66%]
[2020-10-15 14:33:56] Time Left: [00:01:47] epoch=005/012 :: Train [loss=-9.89252, acc@1=42.89%, acc@5=75.56%] Valid [loss=-9.60248, acc@1=33.80%, acc@5=66.70%]
[2020-10-15 14:34:14] Time Left: [00:01:29] epoch=006/012 :: Train [loss=-10.27168, acc@1=46.41%, acc@5=78.48%] Valid [loss=-10.22835, acc@1=37.26%, acc@5=69.72%]
[2020-10-15 14:34:32] Time Left: [00:01:11] epoch=007/012 :: Train [loss=-10.53311, acc@1=49.24%, acc@5=80.50%] Valid [loss=-10.77438, acc@1=43.62%, acc@5=75.50%]
[2020-10-15 14:34:50] Time Left: [00:00:53] epoch=008/012 :: Train [loss=-10.75842, acc@1=51.94%, acc@5=82.43%] Valid [loss=-10.86994, acc@1=43.30%, acc@5=76.12%]
[2020-10-15 14:35:08] Time Left: [00:00:35] epoch=009/012 :: Train [loss=-10.91603, acc@1=54.18%, acc@5=83.90%] Valid [loss=-11.31187, acc@1=51.16%, acc@5=81.52%]
[2020-10-15 14:35:26] Time Left: [00:00:17] epoch=010/012 :: Train [loss=-11.03783, acc@1=56.23%, acc@5=85.34%] Valid [loss=-11.44441, acc@1=52.14%, acc@5=81.78%]
[2020-10-15 14:35:44] Time Left: [00:00:00] epoch=011/012 :: Train [loss=-11.10978, acc@1=57.49%, acc@5=86.20%] Valid [loss=-11.57028, acc@1=54.16%, acc@5=83.08%]
Python  Version  : 3.7.7 (default, Mar 26 2020, 15:48:22)  [GCC 7.3.0]
Pillow  Version  : 7.0.0
PyTorch Version  : 1.4.0
cuDNN   Version  : 7603
CUDA available   : True
CUDA GPU numbers : 1
CUDA_VISIBLE_DEVICES=0

--------------- dataset : cifar100 ---------------
Flops = 43.17834 MB, Params = 0.322196 MB
config : OrderedDict([('scheduler', 'cos'), ('eta_min', 0.0), ('epochs', 12), ('warmup', 0), ('optim', 'SGD'), ('LR', 0.1), ('decay', 0.0005), ('momentum', 0.9), ('nesterov', True), ('criterion', 'Softmax'), ('batch_size', 256), ('class_num', 100), ('xshape', (1, 3, 32, 32))])
Training State (finish) = True

<<<***>>> The 00/01-th seed is 111 <finish> other procedures need Time Left: [00:00:00]
