Start train-evaluate |nor_conv_1x1~0|+|nor_conv_1x1~0|none~1|+|nor_conv_3x3~0|skip_connect~1|none~2|
arch_config : {'channel': 16, 'num_cells': 5}

The 00/01-th seed is 111 ----------------------<.>----------------------
Does not find the existing file output/trofim-NST/specifics/LESS-|nor_conv_1x1~0|+|nor_conv_1x1~0|none~1|+|nor_conv_3x3~0|skip_connect~1|none~2|-16-5/seed-0111.pth, train and evaluate!
configs/nas-benchmark/LESS.config
Configure(scheduler='cos', eta_min=0.0, epochs=12, warmup=0, optim='SGD', LR=0.1, decay=0.0005, momentum=0.9, nesterov=True, criterion='Softmax', batch_size=256, class_num=100, xshape=(1, 3, 32, 32))
Evaluate ||||||| cifar100   ||||||| Train-Num=50000, Valid-Num=10000, Train-Loader-Num=196, Valid-Loader-Num=40, batch size=256
Evaluate ||||||| cifar100   ||||||| Config=Configure(scheduler='cos', eta_min=0.0, epochs=12, warmup=0, optim='SGD', LR=0.1, decay=0.0005, momentum=0.9, nesterov=True, criterion='Softmax', batch_size=256, class_num=100, xshape=(1, 3, 32, 32))
Evaluate ---->>>> ori-test   with 40 batchs
Evaluate ---->>>> x-valid    with 20 batchs
Evaluate ---->>>> x-test     with 20 batchs
[2020-10-15 14:06:12] Seed-------------------------- 111 --------------------------
FLOP = 51.04266 MB, Param = 0.378196 MB
[2020-10-15 14:06:34] Time Left: [00:04:09] epoch=000/012 :: Train [loss=-4.51423, acc@1=8.69%, acc@5=27.57%] Valid [loss=-7.45625, acc@1=11.70%, acc@5=34.86%]
[2020-10-15 14:06:57] Time Left: [00:03:45] epoch=001/012 :: Train [loss=-8.65505, acc@1=22.61%, acc@5=53.66%] Valid [loss=-8.58968, acc@1=14.40%, acc@5=43.40%]
[2020-10-15 14:07:19] Time Left: [00:03:22] epoch=002/012 :: Train [loss=-9.88503, acc@1=32.27%, acc@5=66.17%] Valid [loss=-10.29000, acc@1=29.98%, acc@5=62.28%]
[2020-10-15 14:07:42] Time Left: [00:02:59] epoch=003/012 :: Train [loss=-10.49328, acc@1=38.76%, acc@5=72.19%] Valid [loss=-10.43838, acc@1=31.54%, acc@5=64.74%]
[2020-10-15 14:08:06] Time Left: [00:02:39] epoch=004/012 :: Train [loss=-10.85779, acc@1=42.66%, acc@5=75.93%] Valid [loss=-11.00810, acc@1=35.22%, acc@5=68.04%]
[2020-10-15 14:08:28] Time Left: [00:02:16] epoch=005/012 :: Train [loss=-11.12972, acc@1=46.12%, acc@5=78.76%] Valid [loss=-11.04566, acc@1=35.00%, acc@5=67.20%]
[2020-10-15 14:08:51] Time Left: [00:01:53] epoch=006/012 :: Train [loss=-11.33618, acc@1=49.35%, acc@5=80.77%] Valid [loss=-11.18948, acc@1=39.40%, acc@5=70.82%]
[2020-10-15 14:09:13] Time Left: [00:01:30] epoch=007/012 :: Train [loss=-11.51257, acc@1=52.20%, acc@5=82.61%] Valid [loss=-11.77989, acc@1=45.50%, acc@5=77.62%]
[2020-10-15 14:09:36] Time Left: [00:01:08] epoch=008/012 :: Train [loss=-11.67216, acc@1=54.83%, acc@5=84.55%] Valid [loss=-11.93777, acc@1=47.02%, acc@5=79.26%]
[2020-10-15 14:09:58] Time Left: [00:00:45] epoch=009/012 :: Train [loss=-11.79755, acc@1=57.18%, acc@5=85.83%] Valid [loss=-12.20416, acc@1=52.62%, acc@5=82.46%]
[2020-10-15 14:10:21] Time Left: [00:00:22] epoch=010/012 :: Train [loss=-11.89564, acc@1=58.85%, acc@5=86.97%] Valid [loss=-12.35066, acc@1=54.98%, acc@5=83.46%]
[2020-10-15 14:10:43] Time Left: [00:00:00] epoch=011/012 :: Train [loss=-11.96450, acc@1=60.53%, acc@5=87.90%] Valid [loss=-12.46024, acc@1=56.42%, acc@5=84.84%]
Python  Version  : 3.7.7 (default, Mar 26 2020, 15:48:22)  [GCC 7.3.0]
Pillow  Version  : 7.0.0
PyTorch Version  : 1.4.0
cuDNN   Version  : 7603
CUDA available   : True
CUDA GPU numbers : 1
CUDA_VISIBLE_DEVICES=0

--------------- dataset : cifar100 ---------------
Flops = 51.04266 MB, Params = 0.378196 MB
config : OrderedDict([('scheduler', 'cos'), ('eta_min', 0.0), ('epochs', 12), ('warmup', 0), ('optim', 'SGD'), ('LR', 0.1), ('decay', 0.0005), ('momentum', 0.9), ('nesterov', True), ('criterion', 'Softmax'), ('batch_size', 256), ('class_num', 100), ('xshape', (1, 3, 32, 32))])
Training State (finish) = True

<<<***>>> The 00/01-th seed is 111 <finish> other procedures need Time Left: [00:00:00]
