Start train-evaluate |avg_pool_3x3~0|+|none~0|skip_connect~1|+|nor_conv_3x3~0|none~1|skip_connect~2|
arch_config : {'channel': 16, 'num_cells': 5}

The 00/01-th seed is 111 ----------------------<.>----------------------
Does not find the existing file output/trofim-NST/specifics/LESS-|avg_pool_3x3~0|+|none~0|skip_connect~1|+|nor_conv_3x3~0|none~1|skip_connect~2|-16-5/seed-0111.pth, train and evaluate!
configs/nas-benchmark/LESS.config
Configure(scheduler='cos', eta_min=0.0, epochs=12, warmup=0, optim='SGD', LR=0.1, decay=0.0005, momentum=0.9, nesterov=True, criterion='Softmax', batch_size=256, class_num=100, xshape=(1, 3, 32, 32))
Evaluate ||||||| cifar100   ||||||| Train-Num=50000, Valid-Num=10000, Train-Loader-Num=196, Valid-Loader-Num=40, batch size=256
Evaluate ||||||| cifar100   ||||||| Config=Configure(scheduler='cos', eta_min=0.0, epochs=12, warmup=0, optim='SGD', LR=0.1, decay=0.0005, momentum=0.9, nesterov=True, criterion='Softmax', batch_size=256, class_num=100, xshape=(1, 3, 32, 32))
Evaluate ---->>>> ori-test   with 40 batchs
Evaluate ---->>>> x-valid    with 20 batchs
Evaluate ---->>>> x-test     with 20 batchs
[2020-10-15 14:10:48] Seed-------------------------- 111 --------------------------
FLOP = 43.17834 MB, Param = 0.322196 MB
[2020-10-15 14:11:05] Time Left: [00:03:10] epoch=000/012 :: Train [loss=3.42502, acc@1=7.78%, acc@5=25.24%] Valid [loss=0.63878, acc@1=4.72%, acc@5=16.14%]
[2020-10-15 14:11:22] Time Left: [00:02:51] epoch=001/012 :: Train [loss=-5.02696, acc@1=18.51%, acc@5=46.68%] Valid [loss=-6.72347, acc@1=17.96%, acc@5=44.94%]
[2020-10-15 14:11:39] Time Left: [00:02:33] epoch=002/012 :: Train [loss=-7.76451, acc@1=27.74%, acc@5=59.33%] Valid [loss=-8.44947, acc@1=25.44%, acc@5=56.80%]
[2020-10-15 14:11:56] Time Left: [00:02:16] epoch=003/012 :: Train [loss=-8.84329, acc@1=34.40%, acc@5=67.31%] Valid [loss=-8.93096, acc@1=27.64%, acc@5=59.92%]
[2020-10-15 14:12:13] Time Left: [00:01:59] epoch=004/012 :: Train [loss=-9.46924, acc@1=39.37%, acc@5=72.08%] Valid [loss=-8.12503, acc@1=18.32%, acc@5=47.08%]
[2020-10-15 14:12:30] Time Left: [00:01:42] epoch=005/012 :: Train [loss=-9.92430, acc@1=43.21%, acc@5=75.69%] Valid [loss=-9.72925, acc@1=33.98%, acc@5=66.84%]
[2020-10-15 14:12:47] Time Left: [00:01:24] epoch=006/012 :: Train [loss=-10.28132, acc@1=46.50%, acc@5=78.33%] Valid [loss=-10.20826, acc@1=37.44%, acc@5=68.40%]
[2020-10-15 14:13:04] Time Left: [00:01:07] epoch=007/012 :: Train [loss=-10.53671, acc@1=48.95%, acc@5=80.29%] Valid [loss=-10.63898, acc@1=42.64%, acc@5=73.88%]
[2020-10-15 14:13:21] Time Left: [00:00:51] epoch=008/012 :: Train [loss=-10.76337, acc@1=51.95%, acc@5=82.38%] Valid [loss=-10.81151, acc@1=43.24%, acc@5=73.74%]
[2020-10-15 14:13:39] Time Left: [00:00:34] epoch=009/012 :: Train [loss=-10.92779, acc@1=54.57%, acc@5=83.86%] Valid [loss=-10.94056, acc@1=45.10%, acc@5=75.62%]
[2020-10-15 14:13:56] Time Left: [00:00:17] epoch=010/012 :: Train [loss=-11.04454, acc@1=56.21%, acc@5=85.25%] Valid [loss=-11.47767, acc@1=52.74%, acc@5=82.12%]
[2020-10-15 14:14:13] Time Left: [00:00:00] epoch=011/012 :: Train [loss=-11.12314, acc@1=57.88%, acc@5=86.00%] Valid [loss=-11.56824, acc@1=54.04%, acc@5=83.02%]
Python  Version  : 3.7.7 (default, Mar 26 2020, 15:48:22)  [GCC 7.3.0]
Pillow  Version  : 7.0.0
PyTorch Version  : 1.4.0
cuDNN   Version  : 7603
CUDA available   : True
CUDA GPU numbers : 1
CUDA_VISIBLE_DEVICES=0

--------------- dataset : cifar100 ---------------
Flops = 43.17834 MB, Params = 0.322196 MB
config : OrderedDict([('scheduler', 'cos'), ('eta_min', 0.0), ('epochs', 12), ('warmup', 0), ('optim', 'SGD'), ('LR', 0.1), ('decay', 0.0005), ('momentum', 0.9), ('nesterov', True), ('criterion', 'Softmax'), ('batch_size', 256), ('class_num', 100), ('xshape', (1, 3, 32, 32))])
Training State (finish) = True

<<<***>>> The 00/01-th seed is 111 <finish> other procedures need Time Left: [00:00:00]
