Start train-evaluate |none~0|+|none~0|skip_connect~1|+|skip_connect~0|nor_conv_1x1~1|skip_connect~2|
arch_config : {'channel': 16, 'num_cells': 5}

The 00/01-th seed is 111 ----------------------<.>----------------------
Does not find the existing file output/trofim-NST/specifics/LESS-|none~0|+|none~0|skip_connect~1|+|skip_connect~0|nor_conv_1x1~1|skip_connect~2|-16-5/seed-0111.pth, train and evaluate!
configs/nas-benchmark/LESS.config
Configure(scheduler='cos', eta_min=0.0, epochs=12, warmup=0, optim='SGD', LR=0.1, decay=0.0005, momentum=0.9, nesterov=True, criterion='Softmax', batch_size=256, class_num=100, xshape=(1, 3, 32, 32))
Evaluate ||||||| cifar100   ||||||| Train-Num=50000, Valid-Num=10000, Train-Loader-Num=196, Valid-Loader-Num=40, batch size=256
Evaluate ||||||| cifar100   ||||||| Config=Configure(scheduler='cos', eta_min=0.0, epochs=12, warmup=0, optim='SGD', LR=0.1, decay=0.0005, momentum=0.9, nesterov=True, criterion='Softmax', batch_size=256, class_num=100, xshape=(1, 3, 32, 32))
Evaluate ---->>>> ori-test   with 40 batchs
Evaluate ---->>>> x-valid    with 20 batchs
Evaluate ---->>>> x-test     with 20 batchs
[2020-10-15 13:36:52] Seed-------------------------- 111 --------------------------
FLOP = 11.72106 MB, Param = 0.107156 MB
[2020-10-15 13:37:09] Time Left: [00:03:03] epoch=000/012 :: Train [loss=19.07281, acc@1=3.31%, acc@5=13.28%] Valid [loss=10.12847, acc@1=4.28%, acc@5=16.36%]
[2020-10-15 13:37:24] Time Left: [00:02:40] epoch=001/012 :: Train [loss=8.73157, acc@1=5.23%, acc@5=19.45%] Valid [loss=4.19881, acc@1=5.52%, acc@5=20.96%]
[2020-10-15 13:37:40] Time Left: [00:02:22] epoch=002/012 :: Train [loss=4.50666, acc@1=7.33%, acc@5=25.18%] Valid [loss=1.40326, acc@1=4.50%, acc@5=17.28%]
[2020-10-15 13:37:55] Time Left: [00:02:05] epoch=003/012 :: Train [loss=-0.87400, acc@1=12.17%, acc@5=35.29%] Valid [loss=-3.33941, acc@1=10.98%, acc@5=32.72%]
[2020-10-15 13:38:10] Time Left: [00:01:49] epoch=004/012 :: Train [loss=-3.84601, acc@1=18.52%, acc@5=45.95%] Valid [loss=-5.02356, acc@1=16.92%, acc@5=42.70%]
[2020-10-15 13:38:26] Time Left: [00:01:33] epoch=005/012 :: Train [loss=-4.78742, acc@1=23.34%, acc@5=53.57%] Valid [loss=-5.59055, acc@1=18.44%, acc@5=44.84%]
[2020-10-15 13:38:41] Time Left: [00:01:17] epoch=006/012 :: Train [loss=-5.32067, acc@1=27.47%, acc@5=58.15%] Valid [loss=-5.70537, acc@1=18.52%, acc@5=46.46%]
[2020-10-15 13:38:57] Time Left: [00:01:02] epoch=007/012 :: Train [loss=-5.70674, acc@1=30.57%, acc@5=62.13%] Valid [loss=-5.97555, acc@1=25.00%, acc@5=56.14%]
[2020-10-15 13:39:12] Time Left: [00:00:46] epoch=008/012 :: Train [loss=-5.98466, acc@1=33.40%, acc@5=64.78%] Valid [loss=-6.85439, acc@1=27.46%, acc@5=58.48%]
[2020-10-15 13:39:28] Time Left: [00:00:31] epoch=009/012 :: Train [loss=-6.16765, acc@1=35.20%, acc@5=67.22%] Valid [loss=-7.34424, acc@1=34.52%, acc@5=66.76%]
[2020-10-15 13:39:43] Time Left: [00:00:15] epoch=010/012 :: Train [loss=-6.27669, acc@1=36.47%, acc@5=68.37%] Valid [loss=-7.41477, acc@1=35.26%, acc@5=67.98%]
[2020-10-15 13:39:58] Time Left: [00:00:00] epoch=011/012 :: Train [loss=-6.32962, acc@1=37.45%, acc@5=69.36%] Valid [loss=-7.50983, acc@1=36.94%, acc@5=69.94%]
Python  Version  : 3.7.7 (default, Mar 26 2020, 15:48:22)  [GCC 7.3.0]
Pillow  Version  : 7.0.0
PyTorch Version  : 1.4.0
cuDNN   Version  : 7603
CUDA available   : True
CUDA GPU numbers : 1
CUDA_VISIBLE_DEVICES=0

--------------- dataset : cifar100 ---------------
Flops = 11.72106 MB, Params = 0.107156 MB
config : OrderedDict([('scheduler', 'cos'), ('eta_min', 0.0), ('epochs', 12), ('warmup', 0), ('optim', 'SGD'), ('LR', 0.1), ('decay', 0.0005), ('momentum', 0.9), ('nesterov', True), ('criterion', 'Softmax'), ('batch_size', 256), ('class_num', 100), ('xshape', (1, 3, 32, 32))])
Training State (finish) = True

<<<***>>> The 00/01-th seed is 111 <finish> other procedures need Time Left: [00:00:00]
