Start train-evaluate |nor_conv_3x3~0|+|avg_pool_3x3~0|avg_pool_3x3~1|+|avg_pool_3x3~0|none~1|skip_connect~2|
arch_config : {'channel': 16, 'num_cells': 5}

The 00/01-th seed is 111 ----------------------<.>----------------------
Does not find the existing file output/trofim-NST/specifics/LESS-|nor_conv_3x3~0|+|avg_pool_3x3~0|avg_pool_3x3~1|+|avg_pool_3x3~0|none~1|skip_connect~2|-16-5/seed-0111.pth, train and evaluate!
configs/nas-benchmark/LESS.config
Configure(scheduler='cos', eta_min=0.0, epochs=12, warmup=0, optim='SGD', LR=0.1, decay=0.0005, momentum=0.9, nesterov=True, criterion='Softmax', batch_size=256, class_num=100, xshape=(1, 3, 32, 32))
Evaluate ||||||| cifar100   ||||||| Train-Num=50000, Valid-Num=10000, Train-Loader-Num=196, Valid-Loader-Num=40, batch size=256
Evaluate ||||||| cifar100   ||||||| Config=Configure(scheduler='cos', eta_min=0.0, epochs=12, warmup=0, optim='SGD', LR=0.1, decay=0.0005, momentum=0.9, nesterov=True, criterion='Softmax', batch_size=256, class_num=100, xshape=(1, 3, 32, 32))
Evaluate ---->>>> ori-test   with 40 batchs
Evaluate ---->>>> x-valid    with 20 batchs
Evaluate ---->>>> x-test     with 20 batchs
[2020-10-15 14:05:10] Seed-------------------------- 111 --------------------------
FLOP = 43.17834 MB, Param = 0.322196 MB
[2020-10-15 14:05:30] Time Left: [00:03:38] epoch=000/012 :: Train [loss=12.17688, acc@1=4.89%, acc@5=17.87%] Valid [loss=8.63074, acc@1=4.36%, acc@5=18.12%]
[2020-10-15 14:05:49] Time Left: [00:03:12] epoch=001/012 :: Train [loss=5.79989, acc@1=8.14%, acc@5=26.78%] Valid [loss=4.71844, acc@1=8.84%, acc@5=27.42%]
[2020-10-15 14:06:07] Time Left: [00:02:51] epoch=002/012 :: Train [loss=3.60657, acc@1=10.41%, acc@5=30.78%] Valid [loss=3.71908, acc@1=7.30%, acc@5=24.66%]
[2020-10-15 14:06:26] Time Left: [00:02:31] epoch=003/012 :: Train [loss=2.44597, acc@1=11.86%, acc@5=34.18%] Valid [loss=2.46867, acc@1=10.52%, acc@5=30.36%]
[2020-10-15 14:06:45] Time Left: [00:02:12] epoch=004/012 :: Train [loss=1.49746, acc@1=13.85%, acc@5=37.47%] Valid [loss=2.32559, acc@1=9.56%, acc@5=27.46%]
[2020-10-15 14:07:03] Time Left: [00:01:53] epoch=005/012 :: Train [loss=0.97572, acc@1=15.29%, acc@5=40.05%] Valid [loss=1.21766, acc@1=12.08%, acc@5=34.14%]
[2020-10-15 14:07:22] Time Left: [00:01:34] epoch=006/012 :: Train [loss=0.52694, acc@1=16.67%, acc@5=42.21%] Valid [loss=1.02366, acc@1=12.56%, acc@5=32.02%]
[2020-10-15 14:07:41] Time Left: [00:01:15] epoch=007/012 :: Train [loss=0.13696, acc@1=17.65%, acc@5=44.03%] Valid [loss=0.65221, acc@1=12.92%, acc@5=34.76%]
[2020-10-15 14:07:59] Time Left: [00:00:56] epoch=008/012 :: Train [loss=-0.23818, acc@1=18.71%, acc@5=45.31%] Valid [loss=0.34858, acc@1=13.74%, acc@5=37.00%]
[2020-10-15 14:08:18] Time Left: [00:00:37] epoch=009/012 :: Train [loss=-0.51215, acc@1=19.66%, acc@5=46.83%] Valid [loss=-0.38341, acc@1=18.10%, acc@5=45.18%]
[2020-10-15 14:08:36] Time Left: [00:00:18] epoch=010/012 :: Train [loss=-0.65544, acc@1=20.16%, acc@5=47.91%] Valid [loss=-0.52009, acc@1=20.00%, acc@5=46.08%]
[2020-10-15 14:08:55] Time Left: [00:00:00] epoch=011/012 :: Train [loss=-0.72951, acc@1=20.85%, acc@5=48.37%] Valid [loss=-0.62019, acc@1=20.46%, acc@5=47.88%]
Python  Version  : 3.7.7 (default, Mar 26 2020, 15:48:22)  [GCC 7.3.0]
Pillow  Version  : 7.0.0
PyTorch Version  : 1.4.0
cuDNN   Version  : 7603
CUDA available   : True
CUDA GPU numbers : 1
CUDA_VISIBLE_DEVICES=0

--------------- dataset : cifar100 ---------------
Flops = 43.17834 MB, Params = 0.322196 MB
config : OrderedDict([('scheduler', 'cos'), ('eta_min', 0.0), ('epochs', 12), ('warmup', 0), ('optim', 'SGD'), ('LR', 0.1), ('decay', 0.0005), ('momentum', 0.9), ('nesterov', True), ('criterion', 'Softmax'), ('batch_size', 256), ('class_num', 100), ('xshape', (1, 3, 32, 32))])
Training State (finish) = True

<<<***>>> The 00/01-th seed is 111 <finish> other procedures need Time Left: [00:00:00]
