Start train-evaluate |nor_conv_3x3~0|+|avg_pool_3x3~0|none~1|+|nor_conv_1x1~0|skip_connect~1|skip_connect~2|
arch_config : {'channel': 16, 'num_cells': 5}

The 00/01-th seed is 111 ----------------------<.>----------------------
Does not find the existing file output/trofim-NST/specifics/LESS-|nor_conv_3x3~0|+|avg_pool_3x3~0|none~1|+|nor_conv_1x1~0|skip_connect~1|skip_connect~2|-16-5/seed-0111.pth, train and evaluate!
configs/nas-benchmark/LESS.config
Configure(scheduler='cos', eta_min=0.0, epochs=12, warmup=0, optim='SGD', LR=0.1, decay=0.0005, momentum=0.9, nesterov=True, criterion='Softmax', batch_size=256, class_num=100, xshape=(1, 3, 32, 32))
Evaluate ||||||| cifar100   ||||||| Train-Num=50000, Valid-Num=10000, Train-Loader-Num=196, Valid-Loader-Num=40, batch size=256
Evaluate ||||||| cifar100   ||||||| Config=Configure(scheduler='cos', eta_min=0.0, epochs=12, warmup=0, optim='SGD', LR=0.1, decay=0.0005, momentum=0.9, nesterov=True, criterion='Softmax', batch_size=256, class_num=100, xshape=(1, 3, 32, 32))
Evaluate ---->>>> ori-test   with 40 batchs
Evaluate ---->>>> x-valid    with 20 batchs
Evaluate ---->>>> x-test     with 20 batchs
[2020-10-15 13:28:40] Seed-------------------------- 111 --------------------------
FLOP = 47.1105 MB, Param = 0.350196 MB
[2020-10-15 13:29:00] Time Left: [00:03:42] epoch=000/012 :: Train [loss=4.62768, acc@1=6.55%, acc@5=21.47%] Valid [loss=1.86978, acc@1=4.12%, acc@5=15.58%]
[2020-10-15 13:29:21] Time Left: [00:03:26] epoch=001/012 :: Train [loss=-6.04020, acc@1=18.86%, acc@5=46.16%] Valid [loss=-5.85765, acc@1=8.96%, acc@5=29.04%]
[2020-10-15 13:29:41] Time Left: [00:03:03] epoch=002/012 :: Train [loss=-8.14440, acc@1=27.96%, acc@5=59.68%] Valid [loss=-7.32974, acc@1=17.14%, acc@5=43.86%]
[2020-10-15 13:30:01] Time Left: [00:02:42] epoch=003/012 :: Train [loss=-9.02740, acc@1=34.59%, acc@5=67.42%] Valid [loss=-8.89821, acc@1=25.38%, acc@5=56.34%]
[2020-10-15 13:30:21] Time Left: [00:02:21] epoch=004/012 :: Train [loss=-9.71261, acc@1=39.60%, acc@5=72.76%] Valid [loss=-9.75259, acc@1=31.68%, acc@5=63.02%]
[2020-10-15 13:30:41] Time Left: [00:02:01] epoch=005/012 :: Train [loss=-10.27934, acc@1=44.02%, acc@5=76.49%] Valid [loss=-9.75261, acc@1=29.80%, acc@5=59.58%]
[2020-10-15 13:31:01] Time Left: [00:01:40] epoch=006/012 :: Train [loss=-10.65976, acc@1=47.10%, acc@5=79.07%] Valid [loss=-10.65962, acc@1=39.58%, acc@5=71.88%]
[2020-10-15 13:31:21] Time Left: [00:01:20] epoch=007/012 :: Train [loss=-10.93373, acc@1=50.47%, acc@5=81.64%] Valid [loss=-11.09370, acc@1=44.36%, acc@5=76.30%]
[2020-10-15 13:31:41] Time Left: [00:01:00] epoch=008/012 :: Train [loss=-11.14542, acc@1=53.05%, acc@5=83.56%] Valid [loss=-11.33658, acc@1=46.52%, acc@5=78.28%]
[2020-10-15 13:32:01] Time Left: [00:00:40] epoch=009/012 :: Train [loss=-11.30494, acc@1=55.61%, acc@5=85.21%] Valid [loss=-11.54832, acc@1=48.50%, acc@5=79.62%]
[2020-10-15 13:32:21] Time Left: [00:00:20] epoch=010/012 :: Train [loss=-11.41270, acc@1=57.26%, acc@5=86.24%] Valid [loss=-11.87014, acc@1=53.96%, acc@5=83.44%]
[2020-10-15 13:32:41] Time Left: [00:00:00] epoch=011/012 :: Train [loss=-11.48763, acc@1=58.91%, acc@5=87.02%] Valid [loss=-11.96879, acc@1=55.88%, acc@5=84.46%]
Python  Version  : 3.7.7 (default, Mar 26 2020, 15:48:22)  [GCC 7.3.0]
Pillow  Version  : 7.0.0
PyTorch Version  : 1.4.0
cuDNN   Version  : 7603
CUDA available   : True
CUDA GPU numbers : 1
CUDA_VISIBLE_DEVICES=0

--------------- dataset : cifar100 ---------------
Flops = 47.1105 MB, Params = 0.350196 MB
config : OrderedDict([('scheduler', 'cos'), ('eta_min', 0.0), ('epochs', 12), ('warmup', 0), ('optim', 'SGD'), ('LR', 0.1), ('decay', 0.0005), ('momentum', 0.9), ('nesterov', True), ('criterion', 'Softmax'), ('batch_size', 256), ('class_num', 100), ('xshape', (1, 3, 32, 32))])
Training State (finish) = True

<<<***>>> The 00/01-th seed is 111 <finish> other procedures need Time Left: [00:00:00]
