Start train-evaluate |skip_connect~0|+|nor_conv_3x3~0|avg_pool_3x3~1|+|skip_connect~0|nor_conv_3x3~1|nor_conv_3x3~2|
arch_config : {'channel': 16, 'num_cells': 5}

The 00/01-th seed is 111 ----------------------<.>----------------------
Does not find the existing file output/trofim-NST/specifics/LESS-|skip_connect~0|+|nor_conv_3x3~0|avg_pool_3x3~1|+|skip_connect~0|nor_conv_3x3~1|nor_conv_3x3~2|-16-5/seed-0111.pth, train and evaluate!
configs/nas-benchmark/LESS.config
Configure(scheduler='cos', eta_min=0.0, epochs=12, warmup=0, optim='SGD', LR=0.1, decay=0.0005, momentum=0.9, nesterov=True, criterion='Softmax', batch_size=256, class_num=100, xshape=(1, 3, 32, 32))
Evaluate ||||||| cifar100   ||||||| Train-Num=50000, Valid-Num=10000, Train-Loader-Num=196, Valid-Loader-Num=40, batch size=256
Evaluate ||||||| cifar100   ||||||| Config=Configure(scheduler='cos', eta_min=0.0, epochs=12, warmup=0, optim='SGD', LR=0.1, decay=0.0005, momentum=0.9, nesterov=True, criterion='Softmax', batch_size=256, class_num=100, xshape=(1, 3, 32, 32))
Evaluate ---->>>> ori-test   with 40 batchs
Evaluate ---->>>> x-valid    with 20 batchs
Evaluate ---->>>> x-test     with 20 batchs
[2020-10-15 14:01:07] Seed-------------------------- 111 --------------------------
FLOP = 113.95722 MB, Param = 0.808276 MB
[2020-10-15 14:01:32] Time Left: [00:04:38] epoch=000/012 :: Train [loss=-1.87193, acc@1=8.67%, acc@5=26.87%] Valid [loss=-5.97593, acc@1=7.88%, acc@5=25.48%]
[2020-10-15 14:01:57] Time Left: [00:04:11] epoch=001/012 :: Train [loss=-8.46675, acc@1=24.10%, acc@5=54.84%] Valid [loss=-9.24091, acc@1=20.30%, acc@5=50.78%]
[2020-10-15 14:02:22] Time Left: [00:03:45] epoch=002/012 :: Train [loss=-10.02790, acc@1=34.75%, acc@5=68.09%] Valid [loss=-10.25555, acc@1=25.92%, acc@5=59.44%]
[2020-10-15 14:02:47] Time Left: [00:03:20] epoch=003/012 :: Train [loss=-10.79409, acc@1=41.48%, acc@5=74.95%] Valid [loss=-11.14647, acc@1=35.66%, acc@5=70.36%]
[2020-10-15 14:03:12] Time Left: [00:02:55] epoch=004/012 :: Train [loss=-11.28267, acc@1=46.95%, acc@5=79.19%] Valid [loss=-11.26073, acc@1=36.86%, acc@5=68.74%]
[2020-10-15 14:03:37] Time Left: [00:02:30] epoch=005/012 :: Train [loss=-11.65554, acc@1=51.06%, acc@5=82.22%] Valid [loss=-11.88992, acc@1=43.54%, acc@5=74.50%]
[2020-10-15 14:04:02] Time Left: [00:02:05] epoch=006/012 :: Train [loss=-11.95573, acc@1=54.36%, acc@5=84.66%] Valid [loss=-12.49819, acc@1=50.66%, acc@5=81.76%]
[2020-10-15 14:04:27] Time Left: [00:01:40] epoch=007/012 :: Train [loss=-12.20000, acc@1=57.48%, acc@5=86.41%] Valid [loss=-12.60823, acc@1=50.42%, acc@5=81.32%]
[2020-10-15 14:04:52] Time Left: [00:01:15] epoch=008/012 :: Train [loss=-12.39503, acc@1=60.30%, acc@5=87.99%] Valid [loss=-12.84110, acc@1=54.12%, acc@5=83.06%]
[2020-10-15 14:05:17] Time Left: [00:00:50] epoch=009/012 :: Train [loss=-12.55898, acc@1=63.10%, acc@5=89.59%] Valid [loss=-13.09320, acc@1=57.46%, acc@5=85.48%]
[2020-10-15 14:05:42] Time Left: [00:00:25] epoch=010/012 :: Train [loss=-12.68452, acc@1=65.77%, acc@5=90.77%] Valid [loss=-13.23830, acc@1=60.26%, acc@5=86.92%]
[2020-10-15 14:06:07] Time Left: [00:00:00] epoch=011/012 :: Train [loss=-12.75691, acc@1=67.22%, acc@5=91.65%] Valid [loss=-13.29855, acc@1=60.64%, acc@5=87.56%]
Python  Version  : 3.7.7 (default, Mar 26 2020, 15:48:22)  [GCC 7.3.0]
Pillow  Version  : 7.0.0
PyTorch Version  : 1.4.0
cuDNN   Version  : 7603
CUDA available   : True
CUDA GPU numbers : 1
CUDA_VISIBLE_DEVICES=0

--------------- dataset : cifar100 ---------------
Flops = 113.95722 MB, Params = 0.808276 MB
config : OrderedDict([('scheduler', 'cos'), ('eta_min', 0.0), ('epochs', 12), ('warmup', 0), ('optim', 'SGD'), ('LR', 0.1), ('decay', 0.0005), ('momentum', 0.9), ('nesterov', True), ('criterion', 'Softmax'), ('batch_size', 256), ('class_num', 100), ('xshape', (1, 3, 32, 32))])
Training State (finish) = True

<<<***>>> The 00/01-th seed is 111 <finish> other procedures need Time Left: [00:00:00]
