Start train-evaluate |avg_pool_3x3~0|+|skip_connect~0|nor_conv_1x1~1|+|nor_conv_1x1~0|skip_connect~1|nor_conv_1x1~2|
arch_config : {'channel': 16, 'num_cells': 5}

The 00/01-th seed is 111 ----------------------<.>----------------------
Does not find the existing file output/trofim-NST/specifics/LESS-|avg_pool_3x3~0|+|skip_connect~0|nor_conv_1x1~1|+|nor_conv_1x1~0|skip_connect~1|nor_conv_1x1~2|-16-5/seed-0111.pth, train and evaluate!
configs/nas-benchmark/LESS.config
Configure(scheduler='cos', eta_min=0.0, epochs=12, warmup=0, optim='SGD', LR=0.1, decay=0.0005, momentum=0.9, nesterov=True, criterion='Softmax', batch_size=256, class_num=100, xshape=(1, 3, 32, 32))
Evaluate ||||||| cifar100   ||||||| Train-Num=50000, Valid-Num=10000, Train-Loader-Num=196, Valid-Loader-Num=40, batch size=256
Evaluate ||||||| cifar100   ||||||| Config=Configure(scheduler='cos', eta_min=0.0, epochs=12, warmup=0, optim='SGD', LR=0.1, decay=0.0005, momentum=0.9, nesterov=True, criterion='Softmax', batch_size=256, class_num=100, xshape=(1, 3, 32, 32))
Evaluate ---->>>> ori-test   with 40 batchs
Evaluate ---->>>> x-valid    with 20 batchs
Evaluate ---->>>> x-test     with 20 batchs
[2020-10-15 13:18:05] Seed-------------------------- 111 --------------------------
FLOP = 19.58538 MB, Param = 0.163156 MB
[2020-10-15 13:18:28] Time Left: [00:04:09] epoch=000/012 :: Train [loss=4.33442, acc@1=6.30%, acc@5=21.51%] Valid [loss=1.80423, acc@1=5.50%, acc@5=19.50%]
[2020-10-15 13:18:50] Time Left: [00:03:42] epoch=001/012 :: Train [loss=-4.58577, acc@1=15.01%, acc@5=40.37%] Valid [loss=-5.23035, acc@1=10.62%, acc@5=32.34%]
[2020-10-15 13:19:12] Time Left: [00:03:19] epoch=002/012 :: Train [loss=-6.76461, acc@1=23.42%, acc@5=53.37%] Valid [loss=-6.79673, acc@1=17.22%, acc@5=44.42%]
[2020-10-15 13:19:34] Time Left: [00:02:57] epoch=003/012 :: Train [loss=-7.82172, acc@1=29.68%, acc@5=62.22%] Valid [loss=-7.41609, acc@1=22.22%, acc@5=52.14%]
[2020-10-15 13:19:56] Time Left: [00:02:34] epoch=004/012 :: Train [loss=-8.40036, acc@1=34.43%, acc@5=67.79%] Valid [loss=-7.30268, acc@1=22.08%, acc@5=50.68%]
[2020-10-15 13:20:18] Time Left: [00:02:12] epoch=005/012 :: Train [loss=-8.85857, acc@1=38.92%, acc@5=71.81%] Valid [loss=-8.27089, acc@1=27.36%, acc@5=58.50%]
[2020-10-15 13:20:40] Time Left: [00:01:50] epoch=006/012 :: Train [loss=-9.26753, acc@1=42.44%, acc@5=75.43%] Valid [loss=-7.39393, acc@1=22.58%, acc@5=50.12%]
[2020-10-15 13:21:02] Time Left: [00:01:28] epoch=007/012 :: Train [loss=-9.58151, acc@1=46.00%, acc@5=78.16%] Valid [loss=-9.01879, acc@1=36.42%, acc@5=67.68%]
[2020-10-15 13:21:24] Time Left: [00:01:06] epoch=008/012 :: Train [loss=-9.81759, acc@1=48.67%, acc@5=80.24%] Valid [loss=-9.73771, acc@1=43.08%, acc@5=74.54%]
[2020-10-15 13:21:46] Time Left: [00:00:44] epoch=009/012 :: Train [loss=-10.00656, acc@1=51.47%, acc@5=82.15%] Valid [loss=-10.14396, acc@1=46.28%, acc@5=77.54%]
[2020-10-15 13:22:08] Time Left: [00:00:22] epoch=010/012 :: Train [loss=-10.13939, acc@1=53.69%, acc@5=83.61%] Valid [loss=-10.36069, acc@1=48.22%, acc@5=79.72%]
[2020-10-15 13:22:30] Time Left: [00:00:00] epoch=011/012 :: Train [loss=-10.22575, acc@1=55.22%, acc@5=84.64%] Valid [loss=-10.57313, acc@1=52.22%, acc@5=82.20%]
Python  Version  : 3.7.7 (default, Mar 26 2020, 15:48:22)  [GCC 7.3.0]
Pillow  Version  : 7.0.0
PyTorch Version  : 1.4.0
cuDNN   Version  : 7603
CUDA available   : True
CUDA GPU numbers : 1
CUDA_VISIBLE_DEVICES=0

--------------- dataset : cifar100 ---------------
Flops = 19.58538 MB, Params = 0.163156 MB
config : OrderedDict([('scheduler', 'cos'), ('eta_min', 0.0), ('epochs', 12), ('warmup', 0), ('optim', 'SGD'), ('LR', 0.1), ('decay', 0.0005), ('momentum', 0.9), ('nesterov', True), ('criterion', 'Softmax'), ('batch_size', 256), ('class_num', 100), ('xshape', (1, 3, 32, 32))])
Training State (finish) = True

<<<***>>> The 00/01-th seed is 111 <finish> other procedures need Time Left: [00:00:00]
