Start train-evaluate |none~0|+|nor_conv_3x3~0|none~1|+|skip_connect~0|none~1|nor_conv_3x3~2|
arch_config : {'channel': 16, 'num_cells': 5}

The 00/01-th seed is 111 ----------------------<.>----------------------
Does not find the existing file output/trofim-NST/specifics/LESS-|none~0|+|nor_conv_3x3~0|none~1|+|skip_connect~0|none~1|nor_conv_3x3~2|-16-5/seed-0111.pth, train and evaluate!
configs/nas-benchmark/LESS.config
Configure(scheduler='cos', eta_min=0.0, epochs=12, warmup=0, optim='SGD', LR=0.1, decay=0.0005, momentum=0.9, nesterov=True, criterion='Softmax', batch_size=256, class_num=100, xshape=(1, 3, 32, 32))
Evaluate ||||||| cifar100   ||||||| Train-Num=50000, Valid-Num=10000, Train-Loader-Num=196, Valid-Loader-Num=40, batch size=256
Evaluate ||||||| cifar100   ||||||| Config=Configure(scheduler='cos', eta_min=0.0, epochs=12, warmup=0, optim='SGD', LR=0.1, decay=0.0005, momentum=0.9, nesterov=True, criterion='Softmax', batch_size=256, class_num=100, xshape=(1, 3, 32, 32))
Evaluate ---->>>> ori-test   with 40 batchs
Evaluate ---->>>> x-valid    with 20 batchs
Evaluate ---->>>> x-test     with 20 batchs
[2020-10-15 13:36:05] Seed-------------------------- 111 --------------------------
FLOP = 78.56778 MB, Param = 0.565236 MB
[2020-10-15 13:36:27] Time Left: [00:04:00] epoch=000/012 :: Train [loss=0.45374, acc@1=7.58%, acc@5=24.10%] Valid [loss=-4.71777, acc@1=9.34%, acc@5=30.02%]
[2020-10-15 13:36:47] Time Left: [00:03:32] epoch=001/012 :: Train [loss=-7.21905, acc@1=22.00%, acc@5=51.45%] Valid [loss=-8.25862, acc@1=19.18%, acc@5=47.34%]
[2020-10-15 13:37:08] Time Left: [00:03:09] epoch=002/012 :: Train [loss=-9.37580, acc@1=32.95%, acc@5=66.19%] Valid [loss=-9.69008, acc@1=25.18%, acc@5=57.52%]
[2020-10-15 13:37:28] Time Left: [00:02:46] epoch=003/012 :: Train [loss=-10.34943, acc@1=40.59%, acc@5=73.97%] Valid [loss=-10.32014, acc@1=31.48%, acc@5=62.86%]
[2020-10-15 13:37:49] Time Left: [00:02:25] epoch=004/012 :: Train [loss=-10.91840, acc@1=45.95%, acc@5=78.56%] Valid [loss=-11.27488, acc@1=40.32%, acc@5=73.36%]
[2020-10-15 13:38:09] Time Left: [00:02:04] epoch=005/012 :: Train [loss=-11.29542, acc@1=50.19%, acc@5=81.57%] Valid [loss=-11.65678, acc@1=45.10%, acc@5=77.86%]
[2020-10-15 13:38:30] Time Left: [00:01:43] epoch=006/012 :: Train [loss=-11.59338, acc@1=53.92%, acc@5=84.08%] Valid [loss=-11.73107, acc@1=44.28%, acc@5=77.12%]
[2020-10-15 13:38:51] Time Left: [00:01:22] epoch=007/012 :: Train [loss=-11.82327, acc@1=57.13%, acc@5=86.08%] Valid [loss=-12.33969, acc@1=53.10%, acc@5=82.96%]
[2020-10-15 13:39:11] Time Left: [00:01:02] epoch=008/012 :: Train [loss=-12.00949, acc@1=60.03%, acc@5=87.88%] Valid [loss=-12.38054, acc@1=53.12%, acc@5=82.32%]
[2020-10-15 13:39:32] Time Left: [00:00:41] epoch=009/012 :: Train [loss=-12.16963, acc@1=62.76%, acc@5=89.47%] Valid [loss=-12.63324, acc@1=57.42%, acc@5=85.02%]
[2020-10-15 13:39:52] Time Left: [00:00:20] epoch=010/012 :: Train [loss=-12.28651, acc@1=65.11%, acc@5=90.67%] Valid [loss=-12.79562, acc@1=59.80%, acc@5=86.88%]
[2020-10-15 13:40:13] Time Left: [00:00:00] epoch=011/012 :: Train [loss=-12.36993, acc@1=67.02%, acc@5=91.49%] Valid [loss=-12.84931, acc@1=61.08%, acc@5=87.40%]
Python  Version  : 3.7.7 (default, Mar 26 2020, 15:48:22)  [GCC 7.3.0]
Pillow  Version  : 7.0.0
PyTorch Version  : 1.4.0
cuDNN   Version  : 7603
CUDA available   : True
CUDA GPU numbers : 1
CUDA_VISIBLE_DEVICES=0

--------------- dataset : cifar100 ---------------
Flops = 78.56778 MB, Params = 0.565236 MB
config : OrderedDict([('scheduler', 'cos'), ('eta_min', 0.0), ('epochs', 12), ('warmup', 0), ('optim', 'SGD'), ('LR', 0.1), ('decay', 0.0005), ('momentum', 0.9), ('nesterov', True), ('criterion', 'Softmax'), ('batch_size', 256), ('class_num', 100), ('xshape', (1, 3, 32, 32))])
Training State (finish) = True

<<<***>>> The 00/01-th seed is 111 <finish> other procedures need Time Left: [00:00:00]
