Start train-evaluate |skip_connect~0|+|nor_conv_3x3~0|skip_connect~1|+|nor_conv_3x3~0|skip_connect~1|nor_conv_1x1~2|
arch_config : {'channel': 16, 'num_cells': 5}

The 00/01-th seed is 111 ----------------------<.>----------------------
Does not find the existing file output/trofim-NST/specifics/LESS-|skip_connect~0|+|nor_conv_3x3~0|skip_connect~1|+|nor_conv_3x3~0|skip_connect~1|nor_conv_1x1~2|-16-5/seed-0111.pth, train and evaluate!
configs/nas-benchmark/LESS.config
Configure(scheduler='cos', eta_min=0.0, epochs=12, warmup=0, optim='SGD', LR=0.1, decay=0.0005, momentum=0.9, nesterov=True, criterion='Softmax', batch_size=256, class_num=100, xshape=(1, 3, 32, 32))
Evaluate ||||||| cifar100   ||||||| Train-Num=50000, Valid-Num=10000, Train-Loader-Num=196, Valid-Loader-Num=40, batch size=256
Evaluate ||||||| cifar100   ||||||| Config=Configure(scheduler='cos', eta_min=0.0, epochs=12, warmup=0, optim='SGD', LR=0.1, decay=0.0005, momentum=0.9, nesterov=True, criterion='Softmax', batch_size=256, class_num=100, xshape=(1, 3, 32, 32))
Evaluate ---->>>> ori-test   with 40 batchs
Evaluate ---->>>> x-valid    with 20 batchs
Evaluate ---->>>> x-test     with 20 batchs
[2020-10-15 14:30:06] Seed-------------------------- 111 --------------------------
FLOP = 82.49994 MB, Param = 0.593236 MB
[2020-10-15 14:30:29] Time Left: [00:04:16] epoch=000/012 :: Train [loss=-3.55322, acc@1=9.11%, acc@5=27.39%] Valid [loss=-7.64845, acc@1=12.30%, acc@5=38.36%]
[2020-10-15 14:30:53] Time Left: [00:03:57] epoch=001/012 :: Train [loss=-8.83747, acc@1=23.81%, acc@5=55.03%] Valid [loss=-8.99657, acc@1=18.12%, acc@5=45.64%]
[2020-10-15 14:31:16] Time Left: [00:03:31] epoch=002/012 :: Train [loss=-10.10393, acc@1=34.25%, acc@5=68.02%] Valid [loss=-10.56555, acc@1=29.78%, acc@5=64.36%]
[2020-10-15 14:31:39] Time Left: [00:03:07] epoch=003/012 :: Train [loss=-10.78735, acc@1=41.41%, acc@5=74.79%] Valid [loss=-11.11031, acc@1=36.12%, acc@5=68.40%]
[2020-10-15 14:32:02] Time Left: [00:02:43] epoch=004/012 :: Train [loss=-11.22618, acc@1=46.37%, acc@5=78.87%] Valid [loss=-10.70451, acc@1=33.64%, acc@5=66.60%]
[2020-10-15 14:32:26] Time Left: [00:02:19] epoch=005/012 :: Train [loss=-11.54381, acc@1=49.86%, acc@5=81.44%] Valid [loss=-11.45941, acc@1=38.66%, acc@5=72.52%]
[2020-10-15 14:32:49] Time Left: [00:01:56] epoch=006/012 :: Train [loss=-11.83042, acc@1=53.24%, acc@5=83.91%] Valid [loss=-11.87513, acc@1=45.08%, acc@5=76.34%]
[2020-10-15 14:33:12] Time Left: [00:01:33] epoch=007/012 :: Train [loss=-12.05487, acc@1=56.04%, acc@5=85.78%] Valid [loss=-12.38692, acc@1=47.64%, acc@5=79.64%]
[2020-10-15 14:33:35] Time Left: [00:01:09] epoch=008/012 :: Train [loss=-12.24316, acc@1=59.13%, acc@5=87.43%] Valid [loss=-12.57997, acc@1=53.32%, acc@5=81.98%]
[2020-10-15 14:33:58] Time Left: [00:00:46] epoch=009/012 :: Train [loss=-12.39490, acc@1=61.74%, acc@5=88.82%] Valid [loss=-12.85179, acc@1=55.58%, acc@5=84.54%]
[2020-10-15 14:34:21] Time Left: [00:00:23] epoch=010/012 :: Train [loss=-12.50944, acc@1=63.96%, acc@5=90.13%] Valid [loss=-13.04717, acc@1=59.22%, acc@5=86.48%]
[2020-10-15 14:34:44] Time Left: [00:00:00] epoch=011/012 :: Train [loss=-12.58822, acc@1=65.85%, acc@5=90.81%] Valid [loss=-13.14122, acc@1=60.36%, acc@5=87.04%]
Python  Version  : 3.7.7 (default, Mar 26 2020, 15:48:22)  [GCC 7.3.0]
Pillow  Version  : 7.0.0
PyTorch Version  : 1.4.0
cuDNN   Version  : 7603
CUDA available   : True
CUDA GPU numbers : 1
CUDA_VISIBLE_DEVICES=0

--------------- dataset : cifar100 ---------------
Flops = 82.49994 MB, Params = 0.593236 MB
config : OrderedDict([('scheduler', 'cos'), ('eta_min', 0.0), ('epochs', 12), ('warmup', 0), ('optim', 'SGD'), ('LR', 0.1), ('decay', 0.0005), ('momentum', 0.9), ('nesterov', True), ('criterion', 'Softmax'), ('batch_size', 256), ('class_num', 100), ('xshape', (1, 3, 32, 32))])
Training State (finish) = True

<<<***>>> The 00/01-th seed is 111 <finish> other procedures need Time Left: [00:00:00]
