Start train-evaluate |skip_connect~0|+|avg_pool_3x3~0|nor_conv_1x1~1|+|skip_connect~0|skip_connect~1|nor_conv_3x3~2|
arch_config : {'channel': 16, 'num_cells': 5}

The 00/01-th seed is 111 ----------------------<.>----------------------
Does not find the existing file output/trofim-NST/specifics/LESS-|skip_connect~0|+|avg_pool_3x3~0|nor_conv_1x1~1|+|skip_connect~0|skip_connect~1|nor_conv_3x3~2|-16-5/seed-0111.pth, train and evaluate!
configs/nas-benchmark/LESS.config
Configure(scheduler='cos', eta_min=0.0, epochs=12, warmup=0, optim='SGD', LR=0.1, decay=0.0005, momentum=0.9, nesterov=True, criterion='Softmax', batch_size=256, class_num=100, xshape=(1, 3, 32, 32))
Evaluate ||||||| cifar100   ||||||| Train-Num=50000, Valid-Num=10000, Train-Loader-Num=196, Valid-Loader-Num=40, batch size=256
Evaluate ||||||| cifar100   ||||||| Config=Configure(scheduler='cos', eta_min=0.0, epochs=12, warmup=0, optim='SGD', LR=0.1, decay=0.0005, momentum=0.9, nesterov=True, criterion='Softmax', batch_size=256, class_num=100, xshape=(1, 3, 32, 32))
Evaluate ---->>>> ori-test   with 40 batchs
Evaluate ---->>>> x-valid    with 20 batchs
Evaluate ---->>>> x-test     with 20 batchs
[2020-10-15 14:20:35] Seed-------------------------- 111 --------------------------
FLOP = 47.1105 MB, Param = 0.350196 MB
[2020-10-15 14:20:56] Time Left: [00:03:52] epoch=000/012 :: Train [loss=2.05258, acc@1=4.91%, acc@5=17.42%] Valid [loss=-2.18888, acc@1=6.68%, acc@5=22.74%]
[2020-10-15 14:21:16] Time Left: [00:03:25] epoch=001/012 :: Train [loss=-4.47614, acc@1=9.20%, acc@5=28.76%] Valid [loss=-5.34883, acc@1=9.16%, acc@5=27.46%]
[2020-10-15 14:21:36] Time Left: [00:03:03] epoch=002/012 :: Train [loss=-6.26718, acc@1=13.60%, acc@5=36.91%] Valid [loss=-6.38088, acc@1=9.96%, acc@5=29.00%]
[2020-10-15 14:21:56] Time Left: [00:02:42] epoch=003/012 :: Train [loss=-7.14511, acc@1=17.17%, acc@5=42.66%] Valid [loss=-6.69490, acc@1=8.84%, acc@5=27.00%]
[2020-10-15 14:22:16] Time Left: [00:02:21] epoch=004/012 :: Train [loss=-7.70920, acc@1=19.15%, acc@5=46.29%] Valid [loss=-7.78365, acc@1=13.94%, acc@5=37.22%]
[2020-10-15 14:22:36] Time Left: [00:02:01] epoch=005/012 :: Train [loss=-8.10069, acc@1=20.88%, acc@5=49.12%] Valid [loss=-7.97866, acc@1=13.90%, acc@5=37.32%]
[2020-10-15 14:22:56] Time Left: [00:01:40] epoch=006/012 :: Train [loss=-8.42089, acc@1=22.32%, acc@5=51.02%] Valid [loss=-8.74697, acc@1=17.50%, acc@5=43.62%]
[2020-10-15 14:23:16] Time Left: [00:01:20] epoch=007/012 :: Train [loss=-8.79636, acc@1=23.57%, acc@5=52.75%] Valid [loss=-8.69233, acc@1=14.82%, acc@5=37.74%]
[2020-10-15 14:23:36] Time Left: [00:01:00] epoch=008/012 :: Train [loss=-9.09575, acc@1=24.87%, acc@5=54.67%] Valid [loss=-8.22722, acc@1=12.42%, acc@5=34.02%]
[2020-10-15 14:23:56] Time Left: [00:00:40] epoch=009/012 :: Train [loss=-9.33894, acc@1=25.73%, acc@5=55.94%] Valid [loss=-9.58643, acc@1=19.72%, acc@5=47.54%]
[2020-10-15 14:24:16] Time Left: [00:00:20] epoch=010/012 :: Train [loss=-9.50941, acc@1=26.62%, acc@5=57.08%] Valid [loss=-10.12250, acc@1=25.88%, acc@5=55.00%]
[2020-10-15 14:24:37] Time Left: [00:00:00] epoch=011/012 :: Train [loss=-9.58701, acc@1=27.29%, acc@5=57.52%] Valid [loss=-10.20120, acc@1=26.58%, acc@5=55.84%]
Python  Version  : 3.7.7 (default, Mar 26 2020, 15:48:22)  [GCC 7.3.0]
Pillow  Version  : 7.0.0
PyTorch Version  : 1.4.0
cuDNN   Version  : 7603
CUDA available   : True
CUDA GPU numbers : 1
CUDA_VISIBLE_DEVICES=0

--------------- dataset : cifar100 ---------------
Flops = 47.1105 MB, Params = 0.350196 MB
config : OrderedDict([('scheduler', 'cos'), ('eta_min', 0.0), ('epochs', 12), ('warmup', 0), ('optim', 'SGD'), ('LR', 0.1), ('decay', 0.0005), ('momentum', 0.9), ('nesterov', True), ('criterion', 'Softmax'), ('batch_size', 256), ('class_num', 100), ('xshape', (1, 3, 32, 32))])
Training State (finish) = True

<<<***>>> The 00/01-th seed is 111 <finish> other procedures need Time Left: [00:00:00]
