Start train-evaluate |none~0|+|nor_conv_1x1~0|nor_conv_3x3~1|+|skip_connect~0|none~1|none~2|
arch_config : {'channel': 16, 'num_cells': 5}

The 00/01-th seed is 111 ----------------------<.>----------------------
Does not find the existing file output/trofim-NST/specifics/LESS-|none~0|+|nor_conv_1x1~0|nor_conv_3x3~1|+|skip_connect~0|none~1|none~2|-16-5/seed-0111.pth, train and evaluate!
configs/nas-benchmark/LESS.config
Configure(scheduler='cos', eta_min=0.0, epochs=12, warmup=0, optim='SGD', LR=0.1, decay=0.0005, momentum=0.9, nesterov=True, criterion='Softmax', batch_size=256, class_num=100, xshape=(1, 3, 32, 32))
Evaluate ||||||| cifar100   ||||||| Train-Num=50000, Valid-Num=10000, Train-Loader-Num=196, Valid-Loader-Num=40, batch size=256
Evaluate ||||||| cifar100   ||||||| Config=Configure(scheduler='cos', eta_min=0.0, epochs=12, warmup=0, optim='SGD', LR=0.1, decay=0.0005, momentum=0.9, nesterov=True, criterion='Softmax', batch_size=256, class_num=100, xshape=(1, 3, 32, 32))
Evaluate ---->>>> ori-test   with 40 batchs
Evaluate ---->>>> x-valid    with 20 batchs
Evaluate ---->>>> x-test     with 20 batchs
[2020-10-15 14:23:23] Seed-------------------------- 111 --------------------------
FLOP = 47.1105 MB, Param = 0.350196 MB
[2020-10-15 14:23:43] Time Left: [00:03:37] epoch=000/012 :: Train [loss=14.18433, acc@1=4.02%, acc@5=15.37%] Valid [loss=7.30946, acc@1=5.14%, acc@5=19.54%]
[2020-10-15 14:24:03] Time Left: [00:03:18] epoch=001/012 :: Train [loss=3.43173, acc@1=9.77%, acc@5=30.35%] Valid [loss=3.52715, acc@1=8.12%, acc@5=27.26%]
[2020-10-15 14:24:22] Time Left: [00:02:57] epoch=002/012 :: Train [loss=-0.97112, acc@1=16.15%, acc@5=42.33%] Valid [loss=-2.73268, acc@1=17.38%, acc@5=44.88%]
[2020-10-15 14:24:42] Time Left: [00:02:37] epoch=003/012 :: Train [loss=-3.20550, acc@1=22.40%, acc@5=51.69%] Valid [loss=-4.45498, acc@1=19.18%, acc@5=47.26%]
[2020-10-15 14:25:01] Time Left: [00:02:17] epoch=004/012 :: Train [loss=-4.47163, acc@1=26.91%, acc@5=57.41%] Valid [loss=-5.85974, acc@1=25.64%, acc@5=56.64%]
[2020-10-15 14:25:21] Time Left: [00:01:57] epoch=005/012 :: Train [loss=-5.25875, acc@1=29.80%, acc@5=61.31%] Valid [loss=-6.03627, acc@1=25.68%, acc@5=55.90%]
[2020-10-15 14:25:42] Time Left: [00:01:39] epoch=006/012 :: Train [loss=-5.65251, acc@1=32.34%, acc@5=63.96%] Valid [loss=-6.65603, acc@1=28.18%, acc@5=59.96%]
[2020-10-15 14:26:01] Time Left: [00:01:19] epoch=007/012 :: Train [loss=-5.93152, acc@1=34.79%, acc@5=66.52%] Valid [loss=-7.09766, acc@1=33.64%, acc@5=65.60%]
[2020-10-15 14:26:21] Time Left: [00:00:59] epoch=008/012 :: Train [loss=-6.13637, acc@1=36.67%, acc@5=68.52%] Valid [loss=-7.17249, acc@1=34.96%, acc@5=67.26%]
[2020-10-15 14:26:40] Time Left: [00:00:39] epoch=009/012 :: Train [loss=-6.27854, acc@1=38.25%, acc@5=69.92%] Valid [loss=-7.36355, acc@1=36.82%, acc@5=69.54%]
[2020-10-15 14:27:00] Time Left: [00:00:19] epoch=010/012 :: Train [loss=-6.36874, acc@1=39.36%, acc@5=71.00%] Valid [loss=-7.51030, acc@1=39.32%, acc@5=70.54%]
[2020-10-15 14:27:19] Time Left: [00:00:00] epoch=011/012 :: Train [loss=-6.41351, acc@1=39.89%, acc@5=71.46%] Valid [loss=-7.56948, acc@1=40.58%, acc@5=72.04%]
Python  Version  : 3.7.7 (default, Mar 26 2020, 15:48:22)  [GCC 7.3.0]
Pillow  Version  : 7.0.0
PyTorch Version  : 1.4.0
cuDNN   Version  : 7603
CUDA available   : True
CUDA GPU numbers : 1
CUDA_VISIBLE_DEVICES=0

--------------- dataset : cifar100 ---------------
Flops = 47.1105 MB, Params = 0.350196 MB
config : OrderedDict([('scheduler', 'cos'), ('eta_min', 0.0), ('epochs', 12), ('warmup', 0), ('optim', 'SGD'), ('LR', 0.1), ('decay', 0.0005), ('momentum', 0.9), ('nesterov', True), ('criterion', 'Softmax'), ('batch_size', 256), ('class_num', 100), ('xshape', (1, 3, 32, 32))])
Training State (finish) = True

<<<***>>> The 00/01-th seed is 111 <finish> other procedures need Time Left: [00:00:00]
