Start train-evaluate |none~0|+|nor_conv_1x1~0|nor_conv_3x3~1|+|nor_conv_1x1~0|skip_connect~1|avg_pool_3x3~2|
arch_config : {'channel': 16, 'num_cells': 5}

The 00/01-th seed is 111 ----------------------<.>----------------------
Does not find the existing file output/trofim-NST/specifics/LESS-|none~0|+|nor_conv_1x1~0|nor_conv_3x3~1|+|nor_conv_1x1~0|skip_connect~1|avg_pool_3x3~2|-16-5/seed-0111.pth, train and evaluate!
configs/nas-benchmark/LESS.config
Configure(scheduler='cos', eta_min=0.0, epochs=12, warmup=0, optim='SGD', LR=0.1, decay=0.0005, momentum=0.9, nesterov=True, criterion='Softmax', batch_size=256, class_num=100, xshape=(1, 3, 32, 32))
Evaluate ||||||| cifar100   ||||||| Train-Num=50000, Valid-Num=10000, Train-Loader-Num=196, Valid-Loader-Num=40, batch size=256
Evaluate ||||||| cifar100   ||||||| Config=Configure(scheduler='cos', eta_min=0.0, epochs=12, warmup=0, optim='SGD', LR=0.1, decay=0.0005, momentum=0.9, nesterov=True, criterion='Softmax', batch_size=256, class_num=100, xshape=(1, 3, 32, 32))
Evaluate ---->>>> ori-test   with 40 batchs
Evaluate ---->>>> x-valid    with 20 batchs
Evaluate ---->>>> x-test     with 20 batchs
[2020-10-15 14:36:23] Seed-------------------------- 111 --------------------------
FLOP = 51.04266 MB, Param = 0.378196 MB
[2020-10-15 14:36:48] Time Left: [00:04:31] epoch=000/012 :: Train [loss=-2.40716, acc@1=8.44%, acc@5=26.47%] Valid [loss=-5.60063, acc@1=10.18%, acc@5=30.42%]
[2020-10-15 14:37:11] Time Left: [00:03:59] epoch=001/012 :: Train [loss=-7.14810, acc@1=20.53%, acc@5=50.41%] Valid [loss=-7.47261, acc@1=18.84%, acc@5=48.54%]
[2020-10-15 14:37:35] Time Left: [00:03:33] epoch=002/012 :: Train [loss=-8.17988, acc@1=27.75%, acc@5=60.15%] Valid [loss=-7.91049, acc@1=24.42%, acc@5=55.92%]
[2020-10-15 14:37:58] Time Left: [00:03:09] epoch=003/012 :: Train [loss=-8.76337, acc@1=33.11%, acc@5=66.10%] Valid [loss=-8.29339, acc@1=23.10%, acc@5=54.66%]
[2020-10-15 14:38:21] Time Left: [00:02:44] epoch=004/012 :: Train [loss=-9.18284, acc@1=37.05%, acc@5=70.24%] Valid [loss=-6.41615, acc@1=18.46%, acc@5=46.56%]
[2020-10-15 14:38:44] Time Left: [00:02:21] epoch=005/012 :: Train [loss=-9.51267, acc@1=40.75%, acc@5=73.91%] Valid [loss=-8.15956, acc@1=21.76%, acc@5=51.32%]
[2020-10-15 14:39:08] Time Left: [00:01:57] epoch=006/012 :: Train [loss=-9.76820, acc@1=43.58%, acc@5=76.47%] Valid [loss=-8.33721, acc@1=26.10%, acc@5=54.24%]
[2020-10-15 14:39:31] Time Left: [00:01:33] epoch=007/012 :: Train [loss=-9.99107, acc@1=46.63%, acc@5=78.69%] Valid [loss=-9.60362, acc@1=38.12%, acc@5=71.88%]
[2020-10-15 14:39:54] Time Left: [00:01:10] epoch=008/012 :: Train [loss=-10.16400, acc@1=48.95%, acc@5=80.36%] Valid [loss=-9.96714, acc@1=40.42%, acc@5=73.00%]
[2020-10-15 14:40:18] Time Left: [00:00:46] epoch=009/012 :: Train [loss=-10.31016, acc@1=51.11%, acc@5=81.98%] Valid [loss=-10.47556, acc@1=46.66%, acc@5=77.70%]
[2020-10-15 14:40:41] Time Left: [00:00:23] epoch=010/012 :: Train [loss=-10.42049, acc@1=53.17%, acc@5=83.21%] Valid [loss=-10.70212, acc@1=49.62%, acc@5=80.22%]
[2020-10-15 14:41:04] Time Left: [00:00:00] epoch=011/012 :: Train [loss=-10.49123, acc@1=54.46%, acc@5=84.13%] Valid [loss=-10.81554, acc@1=52.10%, acc@5=82.10%]
Python  Version  : 3.7.7 (default, Mar 26 2020, 15:48:22)  [GCC 7.3.0]
Pillow  Version  : 7.0.0
PyTorch Version  : 1.4.0
cuDNN   Version  : 7603
CUDA available   : True
CUDA GPU numbers : 1
CUDA_VISIBLE_DEVICES=0

--------------- dataset : cifar100 ---------------
Flops = 51.04266 MB, Params = 0.378196 MB
config : OrderedDict([('scheduler', 'cos'), ('eta_min', 0.0), ('epochs', 12), ('warmup', 0), ('optim', 'SGD'), ('LR', 0.1), ('decay', 0.0005), ('momentum', 0.9), ('nesterov', True), ('criterion', 'Softmax'), ('batch_size', 256), ('class_num', 100), ('xshape', (1, 3, 32, 32))])
Training State (finish) = True

<<<***>>> The 00/01-th seed is 111 <finish> other procedures need Time Left: [00:00:00]
