Start train-evaluate |avg_pool_3x3~0|+|nor_conv_3x3~0|nor_conv_1x1~1|+|avg_pool_3x3~0|nor_conv_3x3~1|nor_conv_1x1~2|
arch_config : {'channel': 16, 'num_cells': 5}

The 00/01-th seed is 111 ----------------------<.>----------------------
Does not find the existing file output/trofim-NST/specifics/LESS-|avg_pool_3x3~0|+|nor_conv_3x3~0|nor_conv_1x1~1|+|avg_pool_3x3~0|nor_conv_3x3~1|nor_conv_1x1~2|-16-5/seed-0111.pth, train and evaluate!
configs/nas-benchmark/LESS.config
Configure(scheduler='cos', eta_min=0.0, epochs=12, warmup=0, optim='SGD', LR=0.1, decay=0.0005, momentum=0.9, nesterov=True, criterion='Softmax', batch_size=256, class_num=100, xshape=(1, 3, 32, 32))
Evaluate ||||||| cifar100   ||||||| Train-Num=50000, Valid-Num=10000, Train-Loader-Num=196, Valid-Loader-Num=40, batch size=256
Evaluate ||||||| cifar100   ||||||| Config=Configure(scheduler='cos', eta_min=0.0, epochs=12, warmup=0, optim='SGD', LR=0.1, decay=0.0005, momentum=0.9, nesterov=True, criterion='Softmax', batch_size=256, class_num=100, xshape=(1, 3, 32, 32))
Evaluate ---->>>> ori-test   with 40 batchs
Evaluate ---->>>> x-valid    with 20 batchs
Evaluate ---->>>> x-test     with 20 batchs
[2020-10-15 14:10:53] Seed-------------------------- 111 --------------------------
FLOP = 86.4321 MB, Param = 0.621236 MB
[2020-10-15 14:11:22] Time Left: [00:05:12] epoch=000/012 :: Train [loss=1.35759, acc@1=8.25%, acc@5=25.92%] Valid [loss=-4.98476, acc@1=12.60%, acc@5=36.04%]
[2020-10-15 14:11:50] Time Left: [00:04:42] epoch=001/012 :: Train [loss=-7.20342, acc@1=22.18%, acc@5=51.89%] Valid [loss=-7.45488, acc@1=16.18%, acc@5=41.70%]
[2020-10-15 14:12:18] Time Left: [00:04:13] epoch=002/012 :: Train [loss=-8.82091, acc@1=31.12%, acc@5=63.93%] Valid [loss=-8.61278, acc@1=20.82%, acc@5=48.22%]
[2020-10-15 14:12:46] Time Left: [00:03:44] epoch=003/012 :: Train [loss=-9.55732, acc@1=37.39%, acc@5=70.72%] Valid [loss=-8.30419, acc@1=18.32%, acc@5=45.20%]
[2020-10-15 14:13:14] Time Left: [00:03:16] epoch=004/012 :: Train [loss=-10.09077, acc@1=42.16%, acc@5=75.03%] Valid [loss=-7.91293, acc@1=18.02%, acc@5=44.40%]
[2020-10-15 14:13:42] Time Left: [00:02:48] epoch=005/012 :: Train [loss=-10.58557, acc@1=45.99%, acc@5=78.55%] Valid [loss=-10.14370, acc@1=32.20%, acc@5=63.80%]
[2020-10-15 14:14:11] Time Left: [00:02:21] epoch=006/012 :: Train [loss=-10.97445, acc@1=49.29%, acc@5=81.05%] Valid [loss=-10.87829, acc@1=38.42%, acc@5=70.94%]
[2020-10-15 14:14:40] Time Left: [00:01:53] epoch=007/012 :: Train [loss=-11.26713, acc@1=52.55%, acc@5=83.27%] Valid [loss=-11.50651, acc@1=45.36%, acc@5=77.36%]
[2020-10-15 14:15:08] Time Left: [00:01:24] epoch=008/012 :: Train [loss=-11.49820, acc@1=55.54%, acc@5=85.31%] Valid [loss=-11.67491, acc@1=47.50%, acc@5=79.46%]
[2020-10-15 14:15:36] Time Left: [00:00:56] epoch=009/012 :: Train [loss=-11.67611, acc@1=58.56%, acc@5=87.02%] Valid [loss=-11.83210, acc@1=49.08%, acc@5=79.26%]
[2020-10-15 14:16:04] Time Left: [00:00:28] epoch=010/012 :: Train [loss=-11.80842, acc@1=60.87%, acc@5=88.38%] Valid [loss=-12.19464, acc@1=54.50%, acc@5=84.18%]
[2020-10-15 14:16:32] Time Left: [00:00:00] epoch=011/012 :: Train [loss=-11.90169, acc@1=62.74%, acc@5=89.38%] Valid [loss=-12.36350, acc@1=58.02%, acc@5=85.86%]
Python  Version  : 3.7.7 (default, Mar 26 2020, 15:48:22)  [GCC 7.3.0]
Pillow  Version  : 7.0.0
PyTorch Version  : 1.4.0
cuDNN   Version  : 7603
CUDA available   : True
CUDA GPU numbers : 1
CUDA_VISIBLE_DEVICES=0

--------------- dataset : cifar100 ---------------
Flops = 86.4321 MB, Params = 0.621236 MB
config : OrderedDict([('scheduler', 'cos'), ('eta_min', 0.0), ('epochs', 12), ('warmup', 0), ('optim', 'SGD'), ('LR', 0.1), ('decay', 0.0005), ('momentum', 0.9), ('nesterov', True), ('criterion', 'Softmax'), ('batch_size', 256), ('class_num', 100), ('xshape', (1, 3, 32, 32))])
Training State (finish) = True

<<<***>>> The 00/01-th seed is 111 <finish> other procedures need Time Left: [00:00:00]
