Start train-evaluate |skip_connect~0|+|nor_conv_1x1~0|none~1|+|none~0|skip_connect~1|none~2|
arch_config : {'channel': 16, 'num_cells': 5}

The 00/01-th seed is 111 ----------------------<.>----------------------
Does not find the existing file output/trofim-NST/specifics/LESS-|skip_connect~0|+|nor_conv_1x1~0|none~1|+|none~0|skip_connect~1|none~2|-16-5/seed-0111.pth, train and evaluate!
configs/nas-benchmark/LESS.config
Configure(scheduler='cos', eta_min=0.0, epochs=12, warmup=0, optim='SGD', LR=0.1, decay=0.0005, momentum=0.9, nesterov=True, criterion='Softmax', batch_size=256, class_num=100, xshape=(1, 3, 32, 32))
Evaluate ||||||| cifar100   ||||||| Train-Num=50000, Valid-Num=10000, Train-Loader-Num=196, Valid-Loader-Num=40, batch size=256
Evaluate ||||||| cifar100   ||||||| Config=Configure(scheduler='cos', eta_min=0.0, epochs=12, warmup=0, optim='SGD', LR=0.1, decay=0.0005, momentum=0.9, nesterov=True, criterion='Softmax', batch_size=256, class_num=100, xshape=(1, 3, 32, 32))
Evaluate ---->>>> ori-test   with 40 batchs
Evaluate ---->>>> x-valid    with 20 batchs
Evaluate ---->>>> x-test     with 20 batchs
[2020-10-15 14:24:59] Seed-------------------------- 111 --------------------------
FLOP = 11.72106 MB, Param = 0.107156 MB
[2020-10-15 14:25:14] Time Left: [00:02:52] epoch=000/012 :: Train [loss=15.01800, acc@1=4.49%, acc@5=17.05%] Valid [loss=8.22913, acc@1=5.38%, acc@5=19.72%]
[2020-10-15 14:25:30] Time Left: [00:02:35] epoch=001/012 :: Train [loss=3.60896, acc@1=10.11%, acc@5=31.23%] Valid [loss=4.09347, acc@1=3.80%, acc@5=16.50%]
[2020-10-15 14:25:46] Time Left: [00:02:23] epoch=002/012 :: Train [loss=-1.32415, acc@1=17.85%, acc@5=44.10%] Valid [loss=-3.96931, acc@1=15.00%, acc@5=42.46%]
[2020-10-15 14:26:02] Time Left: [00:02:06] epoch=003/012 :: Train [loss=-3.63435, acc@1=23.35%, acc@5=53.16%] Valid [loss=-5.23805, acc@1=21.52%, acc@5=50.74%]
[2020-10-15 14:26:17] Time Left: [00:01:50] epoch=004/012 :: Train [loss=-4.47439, acc@1=27.51%, acc@5=58.57%] Valid [loss=-5.41785, acc@1=20.42%, acc@5=50.02%]
[2020-10-15 14:26:33] Time Left: [00:01:34] epoch=005/012 :: Train [loss=-5.08518, acc@1=30.79%, acc@5=62.70%] Valid [loss=-6.34400, acc@1=27.66%, acc@5=59.24%]
[2020-10-15 14:26:48] Time Left: [00:01:18] epoch=006/012 :: Train [loss=-5.46363, acc@1=33.59%, acc@5=65.62%] Valid [loss=-6.58684, acc@1=28.04%, acc@5=60.74%]
[2020-10-15 14:27:04] Time Left: [00:01:02] epoch=007/012 :: Train [loss=-5.74166, acc@1=35.74%, acc@5=67.97%] Valid [loss=-6.96929, acc@1=32.50%, acc@5=65.14%]
[2020-10-15 14:27:19] Time Left: [00:00:46] epoch=008/012 :: Train [loss=-5.96444, acc@1=37.86%, acc@5=69.89%] Valid [loss=-7.21036, acc@1=36.06%, acc@5=68.56%]
[2020-10-15 14:27:34] Time Left: [00:00:31] epoch=009/012 :: Train [loss=-6.10039, acc@1=39.55%, acc@5=71.64%] Valid [loss=-7.42671, acc@1=39.10%, acc@5=71.12%]
[2020-10-15 14:27:50] Time Left: [00:00:15] epoch=010/012 :: Train [loss=-6.19851, acc@1=40.78%, acc@5=72.66%] Valid [loss=-7.50157, acc@1=40.38%, acc@5=71.90%]
[2020-10-15 14:28:06] Time Left: [00:00:00] epoch=011/012 :: Train [loss=-6.23924, acc@1=41.55%, acc@5=73.07%] Valid [loss=-7.56206, acc@1=41.56%, acc@5=73.24%]
Python  Version  : 3.7.7 (default, Mar 26 2020, 15:48:22)  [GCC 7.3.0]
Pillow  Version  : 7.0.0
PyTorch Version  : 1.4.0
cuDNN   Version  : 7603
CUDA available   : True
CUDA GPU numbers : 1
CUDA_VISIBLE_DEVICES=0

--------------- dataset : cifar100 ---------------
Flops = 11.72106 MB, Params = 0.107156 MB
config : OrderedDict([('scheduler', 'cos'), ('eta_min', 0.0), ('epochs', 12), ('warmup', 0), ('optim', 'SGD'), ('LR', 0.1), ('decay', 0.0005), ('momentum', 0.9), ('nesterov', True), ('criterion', 'Softmax'), ('batch_size', 256), ('class_num', 100), ('xshape', (1, 3, 32, 32))])
Training State (finish) = True

<<<***>>> The 00/01-th seed is 111 <finish> other procedures need Time Left: [00:00:00]
