Start train-evaluate |nor_conv_3x3~0|+|none~0|avg_pool_3x3~1|+|avg_pool_3x3~0|nor_conv_3x3~1|nor_conv_1x1~2|
arch_config : {'channel': 16, 'num_cells': 5}

The 00/01-th seed is 111 ----------------------<.>----------------------
Does not find the existing file output/trofim-NST/specifics/LESS-|nor_conv_3x3~0|+|none~0|avg_pool_3x3~1|+|avg_pool_3x3~0|nor_conv_3x3~1|nor_conv_1x1~2|-16-5/seed-0111.pth, train and evaluate!
configs/nas-benchmark/LESS.config
Configure(scheduler='cos', eta_min=0.0, epochs=12, warmup=0, optim='SGD', LR=0.1, decay=0.0005, momentum=0.9, nesterov=True, criterion='Softmax', batch_size=256, class_num=100, xshape=(1, 3, 32, 32))
Evaluate ||||||| cifar100   ||||||| Train-Num=50000, Valid-Num=10000, Train-Loader-Num=196, Valid-Loader-Num=40, batch size=256
Evaluate ||||||| cifar100   ||||||| Config=Configure(scheduler='cos', eta_min=0.0, epochs=12, warmup=0, optim='SGD', LR=0.1, decay=0.0005, momentum=0.9, nesterov=True, criterion='Softmax', batch_size=256, class_num=100, xshape=(1, 3, 32, 32))
Evaluate ---->>>> ori-test   with 40 batchs
Evaluate ---->>>> x-valid    with 20 batchs
Evaluate ---->>>> x-test     with 20 batchs
[2020-10-15 14:38:37] Seed-------------------------- 111 --------------------------
FLOP = 82.49994 MB, Param = 0.593236 MB
[2020-10-15 14:39:03] Time Left: [00:04:40] epoch=000/012 :: Train [loss=2.62368, acc@1=8.04%, acc@5=25.61%] Valid [loss=-1.07002, acc@1=7.26%, acc@5=26.62%]
[2020-10-15 14:39:28] Time Left: [00:04:12] epoch=001/012 :: Train [loss=-5.41759, acc@1=19.33%, acc@5=47.59%] Valid [loss=-6.67496, acc@1=13.12%, acc@5=37.70%]
[2020-10-15 14:39:53] Time Left: [00:03:46] epoch=002/012 :: Train [loss=-8.26789, acc@1=29.25%, acc@5=61.37%] Valid [loss=-7.19089, acc@1=15.06%, acc@5=40.08%]
[2020-10-15 14:40:18] Time Left: [00:03:21] epoch=003/012 :: Train [loss=-9.32571, acc@1=36.19%, acc@5=69.49%] Valid [loss=-9.08367, acc@1=25.30%, acc@5=55.12%]
[2020-10-15 14:40:43] Time Left: [00:02:55] epoch=004/012 :: Train [loss=-10.01806, acc@1=41.59%, acc@5=74.58%] Valid [loss=-9.60521, acc@1=28.98%, acc@5=61.00%]
[2020-10-15 14:41:08] Time Left: [00:02:30] epoch=005/012 :: Train [loss=-10.53473, acc@1=45.95%, acc@5=78.15%] Valid [loss=-9.64457, acc@1=30.94%, acc@5=61.94%]
[2020-10-15 14:41:33] Time Left: [00:02:05] epoch=006/012 :: Train [loss=-10.91080, acc@1=49.50%, acc@5=80.82%] Valid [loss=-9.35820, acc@1=25.58%, acc@5=54.42%]
[2020-10-15 14:41:58] Time Left: [00:01:40] epoch=007/012 :: Train [loss=-11.20052, acc@1=52.55%, acc@5=83.15%] Valid [loss=-10.83058, acc@1=38.72%, acc@5=67.24%]
[2020-10-15 14:42:23] Time Left: [00:01:15] epoch=008/012 :: Train [loss=-11.43052, acc@1=55.61%, acc@5=85.18%] Valid [loss=-11.45499, acc@1=46.60%, acc@5=76.90%]
[2020-10-15 14:42:48] Time Left: [00:00:50] epoch=009/012 :: Train [loss=-11.61760, acc@1=58.43%, acc@5=86.63%] Valid [loss=-11.70447, acc@1=48.92%, acc@5=79.20%]
[2020-10-15 14:43:13] Time Left: [00:00:25] epoch=010/012 :: Train [loss=-11.75605, acc@1=60.93%, acc@5=88.12%] Valid [loss=-12.21536, acc@1=55.92%, acc@5=84.22%]
[2020-10-15 14:43:38] Time Left: [00:00:00] epoch=011/012 :: Train [loss=-11.84671, acc@1=62.75%, acc@5=89.22%] Valid [loss=-12.32583, acc@1=57.98%, acc@5=85.58%]
Python  Version  : 3.7.7 (default, Mar 26 2020, 15:48:22)  [GCC 7.3.0]
Pillow  Version  : 7.0.0
PyTorch Version  : 1.4.0
cuDNN   Version  : 7603
CUDA available   : True
CUDA GPU numbers : 1
CUDA_VISIBLE_DEVICES=0

--------------- dataset : cifar100 ---------------
Flops = 82.49994 MB, Params = 0.593236 MB
config : OrderedDict([('scheduler', 'cos'), ('eta_min', 0.0), ('epochs', 12), ('warmup', 0), ('optim', 'SGD'), ('LR', 0.1), ('decay', 0.0005), ('momentum', 0.9), ('nesterov', True), ('criterion', 'Softmax'), ('batch_size', 256), ('class_num', 100), ('xshape', (1, 3, 32, 32))])
Training State (finish) = True

<<<***>>> The 00/01-th seed is 111 <finish> other procedures need Time Left: [00:00:00]
