Start train-evaluate |nor_conv_1x1~0|+|none~0|skip_connect~1|+|nor_conv_1x1~0|nor_conv_3x3~1|avg_pool_3x3~2|
arch_config : {'channel': 16, 'num_cells': 5}

The 00/01-th seed is 111 ----------------------<.>----------------------
Does not find the existing file output/trofim-NST/specifics/LESS-|nor_conv_1x1~0|+|none~0|skip_connect~1|+|nor_conv_1x1~0|nor_conv_3x3~1|avg_pool_3x3~2|-16-5/seed-0111.pth, train and evaluate!
configs/nas-benchmark/LESS.config
Configure(scheduler='cos', eta_min=0.0, epochs=12, warmup=0, optim='SGD', LR=0.1, decay=0.0005, momentum=0.9, nesterov=True, criterion='Softmax', batch_size=256, class_num=100, xshape=(1, 3, 32, 32))
Evaluate ||||||| cifar100   ||||||| Train-Num=50000, Valid-Num=10000, Train-Loader-Num=196, Valid-Loader-Num=40, batch size=256
Evaluate ||||||| cifar100   ||||||| Config=Configure(scheduler='cos', eta_min=0.0, epochs=12, warmup=0, optim='SGD', LR=0.1, decay=0.0005, momentum=0.9, nesterov=True, criterion='Softmax', batch_size=256, class_num=100, xshape=(1, 3, 32, 32))
Evaluate ---->>>> ori-test   with 40 batchs
Evaluate ---->>>> x-valid    with 20 batchs
Evaluate ---->>>> x-test     with 20 batchs
[2020-10-15 13:23:26] Seed-------------------------- 111 --------------------------
FLOP = 51.04266 MB, Param = 0.378196 MB
[2020-10-15 13:23:51] Time Left: [00:04:31] epoch=000/012 :: Train [loss=-4.46123, acc@1=8.20%, acc@5=26.50%] Valid [loss=-6.97730, acc@1=7.12%, acc@5=24.98%]
[2020-10-15 13:24:14] Time Left: [00:04:00] epoch=001/012 :: Train [loss=-8.58264, acc@1=21.53%, acc@5=52.04%] Valid [loss=-7.03287, acc@1=12.68%, acc@5=35.88%]
[2020-10-15 13:24:38] Time Left: [00:03:34] epoch=002/012 :: Train [loss=-9.66594, acc@1=30.34%, acc@5=63.64%] Valid [loss=-9.08225, acc@1=18.08%, acc@5=45.16%]
[2020-10-15 13:25:01] Time Left: [00:03:09] epoch=003/012 :: Train [loss=-10.32416, acc@1=36.60%, acc@5=70.23%] Valid [loss=-10.10468, acc@1=26.52%, acc@5=58.44%]
[2020-10-15 13:25:25] Time Left: [00:02:45] epoch=004/012 :: Train [loss=-10.73742, acc@1=40.76%, acc@5=74.11%] Valid [loss=-10.07764, acc@1=26.30%, acc@5=57.54%]
[2020-10-15 13:25:48] Time Left: [00:02:21] epoch=005/012 :: Train [loss=-11.05633, acc@1=44.42%, acc@5=77.56%] Valid [loss=-11.28929, acc@1=38.16%, acc@5=72.38%]
[2020-10-15 13:26:11] Time Left: [00:01:57] epoch=006/012 :: Train [loss=-11.29133, acc@1=47.71%, acc@5=79.84%] Valid [loss=-11.15944, acc@1=36.40%, acc@5=69.08%]
[2020-10-15 13:26:35] Time Left: [00:01:34] epoch=007/012 :: Train [loss=-11.48596, acc@1=50.45%, acc@5=81.98%] Valid [loss=-11.62798, acc@1=42.96%, acc@5=74.52%]
[2020-10-15 13:26:58] Time Left: [00:01:10] epoch=008/012 :: Train [loss=-11.66845, acc@1=53.67%, acc@5=83.85%] Valid [loss=-11.96881, acc@1=47.32%, acc@5=79.42%]
[2020-10-15 13:27:21] Time Left: [00:00:46] epoch=009/012 :: Train [loss=-11.80589, acc@1=56.04%, acc@5=85.50%] Valid [loss=-12.21740, acc@1=50.46%, acc@5=81.26%]
[2020-10-15 13:27:44] Time Left: [00:00:23] epoch=010/012 :: Train [loss=-11.92145, acc@1=58.09%, acc@5=86.83%] Valid [loss=-12.42088, acc@1=54.94%, acc@5=83.80%]
[2020-10-15 13:28:08] Time Left: [00:00:00] epoch=011/012 :: Train [loss=-12.00168, acc@1=60.02%, acc@5=87.84%] Valid [loss=-12.50994, acc@1=55.48%, acc@5=84.50%]
Python  Version  : 3.7.7 (default, Mar 26 2020, 15:48:22)  [GCC 7.3.0]
Pillow  Version  : 7.0.0
PyTorch Version  : 1.4.0
cuDNN   Version  : 7603
CUDA available   : True
CUDA GPU numbers : 1
CUDA_VISIBLE_DEVICES=0

--------------- dataset : cifar100 ---------------
Flops = 51.04266 MB, Params = 0.378196 MB
config : OrderedDict([('scheduler', 'cos'), ('eta_min', 0.0), ('epochs', 12), ('warmup', 0), ('optim', 'SGD'), ('LR', 0.1), ('decay', 0.0005), ('momentum', 0.9), ('nesterov', True), ('criterion', 'Softmax'), ('batch_size', 256), ('class_num', 100), ('xshape', (1, 3, 32, 32))])
Training State (finish) = True

<<<***>>> The 00/01-th seed is 111 <finish> other procedures need Time Left: [00:00:00]
