Start train-evaluate |nor_conv_3x3~0|+|skip_connect~0|skip_connect~1|+|none~0|nor_conv_3x3~1|avg_pool_3x3~2|
arch_config : {'channel': 16, 'num_cells': 5}

The 00/01-th seed is 111 ----------------------<.>----------------------
Does not find the existing file output/trofim-NST/specifics/LESS-|nor_conv_3x3~0|+|skip_connect~0|skip_connect~1|+|none~0|nor_conv_3x3~1|avg_pool_3x3~2|-16-5/seed-0111.pth, train and evaluate!
configs/nas-benchmark/LESS.config
Configure(scheduler='cos', eta_min=0.0, epochs=12, warmup=0, optim='SGD', LR=0.1, decay=0.0005, momentum=0.9, nesterov=True, criterion='Softmax', batch_size=256, class_num=100, xshape=(1, 3, 32, 32))
Evaluate ||||||| cifar100   ||||||| Train-Num=50000, Valid-Num=10000, Train-Loader-Num=196, Valid-Loader-Num=40, batch size=256
Evaluate ||||||| cifar100   ||||||| Config=Configure(scheduler='cos', eta_min=0.0, epochs=12, warmup=0, optim='SGD', LR=0.1, decay=0.0005, momentum=0.9, nesterov=True, criterion='Softmax', batch_size=256, class_num=100, xshape=(1, 3, 32, 32))
Evaluate ---->>>> ori-test   with 40 batchs
Evaluate ---->>>> x-valid    with 20 batchs
Evaluate ---->>>> x-test     with 20 batchs
[2020-10-15 14:22:31] Seed-------------------------- 111 --------------------------
FLOP = 78.56778 MB, Param = 0.565236 MB
[2020-10-15 14:22:53] Time Left: [00:04:02] epoch=000/012 :: Train [loss=2.84948, acc@1=8.09%, acc@5=25.49%] Valid [loss=-1.26503, acc@1=8.42%, acc@5=26.72%]
[2020-10-15 14:23:14] Time Left: [00:03:35] epoch=001/012 :: Train [loss=-4.31015, acc@1=19.79%, acc@5=47.91%] Valid [loss=-5.87590, acc@1=16.64%, acc@5=41.00%]
[2020-10-15 14:23:35] Time Left: [00:03:12] epoch=002/012 :: Train [loss=-7.67614, acc@1=29.01%, acc@5=61.22%] Valid [loss=-7.70305, acc@1=22.00%, acc@5=50.40%]
[2020-10-15 14:23:56] Time Left: [00:02:50] epoch=003/012 :: Train [loss=-8.89510, acc@1=35.43%, acc@5=68.39%] Valid [loss=-8.83312, acc@1=26.78%, acc@5=57.82%]
[2020-10-15 14:24:17] Time Left: [00:02:28] epoch=004/012 :: Train [loss=-9.65503, acc@1=40.53%, acc@5=73.56%] Valid [loss=-9.60840, acc@1=30.00%, acc@5=63.74%]
[2020-10-15 14:24:38] Time Left: [00:02:07] epoch=005/012 :: Train [loss=-10.20698, acc@1=45.00%, acc@5=77.27%] Valid [loss=-9.86881, acc@1=33.24%, acc@5=64.04%]
[2020-10-15 14:24:59] Time Left: [00:01:46] epoch=006/012 :: Train [loss=-10.62371, acc@1=48.68%, acc@5=80.26%] Valid [loss=-9.71328, acc@1=29.16%, acc@5=59.96%]
[2020-10-15 14:25:20] Time Left: [00:01:24] epoch=007/012 :: Train [loss=-10.93506, acc@1=51.79%, acc@5=82.52%] Valid [loss=-10.72488, acc@1=39.68%, acc@5=71.54%]
[2020-10-15 14:25:41] Time Left: [00:01:03] epoch=008/012 :: Train [loss=-11.18018, acc@1=54.98%, acc@5=84.50%] Valid [loss=-11.08232, acc@1=43.34%, acc@5=75.48%]
[2020-10-15 14:26:03] Time Left: [00:00:42] epoch=009/012 :: Train [loss=-11.37569, acc@1=57.90%, acc@5=86.33%] Valid [loss=-11.61811, acc@1=51.58%, acc@5=80.36%]
[2020-10-15 14:26:24] Time Left: [00:00:21] epoch=010/012 :: Train [loss=-11.51153, acc@1=60.12%, acc@5=87.62%] Valid [loss=-11.82134, acc@1=52.68%, acc@5=82.48%]
[2020-10-15 14:26:45] Time Left: [00:00:00] epoch=011/012 :: Train [loss=-11.60309, acc@1=61.99%, acc@5=88.57%] Valid [loss=-12.07102, acc@1=57.06%, acc@5=85.18%]
Python  Version  : 3.7.7 (default, Mar 26 2020, 15:48:22)  [GCC 7.3.0]
Pillow  Version  : 7.0.0
PyTorch Version  : 1.4.0
cuDNN   Version  : 7603
CUDA available   : True
CUDA GPU numbers : 1
CUDA_VISIBLE_DEVICES=0

--------------- dataset : cifar100 ---------------
Flops = 78.56778 MB, Params = 0.565236 MB
config : OrderedDict([('scheduler', 'cos'), ('eta_min', 0.0), ('epochs', 12), ('warmup', 0), ('optim', 'SGD'), ('LR', 0.1), ('decay', 0.0005), ('momentum', 0.9), ('nesterov', True), ('criterion', 'Softmax'), ('batch_size', 256), ('class_num', 100), ('xshape', (1, 3, 32, 32))])
Training State (finish) = True

<<<***>>> The 00/01-th seed is 111 <finish> other procedures need Time Left: [00:00:00]
