Start train-evaluate |nor_conv_3x3~0|+|nor_conv_3x3~0|nor_conv_3x3~1|+|none~0|none~1|none~2|
arch_config : {'channel': 16, 'num_cells': 5}

The 00/01-th seed is 111 ----------------------<.>----------------------
Does not find the existing file output/trofim-NST/specifics/LESS-|nor_conv_3x3~0|+|nor_conv_3x3~0|nor_conv_3x3~1|+|none~0|none~1|none~2|-16-5/seed-0111.pth, train and evaluate!
configs/nas-benchmark/LESS.config
Configure(scheduler='cos', eta_min=0.0, epochs=12, warmup=0, optim='SGD', LR=0.1, decay=0.0005, momentum=0.9, nesterov=True, criterion='Softmax', batch_size=256, class_num=100, xshape=(1, 3, 32, 32))
Evaluate ||||||| cifar100   ||||||| Train-Num=50000, Valid-Num=10000, Train-Loader-Num=196, Valid-Loader-Num=40, batch size=256
Evaluate ||||||| cifar100   ||||||| Config=Configure(scheduler='cos', eta_min=0.0, epochs=12, warmup=0, optim='SGD', LR=0.1, decay=0.0005, momentum=0.9, nesterov=True, criterion='Softmax', batch_size=256, class_num=100, xshape=(1, 3, 32, 32))
Evaluate ---->>>> ori-test   with 40 batchs
Evaluate ---->>>> x-valid    with 20 batchs
Evaluate ---->>>> x-test     with 20 batchs
[2020-10-15 13:13:44] Seed-------------------------- 111 --------------------------
FLOP = 113.95722 MB, Param = 0.808276 MB
[2020-10-15 13:14:09] Time Left: [00:04:32] epoch=000/012 :: Train [loss=4.60705, acc@1=0.92%, acc@5=4.57%] Valid [loss=4.60535, acc@1=1.00%, acc@5=5.00%]
[2020-10-15 13:14:35] Time Left: [00:04:14] epoch=001/012 :: Train [loss=4.60661, acc@1=0.82%, acc@5=4.56%] Valid [loss=4.60536, acc@1=1.00%, acc@5=5.00%]
[2020-10-15 13:14:59] Time Left: [00:03:46] epoch=002/012 :: Train [loss=4.60656, acc@1=0.95%, acc@5=4.66%] Valid [loss=4.60530, acc@1=1.00%, acc@5=5.00%]
[2020-10-15 13:15:24] Time Left: [00:03:20] epoch=003/012 :: Train [loss=4.60635, acc@1=0.93%, acc@5=4.72%] Valid [loss=4.60532, acc@1=1.00%, acc@5=5.00%]
[2020-10-15 13:15:49] Time Left: [00:02:54] epoch=004/012 :: Train [loss=4.60634, acc@1=0.93%, acc@5=4.50%] Valid [loss=4.60525, acc@1=1.00%, acc@5=5.00%]
[2020-10-15 13:16:13] Time Left: [00:02:29] epoch=005/012 :: Train [loss=4.60613, acc@1=0.86%, acc@5=4.53%] Valid [loss=4.60524, acc@1=1.00%, acc@5=5.00%]
[2020-10-15 13:16:38] Time Left: [00:02:04] epoch=006/012 :: Train [loss=4.60595, acc@1=0.85%, acc@5=4.49%] Valid [loss=4.60520, acc@1=1.00%, acc@5=5.00%]
[2020-10-15 13:17:02] Time Left: [00:01:39] epoch=007/012 :: Train [loss=4.60580, acc@1=0.91%, acc@5=4.61%] Valid [loss=4.60519, acc@1=1.00%, acc@5=5.00%]
[2020-10-15 13:17:27] Time Left: [00:01:14] epoch=008/012 :: Train [loss=4.60561, acc@1=0.92%, acc@5=4.48%] Valid [loss=4.60518, acc@1=1.00%, acc@5=5.00%]
[2020-10-15 13:17:52] Time Left: [00:00:49] epoch=009/012 :: Train [loss=4.60543, acc@1=0.92%, acc@5=4.72%] Valid [loss=4.60518, acc@1=1.00%, acc@5=5.00%]
[2020-10-15 13:18:17] Time Left: [00:00:24] epoch=010/012 :: Train [loss=4.60530, acc@1=0.84%, acc@5=4.76%] Valid [loss=4.60518, acc@1=1.00%, acc@5=5.00%]
[2020-10-15 13:18:41] Time Left: [00:00:00] epoch=011/012 :: Train [loss=4.60521, acc@1=0.96%, acc@5=4.87%] Valid [loss=4.60518, acc@1=1.00%, acc@5=5.00%]
Python  Version  : 3.7.7 (default, Mar 26 2020, 15:48:22)  [GCC 7.3.0]
Pillow  Version  : 7.0.0
PyTorch Version  : 1.4.0
cuDNN   Version  : 7603
CUDA available   : True
CUDA GPU numbers : 1
CUDA_VISIBLE_DEVICES=0

--------------- dataset : cifar100 ---------------
Flops = 113.95722 MB, Params = 0.808276 MB
config : OrderedDict([('scheduler', 'cos'), ('eta_min', 0.0), ('epochs', 12), ('warmup', 0), ('optim', 'SGD'), ('LR', 0.1), ('decay', 0.0005), ('momentum', 0.9), ('nesterov', True), ('criterion', 'Softmax'), ('batch_size', 256), ('class_num', 100), ('xshape', (1, 3, 32, 32))])
Training State (finish) = True

<<<***>>> The 00/01-th seed is 111 <finish> other procedures need Time Left: [00:00:00]
