Start train-evaluate |nor_conv_3x3~0|+|skip_connect~0|avg_pool_3x3~1|+|avg_pool_3x3~0|avg_pool_3x3~1|nor_conv_3x3~2|
arch_config : {'channel': 16, 'num_cells': 5}

The 00/01-th seed is 111 ----------------------<.>----------------------
Does not find the existing file output/trofim-NST/specifics/LESS-|nor_conv_3x3~0|+|skip_connect~0|avg_pool_3x3~1|+|avg_pool_3x3~0|avg_pool_3x3~1|nor_conv_3x3~2|-16-5/seed-0111.pth, train and evaluate!
configs/nas-benchmark/LESS.config
Configure(scheduler='cos', eta_min=0.0, epochs=12, warmup=0, optim='SGD', LR=0.1, decay=0.0005, momentum=0.9, nesterov=True, criterion='Softmax', batch_size=256, class_num=100, xshape=(1, 3, 32, 32))
Evaluate ||||||| cifar100   ||||||| Train-Num=50000, Valid-Num=10000, Train-Loader-Num=196, Valid-Loader-Num=40, batch size=256
Evaluate ||||||| cifar100   ||||||| Config=Configure(scheduler='cos', eta_min=0.0, epochs=12, warmup=0, optim='SGD', LR=0.1, decay=0.0005, momentum=0.9, nesterov=True, criterion='Softmax', batch_size=256, class_num=100, xshape=(1, 3, 32, 32))
Evaluate ---->>>> ori-test   with 40 batchs
Evaluate ---->>>> x-valid    with 20 batchs
Evaluate ---->>>> x-test     with 20 batchs
[2020-10-15 14:22:04] Seed-------------------------- 111 --------------------------
FLOP = 78.56778 MB, Param = 0.565236 MB
[2020-10-15 14:22:27] Time Left: [00:04:13] epoch=000/012 :: Train [loss=4.86508, acc@1=6.67%, acc@5=21.69%] Valid [loss=-0.68180, acc@1=6.14%, acc@5=22.26%]
[2020-10-15 14:22:51] Time Left: [00:03:54] epoch=001/012 :: Train [loss=-5.26674, acc@1=17.69%, acc@5=44.93%] Valid [loss=-6.27777, acc@1=11.78%, acc@5=34.86%]
[2020-10-15 14:23:14] Time Left: [00:03:29] epoch=002/012 :: Train [loss=-7.98253, acc@1=27.50%, acc@5=59.26%] Valid [loss=-8.22435, acc@1=21.70%, acc@5=51.02%]
[2020-10-15 14:23:37] Time Left: [00:03:04] epoch=003/012 :: Train [loss=-9.02467, acc@1=34.33%, acc@5=67.57%] Valid [loss=-9.25414, acc@1=28.44%, acc@5=58.42%]
[2020-10-15 14:23:59] Time Left: [00:02:41] epoch=004/012 :: Train [loss=-9.67169, acc@1=39.16%, acc@5=72.59%] Valid [loss=-9.19497, acc@1=27.34%, acc@5=58.16%]
[2020-10-15 14:24:22] Time Left: [00:02:17] epoch=005/012 :: Train [loss=-10.22778, acc@1=43.71%, acc@5=76.29%] Valid [loss=-10.12403, acc@1=37.22%, acc@5=68.92%]
[2020-10-15 14:24:45] Time Left: [00:01:54] epoch=006/012 :: Train [loss=-10.61371, acc@1=47.08%, acc@5=78.80%] Valid [loss=-9.97689, acc@1=32.20%, acc@5=64.00%]
[2020-10-15 14:25:08] Time Left: [00:01:31] epoch=007/012 :: Train [loss=-10.90957, acc@1=50.15%, acc@5=81.18%] Valid [loss=-11.27630, acc@1=44.94%, acc@5=77.26%]
[2020-10-15 14:25:30] Time Left: [00:01:08] epoch=008/012 :: Train [loss=-11.13070, acc@1=52.67%, acc@5=83.06%] Valid [loss=-11.07867, acc@1=40.50%, acc@5=73.44%]
[2020-10-15 14:25:53] Time Left: [00:00:45] epoch=009/012 :: Train [loss=-11.29889, acc@1=55.28%, acc@5=84.69%] Valid [loss=-11.76515, acc@1=51.10%, acc@5=80.80%]
[2020-10-15 14:26:16] Time Left: [00:00:22] epoch=010/012 :: Train [loss=-11.41452, acc@1=57.21%, acc@5=85.87%] Valid [loss=-11.93508, acc@1=53.62%, acc@5=82.76%]
[2020-10-15 14:26:38] Time Left: [00:00:00] epoch=011/012 :: Train [loss=-11.49220, acc@1=58.64%, acc@5=86.74%] Valid [loss=-12.02734, acc@1=55.44%, acc@5=83.52%]
Python  Version  : 3.7.7 (default, Mar 26 2020, 15:48:22)  [GCC 7.3.0]
Pillow  Version  : 7.0.0
PyTorch Version  : 1.4.0
cuDNN   Version  : 7603
CUDA available   : True
CUDA GPU numbers : 1
CUDA_VISIBLE_DEVICES=0

--------------- dataset : cifar100 ---------------
Flops = 78.56778 MB, Params = 0.565236 MB
config : OrderedDict([('scheduler', 'cos'), ('eta_min', 0.0), ('epochs', 12), ('warmup', 0), ('optim', 'SGD'), ('LR', 0.1), ('decay', 0.0005), ('momentum', 0.9), ('nesterov', True), ('criterion', 'Softmax'), ('batch_size', 256), ('class_num', 100), ('xshape', (1, 3, 32, 32))])
Training State (finish) = True

<<<***>>> The 00/01-th seed is 111 <finish> other procedures need Time Left: [00:00:00]
