Start train-evaluate |nor_conv_3x3~0|+|skip_connect~0|skip_connect~1|+|avg_pool_3x3~0|skip_connect~1|avg_pool_3x3~2|
arch_config : {'channel': 16, 'num_cells': 5}

The 00/01-th seed is 111 ----------------------<.>----------------------
Does not find the existing file output/trofim-NST/specifics/LESS-|nor_conv_3x3~0|+|skip_connect~0|skip_connect~1|+|avg_pool_3x3~0|skip_connect~1|avg_pool_3x3~2|-16-5/seed-0111.pth, train and evaluate!
configs/nas-benchmark/LESS.config
Configure(scheduler='cos', eta_min=0.0, epochs=12, warmup=0, optim='SGD', LR=0.1, decay=0.0005, momentum=0.9, nesterov=True, criterion='Softmax', batch_size=256, class_num=100, xshape=(1, 3, 32, 32))
Evaluate ||||||| cifar100   ||||||| Train-Num=50000, Valid-Num=10000, Train-Loader-Num=196, Valid-Loader-Num=40, batch size=256
Evaluate ||||||| cifar100   ||||||| Config=Configure(scheduler='cos', eta_min=0.0, epochs=12, warmup=0, optim='SGD', LR=0.1, decay=0.0005, momentum=0.9, nesterov=True, criterion='Softmax', batch_size=256, class_num=100, xshape=(1, 3, 32, 32))
Evaluate ---->>>> ori-test   with 40 batchs
Evaluate ---->>>> x-valid    with 20 batchs
Evaluate ---->>>> x-test     with 20 batchs
[2020-10-15 14:08:19] Seed-------------------------- 111 --------------------------
FLOP = 43.17834 MB, Param = 0.322196 MB
[2020-10-15 14:08:37] Time Left: [00:03:16] epoch=000/012 :: Train [loss=11.09492, acc@1=4.53%, acc@5=16.75%] Valid [loss=7.21451, acc@1=5.30%, acc@5=20.00%]
[2020-10-15 14:08:55] Time Left: [00:02:56] epoch=001/012 :: Train [loss=4.66712, acc@1=8.04%, acc@5=26.46%] Valid [loss=3.76581, acc@1=8.12%, acc@5=25.78%]
[2020-10-15 14:09:12] Time Left: [00:02:37] epoch=002/012 :: Train [loss=2.24438, acc@1=10.06%, acc@5=30.39%] Valid [loss=2.07949, acc@1=6.98%, acc@5=24.82%]
[2020-10-15 14:09:29] Time Left: [00:02:20] epoch=003/012 :: Train [loss=0.99442, acc@1=11.24%, acc@5=33.23%] Valid [loss=6.47747, acc@1=3.40%, acc@5=15.62%]
[2020-10-15 14:09:47] Time Left: [00:02:02] epoch=004/012 :: Train [loss=-0.17192, acc@1=12.83%, acc@5=35.44%] Valid [loss=1.38032, acc@1=5.38%, acc@5=18.92%]
[2020-10-15 14:10:04] Time Left: [00:01:45] epoch=005/012 :: Train [loss=-0.98383, acc@1=14.06%, acc@5=37.84%] Valid [loss=9.07131, acc@1=1.62%, acc@5=11.42%]
[2020-10-15 14:10:22] Time Left: [00:01:27] epoch=006/012 :: Train [loss=-2.01338, acc@1=15.51%, acc@5=40.94%] Valid [loss=-0.74475, acc@1=5.78%, acc@5=21.88%]
[2020-10-15 14:10:39] Time Left: [00:01:09] epoch=007/012 :: Train [loss=-2.87592, acc@1=17.33%, acc@5=43.54%] Valid [loss=7.44051, acc@1=2.20%, acc@5=12.02%]
[2020-10-15 14:10:57] Time Left: [00:00:52] epoch=008/012 :: Train [loss=-3.46854, acc@1=18.71%, acc@5=45.92%] Valid [loss=-3.41475, acc@1=14.54%, acc@5=40.30%]
[2020-10-15 14:11:14] Time Left: [00:00:34] epoch=009/012 :: Train [loss=-4.00196, acc@1=20.35%, acc@5=48.12%] Valid [loss=-3.65190, acc@1=13.94%, acc@5=37.08%]
[2020-10-15 14:11:32] Time Left: [00:00:17] epoch=010/012 :: Train [loss=-4.30640, acc@1=21.26%, acc@5=49.34%] Valid [loss=-4.25642, acc@1=17.34%, acc@5=44.80%]
[2020-10-15 14:11:49] Time Left: [00:00:00] epoch=011/012 :: Train [loss=-4.52862, acc@1=21.85%, acc@5=50.01%] Valid [loss=-4.73894, acc@1=20.70%, acc@5=49.12%]
Python  Version  : 3.7.7 (default, Mar 26 2020, 15:48:22)  [GCC 7.3.0]
Pillow  Version  : 7.0.0
PyTorch Version  : 1.4.0
cuDNN   Version  : 7603
CUDA available   : True
CUDA GPU numbers : 1
CUDA_VISIBLE_DEVICES=0

--------------- dataset : cifar100 ---------------
Flops = 43.17834 MB, Params = 0.322196 MB
config : OrderedDict([('scheduler', 'cos'), ('eta_min', 0.0), ('epochs', 12), ('warmup', 0), ('optim', 'SGD'), ('LR', 0.1), ('decay', 0.0005), ('momentum', 0.9), ('nesterov', True), ('criterion', 'Softmax'), ('batch_size', 256), ('class_num', 100), ('xshape', (1, 3, 32, 32))])
Training State (finish) = True

<<<***>>> The 00/01-th seed is 111 <finish> other procedures need Time Left: [00:00:00]
