Start train-evaluate |skip_connect~0|+|avg_pool_3x3~0|skip_connect~1|+|skip_connect~0|none~1|avg_pool_3x3~2|
arch_config : {'channel': 16, 'num_cells': 5}

The 00/01-th seed is 111 ----------------------<.>----------------------
Does not find the existing file output/trofim-NST/specifics/LESS-|skip_connect~0|+|avg_pool_3x3~0|skip_connect~1|+|skip_connect~0|none~1|avg_pool_3x3~2|-16-5/seed-0111.pth, train and evaluate!
configs/nas-benchmark/LESS.config
Configure(scheduler='cos', eta_min=0.0, epochs=12, warmup=0, optim='SGD', LR=0.1, decay=0.0005, momentum=0.9, nesterov=True, criterion='Softmax', batch_size=256, class_num=100, xshape=(1, 3, 32, 32))
Evaluate ||||||| cifar100   ||||||| Train-Num=50000, Valid-Num=10000, Train-Loader-Num=196, Valid-Loader-Num=40, batch size=256
Evaluate ||||||| cifar100   ||||||| Config=Configure(scheduler='cos', eta_min=0.0, epochs=12, warmup=0, optim='SGD', LR=0.1, decay=0.0005, momentum=0.9, nesterov=True, criterion='Softmax', batch_size=256, class_num=100, xshape=(1, 3, 32, 32))
Evaluate ---->>>> ori-test   with 40 batchs
Evaluate ---->>>> x-valid    with 20 batchs
Evaluate ---->>>> x-test     with 20 batchs
[2020-10-15 13:17:36] Seed-------------------------- 111 --------------------------
FLOP = 7.7889 MB, Param = 0.079156 MB
[2020-10-15 13:17:49] Time Left: [00:02:32] epoch=000/012 :: Train [loss=24.50437, acc@1=3.55%, acc@5=14.14%] Valid [loss=19.52014, acc@1=4.26%, acc@5=17.00%]
[2020-10-15 13:18:03] Time Left: [00:02:19] epoch=001/012 :: Train [loss=18.90081, acc@1=4.66%, acc@5=18.10%] Valid [loss=16.00897, acc@1=4.82%, acc@5=18.86%]
[2020-10-15 13:18:17] Time Left: [00:02:04] epoch=002/012 :: Train [loss=16.05213, acc@1=5.18%, acc@5=19.37%] Valid [loss=13.73679, acc@1=5.02%, acc@5=20.18%]
[2020-10-15 13:18:30] Time Left: [00:01:49] epoch=003/012 :: Train [loss=13.73283, acc@1=6.45%, acc@5=21.74%] Valid [loss=12.59307, acc@1=7.32%, acc@5=23.80%]
[2020-10-15 13:18:44] Time Left: [00:01:35] epoch=004/012 :: Train [loss=12.04160, acc@1=6.95%, acc@5=23.50%] Valid [loss=11.06874, acc@1=6.48%, acc@5=22.36%]
[2020-10-15 13:18:58] Time Left: [00:01:21] epoch=005/012 :: Train [loss=10.28331, acc@1=6.80%, acc@5=23.22%] Valid [loss=9.42010, acc@1=5.86%, acc@5=20.54%]
[2020-10-15 13:19:11] Time Left: [00:01:08] epoch=006/012 :: Train [loss=9.24090, acc@1=7.73%, acc@5=24.79%] Valid [loss=8.84071, acc@1=7.92%, acc@5=24.76%]
[2020-10-15 13:19:25] Time Left: [00:00:54] epoch=007/012 :: Train [loss=8.82125, acc@1=8.58%, acc@5=26.42%] Valid [loss=8.42938, acc@1=8.18%, acc@5=26.64%]
[2020-10-15 13:19:38] Time Left: [00:00:40] epoch=008/012 :: Train [loss=8.50231, acc@1=8.84%, acc@5=27.31%] Valid [loss=8.15521, acc@1=7.22%, acc@5=25.06%]
[2020-10-15 13:19:52] Time Left: [00:00:27] epoch=009/012 :: Train [loss=8.32845, acc@1=9.15%, acc@5=27.62%] Valid [loss=8.05115, acc@1=8.00%, acc@5=25.96%]
[2020-10-15 13:20:07] Time Left: [00:00:13] epoch=010/012 :: Train [loss=8.29047, acc@1=9.56%, acc@5=28.03%] Valid [loss=8.02770, acc@1=7.68%, acc@5=25.80%]
[2020-10-15 13:20:20] Time Left: [00:00:00] epoch=011/012 :: Train [loss=8.27888, acc@1=9.47%, acc@5=28.27%] Valid [loss=7.95107, acc@1=7.98%, acc@5=26.42%]
Python  Version  : 3.7.7 (default, Mar 26 2020, 15:48:22)  [GCC 7.3.0]
Pillow  Version  : 7.0.0
PyTorch Version  : 1.4.0
cuDNN   Version  : 7603
CUDA available   : True
CUDA GPU numbers : 1
CUDA_VISIBLE_DEVICES=0

--------------- dataset : cifar100 ---------------
Flops = 7.7889 MB, Params = 0.079156 MB
config : OrderedDict([('scheduler', 'cos'), ('eta_min', 0.0), ('epochs', 12), ('warmup', 0), ('optim', 'SGD'), ('LR', 0.1), ('decay', 0.0005), ('momentum', 0.9), ('nesterov', True), ('criterion', 'Softmax'), ('batch_size', 256), ('class_num', 100), ('xshape', (1, 3, 32, 32))])
Training State (finish) = True

<<<***>>> The 00/01-th seed is 111 <finish> other procedures need Time Left: [00:00:00]
