Start train-evaluate |skip_connect~0|+|skip_connect~0|nor_conv_3x3~1|+|nor_conv_1x1~0|skip_connect~1|skip_connect~2|
arch_config : {'channel': 16, 'num_cells': 5}

The 00/01-th seed is 111 ----------------------<.>----------------------
Does not find the existing file output/trofim-NST/specifics/LESS-|skip_connect~0|+|skip_connect~0|nor_conv_3x3~1|+|nor_conv_1x1~0|skip_connect~1|skip_connect~2|-16-5/seed-0111.pth, train and evaluate!
configs/nas-benchmark/LESS.config
Configure(scheduler='cos', eta_min=0.0, epochs=12, warmup=0, optim='SGD', LR=0.1, decay=0.0005, momentum=0.9, nesterov=True, criterion='Softmax', batch_size=256, class_num=100, xshape=(1, 3, 32, 32))
Evaluate ||||||| cifar100   ||||||| Train-Num=50000, Valid-Num=10000, Train-Loader-Num=196, Valid-Loader-Num=40, batch size=256
Evaluate ||||||| cifar100   ||||||| Config=Configure(scheduler='cos', eta_min=0.0, epochs=12, warmup=0, optim='SGD', LR=0.1, decay=0.0005, momentum=0.9, nesterov=True, criterion='Softmax', batch_size=256, class_num=100, xshape=(1, 3, 32, 32))
Evaluate ---->>>> ori-test   with 40 batchs
Evaluate ---->>>> x-valid    with 20 batchs
Evaluate ---->>>> x-test     with 20 batchs
[2020-10-15 13:48:15] Seed-------------------------- 111 --------------------------
FLOP = 47.1105 MB, Param = 0.350196 MB
[2020-10-15 13:48:34] Time Left: [00:03:30] epoch=000/012 :: Train [loss=1.64708, acc@1=3.53%, acc@5=13.53%] Valid [loss=-3.03329, acc@1=5.64%, acc@5=19.38%]
[2020-10-15 13:48:53] Time Left: [00:03:09] epoch=001/012 :: Train [loss=-4.77367, acc@1=8.56%, acc@5=27.47%] Valid [loss=-5.77719, acc@1=8.66%, acc@5=26.42%]
[2020-10-15 13:49:12] Time Left: [00:02:50] epoch=002/012 :: Train [loss=-6.50280, acc@1=12.84%, acc@5=35.41%] Valid [loss=-7.23631, acc@1=12.38%, acc@5=33.52%]
[2020-10-15 13:49:31] Time Left: [00:02:31] epoch=003/012 :: Train [loss=-7.35694, acc@1=16.35%, acc@5=41.57%] Valid [loss=-8.04031, acc@1=14.68%, acc@5=38.76%]
[2020-10-15 13:49:49] Time Left: [00:02:12] epoch=004/012 :: Train [loss=-7.83964, acc@1=18.84%, acc@5=45.47%] Valid [loss=-8.51501, acc@1=15.64%, acc@5=41.00%]
[2020-10-15 13:50:08] Time Left: [00:01:53] epoch=005/012 :: Train [loss=-8.23475, acc@1=20.64%, acc@5=48.63%] Valid [loss=-8.48489, acc@1=16.84%, acc@5=41.44%]
[2020-10-15 13:50:27] Time Left: [00:01:34] epoch=006/012 :: Train [loss=-8.65496, acc@1=22.38%, acc@5=50.99%] Valid [loss=-9.03483, acc@1=15.88%, acc@5=41.90%]
[2020-10-15 13:50:46] Time Left: [00:01:15] epoch=007/012 :: Train [loss=-9.04267, acc@1=23.61%, acc@5=53.00%] Valid [loss=-9.56854, acc@1=20.60%, acc@5=47.42%]
[2020-10-15 13:51:05] Time Left: [00:00:56] epoch=008/012 :: Train [loss=-9.43239, acc@1=25.21%, acc@5=55.02%] Valid [loss=-9.73622, acc@1=20.10%, acc@5=47.28%]
[2020-10-15 13:51:24] Time Left: [00:00:37] epoch=009/012 :: Train [loss=-9.68836, acc@1=26.04%, acc@5=56.50%] Valid [loss=-10.02130, acc@1=20.76%, acc@5=47.98%]
[2020-10-15 13:51:43] Time Left: [00:00:18] epoch=010/012 :: Train [loss=-9.82294, acc@1=27.07%, acc@5=57.55%] Valid [loss=-10.37786, acc@1=24.52%, acc@5=54.98%]
[2020-10-15 13:52:02] Time Left: [00:00:00] epoch=011/012 :: Train [loss=-9.88519, acc@1=27.56%, acc@5=58.09%] Valid [loss=-10.51493, acc@1=26.38%, acc@5=56.86%]
Python  Version  : 3.7.7 (default, Mar 26 2020, 15:48:22)  [GCC 7.3.0]
Pillow  Version  : 7.0.0
PyTorch Version  : 1.4.0
cuDNN   Version  : 7603
CUDA available   : True
CUDA GPU numbers : 1
CUDA_VISIBLE_DEVICES=0

--------------- dataset : cifar100 ---------------
Flops = 47.1105 MB, Params = 0.350196 MB
config : OrderedDict([('scheduler', 'cos'), ('eta_min', 0.0), ('epochs', 12), ('warmup', 0), ('optim', 'SGD'), ('LR', 0.1), ('decay', 0.0005), ('momentum', 0.9), ('nesterov', True), ('criterion', 'Softmax'), ('batch_size', 256), ('class_num', 100), ('xshape', (1, 3, 32, 32))])
Training State (finish) = True

<<<***>>> The 00/01-th seed is 111 <finish> other procedures need Time Left: [00:00:00]
