Start train-evaluate |avg_pool_3x3~0|+|none~0|nor_conv_3x3~1|+|skip_connect~0|skip_connect~1|nor_conv_3x3~2|
arch_config : {'channel': 16, 'num_cells': 5}

The 00/01-th seed is 111 ----------------------<.>----------------------
Does not find the existing file output/trofim-NST/specifics/LESS-|avg_pool_3x3~0|+|none~0|nor_conv_3x3~1|+|skip_connect~0|skip_connect~1|nor_conv_3x3~2|-16-5/seed-0111.pth, train and evaluate!
configs/nas-benchmark/LESS.config
Configure(scheduler='cos', eta_min=0.0, epochs=12, warmup=0, optim='SGD', LR=0.1, decay=0.0005, momentum=0.9, nesterov=True, criterion='Softmax', batch_size=256, class_num=100, xshape=(1, 3, 32, 32))
Evaluate ||||||| cifar100   ||||||| Train-Num=50000, Valid-Num=10000, Train-Loader-Num=196, Valid-Loader-Num=40, batch size=256
Evaluate ||||||| cifar100   ||||||| Config=Configure(scheduler='cos', eta_min=0.0, epochs=12, warmup=0, optim='SGD', LR=0.1, decay=0.0005, momentum=0.9, nesterov=True, criterion='Softmax', batch_size=256, class_num=100, xshape=(1, 3, 32, 32))
Evaluate ---->>>> ori-test   with 40 batchs
Evaluate ---->>>> x-valid    with 20 batchs
Evaluate ---->>>> x-test     with 20 batchs
[2020-10-15 14:16:17] Seed-------------------------- 111 --------------------------
FLOP = 78.56778 MB, Param = 0.565236 MB
[2020-10-15 14:16:39] Time Left: [00:04:07] epoch=000/012 :: Train [loss=10.90045, acc@1=3.41%, acc@5=13.32%] Valid [loss=5.53972, acc@1=5.94%, acc@5=18.78%]
[2020-10-15 14:17:00] Time Left: [00:03:38] epoch=001/012 :: Train [loss=2.66206, acc@1=7.52%, acc@5=24.79%] Valid [loss=1.91614, acc@1=6.42%, acc@5=22.42%]
[2020-10-15 14:17:21] Time Left: [00:03:14] epoch=002/012 :: Train [loss=0.06803, acc@1=10.81%, acc@5=32.06%] Valid [loss=0.31504, acc@1=6.34%, acc@5=21.72%]
[2020-10-15 14:17:42] Time Left: [00:02:51] epoch=003/012 :: Train [loss=-1.22359, acc@1=13.24%, acc@5=36.31%] Valid [loss=-0.48205, acc@1=8.80%, acc@5=26.08%]
[2020-10-15 14:18:03] Time Left: [00:02:29] epoch=004/012 :: Train [loss=-2.04439, acc@1=15.13%, acc@5=39.85%] Valid [loss=-1.47977, acc@1=11.56%, acc@5=32.54%]
[2020-10-15 14:18:24] Time Left: [00:02:07] epoch=005/012 :: Train [loss=-2.75858, acc@1=17.62%, acc@5=43.75%] Valid [loss=-2.24643, acc@1=12.96%, acc@5=34.74%]
[2020-10-15 14:18:45] Time Left: [00:01:46] epoch=006/012 :: Train [loss=-3.45053, acc@1=19.51%, acc@5=47.00%] Valid [loss=-1.96553, acc@1=8.16%, acc@5=27.40%]
[2020-10-15 14:19:06] Time Left: [00:01:24] epoch=007/012 :: Train [loss=-4.03728, acc@1=21.25%, acc@5=49.31%] Valid [loss=18.31711, acc@1=2.58%, acc@5=9.04%]
[2020-10-15 14:19:27] Time Left: [00:01:03] epoch=008/012 :: Train [loss=-4.44461, acc@1=22.11%, acc@5=51.18%] Valid [loss=-4.05307, acc@1=16.18%, acc@5=40.30%]
[2020-10-15 14:19:48] Time Left: [00:00:42] epoch=009/012 :: Train [loss=-4.95210, acc@1=23.77%, acc@5=53.47%] Valid [loss=-4.84723, acc@1=21.14%, acc@5=48.32%]
[2020-10-15 14:20:09] Time Left: [00:00:21] epoch=010/012 :: Train [loss=-5.17150, acc@1=24.75%, acc@5=54.38%] Valid [loss=-5.06162, acc@1=21.30%, acc@5=50.50%]
[2020-10-15 14:20:31] Time Left: [00:00:00] epoch=011/012 :: Train [loss=-5.28655, acc@1=25.31%, acc@5=55.44%] Valid [loss=-5.27653, acc@1=22.96%, acc@5=53.44%]
Python  Version  : 3.7.7 (default, Mar 26 2020, 15:48:22)  [GCC 7.3.0]
Pillow  Version  : 7.0.0
PyTorch Version  : 1.4.0
cuDNN   Version  : 7603
CUDA available   : True
CUDA GPU numbers : 1
CUDA_VISIBLE_DEVICES=0

--------------- dataset : cifar100 ---------------
Flops = 78.56778 MB, Params = 0.565236 MB
config : OrderedDict([('scheduler', 'cos'), ('eta_min', 0.0), ('epochs', 12), ('warmup', 0), ('optim', 'SGD'), ('LR', 0.1), ('decay', 0.0005), ('momentum', 0.9), ('nesterov', True), ('criterion', 'Softmax'), ('batch_size', 256), ('class_num', 100), ('xshape', (1, 3, 32, 32))])
Training State (finish) = True

<<<***>>> The 00/01-th seed is 111 <finish> other procedures need Time Left: [00:00:00]
