Start train-evaluate |none~0|+|none~0|nor_conv_1x1~1|+|none~0|none~1|avg_pool_3x3~2|
arch_config : {'channel': 16, 'num_cells': 5}

The 00/01-th seed is 111 ----------------------<.>----------------------
Does not find the existing file output/trofim-NST/specifics/LESS-|none~0|+|none~0|nor_conv_1x1~1|+|none~0|none~1|avg_pool_3x3~2|-16-5/seed-0111.pth, train and evaluate!
configs/nas-benchmark/LESS.config
Configure(scheduler='cos', eta_min=0.0, epochs=12, warmup=0, optim='SGD', LR=0.1, decay=0.0005, momentum=0.9, nesterov=True, criterion='Softmax', batch_size=256, class_num=100, xshape=(1, 3, 32, 32))
Evaluate ||||||| cifar100   ||||||| Train-Num=50000, Valid-Num=10000, Train-Loader-Num=196, Valid-Loader-Num=40, batch size=256
Evaluate ||||||| cifar100   ||||||| Config=Configure(scheduler='cos', eta_min=0.0, epochs=12, warmup=0, optim='SGD', LR=0.1, decay=0.0005, momentum=0.9, nesterov=True, criterion='Softmax', batch_size=256, class_num=100, xshape=(1, 3, 32, 32))
Evaluate ---->>>> ori-test   with 40 batchs
Evaluate ---->>>> x-valid    with 20 batchs
Evaluate ---->>>> x-test     with 20 batchs
[2020-10-15 13:50:10] Seed-------------------------- 111 --------------------------
FLOP = 11.72106 MB, Param = 0.107156 MB
[2020-10-15 13:50:27] Time Left: [00:03:05] epoch=000/012 :: Train [loss=4.60715, acc@1=0.94%, acc@5=4.58%] Valid [loss=4.60535, acc@1=1.00%, acc@5=5.00%]
[2020-10-15 13:50:43] Time Left: [00:02:46] epoch=001/012 :: Train [loss=4.60651, acc@1=0.89%, acc@5=4.53%] Valid [loss=4.60541, acc@1=1.00%, acc@5=5.00%]
[2020-10-15 13:51:00] Time Left: [00:02:29] epoch=002/012 :: Train [loss=4.60659, acc@1=0.91%, acc@5=4.52%] Valid [loss=4.60532, acc@1=1.00%, acc@5=5.00%]
[2020-10-15 13:51:16] Time Left: [00:02:12] epoch=003/012 :: Train [loss=4.60642, acc@1=0.88%, acc@5=4.58%] Valid [loss=4.60531, acc@1=1.00%, acc@5=5.00%]
[2020-10-15 13:51:33] Time Left: [00:01:56] epoch=004/012 :: Train [loss=4.60626, acc@1=0.94%, acc@5=4.54%] Valid [loss=4.60528, acc@1=1.00%, acc@5=5.00%]
[2020-10-15 13:51:49] Time Left: [00:01:39] epoch=005/012 :: Train [loss=4.60618, acc@1=0.91%, acc@5=4.56%] Valid [loss=4.60524, acc@1=1.00%, acc@5=5.00%]
[2020-10-15 13:52:06] Time Left: [00:01:22] epoch=006/012 :: Train [loss=4.60597, acc@1=0.96%, acc@5=4.71%] Valid [loss=4.60520, acc@1=1.00%, acc@5=5.00%]
[2020-10-15 13:52:22] Time Left: [00:01:06] epoch=007/012 :: Train [loss=4.60578, acc@1=0.93%, acc@5=4.55%] Valid [loss=4.60519, acc@1=1.00%, acc@5=5.00%]
[2020-10-15 13:52:39] Time Left: [00:00:49] epoch=008/012 :: Train [loss=4.60561, acc@1=0.83%, acc@5=4.52%] Valid [loss=4.60518, acc@1=1.00%, acc@5=5.00%]
[2020-10-15 13:52:55] Time Left: [00:00:33] epoch=009/012 :: Train [loss=4.60542, acc@1=0.92%, acc@5=4.73%] Valid [loss=4.60518, acc@1=1.00%, acc@5=5.00%]
[2020-10-15 13:53:12] Time Left: [00:00:16] epoch=010/012 :: Train [loss=4.60529, acc@1=0.93%, acc@5=4.60%] Valid [loss=4.60518, acc@1=1.00%, acc@5=5.00%]
[2020-10-15 13:53:28] Time Left: [00:00:00] epoch=011/012 :: Train [loss=4.60521, acc@1=0.91%, acc@5=4.91%] Valid [loss=4.60518, acc@1=1.00%, acc@5=5.00%]
Python  Version  : 3.7.7 (default, Mar 26 2020, 15:48:22)  [GCC 7.3.0]
Pillow  Version  : 7.0.0
PyTorch Version  : 1.4.0
cuDNN   Version  : 7603
CUDA available   : True
CUDA GPU numbers : 1
CUDA_VISIBLE_DEVICES=0

--------------- dataset : cifar100 ---------------
Flops = 11.72106 MB, Params = 0.107156 MB
config : OrderedDict([('scheduler', 'cos'), ('eta_min', 0.0), ('epochs', 12), ('warmup', 0), ('optim', 'SGD'), ('LR', 0.1), ('decay', 0.0005), ('momentum', 0.9), ('nesterov', True), ('criterion', 'Softmax'), ('batch_size', 256), ('class_num', 100), ('xshape', (1, 3, 32, 32))])
Training State (finish) = True

<<<***>>> The 00/01-th seed is 111 <finish> other procedures need Time Left: [00:00:00]
