Start train-evaluate |avg_pool_3x3~0|+|avg_pool_3x3~0|nor_conv_1x1~1|+|none~0|avg_pool_3x3~1|nor_conv_3x3~2|
arch_config : {'channel': 16, 'num_cells': 5}

The 00/01-th seed is 111 ----------------------<.>----------------------
Does not find the existing file output/trofim-NST/specifics/LESS-|avg_pool_3x3~0|+|avg_pool_3x3~0|nor_conv_1x1~1|+|none~0|avg_pool_3x3~1|nor_conv_3x3~2|-16-5/seed-0111.pth, train and evaluate!
configs/nas-benchmark/LESS.config
Configure(scheduler='cos', eta_min=0.0, epochs=12, warmup=0, optim='SGD', LR=0.1, decay=0.0005, momentum=0.9, nesterov=True, criterion='Softmax', batch_size=256, class_num=100, xshape=(1, 3, 32, 32))
Evaluate ||||||| cifar100   ||||||| Train-Num=50000, Valid-Num=10000, Train-Loader-Num=196, Valid-Loader-Num=40, batch size=256
Evaluate ||||||| cifar100   ||||||| Config=Configure(scheduler='cos', eta_min=0.0, epochs=12, warmup=0, optim='SGD', LR=0.1, decay=0.0005, momentum=0.9, nesterov=True, criterion='Softmax', batch_size=256, class_num=100, xshape=(1, 3, 32, 32))
Evaluate ---->>>> ori-test   with 40 batchs
Evaluate ---->>>> x-valid    with 20 batchs
Evaluate ---->>>> x-test     with 20 batchs
[2020-10-15 13:56:23] Seed-------------------------- 111 --------------------------
FLOP = 47.1105 MB, Param = 0.350196 MB
[2020-10-15 13:56:46] Time Left: [00:04:16] epoch=000/012 :: Train [loss=4.03482, acc@1=6.58%, acc@5=22.38%] Valid [loss=0.74677, acc@1=5.56%, acc@5=20.72%]
[2020-10-15 13:57:08] Time Left: [00:03:46] epoch=001/012 :: Train [loss=-1.27652, acc@1=14.65%, acc@5=39.02%] Valid [loss=-1.33914, acc@1=10.66%, acc@5=31.72%]
[2020-10-15 13:57:30] Time Left: [00:03:21] epoch=002/012 :: Train [loss=-2.69173, acc@1=19.68%, acc@5=47.35%] Valid [loss=-1.39734, acc@1=12.12%, acc@5=33.10%]
[2020-10-15 13:57:52] Time Left: [00:02:58] epoch=003/012 :: Train [loss=-3.52986, acc@1=23.91%, acc@5=53.69%] Valid [loss=-2.38562, acc@1=12.94%, acc@5=35.38%]
[2020-10-15 13:58:14] Time Left: [00:02:35] epoch=004/012 :: Train [loss=-4.15867, acc@1=27.81%, acc@5=58.40%] Valid [loss=-3.62255, acc@1=22.08%, acc@5=49.90%]
[2020-10-15 13:58:36] Time Left: [00:02:12] epoch=005/012 :: Train [loss=-4.64055, acc@1=31.16%, acc@5=62.43%] Valid [loss=-3.51889, acc@1=19.58%, acc@5=46.96%]
[2020-10-15 13:58:58] Time Left: [00:01:50] epoch=006/012 :: Train [loss=-5.03901, acc@1=33.51%, acc@5=65.34%] Valid [loss=-4.27728, acc@1=22.34%, acc@5=50.52%]
[2020-10-15 13:59:20] Time Left: [00:01:28] epoch=007/012 :: Train [loss=-5.38253, acc@1=36.18%, acc@5=68.03%] Valid [loss=-4.91936, acc@1=28.76%, acc@5=60.02%]
[2020-10-15 13:59:42] Time Left: [00:01:06] epoch=008/012 :: Train [loss=-5.66497, acc@1=38.69%, acc@5=70.79%] Valid [loss=-5.24695, acc@1=30.76%, acc@5=63.44%]
[2020-10-15 14:00:03] Time Left: [00:00:44] epoch=009/012 :: Train [loss=-5.88194, acc@1=40.96%, acc@5=72.94%] Valid [loss=-5.74439, acc@1=37.62%, acc@5=69.30%]
[2020-10-15 14:00:25] Time Left: [00:00:22] epoch=010/012 :: Train [loss=-6.04283, acc@1=43.45%, acc@5=74.82%] Valid [loss=-5.90310, acc@1=39.82%, acc@5=71.98%]
[2020-10-15 14:00:47] Time Left: [00:00:00] epoch=011/012 :: Train [loss=-6.13680, acc@1=44.67%, acc@5=76.19%] Valid [loss=-6.09847, acc@1=42.40%, acc@5=74.02%]
Python  Version  : 3.7.7 (default, Mar 26 2020, 15:48:22)  [GCC 7.3.0]
Pillow  Version  : 7.0.0
PyTorch Version  : 1.4.0
cuDNN   Version  : 7603
CUDA available   : True
CUDA GPU numbers : 1
CUDA_VISIBLE_DEVICES=0

--------------- dataset : cifar100 ---------------
Flops = 47.1105 MB, Params = 0.350196 MB
config : OrderedDict([('scheduler', 'cos'), ('eta_min', 0.0), ('epochs', 12), ('warmup', 0), ('optim', 'SGD'), ('LR', 0.1), ('decay', 0.0005), ('momentum', 0.9), ('nesterov', True), ('criterion', 'Softmax'), ('batch_size', 256), ('class_num', 100), ('xshape', (1, 3, 32, 32))])
Training State (finish) = True

<<<***>>> The 00/01-th seed is 111 <finish> other procedures need Time Left: [00:00:00]
