Start train-evaluate |skip_connect~0|+|nor_conv_3x3~0|none~1|+|nor_conv_3x3~0|none~1|skip_connect~2|
arch_config : {'channel': 16, 'num_cells': 5}

The 00/01-th seed is 111 ----------------------<.>----------------------
Does not find the existing file output/trofim-NST/specifics/LESS-|skip_connect~0|+|nor_conv_3x3~0|none~1|+|nor_conv_3x3~0|none~1|skip_connect~2|-16-5/seed-0111.pth, train and evaluate!
configs/nas-benchmark/LESS.config
Configure(scheduler='cos', eta_min=0.0, epochs=12, warmup=0, optim='SGD', LR=0.1, decay=0.0005, momentum=0.9, nesterov=True, criterion='Softmax', batch_size=256, class_num=100, xshape=(1, 3, 32, 32))
Evaluate ||||||| cifar100   ||||||| Train-Num=50000, Valid-Num=10000, Train-Loader-Num=196, Valid-Loader-Num=40, batch size=256
Evaluate ||||||| cifar100   ||||||| Config=Configure(scheduler='cos', eta_min=0.0, epochs=12, warmup=0, optim='SGD', LR=0.1, decay=0.0005, momentum=0.9, nesterov=True, criterion='Softmax', batch_size=256, class_num=100, xshape=(1, 3, 32, 32))
Evaluate ---->>>> ori-test   with 40 batchs
Evaluate ---->>>> x-valid    with 20 batchs
Evaluate ---->>>> x-test     with 20 batchs
[2020-10-15 13:52:13] Seed-------------------------- 111 --------------------------
FLOP = 78.56778 MB, Param = 0.565236 MB
[2020-10-15 13:52:34] Time Left: [00:03:55] epoch=000/012 :: Train [loss=-0.74000, acc@1=6.82%, acc@5=22.05%] Valid [loss=-5.57087, acc@1=8.58%, acc@5=29.16%]
[2020-10-15 13:52:55] Time Left: [00:03:28] epoch=001/012 :: Train [loss=-7.35322, acc@1=18.69%, acc@5=46.54%] Valid [loss=-7.77772, acc@1=15.10%, acc@5=40.56%]
[2020-10-15 13:53:15] Time Left: [00:03:06] epoch=002/012 :: Train [loss=-8.84042, acc@1=27.43%, acc@5=59.34%] Valid [loss=-8.59431, acc@1=16.96%, acc@5=43.72%]
[2020-10-15 13:53:36] Time Left: [00:02:45] epoch=003/012 :: Train [loss=-9.76657, acc@1=33.93%, acc@5=67.24%] Valid [loss=-10.33568, acc@1=32.14%, acc@5=65.86%]
[2020-10-15 13:53:56] Time Left: [00:02:24] epoch=004/012 :: Train [loss=-10.36851, acc@1=39.00%, acc@5=72.35%] Valid [loss=-10.16726, acc@1=28.10%, acc@5=60.12%]
[2020-10-15 13:54:16] Time Left: [00:02:03] epoch=005/012 :: Train [loss=-10.75668, acc@1=43.20%, acc@5=75.80%] Valid [loss=-9.55291, acc@1=20.70%, acc@5=48.12%]
[2020-10-15 13:54:37] Time Left: [00:01:42] epoch=006/012 :: Train [loss=-11.02228, acc@1=46.13%, acc@5=78.43%] Valid [loss=-11.12624, acc@1=36.60%, acc@5=69.06%]
[2020-10-15 13:54:57] Time Left: [00:01:21] epoch=007/012 :: Train [loss=-11.23459, acc@1=49.52%, acc@5=80.42%] Valid [loss=-11.20967, acc@1=37.02%, acc@5=71.24%]
[2020-10-15 13:55:17] Time Left: [00:01:01] epoch=008/012 :: Train [loss=-11.40210, acc@1=51.95%, acc@5=82.38%] Valid [loss=-11.52232, acc@1=43.36%, acc@5=74.30%]
[2020-10-15 13:55:38] Time Left: [00:00:40] epoch=009/012 :: Train [loss=-11.54672, acc@1=54.52%, acc@5=84.17%] Valid [loss=-11.94362, acc@1=50.16%, acc@5=80.02%]
[2020-10-15 13:55:58] Time Left: [00:00:20] epoch=010/012 :: Train [loss=-11.65221, acc@1=56.69%, acc@5=85.53%] Valid [loss=-12.15467, acc@1=52.68%, acc@5=82.16%]
[2020-10-15 13:56:18] Time Left: [00:00:00] epoch=011/012 :: Train [loss=-11.72467, acc@1=57.99%, acc@5=86.40%] Valid [loss=-12.26326, acc@1=54.16%, acc@5=83.40%]
Python  Version  : 3.7.7 (default, Mar 26 2020, 15:48:22)  [GCC 7.3.0]
Pillow  Version  : 7.0.0
PyTorch Version  : 1.4.0
cuDNN   Version  : 7603
CUDA available   : True
CUDA GPU numbers : 1
CUDA_VISIBLE_DEVICES=0

--------------- dataset : cifar100 ---------------
Flops = 78.56778 MB, Params = 0.565236 MB
config : OrderedDict([('scheduler', 'cos'), ('eta_min', 0.0), ('epochs', 12), ('warmup', 0), ('optim', 'SGD'), ('LR', 0.1), ('decay', 0.0005), ('momentum', 0.9), ('nesterov', True), ('criterion', 'Softmax'), ('batch_size', 256), ('class_num', 100), ('xshape', (1, 3, 32, 32))])
Training State (finish) = True

<<<***>>> The 00/01-th seed is 111 <finish> other procedures need Time Left: [00:00:00]
