Start train-evaluate |nor_conv_3x3~0|+|skip_connect~0|nor_conv_3x3~1|+|nor_conv_1x1~0|nor_conv_1x1~1|skip_connect~2|
arch_config : {'channel': 16, 'num_cells': 5}

The 00/01-th seed is 111 ----------------------<.>----------------------
Does not find the existing file output/trofim-NST/specifics/LESS-|nor_conv_3x3~0|+|skip_connect~0|nor_conv_3x3~1|+|nor_conv_1x1~0|nor_conv_1x1~1|skip_connect~2|-16-5/seed-0111.pth, train and evaluate!
configs/nas-benchmark/LESS.config
Configure(scheduler='cos', eta_min=0.0, epochs=12, warmup=0, optim='SGD', LR=0.1, decay=0.0005, momentum=0.9, nesterov=True, criterion='Softmax', batch_size=256, class_num=100, xshape=(1, 3, 32, 32))
Evaluate ||||||| cifar100   ||||||| Train-Num=50000, Valid-Num=10000, Train-Loader-Num=196, Valid-Loader-Num=40, batch size=256
Evaluate ||||||| cifar100   ||||||| Config=Configure(scheduler='cos', eta_min=0.0, epochs=12, warmup=0, optim='SGD', LR=0.1, decay=0.0005, momentum=0.9, nesterov=True, criterion='Softmax', batch_size=256, class_num=100, xshape=(1, 3, 32, 32))
Evaluate ---->>>> ori-test   with 40 batchs
Evaluate ---->>>> x-valid    with 20 batchs
Evaluate ---->>>> x-test     with 20 batchs
[2020-10-15 13:52:06] Seed-------------------------- 111 --------------------------
FLOP = 86.4321 MB, Param = 0.621236 MB
[2020-10-15 13:52:33] Time Left: [00:04:50] epoch=000/012 :: Train [loss=-4.45474, acc@1=10.79%, acc@5=31.35%] Valid [loss=-8.38463, acc@1=14.52%, acc@5=41.42%]
[2020-10-15 13:52:59] Time Left: [00:04:23] epoch=001/012 :: Train [loss=-9.52600, acc@1=28.28%, acc@5=61.42%] Valid [loss=-10.04367, acc@1=26.34%, acc@5=58.06%]
[2020-10-15 13:53:25] Time Left: [00:03:56] epoch=002/012 :: Train [loss=-10.73157, acc@1=38.95%, acc@5=72.98%] Valid [loss=-10.64594, acc@1=30.58%, acc@5=62.26%]
[2020-10-15 13:53:51] Time Left: [00:03:29] epoch=003/012 :: Train [loss=-11.32102, acc@1=45.22%, acc@5=78.44%] Valid [loss=-11.71621, acc@1=39.08%, acc@5=72.70%]
[2020-10-15 13:54:17] Time Left: [00:03:03] epoch=004/012 :: Train [loss=-11.71851, acc@1=50.03%, acc@5=81.62%] Valid [loss=-11.76575, acc@1=40.80%, acc@5=73.44%]
[2020-10-15 13:54:44] Time Left: [00:02:37] epoch=005/012 :: Train [loss=-12.01259, acc@1=53.72%, acc@5=84.28%] Valid [loss=-12.48450, acc@1=48.94%, acc@5=79.96%]
[2020-10-15 13:55:11] Time Left: [00:02:11] epoch=006/012 :: Train [loss=-12.25061, acc@1=56.52%, acc@5=86.31%] Valid [loss=-12.56139, acc@1=47.82%, acc@5=79.52%]
[2020-10-15 13:55:37] Time Left: [00:01:45] epoch=007/012 :: Train [loss=-12.44461, acc@1=59.79%, acc@5=87.87%] Valid [loss=-12.80686, acc@1=51.80%, acc@5=82.06%]
[2020-10-15 13:56:03] Time Left: [00:01:19] epoch=008/012 :: Train [loss=-12.61613, acc@1=62.46%, acc@5=89.43%] Valid [loss=-13.04479, acc@1=54.88%, acc@5=84.46%]
[2020-10-15 13:56:30] Time Left: [00:00:52] epoch=009/012 :: Train [loss=-12.75408, acc@1=64.97%, acc@5=90.77%] Valid [loss=-13.30646, acc@1=59.38%, acc@5=87.24%]
[2020-10-15 13:56:56] Time Left: [00:00:26] epoch=010/012 :: Train [loss=-12.87264, acc@1=67.60%, acc@5=92.05%] Valid [loss=-13.43453, acc@1=62.06%, acc@5=87.94%]
[2020-10-15 13:57:22] Time Left: [00:00:00] epoch=011/012 :: Train [loss=-12.95049, acc@1=69.57%, acc@5=92.75%] Valid [loss=-13.47772, acc@1=62.64%, acc@5=88.50%]
Python  Version  : 3.7.7 (default, Mar 26 2020, 15:48:22)  [GCC 7.3.0]
Pillow  Version  : 7.0.0
PyTorch Version  : 1.4.0
cuDNN   Version  : 7603
CUDA available   : True
CUDA GPU numbers : 1
CUDA_VISIBLE_DEVICES=0

--------------- dataset : cifar100 ---------------
Flops = 86.4321 MB, Params = 0.621236 MB
config : OrderedDict([('scheduler', 'cos'), ('eta_min', 0.0), ('epochs', 12), ('warmup', 0), ('optim', 'SGD'), ('LR', 0.1), ('decay', 0.0005), ('momentum', 0.9), ('nesterov', True), ('criterion', 'Softmax'), ('batch_size', 256), ('class_num', 100), ('xshape', (1, 3, 32, 32))])
Training State (finish) = True

<<<***>>> The 00/01-th seed is 111 <finish> other procedures need Time Left: [00:00:00]
