Start train-evaluate |none~0|+|nor_conv_3x3~0|nor_conv_3x3~1|+|avg_pool_3x3~0|nor_conv_1x1~1|nor_conv_1x1~2|
arch_config : {'channel': 16, 'num_cells': 5}

The 00/01-th seed is 111 ----------------------<.>----------------------
Does not find the existing file output/trofim-NST/specifics/LESS-|none~0|+|nor_conv_3x3~0|nor_conv_3x3~1|+|avg_pool_3x3~0|nor_conv_1x1~1|nor_conv_1x1~2|-16-5/seed-0111.pth, train and evaluate!
configs/nas-benchmark/LESS.config
Configure(scheduler='cos', eta_min=0.0, epochs=12, warmup=0, optim='SGD', LR=0.1, decay=0.0005, momentum=0.9, nesterov=True, criterion='Softmax', batch_size=256, class_num=100, xshape=(1, 3, 32, 32))
Evaluate ||||||| cifar100   ||||||| Train-Num=50000, Valid-Num=10000, Train-Loader-Num=196, Valid-Loader-Num=40, batch size=256
Evaluate ||||||| cifar100   ||||||| Config=Configure(scheduler='cos', eta_min=0.0, epochs=12, warmup=0, optim='SGD', LR=0.1, decay=0.0005, momentum=0.9, nesterov=True, criterion='Softmax', batch_size=256, class_num=100, xshape=(1, 3, 32, 32))
Evaluate ---->>>> ori-test   with 40 batchs
Evaluate ---->>>> x-valid    with 20 batchs
Evaluate ---->>>> x-test     with 20 batchs
[2020-10-15 13:55:40] Seed-------------------------- 111 --------------------------
FLOP = 86.4321 MB, Param = 0.621236 MB
[2020-10-15 13:56:09] Time Left: [00:05:15] epoch=000/012 :: Train [loss=1.37594, acc@1=8.86%, acc@5=26.92%] Valid [loss=-3.09815, acc@1=7.74%, acc@5=24.38%]
[2020-10-15 13:56:36] Time Left: [00:04:40] epoch=001/012 :: Train [loss=-6.32524, acc@1=22.56%, acc@5=51.97%] Valid [loss=-7.05800, acc@1=17.24%, acc@5=44.92%]
[2020-10-15 13:57:04] Time Left: [00:04:09] epoch=002/012 :: Train [loss=-8.31009, acc@1=31.74%, acc@5=64.38%] Valid [loss=-8.22067, acc@1=24.32%, acc@5=54.14%]
[2020-10-15 13:57:31] Time Left: [00:03:41] epoch=003/012 :: Train [loss=-9.18208, acc@1=38.00%, acc@5=71.35%] Valid [loss=-8.77276, acc@1=26.72%, acc@5=59.16%]
[2020-10-15 13:57:58] Time Left: [00:03:13] epoch=004/012 :: Train [loss=-9.68743, acc@1=42.92%, acc@5=75.49%] Valid [loss=-9.81957, acc@1=37.04%, acc@5=68.76%]
[2020-10-15 13:58:26] Time Left: [00:02:45] epoch=005/012 :: Train [loss=-10.07090, acc@1=46.77%, acc@5=78.51%] Valid [loss=-10.02469, acc@1=37.84%, acc@5=67.92%]
[2020-10-15 13:58:53] Time Left: [00:02:17] epoch=006/012 :: Train [loss=-10.45099, acc@1=49.82%, acc@5=80.80%] Valid [loss=-9.03078, acc@1=26.14%, acc@5=54.90%]
[2020-10-15 13:59:20] Time Left: [00:01:49] epoch=007/012 :: Train [loss=-10.76606, acc@1=52.87%, acc@5=83.36%] Valid [loss=-10.55147, acc@1=39.20%, acc@5=69.34%]
[2020-10-15 13:59:47] Time Left: [00:01:22] epoch=008/012 :: Train [loss=-11.02230, acc@1=55.91%, acc@5=85.11%] Valid [loss=-11.24773, acc@1=48.32%, acc@5=79.30%]
[2020-10-15 14:00:15] Time Left: [00:00:54] epoch=009/012 :: Train [loss=-11.21492, acc@1=58.62%, acc@5=86.85%] Valid [loss=-11.40975, acc@1=50.42%, acc@5=80.64%]
[2020-10-15 14:00:42] Time Left: [00:00:27] epoch=010/012 :: Train [loss=-11.35238, acc@1=61.19%, acc@5=88.12%] Valid [loss=-11.83109, acc@1=56.68%, acc@5=84.70%]
[2020-10-15 14:01:09] Time Left: [00:00:00] epoch=011/012 :: Train [loss=-11.44691, acc@1=62.99%, acc@5=89.06%] Valid [loss=-11.90113, acc@1=58.46%, acc@5=85.40%]
Python  Version  : 3.7.7 (default, Mar 26 2020, 15:48:22)  [GCC 7.3.0]
Pillow  Version  : 7.0.0
PyTorch Version  : 1.4.0
cuDNN   Version  : 7603
CUDA available   : True
CUDA GPU numbers : 1
CUDA_VISIBLE_DEVICES=0

--------------- dataset : cifar100 ---------------
Flops = 86.4321 MB, Params = 0.621236 MB
config : OrderedDict([('scheduler', 'cos'), ('eta_min', 0.0), ('epochs', 12), ('warmup', 0), ('optim', 'SGD'), ('LR', 0.1), ('decay', 0.0005), ('momentum', 0.9), ('nesterov', True), ('criterion', 'Softmax'), ('batch_size', 256), ('class_num', 100), ('xshape', (1, 3, 32, 32))])
Training State (finish) = True

<<<***>>> The 00/01-th seed is 111 <finish> other procedures need Time Left: [00:00:00]
