Start train-evaluate |nor_conv_3x3~0|+|nor_conv_1x1~0|nor_conv_1x1~1|+|skip_connect~0|nor_conv_1x1~1|nor_conv_3x3~2|
arch_config : {'channel': 16, 'num_cells': 5}

The 00/01-th seed is 111 ----------------------<.>----------------------
Does not find the existing file output/trofim-NST/specifics/LESS-|nor_conv_3x3~0|+|nor_conv_1x1~0|nor_conv_1x1~1|+|skip_connect~0|nor_conv_1x1~1|nor_conv_3x3~2|-16-5/seed-0111.pth, train and evaluate!
configs/nas-benchmark/LESS.config
Configure(scheduler='cos', eta_min=0.0, epochs=12, warmup=0, optim='SGD', LR=0.1, decay=0.0005, momentum=0.9, nesterov=True, criterion='Softmax', batch_size=256, class_num=100, xshape=(1, 3, 32, 32))
Evaluate ||||||| cifar100   ||||||| Train-Num=50000, Valid-Num=10000, Train-Loader-Num=196, Valid-Loader-Num=40, batch size=256
Evaluate ||||||| cifar100   ||||||| Config=Configure(scheduler='cos', eta_min=0.0, epochs=12, warmup=0, optim='SGD', LR=0.1, decay=0.0005, momentum=0.9, nesterov=True, criterion='Softmax', batch_size=256, class_num=100, xshape=(1, 3, 32, 32))
Evaluate ---->>>> ori-test   with 40 batchs
Evaluate ---->>>> x-valid    with 20 batchs
Evaluate ---->>>> x-test     with 20 batchs
[2020-10-15 14:13:32] Seed-------------------------- 111 --------------------------
FLOP = 90.36426 MB, Param = 0.649236 MB
[2020-10-15 14:14:03] Time Left: [00:05:37] epoch=000/012 :: Train [loss=-3.02972, acc@1=9.35%, acc@5=27.70%] Valid [loss=-7.33405, acc@1=10.96%, acc@5=31.12%]
[2020-10-15 14:14:33] Time Left: [00:05:00] epoch=001/012 :: Train [loss=-9.07173, acc@1=27.54%, acc@5=59.95%] Valid [loss=-9.81025, acc@1=25.46%, acc@5=55.42%]
[2020-10-15 14:15:02] Time Left: [00:04:28] epoch=002/012 :: Train [loss=-10.40203, acc@1=38.39%, acc@5=72.11%] Valid [loss=-10.87466, acc@1=32.88%, acc@5=66.62%]
[2020-10-15 14:15:31] Time Left: [00:03:57] epoch=003/012 :: Train [loss=-11.10588, acc@1=44.99%, acc@5=77.92%] Valid [loss=-11.03933, acc@1=34.78%, acc@5=66.20%]
[2020-10-15 14:16:01] Time Left: [00:03:27] epoch=004/012 :: Train [loss=-11.56083, acc@1=50.10%, acc@5=81.76%] Valid [loss=-11.88824, acc@1=44.00%, acc@5=75.68%]
[2020-10-15 14:16:30] Time Left: [00:02:57] epoch=005/012 :: Train [loss=-11.87981, acc@1=53.46%, acc@5=84.37%] Valid [loss=-12.11919, acc@1=45.68%, acc@5=78.04%]
[2020-10-15 14:16:59] Time Left: [00:02:27] epoch=006/012 :: Train [loss=-12.13301, acc@1=56.99%, acc@5=86.41%] Valid [loss=-12.54478, acc@1=50.90%, acc@5=81.32%]
[2020-10-15 14:17:29] Time Left: [00:01:58] epoch=007/012 :: Train [loss=-12.34177, acc@1=60.10%, acc@5=88.31%] Valid [loss=-12.61022, acc@1=51.46%, acc@5=81.90%]
[2020-10-15 14:17:58] Time Left: [00:01:28] epoch=008/012 :: Train [loss=-12.51790, acc@1=63.31%, acc@5=89.97%] Valid [loss=-12.98892, acc@1=57.46%, acc@5=85.70%]
[2020-10-15 14:18:27] Time Left: [00:00:59] epoch=009/012 :: Train [loss=-12.66470, acc@1=65.98%, acc@5=91.23%] Valid [loss=-13.16341, acc@1=60.24%, acc@5=87.72%]
[2020-10-15 14:18:57] Time Left: [00:00:29] epoch=010/012 :: Train [loss=-12.78701, acc@1=68.83%, acc@5=92.43%] Valid [loss=-13.28116, acc@1=61.52%, acc@5=88.34%]
[2020-10-15 14:19:26] Time Left: [00:00:00] epoch=011/012 :: Train [loss=-12.86762, acc@1=70.61%, acc@5=93.24%] Valid [loss=-13.34839, acc@1=63.42%, acc@5=89.20%]
Python  Version  : 3.7.7 (default, Mar 26 2020, 15:48:22)  [GCC 7.3.0]
Pillow  Version  : 7.0.0
PyTorch Version  : 1.4.0
cuDNN   Version  : 7603
CUDA available   : True
CUDA GPU numbers : 1
CUDA_VISIBLE_DEVICES=0

--------------- dataset : cifar100 ---------------
Flops = 90.36426 MB, Params = 0.649236 MB
config : OrderedDict([('scheduler', 'cos'), ('eta_min', 0.0), ('epochs', 12), ('warmup', 0), ('optim', 'SGD'), ('LR', 0.1), ('decay', 0.0005), ('momentum', 0.9), ('nesterov', True), ('criterion', 'Softmax'), ('batch_size', 256), ('class_num', 100), ('xshape', (1, 3, 32, 32))])
Training State (finish) = True

<<<***>>> The 00/01-th seed is 111 <finish> other procedures need Time Left: [00:00:00]
