Start train-evaluate |avg_pool_3x3~0|+|skip_connect~0|nor_conv_1x1~1|+|none~0|none~1|avg_pool_3x3~2|
arch_config : {'channel': 16, 'num_cells': 5}

The 00/01-th seed is 111 ----------------------<.>----------------------
Does not find the existing file output/trofim-NST/specifics/LESS-|avg_pool_3x3~0|+|skip_connect~0|nor_conv_1x1~1|+|none~0|none~1|avg_pool_3x3~2|-16-5/seed-0111.pth, train and evaluate!
configs/nas-benchmark/LESS.config
Configure(scheduler='cos', eta_min=0.0, epochs=12, warmup=0, optim='SGD', LR=0.1, decay=0.0005, momentum=0.9, nesterov=True, criterion='Softmax', batch_size=256, class_num=100, xshape=(1, 3, 32, 32))
Evaluate ||||||| cifar100   ||||||| Train-Num=50000, Valid-Num=10000, Train-Loader-Num=196, Valid-Loader-Num=40, batch size=256
Evaluate ||||||| cifar100   ||||||| Config=Configure(scheduler='cos', eta_min=0.0, epochs=12, warmup=0, optim='SGD', LR=0.1, decay=0.0005, momentum=0.9, nesterov=True, criterion='Softmax', batch_size=256, class_num=100, xshape=(1, 3, 32, 32))
Evaluate ---->>>> ori-test   with 40 batchs
Evaluate ---->>>> x-valid    with 20 batchs
Evaluate ---->>>> x-test     with 20 batchs
[2020-10-15 14:30:39] Seed-------------------------- 111 --------------------------
FLOP = 11.72106 MB, Param = 0.107156 MB
[2020-10-15 14:30:57] Time Left: [00:03:10] epoch=000/012 :: Train [loss=9.83507, acc@1=4.74%, acc@5=17.10%] Valid [loss=5.82807, acc@1=4.76%, acc@5=18.18%]
[2020-10-15 14:31:14] Time Left: [00:02:52] epoch=001/012 :: Train [loss=3.08313, acc@1=11.17%, acc@5=32.70%] Valid [loss=2.17537, acc@1=10.02%, acc@5=31.22%]
[2020-10-15 14:31:31] Time Left: [00:02:34] epoch=002/012 :: Train [loss=1.04561, acc@1=15.64%, acc@5=40.34%] Valid [loss=1.40754, acc@1=12.34%, acc@5=33.92%]
[2020-10-15 14:31:48] Time Left: [00:02:16] epoch=003/012 :: Train [loss=0.10503, acc@1=18.99%, acc@5=45.64%] Valid [loss=0.75522, acc@1=15.46%, acc@5=39.84%]
[2020-10-15 14:32:06] Time Left: [00:02:01] epoch=004/012 :: Train [loss=-0.49570, acc@1=21.43%, acc@5=49.89%] Valid [loss=0.08443, acc@1=18.24%, acc@5=43.16%]
[2020-10-15 14:32:23] Time Left: [00:01:43] epoch=005/012 :: Train [loss=-0.95137, acc@1=23.97%, acc@5=52.92%] Valid [loss=-0.60377, acc@1=19.26%, acc@5=46.16%]
[2020-10-15 14:32:40] Time Left: [00:01:26] epoch=006/012 :: Train [loss=-1.32124, acc@1=25.50%, acc@5=55.41%] Valid [loss=-0.11234, acc@1=17.74%, acc@5=44.34%]
[2020-10-15 14:32:57] Time Left: [00:01:09] epoch=007/012 :: Train [loss=-1.63562, acc@1=27.78%, acc@5=57.94%] Valid [loss=-1.25015, acc@1=22.38%, acc@5=51.50%]
[2020-10-15 14:33:15] Time Left: [00:00:51] epoch=008/012 :: Train [loss=-1.92306, acc@1=29.73%, acc@5=60.37%] Valid [loss=-1.60001, acc@1=25.76%, acc@5=55.02%]
[2020-10-15 14:33:32] Time Left: [00:00:34] epoch=009/012 :: Train [loss=-2.15989, acc@1=31.30%, acc@5=62.35%] Valid [loss=-1.96767, acc@1=28.78%, acc@5=58.36%]
[2020-10-15 14:33:49] Time Left: [00:00:17] epoch=010/012 :: Train [loss=-2.34816, acc@1=32.99%, acc@5=64.08%] Valid [loss=-2.41127, acc@1=31.58%, acc@5=63.72%]
[2020-10-15 14:34:06] Time Left: [00:00:00] epoch=011/012 :: Train [loss=-2.46586, acc@1=33.97%, acc@5=65.30%] Valid [loss=-2.51644, acc@1=33.04%, acc@5=65.26%]
Python  Version  : 3.7.7 (default, Mar 26 2020, 15:48:22)  [GCC 7.3.0]
Pillow  Version  : 7.0.0
PyTorch Version  : 1.4.0
cuDNN   Version  : 7603
CUDA available   : True
CUDA GPU numbers : 1
CUDA_VISIBLE_DEVICES=0

--------------- dataset : cifar100 ---------------
Flops = 11.72106 MB, Params = 0.107156 MB
config : OrderedDict([('scheduler', 'cos'), ('eta_min', 0.0), ('epochs', 12), ('warmup', 0), ('optim', 'SGD'), ('LR', 0.1), ('decay', 0.0005), ('momentum', 0.9), ('nesterov', True), ('criterion', 'Softmax'), ('batch_size', 256), ('class_num', 100), ('xshape', (1, 3, 32, 32))])
Training State (finish) = True

<<<***>>> The 00/01-th seed is 111 <finish> other procedures need Time Left: [00:00:00]
