Start train-evaluate |skip_connect~0|+|none~0|avg_pool_3x3~1|+|avg_pool_3x3~0|skip_connect~1|skip_connect~2|
arch_config : {'channel': 16, 'num_cells': 5}

The 00/01-th seed is 111 ----------------------<.>----------------------
Does not find the existing file output/trofim-NST/specifics/LESS-|skip_connect~0|+|none~0|avg_pool_3x3~1|+|avg_pool_3x3~0|skip_connect~1|skip_connect~2|-16-5/seed-0111.pth, train and evaluate!
configs/nas-benchmark/LESS.config
Configure(scheduler='cos', eta_min=0.0, epochs=12, warmup=0, optim='SGD', LR=0.1, decay=0.0005, momentum=0.9, nesterov=True, criterion='Softmax', batch_size=256, class_num=100, xshape=(1, 3, 32, 32))
Evaluate ||||||| cifar100   ||||||| Train-Num=50000, Valid-Num=10000, Train-Loader-Num=196, Valid-Loader-Num=40, batch size=256
Evaluate ||||||| cifar100   ||||||| Config=Configure(scheduler='cos', eta_min=0.0, epochs=12, warmup=0, optim='SGD', LR=0.1, decay=0.0005, momentum=0.9, nesterov=True, criterion='Softmax', batch_size=256, class_num=100, xshape=(1, 3, 32, 32))
Evaluate ---->>>> ori-test   with 40 batchs
Evaluate ---->>>> x-valid    with 20 batchs
Evaluate ---->>>> x-test     with 20 batchs
[2020-10-15 13:31:58] Seed-------------------------- 111 --------------------------
FLOP = 7.7889 MB, Param = 0.079156 MB
[2020-10-15 13:32:12] Time Left: [00:02:31] epoch=000/012 :: Train [loss=21.08475, acc@1=3.68%, acc@5=14.74%] Valid [loss=15.80045, acc@1=4.24%, acc@5=16.46%]
[2020-10-15 13:32:26] Time Left: [00:02:23] epoch=001/012 :: Train [loss=16.49817, acc@1=4.52%, acc@5=17.71%] Valid [loss=15.27576, acc@1=4.00%, acc@5=15.62%]
[2020-10-15 13:32:40] Time Left: [00:02:06] epoch=002/012 :: Train [loss=14.91588, acc@1=4.23%, acc@5=16.73%] Valid [loss=13.27338, acc@1=5.28%, acc@5=18.30%]
[2020-10-15 13:32:54] Time Left: [00:01:51] epoch=003/012 :: Train [loss=12.83674, acc@1=5.08%, acc@5=18.84%] Valid [loss=12.21835, acc@1=4.56%, acc@5=16.84%]
[2020-10-15 13:33:07] Time Left: [00:01:37] epoch=004/012 :: Train [loss=11.05128, acc@1=5.55%, acc@5=19.97%] Valid [loss=9.84877, acc@1=5.18%, acc@5=18.84%]
[2020-10-15 13:33:21] Time Left: [00:01:23] epoch=005/012 :: Train [loss=9.66657, acc@1=6.28%, acc@5=21.88%] Valid [loss=8.84120, acc@1=5.74%, acc@5=20.32%]
[2020-10-15 13:33:34] Time Left: [00:01:09] epoch=006/012 :: Train [loss=8.89180, acc@1=7.00%, acc@5=23.33%] Valid [loss=8.69020, acc@1=6.42%, acc@5=21.80%]
[2020-10-15 13:33:48] Time Left: [00:00:55] epoch=007/012 :: Train [loss=8.48707, acc@1=7.38%, acc@5=24.11%] Valid [loss=8.04124, acc@1=6.52%, acc@5=20.48%]
[2020-10-15 13:34:02] Time Left: [00:00:41] epoch=008/012 :: Train [loss=8.14013, acc@1=7.96%, acc@5=25.21%] Valid [loss=7.52616, acc@1=6.96%, acc@5=22.94%]
[2020-10-15 13:34:15] Time Left: [00:00:27] epoch=009/012 :: Train [loss=7.93983, acc@1=8.40%, acc@5=25.80%] Valid [loss=7.37575, acc@1=7.98%, acc@5=25.30%]
[2020-10-15 13:34:29] Time Left: [00:00:13] epoch=010/012 :: Train [loss=7.86757, acc@1=8.82%, acc@5=26.57%] Valid [loss=7.36056, acc@1=7.64%, acc@5=24.16%]
[2020-10-15 13:34:42] Time Left: [00:00:00] epoch=011/012 :: Train [loss=7.84675, acc@1=8.82%, acc@5=26.61%] Valid [loss=7.28936, acc@1=8.22%, acc@5=25.02%]
Python  Version  : 3.7.7 (default, Mar 26 2020, 15:48:22)  [GCC 7.3.0]
Pillow  Version  : 7.0.0
PyTorch Version  : 1.4.0
cuDNN   Version  : 7603
CUDA available   : True
CUDA GPU numbers : 1
CUDA_VISIBLE_DEVICES=0

--------------- dataset : cifar100 ---------------
Flops = 7.7889 MB, Params = 0.079156 MB
config : OrderedDict([('scheduler', 'cos'), ('eta_min', 0.0), ('epochs', 12), ('warmup', 0), ('optim', 'SGD'), ('LR', 0.1), ('decay', 0.0005), ('momentum', 0.9), ('nesterov', True), ('criterion', 'Softmax'), ('batch_size', 256), ('class_num', 100), ('xshape', (1, 3, 32, 32))])
Training State (finish) = True

<<<***>>> The 00/01-th seed is 111 <finish> other procedures need Time Left: [00:00:00]
