Start train-evaluate |nor_conv_3x3~0|+|nor_conv_1x1~0|skip_connect~1|+|nor_conv_3x3~0|nor_conv_3x3~1|nor_conv_1x1~2|
arch_config : {'channel': 16, 'num_cells': 5}

The 00/01-th seed is 111 ----------------------<.>----------------------
Does not find the existing file output/trofim-NST/specifics/LESS-|nor_conv_3x3~0|+|nor_conv_1x1~0|skip_connect~1|+|nor_conv_3x3~0|nor_conv_3x3~1|nor_conv_1x1~2|-16-5/seed-0111.pth, train and evaluate!
configs/nas-benchmark/LESS.config
Configure(scheduler='cos', eta_min=0.0, epochs=12, warmup=0, optim='SGD', LR=0.1, decay=0.0005, momentum=0.9, nesterov=True, criterion='Softmax', batch_size=256, class_num=100, xshape=(1, 3, 32, 32))
Evaluate ||||||| cifar100   ||||||| Train-Num=50000, Valid-Num=10000, Train-Loader-Num=196, Valid-Loader-Num=40, batch size=256
Evaluate ||||||| cifar100   ||||||| Config=Configure(scheduler='cos', eta_min=0.0, epochs=12, warmup=0, optim='SGD', LR=0.1, decay=0.0005, momentum=0.9, nesterov=True, criterion='Softmax', batch_size=256, class_num=100, xshape=(1, 3, 32, 32))
Evaluate ---->>>> ori-test   with 40 batchs
Evaluate ---->>>> x-valid    with 20 batchs
Evaluate ---->>>> x-test     with 20 batchs
[2020-10-15 13:35:49] Seed-------------------------- 111 --------------------------
FLOP = 121.82154 MB, Param = 0.864276 MB
[2020-10-15 13:36:19] Time Left: [00:05:38] epoch=000/012 :: Train [loss=-2.23887, acc@1=5.96%, acc@5=21.27%] Valid [loss=-7.09754, acc@1=8.86%, acc@5=28.02%]
[2020-10-15 13:36:50] Time Left: [00:05:05] epoch=001/012 :: Train [loss=-8.10998, acc@1=17.04%, acc@5=45.34%] Valid [loss=-8.21044, acc@1=14.22%, acc@5=40.18%]
[2020-10-15 13:37:20] Time Left: [00:04:33] epoch=002/012 :: Train [loss=-9.22944, acc@1=26.49%, acc@5=59.14%] Valid [loss=-9.45918, acc@1=21.18%, acc@5=51.78%]
[2020-10-15 13:37:52] Time Left: [00:04:05] epoch=003/012 :: Train [loss=-10.20956, acc@1=34.26%, acc@5=67.82%] Valid [loss=-10.41193, acc@1=30.06%, acc@5=61.46%]
[2020-10-15 13:38:22] Time Left: [00:03:34] epoch=004/012 :: Train [loss=-10.80167, acc@1=39.79%, acc@5=73.31%] Valid [loss=-10.39657, acc@1=27.16%, acc@5=56.68%]
[2020-10-15 13:38:52] Time Left: [00:03:03] epoch=005/012 :: Train [loss=-11.16111, acc@1=43.95%, acc@5=76.97%] Valid [loss=-11.51667, acc@1=40.56%, acc@5=72.60%]
[2020-10-15 13:39:23] Time Left: [00:02:32] epoch=006/012 :: Train [loss=-11.42958, acc@1=47.67%, acc@5=79.87%] Valid [loss=-11.16776, acc@1=35.08%, acc@5=68.70%]
[2020-10-15 13:39:53] Time Left: [00:02:02] epoch=007/012 :: Train [loss=-11.63929, acc@1=50.87%, acc@5=82.07%] Valid [loss=-12.03869, acc@1=46.26%, acc@5=78.34%]
[2020-10-15 13:40:23] Time Left: [00:01:31] epoch=008/012 :: Train [loss=-11.82464, acc@1=54.02%, acc@5=84.27%] Valid [loss=-12.31477, acc@1=51.40%, acc@5=81.68%]
[2020-10-15 13:40:54] Time Left: [00:01:00] epoch=009/012 :: Train [loss=-11.98303, acc@1=56.98%, acc@5=85.97%] Valid [loss=-12.34248, acc@1=51.60%, acc@5=81.90%]
[2020-10-15 13:41:24] Time Left: [00:00:30] epoch=010/012 :: Train [loss=-12.10882, acc@1=59.66%, acc@5=87.48%] Valid [loss=-12.56453, acc@1=55.40%, acc@5=84.28%]
[2020-10-15 13:41:54] Time Left: [00:00:00] epoch=011/012 :: Train [loss=-12.19022, acc@1=61.23%, acc@5=88.40%] Valid [loss=-12.66056, acc@1=56.52%, acc@5=85.22%]
Python  Version  : 3.7.7 (default, Mar 26 2020, 15:48:22)  [GCC 7.3.0]
Pillow  Version  : 7.0.0
PyTorch Version  : 1.4.0
cuDNN   Version  : 7603
CUDA available   : True
CUDA GPU numbers : 1
CUDA_VISIBLE_DEVICES=0

--------------- dataset : cifar100 ---------------
Flops = 121.82154 MB, Params = 0.864276 MB
config : OrderedDict([('scheduler', 'cos'), ('eta_min', 0.0), ('epochs', 12), ('warmup', 0), ('optim', 'SGD'), ('LR', 0.1), ('decay', 0.0005), ('momentum', 0.9), ('nesterov', True), ('criterion', 'Softmax'), ('batch_size', 256), ('class_num', 100), ('xshape', (1, 3, 32, 32))])
Training State (finish) = True

<<<***>>> The 00/01-th seed is 111 <finish> other procedures need Time Left: [00:00:00]
