Start train-evaluate |nor_conv_1x1~0|+|avg_pool_3x3~0|nor_conv_3x3~1|+|avg_pool_3x3~0|skip_connect~1|avg_pool_3x3~2|
arch_config : {'channel': 16, 'num_cells': 5}

The 00/01-th seed is 111 ----------------------<.>----------------------
Does not find the existing file output/trofim-NST/specifics/LESS-|nor_conv_1x1~0|+|avg_pool_3x3~0|nor_conv_3x3~1|+|avg_pool_3x3~0|skip_connect~1|avg_pool_3x3~2|-16-5/seed-0111.pth, train and evaluate!
configs/nas-benchmark/LESS.config
Configure(scheduler='cos', eta_min=0.0, epochs=12, warmup=0, optim='SGD', LR=0.1, decay=0.0005, momentum=0.9, nesterov=True, criterion='Softmax', batch_size=256, class_num=100, xshape=(1, 3, 32, 32))
Evaluate ||||||| cifar100   ||||||| Train-Num=50000, Valid-Num=10000, Train-Loader-Num=196, Valid-Loader-Num=40, batch size=256
Evaluate ||||||| cifar100   ||||||| Config=Configure(scheduler='cos', eta_min=0.0, epochs=12, warmup=0, optim='SGD', LR=0.1, decay=0.0005, momentum=0.9, nesterov=True, criterion='Softmax', batch_size=256, class_num=100, xshape=(1, 3, 32, 32))
Evaluate ---->>>> ori-test   with 40 batchs
Evaluate ---->>>> x-valid    with 20 batchs
Evaluate ---->>>> x-test     with 20 batchs
[2020-10-15 13:50:05] Seed-------------------------- 111 --------------------------
FLOP = 47.1105 MB, Param = 0.350196 MB
[2020-10-15 13:50:26] Time Left: [00:03:58] epoch=000/012 :: Train [loss=14.11889, acc@1=3.36%, acc@5=13.01%] Valid [loss=11.40713, acc@1=2.54%, acc@5=11.38%]
[2020-10-15 13:50:48] Time Left: [00:03:35] epoch=001/012 :: Train [loss=5.58636, acc@1=6.70%, acc@5=22.61%] Valid [loss=4.76663, acc@1=5.54%, acc@5=21.12%]
[2020-10-15 13:51:09] Time Left: [00:03:13] epoch=002/012 :: Train [loss=2.13637, acc@1=9.91%, acc@5=30.38%] Valid [loss=1.02506, acc@1=7.14%, acc@5=22.96%]
[2020-10-15 13:51:31] Time Left: [00:02:51] epoch=003/012 :: Train [loss=0.29238, acc@1=12.51%, acc@5=35.04%] Valid [loss=8.52371, acc@1=2.56%, acc@5=12.32%]
[2020-10-15 13:51:52] Time Left: [00:02:30] epoch=004/012 :: Train [loss=-0.74526, acc@1=14.77%, acc@5=38.90%] Valid [loss=-0.04041, acc@1=8.14%, acc@5=23.16%]
[2020-10-15 13:52:13] Time Left: [00:02:08] epoch=005/012 :: Train [loss=-1.31534, acc@1=16.41%, acc@5=42.16%] Valid [loss=18.11928, acc@1=1.94%, acc@5=8.78%]
[2020-10-15 13:52:35] Time Left: [00:01:47] epoch=006/012 :: Train [loss=-1.81450, acc@1=17.59%, acc@5=43.87%] Valid [loss=-0.72402, acc@1=8.90%, acc@5=26.78%]
[2020-10-15 13:52:56] Time Left: [00:01:25] epoch=007/012 :: Train [loss=-2.42798, acc@1=19.38%, acc@5=46.82%] Valid [loss=-0.90640, acc@1=10.04%, acc@5=30.26%]
[2020-10-15 13:53:17] Time Left: [00:01:04] epoch=008/012 :: Train [loss=-2.83449, acc@1=20.62%, acc@5=48.59%] Valid [loss=-0.45605, acc@1=7.96%, acc@5=23.44%]
[2020-10-15 13:53:39] Time Left: [00:00:42] epoch=009/012 :: Train [loss=-3.18097, acc@1=21.63%, acc@5=50.04%] Valid [loss=-3.20467, acc@1=19.10%, acc@5=45.36%]
[2020-10-15 13:54:00] Time Left: [00:00:21] epoch=010/012 :: Train [loss=-3.36598, acc@1=22.51%, acc@5=50.93%] Valid [loss=-3.32542, acc@1=19.44%, acc@5=47.06%]
[2020-10-15 13:54:21] Time Left: [00:00:00] epoch=011/012 :: Train [loss=-3.44027, acc@1=22.86%, acc@5=51.77%] Valid [loss=-3.53109, acc@1=21.42%, acc@5=49.72%]
Python  Version  : 3.7.7 (default, Mar 26 2020, 15:48:22)  [GCC 7.3.0]
Pillow  Version  : 7.0.0
PyTorch Version  : 1.4.0
cuDNN   Version  : 7603
CUDA available   : True
CUDA GPU numbers : 1
CUDA_VISIBLE_DEVICES=0

--------------- dataset : cifar100 ---------------
Flops = 47.1105 MB, Params = 0.350196 MB
config : OrderedDict([('scheduler', 'cos'), ('eta_min', 0.0), ('epochs', 12), ('warmup', 0), ('optim', 'SGD'), ('LR', 0.1), ('decay', 0.0005), ('momentum', 0.9), ('nesterov', True), ('criterion', 'Softmax'), ('batch_size', 256), ('class_num', 100), ('xshape', (1, 3, 32, 32))])
Training State (finish) = True

<<<***>>> The 00/01-th seed is 111 <finish> other procedures need Time Left: [00:00:00]
