Start train-evaluate |avg_pool_3x3~0|+|nor_conv_1x1~0|nor_conv_3x3~1|+|none~0|none~1|nor_conv_3x3~2|
arch_config : {'channel': 16, 'num_cells': 5}

The 00/01-th seed is 111 ----------------------<.>----------------------
Does not find the existing file output/trofim-NST/specifics/LESS-|avg_pool_3x3~0|+|nor_conv_1x1~0|nor_conv_3x3~1|+|none~0|none~1|nor_conv_3x3~2|-16-5/seed-0111.pth, train and evaluate!
configs/nas-benchmark/LESS.config
Configure(scheduler='cos', eta_min=0.0, epochs=12, warmup=0, optim='SGD', LR=0.1, decay=0.0005, momentum=0.9, nesterov=True, criterion='Softmax', batch_size=256, class_num=100, xshape=(1, 3, 32, 32))
Evaluate ||||||| cifar100   ||||||| Train-Num=50000, Valid-Num=10000, Train-Loader-Num=196, Valid-Loader-Num=40, batch size=256
Evaluate ||||||| cifar100   ||||||| Config=Configure(scheduler='cos', eta_min=0.0, epochs=12, warmup=0, optim='SGD', LR=0.1, decay=0.0005, momentum=0.9, nesterov=True, criterion='Softmax', batch_size=256, class_num=100, xshape=(1, 3, 32, 32))
Evaluate ---->>>> ori-test   with 40 batchs
Evaluate ---->>>> x-valid    with 20 batchs
Evaluate ---->>>> x-test     with 20 batchs
[2020-10-15 14:18:58] Seed-------------------------- 111 --------------------------
FLOP = 82.49994 MB, Param = 0.593236 MB
[2020-10-15 14:19:24] Time Left: [00:04:46] epoch=000/012 :: Train [loss=3.03466, acc@1=2.80%, acc@5=12.23%] Valid [loss=-2.38723, acc@1=3.56%, acc@5=13.82%]
[2020-10-15 14:19:49] Time Left: [00:04:12] epoch=001/012 :: Train [loss=-5.54885, acc@1=8.08%, acc@5=27.35%] Valid [loss=-6.43764, acc@1=8.46%, acc@5=27.56%]
[2020-10-15 14:20:13] Time Left: [00:03:45] epoch=002/012 :: Train [loss=-7.26114, acc@1=13.05%, acc@5=38.08%] Valid [loss=-6.42067, acc@1=6.48%, acc@5=22.08%]
[2020-10-15 14:20:39] Time Left: [00:03:22] epoch=003/012 :: Train [loss=-8.13574, acc@1=17.85%, acc@5=47.03%] Valid [loss=-6.62030, acc@1=8.12%, acc@5=25.90%]
[2020-10-15 14:21:04] Time Left: [00:02:55] epoch=004/012 :: Train [loss=-8.70298, acc@1=22.29%, acc@5=54.03%] Valid [loss=-7.97093, acc@1=13.80%, acc@5=38.46%]
[2020-10-15 14:21:28] Time Left: [00:02:29] epoch=005/012 :: Train [loss=-9.23718, acc@1=26.06%, acc@5=59.36%] Valid [loss=-8.95000, acc@1=17.34%, acc@5=46.76%]
[2020-10-15 14:21:52] Time Left: [00:02:04] epoch=006/012 :: Train [loss=-9.69302, acc@1=29.99%, acc@5=63.87%] Valid [loss=-9.37305, acc@1=21.56%, acc@5=51.26%]
[2020-10-15 14:22:17] Time Left: [00:01:39] epoch=007/012 :: Train [loss=-10.03587, acc@1=33.81%, acc@5=67.60%] Valid [loss=-9.85792, acc@1=26.16%, acc@5=56.88%]
[2020-10-15 14:22:43] Time Left: [00:01:14] epoch=008/012 :: Train [loss=-10.30963, acc@1=37.08%, acc@5=70.61%] Valid [loss=-10.64412, acc@1=34.88%, acc@5=67.52%]
[2020-10-15 14:23:07] Time Left: [00:00:49] epoch=009/012 :: Train [loss=-10.53648, acc@1=39.85%, acc@5=73.24%] Valid [loss=-10.76256, acc@1=35.30%, acc@5=68.74%]
[2020-10-15 14:23:32] Time Left: [00:00:24] epoch=010/012 :: Train [loss=-10.68044, acc@1=42.14%, acc@5=75.15%] Valid [loss=-11.12868, acc@1=40.02%, acc@5=73.22%]
[2020-10-15 14:23:56] Time Left: [00:00:00] epoch=011/012 :: Train [loss=-10.77539, acc@1=44.12%, acc@5=76.55%] Valid [loss=-11.30200, acc@1=43.02%, acc@5=75.48%]
Python  Version  : 3.7.7 (default, Mar 26 2020, 15:48:22)  [GCC 7.3.0]
Pillow  Version  : 7.0.0
PyTorch Version  : 1.4.0
cuDNN   Version  : 7603
CUDA available   : True
CUDA GPU numbers : 1
CUDA_VISIBLE_DEVICES=0

--------------- dataset : cifar100 ---------------
Flops = 82.49994 MB, Params = 0.593236 MB
config : OrderedDict([('scheduler', 'cos'), ('eta_min', 0.0), ('epochs', 12), ('warmup', 0), ('optim', 'SGD'), ('LR', 0.1), ('decay', 0.0005), ('momentum', 0.9), ('nesterov', True), ('criterion', 'Softmax'), ('batch_size', 256), ('class_num', 100), ('xshape', (1, 3, 32, 32))])
Training State (finish) = True

<<<***>>> The 00/01-th seed is 111 <finish> other procedures need Time Left: [00:00:00]
