Start train-evaluate |none~0|+|skip_connect~0|nor_conv_3x3~1|+|avg_pool_3x3~0|none~1|none~2|
arch_config : {'channel': 16, 'num_cells': 5}

The 00/01-th seed is 111 ----------------------<.>----------------------
Does not find the existing file output/trofim-NST/specifics/LESS-|none~0|+|skip_connect~0|nor_conv_3x3~1|+|avg_pool_3x3~0|none~1|none~2|-16-5/seed-0111.pth, train and evaluate!
configs/nas-benchmark/LESS.config
Configure(scheduler='cos', eta_min=0.0, epochs=12, warmup=0, optim='SGD', LR=0.1, decay=0.0005, momentum=0.9, nesterov=True, criterion='Softmax', batch_size=256, class_num=100, xshape=(1, 3, 32, 32))
Evaluate ||||||| cifar100   ||||||| Train-Num=50000, Valid-Num=10000, Train-Loader-Num=196, Valid-Loader-Num=40, batch size=256
Evaluate ||||||| cifar100   ||||||| Config=Configure(scheduler='cos', eta_min=0.0, epochs=12, warmup=0, optim='SGD', LR=0.1, decay=0.0005, momentum=0.9, nesterov=True, criterion='Softmax', batch_size=256, class_num=100, xshape=(1, 3, 32, 32))
Evaluate ---->>>> ori-test   with 40 batchs
Evaluate ---->>>> x-valid    with 20 batchs
Evaluate ---->>>> x-test     with 20 batchs
[2020-10-15 14:28:10] Seed-------------------------- 111 --------------------------
FLOP = 43.17834 MB, Param = 0.322196 MB
[2020-10-15 14:28:28] Time Left: [00:03:16] epoch=000/012 :: Train [loss=24.35284, acc@1=3.70%, acc@5=14.55%] Valid [loss=16.41555, acc@1=5.08%, acc@5=18.64%]
[2020-10-15 14:28:46] Time Left: [00:03:00] epoch=001/012 :: Train [loss=13.34495, acc@1=7.45%, acc@5=24.43%] Valid [loss=11.09299, acc@1=5.08%, acc@5=20.66%]
[2020-10-15 14:29:04] Time Left: [00:02:40] epoch=002/012 :: Train [loss=10.13781, acc@1=10.74%, acc@5=31.65%] Valid [loss=9.05830, acc@1=11.14%, acc@5=32.60%]
[2020-10-15 14:29:21] Time Left: [00:02:21] epoch=003/012 :: Train [loss=8.16962, acc@1=13.58%, acc@5=37.47%] Valid [loss=7.46151, acc@1=12.64%, acc@5=35.92%]
[2020-10-15 14:29:38] Time Left: [00:02:02] epoch=004/012 :: Train [loss=7.11483, acc@1=16.02%, acc@5=41.17%] Valid [loss=7.18961, acc@1=10.50%, acc@5=31.02%]
[2020-10-15 14:29:55] Time Left: [00:01:45] epoch=005/012 :: Train [loss=6.44505, acc@1=17.29%, acc@5=43.26%] Valid [loss=7.00236, acc@1=10.46%, acc@5=31.38%]
[2020-10-15 14:30:13] Time Left: [00:01:27] epoch=006/012 :: Train [loss=5.36553, acc@1=18.56%, acc@5=45.00%] Valid [loss=5.40206, acc@1=14.26%, acc@5=38.14%]
[2020-10-15 14:30:30] Time Left: [00:01:09] epoch=007/012 :: Train [loss=4.65696, acc@1=20.14%, acc@5=47.44%] Valid [loss=3.88580, acc@1=18.30%, acc@5=45.36%]
[2020-10-15 14:30:47] Time Left: [00:00:52] epoch=008/012 :: Train [loss=3.77299, acc@1=21.08%, acc@5=49.27%] Valid [loss=3.30804, acc@1=18.94%, acc@5=45.04%]
[2020-10-15 14:31:04] Time Left: [00:00:34] epoch=009/012 :: Train [loss=3.43672, acc@1=22.53%, acc@5=50.66%] Valid [loss=2.88631, acc@1=22.14%, acc@5=50.08%]
[2020-10-15 14:31:21] Time Left: [00:00:17] epoch=010/012 :: Train [loss=3.28730, acc@1=23.28%, acc@5=52.05%] Valid [loss=2.73883, acc@1=23.78%, acc@5=50.98%]
[2020-10-15 14:31:39] Time Left: [00:00:00] epoch=011/012 :: Train [loss=3.21853, acc@1=24.13%, acc@5=52.51%] Valid [loss=2.65226, acc@1=24.16%, acc@5=52.48%]
Python  Version  : 3.7.7 (default, Mar 26 2020, 15:48:22)  [GCC 7.3.0]
Pillow  Version  : 7.0.0
PyTorch Version  : 1.4.0
cuDNN   Version  : 7603
CUDA available   : True
CUDA GPU numbers : 1
CUDA_VISIBLE_DEVICES=0

--------------- dataset : cifar100 ---------------
Flops = 43.17834 MB, Params = 0.322196 MB
config : OrderedDict([('scheduler', 'cos'), ('eta_min', 0.0), ('epochs', 12), ('warmup', 0), ('optim', 'SGD'), ('LR', 0.1), ('decay', 0.0005), ('momentum', 0.9), ('nesterov', True), ('criterion', 'Softmax'), ('batch_size', 256), ('class_num', 100), ('xshape', (1, 3, 32, 32))])
Training State (finish) = True

<<<***>>> The 00/01-th seed is 111 <finish> other procedures need Time Left: [00:00:00]
