Start train-evaluate |nor_conv_1x1~0|+|nor_conv_3x3~0|avg_pool_3x3~1|+|nor_conv_1x1~0|none~1|skip_connect~2|
arch_config : {'channel': 16, 'num_cells': 5}

The 00/01-th seed is 111 ----------------------<.>----------------------
Does not find the existing file output/trofim-NST/specifics/LESS-|nor_conv_1x1~0|+|nor_conv_3x3~0|avg_pool_3x3~1|+|nor_conv_1x1~0|none~1|skip_connect~2|-16-5/seed-0111.pth, train and evaluate!
configs/nas-benchmark/LESS.config
Configure(scheduler='cos', eta_min=0.0, epochs=12, warmup=0, optim='SGD', LR=0.1, decay=0.0005, momentum=0.9, nesterov=True, criterion='Softmax', batch_size=256, class_num=100, xshape=(1, 3, 32, 32))
Evaluate ||||||| cifar100   ||||||| Train-Num=50000, Valid-Num=10000, Train-Loader-Num=196, Valid-Loader-Num=40, batch size=256
Evaluate ||||||| cifar100   ||||||| Config=Configure(scheduler='cos', eta_min=0.0, epochs=12, warmup=0, optim='SGD', LR=0.1, decay=0.0005, momentum=0.9, nesterov=True, criterion='Softmax', batch_size=256, class_num=100, xshape=(1, 3, 32, 32))
Evaluate ---->>>> ori-test   with 40 batchs
Evaluate ---->>>> x-valid    with 20 batchs
Evaluate ---->>>> x-test     with 20 batchs
[2020-10-15 13:33:43] Seed-------------------------- 111 --------------------------
FLOP = 51.04266 MB, Param = 0.378196 MB
[2020-10-15 13:34:07] Time Left: [00:04:19] epoch=000/012 :: Train [loss=-2.77453, acc@1=9.12%, acc@5=28.27%] Valid [loss=-6.66576, acc@1=8.86%, acc@5=28.74%]
[2020-10-15 13:34:30] Time Left: [00:03:53] epoch=001/012 :: Train [loss=-8.37973, acc@1=23.09%, acc@5=53.67%] Valid [loss=-9.07591, acc@1=21.92%, acc@5=52.02%]
[2020-10-15 13:34:53] Time Left: [00:03:29] epoch=002/012 :: Train [loss=-9.63080, acc@1=31.36%, acc@5=64.71%] Valid [loss=-9.71275, acc@1=25.32%, acc@5=56.74%]
[2020-10-15 13:35:16] Time Left: [00:03:05] epoch=003/012 :: Train [loss=-10.26185, acc@1=37.31%, acc@5=70.59%] Valid [loss=-9.58928, acc@1=23.60%, acc@5=53.40%]
[2020-10-15 13:35:39] Time Left: [00:02:42] epoch=004/012 :: Train [loss=-10.67659, acc@1=41.76%, acc@5=74.51%] Valid [loss=-10.68076, acc@1=32.58%, acc@5=65.42%]
[2020-10-15 13:36:02] Time Left: [00:02:18] epoch=005/012 :: Train [loss=-10.97946, acc@1=45.31%, acc@5=77.76%] Valid [loss=-10.61655, acc@1=31.54%, acc@5=63.74%]
[2020-10-15 13:36:25] Time Left: [00:01:55] epoch=006/012 :: Train [loss=-11.19588, acc@1=48.05%, acc@5=79.95%] Valid [loss=-10.76315, acc@1=35.58%, acc@5=67.28%]
[2020-10-15 13:36:48] Time Left: [00:01:32] epoch=007/012 :: Train [loss=-11.38270, acc@1=51.12%, acc@5=81.71%] Valid [loss=-11.62820, acc@1=44.76%, acc@5=75.30%]
[2020-10-15 13:37:11] Time Left: [00:01:09] epoch=008/012 :: Train [loss=-11.54946, acc@1=53.66%, acc@5=83.53%] Valid [loss=-11.90255, acc@1=47.92%, acc@5=78.90%]
[2020-10-15 13:37:34] Time Left: [00:00:46] epoch=009/012 :: Train [loss=-11.67944, acc@1=55.78%, acc@5=85.07%] Valid [loss=-12.07481, acc@1=50.28%, acc@5=80.74%]
[2020-10-15 13:37:57] Time Left: [00:00:23] epoch=010/012 :: Train [loss=-11.77964, acc@1=57.89%, acc@5=86.23%] Valid [loss=-12.24679, acc@1=53.68%, acc@5=82.48%]
[2020-10-15 13:38:20] Time Left: [00:00:00] epoch=011/012 :: Train [loss=-11.85831, acc@1=59.53%, acc@5=87.26%] Valid [loss=-12.33100, acc@1=54.76%, acc@5=83.46%]
Python  Version  : 3.7.7 (default, Mar 26 2020, 15:48:22)  [GCC 7.3.0]
Pillow  Version  : 7.0.0
PyTorch Version  : 1.4.0
cuDNN   Version  : 7603
CUDA available   : True
CUDA GPU numbers : 1
CUDA_VISIBLE_DEVICES=0

--------------- dataset : cifar100 ---------------
Flops = 51.04266 MB, Params = 0.378196 MB
config : OrderedDict([('scheduler', 'cos'), ('eta_min', 0.0), ('epochs', 12), ('warmup', 0), ('optim', 'SGD'), ('LR', 0.1), ('decay', 0.0005), ('momentum', 0.9), ('nesterov', True), ('criterion', 'Softmax'), ('batch_size', 256), ('class_num', 100), ('xshape', (1, 3, 32, 32))])
Training State (finish) = True

<<<***>>> The 00/01-th seed is 111 <finish> other procedures need Time Left: [00:00:00]
