Start train-evaluate |skip_connect~0|+|skip_connect~0|nor_conv_1x1~1|+|none~0|skip_connect~1|avg_pool_3x3~2|
arch_config : {'channel': 16, 'num_cells': 5}

The 00/01-th seed is 111 ----------------------<.>----------------------
Does not find the existing file output/trofim-NST/specifics/LESS-|skip_connect~0|+|skip_connect~0|nor_conv_1x1~1|+|none~0|skip_connect~1|avg_pool_3x3~2|-16-5/seed-0111.pth, train and evaluate!
configs/nas-benchmark/LESS.config
Configure(scheduler='cos', eta_min=0.0, epochs=12, warmup=0, optim='SGD', LR=0.1, decay=0.0005, momentum=0.9, nesterov=True, criterion='Softmax', batch_size=256, class_num=100, xshape=(1, 3, 32, 32))
Evaluate ||||||| cifar100   ||||||| Train-Num=50000, Valid-Num=10000, Train-Loader-Num=196, Valid-Loader-Num=40, batch size=256
Evaluate ||||||| cifar100   ||||||| Config=Configure(scheduler='cos', eta_min=0.0, epochs=12, warmup=0, optim='SGD', LR=0.1, decay=0.0005, momentum=0.9, nesterov=True, criterion='Softmax', batch_size=256, class_num=100, xshape=(1, 3, 32, 32))
Evaluate ---->>>> ori-test   with 40 batchs
Evaluate ---->>>> x-valid    with 20 batchs
Evaluate ---->>>> x-test     with 20 batchs
[2020-10-15 13:20:07] Seed-------------------------- 111 --------------------------
FLOP = 11.72106 MB, Param = 0.107156 MB
[2020-10-15 13:20:23] Time Left: [00:02:57] epoch=000/012 :: Train [loss=12.27280, acc@1=4.05%, acc@5=15.76%] Valid [loss=8.66154, acc@1=4.78%, acc@5=17.88%]
[2020-10-15 13:20:40] Time Left: [00:02:45] epoch=001/012 :: Train [loss=4.10098, acc@1=8.10%, acc@5=26.38%] Valid [loss=3.97975, acc@1=8.60%, acc@5=26.04%]
[2020-10-15 13:20:56] Time Left: [00:02:27] epoch=002/012 :: Train [loss=2.49764, acc@1=10.36%, acc@5=31.15%] Valid [loss=3.29171, acc@1=7.02%, acc@5=24.18%]
[2020-10-15 13:21:12] Time Left: [00:02:09] epoch=003/012 :: Train [loss=1.35726, acc@1=12.10%, acc@5=34.33%] Valid [loss=2.34457, acc@1=8.78%, acc@5=27.24%]
[2020-10-15 13:21:28] Time Left: [00:01:53] epoch=004/012 :: Train [loss=0.56720, acc@1=13.35%, acc@5=36.82%] Valid [loss=1.24504, acc@1=11.04%, acc@5=31.26%]
[2020-10-15 13:21:44] Time Left: [00:01:36] epoch=005/012 :: Train [loss=-0.05762, acc@1=14.58%, acc@5=38.89%] Valid [loss=1.37678, acc@1=10.16%, acc@5=29.78%]
[2020-10-15 13:22:00] Time Left: [00:01:20] epoch=006/012 :: Train [loss=-0.63068, acc@1=15.56%, acc@5=40.60%] Valid [loss=0.81926, acc@1=10.62%, acc@5=30.30%]
[2020-10-15 13:22:16] Time Left: [00:01:04] epoch=007/012 :: Train [loss=-1.27893, acc@1=16.76%, acc@5=42.60%] Valid [loss=-0.87422, acc@1=13.44%, acc@5=37.34%]
[2020-10-15 13:22:32] Time Left: [00:00:48] epoch=008/012 :: Train [loss=-1.86614, acc@1=18.19%, acc@5=44.46%] Valid [loss=-1.20683, acc@1=13.10%, acc@5=36.82%]
[2020-10-15 13:22:48] Time Left: [00:00:32] epoch=009/012 :: Train [loss=-2.32929, acc@1=19.08%, acc@5=45.47%] Valid [loss=-2.07691, acc@1=16.54%, acc@5=42.34%]
[2020-10-15 13:23:04] Time Left: [00:00:16] epoch=010/012 :: Train [loss=-2.68800, acc@1=19.59%, acc@5=46.66%] Valid [loss=-2.53327, acc@1=17.62%, acc@5=43.50%]
[2020-10-15 13:23:20] Time Left: [00:00:00] epoch=011/012 :: Train [loss=-2.94174, acc@1=20.14%, acc@5=47.06%] Valid [loss=-2.77260, acc@1=18.04%, acc@5=44.68%]
Python  Version  : 3.7.7 (default, Mar 26 2020, 15:48:22)  [GCC 7.3.0]
Pillow  Version  : 7.0.0
PyTorch Version  : 1.4.0
cuDNN   Version  : 7603
CUDA available   : True
CUDA GPU numbers : 1
CUDA_VISIBLE_DEVICES=0

--------------- dataset : cifar100 ---------------
Flops = 11.72106 MB, Params = 0.107156 MB
config : OrderedDict([('scheduler', 'cos'), ('eta_min', 0.0), ('epochs', 12), ('warmup', 0), ('optim', 'SGD'), ('LR', 0.1), ('decay', 0.0005), ('momentum', 0.9), ('nesterov', True), ('criterion', 'Softmax'), ('batch_size', 256), ('class_num', 100), ('xshape', (1, 3, 32, 32))])
Training State (finish) = True

<<<***>>> The 00/01-th seed is 111 <finish> other procedures need Time Left: [00:00:00]
