Start train-evaluate |nor_conv_3x3~0|+|avg_pool_3x3~0|avg_pool_3x3~1|+|skip_connect~0|nor_conv_1x1~1|nor_conv_1x1~2|
arch_config : {'channel': 16, 'num_cells': 5}

The 00/01-th seed is 111 ----------------------<.>----------------------
Does not find the existing file output/trofim-NST/specifics/LESS-|nor_conv_3x3~0|+|avg_pool_3x3~0|avg_pool_3x3~1|+|skip_connect~0|nor_conv_1x1~1|nor_conv_1x1~2|-16-5/seed-0111.pth, train and evaluate!
configs/nas-benchmark/LESS.config
Configure(scheduler='cos', eta_min=0.0, epochs=12, warmup=0, optim='SGD', LR=0.1, decay=0.0005, momentum=0.9, nesterov=True, criterion='Softmax', batch_size=256, class_num=100, xshape=(1, 3, 32, 32))
Evaluate ||||||| cifar100   ||||||| Train-Num=50000, Valid-Num=10000, Train-Loader-Num=196, Valid-Loader-Num=40, batch size=256
Evaluate ||||||| cifar100   ||||||| Config=Configure(scheduler='cos', eta_min=0.0, epochs=12, warmup=0, optim='SGD', LR=0.1, decay=0.0005, momentum=0.9, nesterov=True, criterion='Softmax', batch_size=256, class_num=100, xshape=(1, 3, 32, 32))
Evaluate ---->>>> ori-test   with 40 batchs
Evaluate ---->>>> x-valid    with 20 batchs
Evaluate ---->>>> x-test     with 20 batchs
[2020-10-15 13:31:33] Seed-------------------------- 111 --------------------------
FLOP = 51.04266 MB, Param = 0.378196 MB
[2020-10-15 13:31:58] Time Left: [00:04:40] epoch=000/012 :: Train [loss=-3.41338, acc@1=9.87%, acc@5=28.85%] Valid [loss=-7.64184, acc@1=15.16%, acc@5=40.04%]
[2020-10-15 13:32:23] Time Left: [00:04:09] epoch=001/012 :: Train [loss=-8.72483, acc@1=26.01%, acc@5=57.85%] Valid [loss=-9.14998, acc@1=20.62%, acc@5=50.72%]
[2020-10-15 13:32:47] Time Left: [00:03:42] epoch=002/012 :: Train [loss=-10.03076, acc@1=35.98%, acc@5=70.05%] Valid [loss=-10.43444, acc@1=31.32%, acc@5=63.50%]
[2020-10-15 13:33:11] Time Left: [00:03:16] epoch=003/012 :: Train [loss=-10.72319, acc@1=42.61%, acc@5=75.71%] Valid [loss=-10.94830, acc@1=36.60%, acc@5=70.64%]
[2020-10-15 13:33:35] Time Left: [00:02:51] epoch=004/012 :: Train [loss=-11.15615, acc@1=47.07%, acc@5=79.40%] Valid [loss=-11.51336, acc@1=41.54%, acc@5=75.70%]
[2020-10-15 13:33:59] Time Left: [00:02:26] epoch=005/012 :: Train [loss=-11.48472, acc@1=50.92%, acc@5=82.42%] Valid [loss=-11.63508, acc@1=41.60%, acc@5=73.40%]
[2020-10-15 13:34:24] Time Left: [00:02:01] epoch=006/012 :: Train [loss=-11.73903, acc@1=54.17%, acc@5=84.34%] Valid [loss=-12.03061, acc@1=46.70%, acc@5=77.98%]
[2020-10-15 13:34:48] Time Left: [00:01:37] epoch=007/012 :: Train [loss=-11.95324, acc@1=57.28%, acc@5=86.21%] Valid [loss=-12.32853, acc@1=50.04%, acc@5=80.40%]
[2020-10-15 13:35:12] Time Left: [00:01:13] epoch=008/012 :: Train [loss=-12.13325, acc@1=59.84%, acc@5=87.92%] Valid [loss=-12.64831, acc@1=54.82%, acc@5=84.40%]
[2020-10-15 13:35:36] Time Left: [00:00:48] epoch=009/012 :: Train [loss=-12.28602, acc@1=62.37%, acc@5=89.32%] Valid [loss=-12.74005, acc@1=55.92%, acc@5=85.48%]
[2020-10-15 13:36:01] Time Left: [00:00:24] epoch=010/012 :: Train [loss=-12.39479, acc@1=64.66%, acc@5=90.44%] Valid [loss=-12.91725, acc@1=59.26%, acc@5=86.62%]
[2020-10-15 13:36:25] Time Left: [00:00:00] epoch=011/012 :: Train [loss=-12.47559, acc@1=66.39%, acc@5=91.11%] Valid [loss=-12.99369, acc@1=60.32%, acc@5=87.50%]
Python  Version  : 3.7.7 (default, Mar 26 2020, 15:48:22)  [GCC 7.3.0]
Pillow  Version  : 7.0.0
PyTorch Version  : 1.4.0
cuDNN   Version  : 7603
CUDA available   : True
CUDA GPU numbers : 1
CUDA_VISIBLE_DEVICES=0

--------------- dataset : cifar100 ---------------
Flops = 51.04266 MB, Params = 0.378196 MB
config : OrderedDict([('scheduler', 'cos'), ('eta_min', 0.0), ('epochs', 12), ('warmup', 0), ('optim', 'SGD'), ('LR', 0.1), ('decay', 0.0005), ('momentum', 0.9), ('nesterov', True), ('criterion', 'Softmax'), ('batch_size', 256), ('class_num', 100), ('xshape', (1, 3, 32, 32))])
Training State (finish) = True

<<<***>>> The 00/01-th seed is 111 <finish> other procedures need Time Left: [00:00:00]
