Start train-evaluate |nor_conv_1x1~0|+|nor_conv_1x1~0|skip_connect~1|+|avg_pool_3x3~0|none~1|nor_conv_3x3~2|
arch_config : {'channel': 16, 'num_cells': 5}

The 00/01-th seed is 111 ----------------------<.>----------------------
Does not find the existing file output/trofim-NST/specifics/LESS-|nor_conv_1x1~0|+|nor_conv_1x1~0|skip_connect~1|+|avg_pool_3x3~0|none~1|nor_conv_3x3~2|-16-5/seed-0111.pth, train and evaluate!
configs/nas-benchmark/LESS.config
Configure(scheduler='cos', eta_min=0.0, epochs=12, warmup=0, optim='SGD', LR=0.1, decay=0.0005, momentum=0.9, nesterov=True, criterion='Softmax', batch_size=256, class_num=100, xshape=(1, 3, 32, 32))
Evaluate ||||||| cifar100   ||||||| Train-Num=50000, Valid-Num=10000, Train-Loader-Num=196, Valid-Loader-Num=40, batch size=256
Evaluate ||||||| cifar100   ||||||| Config=Configure(scheduler='cos', eta_min=0.0, epochs=12, warmup=0, optim='SGD', LR=0.1, decay=0.0005, momentum=0.9, nesterov=True, criterion='Softmax', batch_size=256, class_num=100, xshape=(1, 3, 32, 32))
Evaluate ---->>>> ori-test   with 40 batchs
Evaluate ---->>>> x-valid    with 20 batchs
Evaluate ---->>>> x-test     with 20 batchs
[2020-10-15 14:27:24] Seed-------------------------- 111 --------------------------
FLOP = 51.04266 MB, Param = 0.378196 MB
[2020-10-15 14:27:48] Time Left: [00:04:22] epoch=000/012 :: Train [loss=2.77926, acc@1=8.17%, acc@5=25.72%] Valid [loss=-2.73751, acc@1=8.58%, acc@5=27.90%]
[2020-10-15 14:28:11] Time Left: [00:03:55] epoch=001/012 :: Train [loss=-6.44634, acc@1=20.97%, acc@5=49.98%] Valid [loss=-5.41769, acc@1=7.62%, acc@5=25.52%]
[2020-10-15 14:28:36] Time Left: [00:03:35] epoch=002/012 :: Train [loss=-8.41067, acc@1=30.05%, acc@5=62.47%] Valid [loss=-8.11590, acc@1=21.34%, acc@5=50.00%]
[2020-10-15 14:28:59] Time Left: [00:03:09] epoch=003/012 :: Train [loss=-9.36397, acc@1=37.26%, acc@5=70.26%] Valid [loss=-9.18006, acc@1=26.38%, acc@5=57.22%]
[2020-10-15 14:29:22] Time Left: [00:02:45] epoch=004/012 :: Train [loss=-9.97385, acc@1=41.97%, acc@5=74.95%] Valid [loss=-9.45565, acc@1=27.72%, acc@5=58.32%]
[2020-10-15 14:29:45] Time Left: [00:02:21] epoch=005/012 :: Train [loss=-10.41303, acc@1=46.10%, acc@5=78.37%] Valid [loss=-9.92677, acc@1=31.14%, acc@5=60.08%]
[2020-10-15 14:30:08] Time Left: [00:01:57] epoch=006/012 :: Train [loss=-10.72973, acc@1=49.23%, acc@5=80.90%] Valid [loss=-10.76492, acc@1=42.48%, acc@5=72.34%]
[2020-10-15 14:30:32] Time Left: [00:01:33] epoch=007/012 :: Train [loss=-10.98844, acc@1=52.31%, acc@5=82.81%] Valid [loss=-11.09938, acc@1=44.34%, acc@5=76.16%]
[2020-10-15 14:30:55] Time Left: [00:01:10] epoch=008/012 :: Train [loss=-11.19951, acc@1=55.33%, acc@5=84.92%] Valid [loss=-11.49771, acc@1=49.92%, acc@5=80.60%]
[2020-10-15 14:31:18] Time Left: [00:00:46] epoch=009/012 :: Train [loss=-11.36531, acc@1=57.99%, acc@5=86.42%] Valid [loss=-11.62477, acc@1=50.88%, acc@5=81.00%]
[2020-10-15 14:31:41] Time Left: [00:00:23] epoch=010/012 :: Train [loss=-11.49375, acc@1=59.95%, acc@5=87.71%] Valid [loss=-11.94420, acc@1=55.60%, acc@5=83.96%]
[2020-10-15 14:32:04] Time Left: [00:00:00] epoch=011/012 :: Train [loss=-11.57661, acc@1=61.90%, acc@5=88.56%] Valid [loss=-12.03907, acc@1=57.52%, acc@5=85.40%]
Python  Version  : 3.7.7 (default, Mar 26 2020, 15:48:22)  [GCC 7.3.0]
Pillow  Version  : 7.0.0
PyTorch Version  : 1.4.0
cuDNN   Version  : 7603
CUDA available   : True
CUDA GPU numbers : 1
CUDA_VISIBLE_DEVICES=0

--------------- dataset : cifar100 ---------------
Flops = 51.04266 MB, Params = 0.378196 MB
config : OrderedDict([('scheduler', 'cos'), ('eta_min', 0.0), ('epochs', 12), ('warmup', 0), ('optim', 'SGD'), ('LR', 0.1), ('decay', 0.0005), ('momentum', 0.9), ('nesterov', True), ('criterion', 'Softmax'), ('batch_size', 256), ('class_num', 100), ('xshape', (1, 3, 32, 32))])
Training State (finish) = True

<<<***>>> The 00/01-th seed is 111 <finish> other procedures need Time Left: [00:00:00]
