Start train-evaluate |avg_pool_3x3~0|+|nor_conv_1x1~0|nor_conv_3x3~1|+|nor_conv_3x3~0|nor_conv_3x3~1|nor_conv_1x1~2|
arch_config : {'channel': 16, 'num_cells': 5}

The 00/01-th seed is 111 ----------------------<.>----------------------
Does not find the existing file output/trofim-NST/specifics/LESS-|avg_pool_3x3~0|+|nor_conv_1x1~0|nor_conv_3x3~1|+|nor_conv_3x3~0|nor_conv_3x3~1|nor_conv_1x1~2|-16-5/seed-0111.pth, train and evaluate!
configs/nas-benchmark/LESS.config
Configure(scheduler='cos', eta_min=0.0, epochs=12, warmup=0, optim='SGD', LR=0.1, decay=0.0005, momentum=0.9, nesterov=True, criterion='Softmax', batch_size=256, class_num=100, xshape=(1, 3, 32, 32))
Evaluate ||||||| cifar100   ||||||| Train-Num=50000, Valid-Num=10000, Train-Loader-Num=196, Valid-Loader-Num=40, batch size=256
Evaluate ||||||| cifar100   ||||||| Config=Configure(scheduler='cos', eta_min=0.0, epochs=12, warmup=0, optim='SGD', LR=0.1, decay=0.0005, momentum=0.9, nesterov=True, criterion='Softmax', batch_size=256, class_num=100, xshape=(1, 3, 32, 32))
Evaluate ---->>>> ori-test   with 40 batchs
Evaluate ---->>>> x-valid    with 20 batchs
Evaluate ---->>>> x-test     with 20 batchs
[2020-10-15 13:34:42] Seed-------------------------- 111 --------------------------
FLOP = 121.82154 MB, Param = 0.864276 MB
[2020-10-15 13:35:14] Time Left: [00:05:48] epoch=000/012 :: Train [loss=-2.47992, acc@1=7.05%, acc@5=24.04%] Valid [loss=-7.29052, acc@1=9.56%, acc@5=32.22%]
[2020-10-15 13:35:45] Time Left: [00:05:14] epoch=001/012 :: Train [loss=-8.35313, acc@1=18.36%, acc@5=47.97%] Valid [loss=-8.95628, acc@1=17.42%, acc@5=44.66%]
[2020-10-15 13:36:18] Time Left: [00:04:48] epoch=002/012 :: Train [loss=-9.64642, acc@1=27.09%, acc@5=60.15%] Valid [loss=-10.11125, acc@1=24.10%, acc@5=56.40%]
[2020-10-15 13:36:49] Time Left: [00:04:15] epoch=003/012 :: Train [loss=-10.37989, acc@1=33.65%, acc@5=67.63%] Valid [loss=-10.08992, acc@1=23.06%, acc@5=54.50%]
[2020-10-15 13:37:21] Time Left: [00:03:42] epoch=004/012 :: Train [loss=-10.80651, acc@1=38.31%, acc@5=72.52%] Valid [loss=-10.40013, acc@1=25.08%, acc@5=55.46%]
[2020-10-15 13:37:52] Time Left: [00:03:10] epoch=005/012 :: Train [loss=-11.12399, acc@1=42.90%, acc@5=76.13%] Valid [loss=-11.13428, acc@1=35.22%, acc@5=67.78%]
[2020-10-15 13:38:24] Time Left: [00:02:38] epoch=006/012 :: Train [loss=-11.38329, acc@1=46.41%, acc@5=79.06%] Valid [loss=-11.74162, acc@1=42.30%, acc@5=75.42%]
[2020-10-15 13:38:55] Time Left: [00:02:06] epoch=007/012 :: Train [loss=-11.58711, acc@1=49.59%, acc@5=81.17%] Valid [loss=-11.66906, acc@1=39.90%, acc@5=71.52%]
[2020-10-15 13:39:27] Time Left: [00:01:34] epoch=008/012 :: Train [loss=-11.77201, acc@1=52.47%, acc@5=83.53%] Valid [loss=-12.06274, acc@1=46.24%, acc@5=78.78%]
[2020-10-15 13:39:58] Time Left: [00:01:03] epoch=009/012 :: Train [loss=-11.92959, acc@1=55.66%, acc@5=85.11%] Valid [loss=-12.40270, acc@1=51.28%, acc@5=82.02%]
[2020-10-15 13:40:30] Time Left: [00:00:31] epoch=010/012 :: Train [loss=-12.05467, acc@1=58.01%, acc@5=86.74%] Valid [loss=-12.55507, acc@1=53.62%, acc@5=83.74%]
[2020-10-15 13:41:01] Time Left: [00:00:00] epoch=011/012 :: Train [loss=-12.13672, acc@1=59.72%, acc@5=87.69%] Valid [loss=-12.65441, acc@1=54.96%, acc@5=84.78%]
Python  Version  : 3.7.7 (default, Mar 26 2020, 15:48:22)  [GCC 7.3.0]
Pillow  Version  : 7.0.0
PyTorch Version  : 1.4.0
cuDNN   Version  : 7603
CUDA available   : True
CUDA GPU numbers : 1
CUDA_VISIBLE_DEVICES=0

--------------- dataset : cifar100 ---------------
Flops = 121.82154 MB, Params = 0.864276 MB
config : OrderedDict([('scheduler', 'cos'), ('eta_min', 0.0), ('epochs', 12), ('warmup', 0), ('optim', 'SGD'), ('LR', 0.1), ('decay', 0.0005), ('momentum', 0.9), ('nesterov', True), ('criterion', 'Softmax'), ('batch_size', 256), ('class_num', 100), ('xshape', (1, 3, 32, 32))])
Training State (finish) = True

<<<***>>> The 00/01-th seed is 111 <finish> other procedures need Time Left: [00:00:00]
