Start train-evaluate |nor_conv_3x3~0|+|none~0|nor_conv_1x1~1|+|avg_pool_3x3~0|nor_conv_3x3~1|nor_conv_1x1~2|
arch_config : {'channel': 16, 'num_cells': 5}

The 00/01-th seed is 111 ----------------------<.>----------------------
Does not find the existing file output/trofim-NST/specifics/LESS-|nor_conv_3x3~0|+|none~0|nor_conv_1x1~1|+|avg_pool_3x3~0|nor_conv_3x3~1|nor_conv_1x1~2|-16-5/seed-0111.pth, train and evaluate!
configs/nas-benchmark/LESS.config
Configure(scheduler='cos', eta_min=0.0, epochs=12, warmup=0, optim='SGD', LR=0.1, decay=0.0005, momentum=0.9, nesterov=True, criterion='Softmax', batch_size=256, class_num=100, xshape=(1, 3, 32, 32))
Evaluate ||||||| cifar100   ||||||| Train-Num=50000, Valid-Num=10000, Train-Loader-Num=196, Valid-Loader-Num=40, batch size=256
Evaluate ||||||| cifar100   ||||||| Config=Configure(scheduler='cos', eta_min=0.0, epochs=12, warmup=0, optim='SGD', LR=0.1, decay=0.0005, momentum=0.9, nesterov=True, criterion='Softmax', batch_size=256, class_num=100, xshape=(1, 3, 32, 32))
Evaluate ---->>>> ori-test   with 40 batchs
Evaluate ---->>>> x-valid    with 20 batchs
Evaluate ---->>>> x-test     with 20 batchs
[2020-10-15 14:09:01] Seed-------------------------- 111 --------------------------
FLOP = 86.4321 MB, Param = 0.621236 MB
[2020-10-15 14:09:28] Time Left: [00:05:03] epoch=000/012 :: Train [loss=0.46509, acc@1=9.09%, acc@5=27.53%] Valid [loss=-3.77328, acc@1=10.08%, acc@5=29.82%]
[2020-10-15 14:09:55] Time Left: [00:04:33] epoch=001/012 :: Train [loss=-7.17608, acc@1=23.27%, acc@5=53.30%] Valid [loss=-7.55794, acc@1=18.96%, acc@5=46.42%]
[2020-10-15 14:10:22] Time Left: [00:04:05] epoch=002/012 :: Train [loss=-8.85828, acc@1=33.18%, acc@5=66.12%] Valid [loss=-7.28970, acc@1=16.50%, acc@5=37.32%]
[2020-10-15 14:10:49] Time Left: [00:03:37] epoch=003/012 :: Train [loss=-9.65265, acc@1=39.22%, acc@5=72.37%] Valid [loss=-7.26809, acc@1=14.06%, acc@5=36.24%]
[2020-10-15 14:11:17] Time Left: [00:03:10] epoch=004/012 :: Train [loss=-10.27154, acc@1=44.09%, acc@5=76.44%] Valid [loss=-8.59128, acc@1=18.50%, acc@5=43.90%]
[2020-10-15 14:11:44] Time Left: [00:02:43] epoch=005/012 :: Train [loss=-10.78712, acc@1=48.18%, acc@5=79.89%] Valid [loss=-9.52146, acc@1=26.88%, acc@5=56.48%]
[2020-10-15 14:12:11] Time Left: [00:02:15] epoch=006/012 :: Train [loss=-11.16648, acc@1=51.76%, acc@5=82.51%] Valid [loss=-8.79214, acc@1=22.30%, acc@5=52.00%]
[2020-10-15 14:12:38] Time Left: [00:01:48] epoch=007/012 :: Train [loss=-11.45803, acc@1=54.52%, acc@5=84.46%] Valid [loss=-10.66905, acc@1=34.88%, acc@5=66.20%]
[2020-10-15 14:13:05] Time Left: [00:01:21] epoch=008/012 :: Train [loss=-11.69203, acc@1=57.81%, acc@5=86.54%] Valid [loss=-11.73552, acc@1=46.86%, acc@5=78.32%]
[2020-10-15 14:13:32] Time Left: [00:00:54] epoch=009/012 :: Train [loss=-11.87181, acc@1=60.89%, acc@5=88.20%] Valid [loss=-12.21671, acc@1=53.44%, acc@5=83.22%]
[2020-10-15 14:13:59] Time Left: [00:00:27] epoch=010/012 :: Train [loss=-12.00591, acc@1=63.55%, acc@5=89.59%] Valid [loss=-12.48332, acc@1=58.54%, acc@5=85.78%]
[2020-10-15 14:14:26] Time Left: [00:00:00] epoch=011/012 :: Train [loss=-12.10008, acc@1=65.09%, acc@5=90.63%] Valid [loss=-12.57021, acc@1=59.90%, acc@5=86.98%]
Python  Version  : 3.7.7 (default, Mar 26 2020, 15:48:22)  [GCC 7.3.0]
Pillow  Version  : 7.0.0
PyTorch Version  : 1.4.0
cuDNN   Version  : 7603
CUDA available   : True
CUDA GPU numbers : 1
CUDA_VISIBLE_DEVICES=0

--------------- dataset : cifar100 ---------------
Flops = 86.4321 MB, Params = 0.621236 MB
config : OrderedDict([('scheduler', 'cos'), ('eta_min', 0.0), ('epochs', 12), ('warmup', 0), ('optim', 'SGD'), ('LR', 0.1), ('decay', 0.0005), ('momentum', 0.9), ('nesterov', True), ('criterion', 'Softmax'), ('batch_size', 256), ('class_num', 100), ('xshape', (1, 3, 32, 32))])
Training State (finish) = True

<<<***>>> The 00/01-th seed is 111 <finish> other procedures need Time Left: [00:00:00]
