Start train-evaluate |none~0|+|skip_connect~0|nor_conv_3x3~1|+|none~0|nor_conv_1x1~1|avg_pool_3x3~2|
arch_config : {'channel': 16, 'num_cells': 5}

The 00/01-th seed is 111 ----------------------<.>----------------------
Does not find the existing file output/trofim-NST/specifics/LESS-|none~0|+|skip_connect~0|nor_conv_3x3~1|+|none~0|nor_conv_1x1~1|avg_pool_3x3~2|-16-5/seed-0111.pth, train and evaluate!
configs/nas-benchmark/LESS.config
Configure(scheduler='cos', eta_min=0.0, epochs=12, warmup=0, optim='SGD', LR=0.1, decay=0.0005, momentum=0.9, nesterov=True, criterion='Softmax', batch_size=256, class_num=100, xshape=(1, 3, 32, 32))
Evaluate ||||||| cifar100   ||||||| Train-Num=50000, Valid-Num=10000, Train-Loader-Num=196, Valid-Loader-Num=40, batch size=256
Evaluate ||||||| cifar100   ||||||| Config=Configure(scheduler='cos', eta_min=0.0, epochs=12, warmup=0, optim='SGD', LR=0.1, decay=0.0005, momentum=0.9, nesterov=True, criterion='Softmax', batch_size=256, class_num=100, xshape=(1, 3, 32, 32))
Evaluate ---->>>> ori-test   with 40 batchs
Evaluate ---->>>> x-valid    with 20 batchs
Evaluate ---->>>> x-test     with 20 batchs
[2020-10-15 13:26:28] Seed-------------------------- 111 --------------------------
FLOP = 47.1105 MB, Param = 0.350196 MB
[2020-10-15 13:26:49] Time Left: [00:03:46] epoch=000/012 :: Train [loss=41.35081, acc@1=2.74%, acc@5=11.09%] Valid [loss=35.60698, acc@1=3.12%, acc@5=10.94%]
[2020-10-15 13:27:09] Time Left: [00:03:23] epoch=001/012 :: Train [loss=24.68998, acc@1=3.93%, acc@5=15.59%] Valid [loss=16.82302, acc@1=3.98%, acc@5=15.48%]
[2020-10-15 13:27:29] Time Left: [00:03:02] epoch=002/012 :: Train [loss=15.36116, acc@1=4.53%, acc@5=17.58%] Valid [loss=13.52360, acc@1=4.78%, acc@5=17.56%]
[2020-10-15 13:27:49] Time Left: [00:02:41] epoch=003/012 :: Train [loss=12.18428, acc@1=5.33%, acc@5=19.69%] Valid [loss=10.27848, acc@1=4.04%, acc@5=15.96%]
[2020-10-15 13:28:09] Time Left: [00:02:21] epoch=004/012 :: Train [loss=8.41496, acc@1=6.59%, acc@5=23.05%] Valid [loss=7.45762, acc@1=5.82%, acc@5=19.52%]
[2020-10-15 13:28:31] Time Left: [00:02:02] epoch=005/012 :: Train [loss=6.26893, acc@1=9.05%, acc@5=27.76%] Valid [loss=7.09055, acc@1=4.22%, acc@5=14.24%]
[2020-10-15 13:28:51] Time Left: [00:01:41] epoch=006/012 :: Train [loss=4.97543, acc@1=11.23%, acc@5=32.94%] Valid [loss=4.87089, acc@1=7.54%, acc@5=25.00%]
[2020-10-15 13:29:11] Time Left: [00:01:21] epoch=007/012 :: Train [loss=4.14215, acc@1=13.48%, acc@5=37.31%] Valid [loss=3.85017, acc@1=10.90%, acc@5=32.42%]
[2020-10-15 13:29:31] Time Left: [00:01:00] epoch=008/012 :: Train [loss=3.62019, acc@1=15.58%, acc@5=40.76%] Valid [loss=3.26482, acc@1=14.88%, acc@5=38.28%]
[2020-10-15 13:29:51] Time Left: [00:00:40] epoch=009/012 :: Train [loss=3.30248, acc@1=17.56%, acc@5=43.65%] Valid [loss=2.97846, acc@1=14.90%, acc@5=40.48%]
[2020-10-15 13:30:12] Time Left: [00:00:20] epoch=010/012 :: Train [loss=3.11081, acc@1=18.37%, acc@5=45.32%] Valid [loss=2.64897, acc@1=17.72%, acc@5=43.42%]
[2020-10-15 13:30:32] Time Left: [00:00:00] epoch=011/012 :: Train [loss=3.02825, acc@1=19.49%, acc@5=46.19%] Valid [loss=2.55900, acc@1=19.14%, acc@5=44.10%]
Python  Version  : 3.7.7 (default, Mar 26 2020, 15:48:22)  [GCC 7.3.0]
Pillow  Version  : 7.0.0
PyTorch Version  : 1.4.0
cuDNN   Version  : 7603
CUDA available   : True
CUDA GPU numbers : 1
CUDA_VISIBLE_DEVICES=0

--------------- dataset : cifar100 ---------------
Flops = 47.1105 MB, Params = 0.350196 MB
config : OrderedDict([('scheduler', 'cos'), ('eta_min', 0.0), ('epochs', 12), ('warmup', 0), ('optim', 'SGD'), ('LR', 0.1), ('decay', 0.0005), ('momentum', 0.9), ('nesterov', True), ('criterion', 'Softmax'), ('batch_size', 256), ('class_num', 100), ('xshape', (1, 3, 32, 32))])
Training State (finish) = True

<<<***>>> The 00/01-th seed is 111 <finish> other procedures need Time Left: [00:00:00]
