Start train-evaluate |skip_connect~0|+|nor_conv_1x1~0|none~1|+|nor_conv_3x3~0|skip_connect~1|skip_connect~2|
arch_config : {'channel': 16, 'num_cells': 5}

The 00/01-th seed is 111 ----------------------<.>----------------------
Does not find the existing file output/trofim-NST/specifics/LESS-|skip_connect~0|+|nor_conv_1x1~0|none~1|+|nor_conv_3x3~0|skip_connect~1|skip_connect~2|-16-5/seed-0111.pth, train and evaluate!
configs/nas-benchmark/LESS.config
Configure(scheduler='cos', eta_min=0.0, epochs=12, warmup=0, optim='SGD', LR=0.1, decay=0.0005, momentum=0.9, nesterov=True, criterion='Softmax', batch_size=256, class_num=100, xshape=(1, 3, 32, 32))
Evaluate ||||||| cifar100   ||||||| Train-Num=50000, Valid-Num=10000, Train-Loader-Num=196, Valid-Loader-Num=40, batch size=256
Evaluate ||||||| cifar100   ||||||| Config=Configure(scheduler='cos', eta_min=0.0, epochs=12, warmup=0, optim='SGD', LR=0.1, decay=0.0005, momentum=0.9, nesterov=True, criterion='Softmax', batch_size=256, class_num=100, xshape=(1, 3, 32, 32))
Evaluate ---->>>> ori-test   with 40 batchs
Evaluate ---->>>> x-valid    with 20 batchs
Evaluate ---->>>> x-test     with 20 batchs
[2020-10-15 14:26:43] Seed-------------------------- 111 --------------------------
FLOP = 47.1105 MB, Param = 0.350196 MB
[2020-10-15 14:27:02] Time Left: [00:03:32] epoch=000/012 :: Train [loss=-2.19535, acc@1=8.17%, acc@5=25.31%] Valid [loss=-6.39264, acc@1=8.96%, acc@5=27.68%]
[2020-10-15 14:27:21] Time Left: [00:03:12] epoch=001/012 :: Train [loss=-8.06876, acc@1=22.80%, acc@5=53.54%] Valid [loss=-8.48542, acc@1=20.02%, acc@5=50.30%]
[2020-10-15 14:27:40] Time Left: [00:02:52] epoch=002/012 :: Train [loss=-9.45047, acc@1=33.00%, acc@5=66.18%] Valid [loss=-9.96860, acc@1=28.90%, acc@5=63.22%]
[2020-10-15 14:28:01] Time Left: [00:02:35] epoch=003/012 :: Train [loss=-10.22714, acc@1=39.54%, acc@5=73.10%] Valid [loss=-10.47391, acc@1=33.00%, acc@5=68.46%]
[2020-10-15 14:28:20] Time Left: [00:02:15] epoch=004/012 :: Train [loss=-10.72052, acc@1=44.28%, acc@5=76.76%] Valid [loss=-11.09817, acc@1=38.32%, acc@5=71.72%]
[2020-10-15 14:28:39] Time Left: [00:01:56] epoch=005/012 :: Train [loss=-11.07637, acc@1=47.63%, acc@5=79.69%] Valid [loss=-11.43142, acc@1=42.48%, acc@5=75.30%]
[2020-10-15 14:28:58] Time Left: [00:01:36] epoch=006/012 :: Train [loss=-11.33523, acc@1=50.75%, acc@5=81.76%] Valid [loss=-11.53428, acc@1=41.66%, acc@5=74.10%]
[2020-10-15 14:29:18] Time Left: [00:01:17] epoch=007/012 :: Train [loss=-11.55013, acc@1=53.29%, acc@5=83.76%] Valid [loss=-11.94752, acc@1=48.16%, acc@5=80.32%]
[2020-10-15 14:29:37] Time Left: [00:00:57] epoch=008/012 :: Train [loss=-11.71629, acc@1=55.80%, acc@5=85.18%] Valid [loss=-12.06647, acc@1=49.82%, acc@5=80.38%]
[2020-10-15 14:29:56] Time Left: [00:00:38] epoch=009/012 :: Train [loss=-11.85579, acc@1=58.24%, acc@5=86.71%] Valid [loss=-12.44659, acc@1=54.46%, acc@5=84.32%]
[2020-10-15 14:30:15] Time Left: [00:00:19] epoch=010/012 :: Train [loss=-11.95497, acc@1=59.89%, acc@5=87.71%] Valid [loss=-12.51361, acc@1=56.44%, acc@5=84.96%]
[2020-10-15 14:30:35] Time Left: [00:00:00] epoch=011/012 :: Train [loss=-12.01961, acc@1=61.32%, acc@5=88.47%] Valid [loss=-12.58680, acc@1=57.50%, acc@5=85.82%]
Python  Version  : 3.7.7 (default, Mar 26 2020, 15:48:22)  [GCC 7.3.0]
Pillow  Version  : 7.0.0
PyTorch Version  : 1.4.0
cuDNN   Version  : 7603
CUDA available   : True
CUDA GPU numbers : 1
CUDA_VISIBLE_DEVICES=0

--------------- dataset : cifar100 ---------------
Flops = 47.1105 MB, Params = 0.350196 MB
config : OrderedDict([('scheduler', 'cos'), ('eta_min', 0.0), ('epochs', 12), ('warmup', 0), ('optim', 'SGD'), ('LR', 0.1), ('decay', 0.0005), ('momentum', 0.9), ('nesterov', True), ('criterion', 'Softmax'), ('batch_size', 256), ('class_num', 100), ('xshape', (1, 3, 32, 32))])
Training State (finish) = True

<<<***>>> The 00/01-th seed is 111 <finish> other procedures need Time Left: [00:00:00]
