Start train-evaluate |avg_pool_3x3~0|+|nor_conv_3x3~0|nor_conv_3x3~1|+|avg_pool_3x3~0|avg_pool_3x3~1|avg_pool_3x3~2|
arch_config : {'channel': 16, 'num_cells': 5}

The 00/01-th seed is 111 ----------------------<.>----------------------
Does not find the existing file output/trofim-NST/specifics/LESS-|avg_pool_3x3~0|+|nor_conv_3x3~0|nor_conv_3x3~1|+|avg_pool_3x3~0|avg_pool_3x3~1|avg_pool_3x3~2|-16-5/seed-0111.pth, train and evaluate!
configs/nas-benchmark/LESS.config
Configure(scheduler='cos', eta_min=0.0, epochs=12, warmup=0, optim='SGD', LR=0.1, decay=0.0005, momentum=0.9, nesterov=True, criterion='Softmax', batch_size=256, class_num=100, xshape=(1, 3, 32, 32))
Evaluate ||||||| cifar100   ||||||| Train-Num=50000, Valid-Num=10000, Train-Loader-Num=196, Valid-Loader-Num=40, batch size=256
Evaluate ||||||| cifar100   ||||||| Config=Configure(scheduler='cos', eta_min=0.0, epochs=12, warmup=0, optim='SGD', LR=0.1, decay=0.0005, momentum=0.9, nesterov=True, criterion='Softmax', batch_size=256, class_num=100, xshape=(1, 3, 32, 32))
Evaluate ---->>>> ori-test   with 40 batchs
Evaluate ---->>>> x-valid    with 20 batchs
Evaluate ---->>>> x-test     with 20 batchs
[2020-10-15 13:13:44] Seed-------------------------- 111 --------------------------
FLOP = 78.56778 MB, Param = 0.565236 MB
[2020-10-15 13:14:07] Time Left: [00:04:18] epoch=000/012 :: Train [loss=15.07326, acc@1=4.51%, acc@5=16.50%] Valid [loss=10.60195, acc@1=4.74%, acc@5=17.92%]
[2020-10-15 13:14:30] Time Left: [00:03:54] epoch=001/012 :: Train [loss=7.12162, acc@1=7.13%, acc@5=24.55%] Valid [loss=8.29445, acc@1=4.96%, acc@5=17.30%]
[2020-10-15 13:14:54] Time Left: [00:03:30] epoch=002/012 :: Train [loss=4.57020, acc@1=9.09%, acc@5=28.82%] Valid [loss=5.35728, acc@1=4.48%, acc@5=17.36%]
[2020-10-15 13:15:17] Time Left: [00:03:06] epoch=003/012 :: Train [loss=3.29773, acc@1=11.19%, acc@5=32.85%] Valid [loss=3.92619, acc@1=6.82%, acc@5=21.00%]
[2020-10-15 13:15:40] Time Left: [00:02:43] epoch=004/012 :: Train [loss=2.60047, acc@1=12.61%, acc@5=35.59%] Valid [loss=5.33216, acc@1=4.16%, acc@5=15.94%]
[2020-10-15 13:16:03] Time Left: [00:02:19] epoch=005/012 :: Train [loss=1.92972, acc@1=13.94%, acc@5=37.82%] Valid [loss=9.28793, acc@1=4.24%, acc@5=15.62%]
[2020-10-15 13:16:27] Time Left: [00:01:56] epoch=006/012 :: Train [loss=1.29094, acc@1=14.96%, acc@5=39.65%] Valid [loss=6.31375, acc@1=2.66%, acc@5=11.76%]
[2020-10-15 13:16:50] Time Left: [00:01:33] epoch=007/012 :: Train [loss=0.75301, acc@1=16.15%, acc@5=41.19%] Valid [loss=3.32405, acc@1=5.46%, acc@5=18.04%]
[2020-10-15 13:17:13] Time Left: [00:01:09] epoch=008/012 :: Train [loss=0.33814, acc@1=17.26%, acc@5=42.85%] Valid [loss=1.55309, acc@1=9.42%, acc@5=29.74%]
[2020-10-15 13:17:36] Time Left: [00:00:46] epoch=009/012 :: Train [loss=-0.02429, acc@1=18.39%, acc@5=44.88%] Valid [loss=1.26418, acc@1=7.82%, acc@5=26.74%]
[2020-10-15 13:18:00] Time Left: [00:00:23] epoch=010/012 :: Train [loss=-0.22046, acc@1=19.11%, acc@5=45.71%] Valid [loss=0.52053, acc@1=10.88%, acc@5=30.68%]
[2020-10-15 13:18:23] Time Left: [00:00:00] epoch=011/012 :: Train [loss=-0.31327, acc@1=19.80%, acc@5=46.71%] Valid [loss=-0.23671, acc@1=16.82%, acc@5=42.58%]
Python  Version  : 3.7.7 (default, Mar 26 2020, 15:48:22)  [GCC 7.3.0]
Pillow  Version  : 7.0.0
PyTorch Version  : 1.4.0
cuDNN   Version  : 7603
CUDA available   : True
CUDA GPU numbers : 1
CUDA_VISIBLE_DEVICES=0

--------------- dataset : cifar100 ---------------
Flops = 78.56778 MB, Params = 0.565236 MB
config : OrderedDict([('scheduler', 'cos'), ('eta_min', 0.0), ('epochs', 12), ('warmup', 0), ('optim', 'SGD'), ('LR', 0.1), ('decay', 0.0005), ('momentum', 0.9), ('nesterov', True), ('criterion', 'Softmax'), ('batch_size', 256), ('class_num', 100), ('xshape', (1, 3, 32, 32))])
Training State (finish) = True

<<<***>>> The 00/01-th seed is 111 <finish> other procedures need Time Left: [00:00:00]
