Start train-evaluate |nor_conv_1x1~0|+|none~0|none~1|+|none~0|nor_conv_1x1~1|none~2|
arch_config : {'channel': 16, 'num_cells': 5}

The 00/01-th seed is 111 ----------------------<.>----------------------
Does not find the existing file output/trofim-NST/specifics/LESS-|nor_conv_1x1~0|+|none~0|none~1|+|none~0|nor_conv_1x1~1|none~2|-16-5/seed-0111.pth, train and evaluate!
configs/nas-benchmark/LESS.config
Configure(scheduler='cos', eta_min=0.0, epochs=12, warmup=0, optim='SGD', LR=0.1, decay=0.0005, momentum=0.9, nesterov=True, criterion='Softmax', batch_size=256, class_num=100, xshape=(1, 3, 32, 32))
Evaluate ||||||| cifar100   ||||||| Train-Num=50000, Valid-Num=10000, Train-Loader-Num=196, Valid-Loader-Num=40, batch size=256
Evaluate ||||||| cifar100   ||||||| Config=Configure(scheduler='cos', eta_min=0.0, epochs=12, warmup=0, optim='SGD', LR=0.1, decay=0.0005, momentum=0.9, nesterov=True, criterion='Softmax', batch_size=256, class_num=100, xshape=(1, 3, 32, 32))
Evaluate ---->>>> ori-test   with 40 batchs
Evaluate ---->>>> x-valid    with 20 batchs
Evaluate ---->>>> x-test     with 20 batchs
[2020-10-15 14:14:31] Seed-------------------------- 111 --------------------------
FLOP = 15.65322 MB, Param = 0.135156 MB
[2020-10-15 14:14:50] Time Left: [00:03:27] epoch=000/012 :: Train [loss=-0.47313, acc@1=4.81%, acc@5=17.66%] Valid [loss=-0.86290, acc@1=5.18%, acc@5=20.38%]
[2020-10-15 14:15:09] Time Left: [00:03:07] epoch=001/012 :: Train [loss=-4.95508, acc@1=12.42%, acc@5=36.52%] Valid [loss=-4.44224, acc@1=9.40%, acc@5=29.10%]
[2020-10-15 14:15:27] Time Left: [00:02:48] epoch=002/012 :: Train [loss=-6.35042, acc@1=18.16%, acc@5=46.93%] Valid [loss=-4.52760, acc@1=11.06%, acc@5=32.90%]
[2020-10-15 14:15:46] Time Left: [00:02:28] epoch=003/012 :: Train [loss=-7.08935, acc@1=22.71%, acc@5=53.55%] Valid [loss=-6.84260, acc@1=15.74%, acc@5=41.68%]
[2020-10-15 14:16:04] Time Left: [00:02:10] epoch=004/012 :: Train [loss=-7.53803, acc@1=26.24%, acc@5=58.31%] Valid [loss=-6.71041, acc@1=17.92%, acc@5=46.02%]
[2020-10-15 14:16:23] Time Left: [00:01:51] epoch=005/012 :: Train [loss=-7.89037, acc@1=29.04%, acc@5=62.15%] Valid [loss=-6.67496, acc@1=19.42%, acc@5=49.24%]
[2020-10-15 14:16:42] Time Left: [00:01:33] epoch=006/012 :: Train [loss=-8.17714, acc@1=31.85%, acc@5=65.13%] Valid [loss=-5.84988, acc@1=20.44%, acc@5=48.82%]
[2020-10-15 14:17:00] Time Left: [00:01:14] epoch=007/012 :: Train [loss=-8.40044, acc@1=34.38%, acc@5=67.44%] Valid [loss=-8.21051, acc@1=25.82%, acc@5=58.14%]
[2020-10-15 14:17:19] Time Left: [00:00:55] epoch=008/012 :: Train [loss=-8.59855, acc@1=36.86%, acc@5=69.58%] Valid [loss=-8.62720, acc@1=33.08%, acc@5=64.60%]
[2020-10-15 14:17:38] Time Left: [00:00:37] epoch=009/012 :: Train [loss=-8.74291, acc@1=38.28%, acc@5=71.43%] Valid [loss=-9.03676, acc@1=37.44%, acc@5=70.10%]
[2020-10-15 14:17:56] Time Left: [00:00:18] epoch=010/012 :: Train [loss=-8.84922, acc@1=40.19%, acc@5=73.11%] Valid [loss=-9.15125, acc@1=39.78%, acc@5=71.38%]
[2020-10-15 14:18:15] Time Left: [00:00:00] epoch=011/012 :: Train [loss=-8.90843, acc@1=41.53%, acc@5=73.75%] Valid [loss=-9.25185, acc@1=40.68%, acc@5=73.08%]
Python  Version  : 3.7.7 (default, Mar 26 2020, 15:48:22)  [GCC 7.3.0]
Pillow  Version  : 7.0.0
PyTorch Version  : 1.4.0
cuDNN   Version  : 7603
CUDA available   : True
CUDA GPU numbers : 1
CUDA_VISIBLE_DEVICES=0

--------------- dataset : cifar100 ---------------
Flops = 15.65322 MB, Params = 0.135156 MB
config : OrderedDict([('scheduler', 'cos'), ('eta_min', 0.0), ('epochs', 12), ('warmup', 0), ('optim', 'SGD'), ('LR', 0.1), ('decay', 0.0005), ('momentum', 0.9), ('nesterov', True), ('criterion', 'Softmax'), ('batch_size', 256), ('class_num', 100), ('xshape', (1, 3, 32, 32))])
Training State (finish) = True

<<<***>>> The 00/01-th seed is 111 <finish> other procedures need Time Left: [00:00:00]
