Start train-evaluate |avg_pool_3x3~0|+|skip_connect~0|nor_conv_1x1~1|+|avg_pool_3x3~0|avg_pool_3x3~1|nor_conv_3x3~2|
arch_config : {'channel': 16, 'num_cells': 5}

The 00/01-th seed is 111 ----------------------<.>----------------------
Does not find the existing file output/trofim-NST/specifics/LESS-|avg_pool_3x3~0|+|skip_connect~0|nor_conv_1x1~1|+|avg_pool_3x3~0|avg_pool_3x3~1|nor_conv_3x3~2|-16-5/seed-0111.pth, train and evaluate!
configs/nas-benchmark/LESS.config
Configure(scheduler='cos', eta_min=0.0, epochs=12, warmup=0, optim='SGD', LR=0.1, decay=0.0005, momentum=0.9, nesterov=True, criterion='Softmax', batch_size=256, class_num=100, xshape=(1, 3, 32, 32))
Evaluate ||||||| cifar100   ||||||| Train-Num=50000, Valid-Num=10000, Train-Loader-Num=196, Valid-Loader-Num=40, batch size=256
Evaluate ||||||| cifar100   ||||||| Config=Configure(scheduler='cos', eta_min=0.0, epochs=12, warmup=0, optim='SGD', LR=0.1, decay=0.0005, momentum=0.9, nesterov=True, criterion='Softmax', batch_size=256, class_num=100, xshape=(1, 3, 32, 32))
Evaluate ---->>>> ori-test   with 40 batchs
Evaluate ---->>>> x-valid    with 20 batchs
Evaluate ---->>>> x-test     with 20 batchs
[2020-10-15 14:08:17] Seed-------------------------- 111 --------------------------
FLOP = 47.1105 MB, Param = 0.350196 MB
[2020-10-15 14:08:40] Time Left: [00:04:10] epoch=000/012 :: Train [loss=13.57874, acc@1=3.99%, acc@5=15.12%] Valid [loss=11.66213, acc@1=2.88%, acc@5=13.24%]
[2020-10-15 14:09:02] Time Left: [00:03:41] epoch=001/012 :: Train [loss=5.39575, acc@1=7.72%, acc@5=25.77%] Valid [loss=5.26948, acc@1=5.52%, acc@5=18.56%]
[2020-10-15 14:09:23] Time Left: [00:03:17] epoch=002/012 :: Train [loss=2.20231, acc@1=9.85%, acc@5=30.15%] Valid [loss=1.14874, acc@1=6.18%, acc@5=23.86%]
[2020-10-15 14:09:45] Time Left: [00:02:54] epoch=003/012 :: Train [loss=0.29480, acc@1=11.49%, acc@5=33.49%] Valid [loss=-0.23151, acc@1=6.58%, acc@5=23.90%]
[2020-10-15 14:10:06] Time Left: [00:02:32] epoch=004/012 :: Train [loss=-1.25761, acc@1=14.26%, acc@5=38.50%] Valid [loss=-0.88797, acc@1=9.30%, acc@5=28.60%]
[2020-10-15 14:10:28] Time Left: [00:02:10] epoch=005/012 :: Train [loss=-1.98795, acc@1=16.11%, acc@5=41.55%] Valid [loss=-1.70355, acc@1=11.12%, acc@5=33.06%]
[2020-10-15 14:10:49] Time Left: [00:01:48] epoch=006/012 :: Train [loss=-2.55054, acc@1=17.53%, acc@5=44.13%] Valid [loss=-2.67870, acc@1=13.34%, acc@5=37.36%]
[2020-10-15 14:11:11] Time Left: [00:01:26] epoch=007/012 :: Train [loss=-2.96850, acc@1=18.74%, acc@5=46.14%] Valid [loss=-1.34330, acc@1=10.72%, acc@5=31.30%]
[2020-10-15 14:11:32] Time Left: [00:01:05] epoch=008/012 :: Train [loss=-3.43788, acc@1=19.94%, acc@5=47.96%] Valid [loss=-3.24213, acc@1=14.22%, acc@5=38.90%]
[2020-10-15 14:11:54] Time Left: [00:00:43] epoch=009/012 :: Train [loss=-3.82428, acc@1=20.89%, acc@5=49.70%] Valid [loss=-3.86372, acc@1=18.16%, acc@5=45.72%]
[2020-10-15 14:12:16] Time Left: [00:00:21] epoch=010/012 :: Train [loss=-4.10341, acc@1=21.90%, acc@5=50.91%] Valid [loss=-4.16548, acc@1=20.00%, acc@5=47.50%]
[2020-10-15 14:12:37] Time Left: [00:00:00] epoch=011/012 :: Train [loss=-4.24142, acc@1=22.43%, acc@5=51.49%] Valid [loss=-4.36788, acc@1=21.52%, acc@5=50.56%]
Python  Version  : 3.7.7 (default, Mar 26 2020, 15:48:22)  [GCC 7.3.0]
Pillow  Version  : 7.0.0
PyTorch Version  : 1.4.0
cuDNN   Version  : 7603
CUDA available   : True
CUDA GPU numbers : 1
CUDA_VISIBLE_DEVICES=0

--------------- dataset : cifar100 ---------------
Flops = 47.1105 MB, Params = 0.350196 MB
config : OrderedDict([('scheduler', 'cos'), ('eta_min', 0.0), ('epochs', 12), ('warmup', 0), ('optim', 'SGD'), ('LR', 0.1), ('decay', 0.0005), ('momentum', 0.9), ('nesterov', True), ('criterion', 'Softmax'), ('batch_size', 256), ('class_num', 100), ('xshape', (1, 3, 32, 32))])
Training State (finish) = True

<<<***>>> The 00/01-th seed is 111 <finish> other procedures need Time Left: [00:00:00]
