Start train-evaluate |nor_conv_1x1~0|+|avg_pool_3x3~0|skip_connect~1|+|nor_conv_3x3~0|nor_conv_3x3~1|nor_conv_3x3~2|
arch_config : {'channel': 16, 'num_cells': 5}

The 00/01-th seed is 111 ----------------------<.>----------------------
Does not find the existing file output/trofim-NST/specifics/LESS-|nor_conv_1x1~0|+|avg_pool_3x3~0|skip_connect~1|+|nor_conv_3x3~0|nor_conv_3x3~1|nor_conv_3x3~2|-16-5/seed-0111.pth, train and evaluate!
configs/nas-benchmark/LESS.config
Configure(scheduler='cos', eta_min=0.0, epochs=12, warmup=0, optim='SGD', LR=0.1, decay=0.0005, momentum=0.9, nesterov=True, criterion='Softmax', batch_size=256, class_num=100, xshape=(1, 3, 32, 32))
Evaluate ||||||| cifar100   ||||||| Train-Num=50000, Valid-Num=10000, Train-Loader-Num=196, Valid-Loader-Num=40, batch size=256
Evaluate ||||||| cifar100   ||||||| Config=Configure(scheduler='cos', eta_min=0.0, epochs=12, warmup=0, optim='SGD', LR=0.1, decay=0.0005, momentum=0.9, nesterov=True, criterion='Softmax', batch_size=256, class_num=100, xshape=(1, 3, 32, 32))
Evaluate ---->>>> ori-test   with 40 batchs
Evaluate ---->>>> x-valid    with 20 batchs
Evaluate ---->>>> x-test     with 20 batchs
[2020-10-15 14:14:18] Seed-------------------------- 111 --------------------------
FLOP = 117.88938 MB, Param = 0.836276 MB
[2020-10-15 14:14:47] Time Left: [00:05:15] epoch=000/012 :: Train [loss=-2.13584, acc@1=7.07%, acc@5=23.67%] Valid [loss=-7.24023, acc@1=9.48%, acc@5=31.74%]
[2020-10-15 14:15:16] Time Left: [00:04:52] epoch=001/012 :: Train [loss=-8.40449, acc@1=20.48%, acc@5=50.29%] Valid [loss=-7.12899, acc@1=8.66%, acc@5=25.98%]
[2020-10-15 14:15:45] Time Left: [00:04:20] epoch=002/012 :: Train [loss=-9.63567, acc@1=29.49%, acc@5=63.22%] Valid [loss=-9.79042, acc@1=24.78%, acc@5=55.02%]
[2020-10-15 14:16:13] Time Left: [00:03:50] epoch=003/012 :: Train [loss=-10.44779, acc@1=36.07%, acc@5=70.12%] Valid [loss=-10.20473, acc@1=24.48%, acc@5=56.58%]
[2020-10-15 14:16:42] Time Left: [00:03:20] epoch=004/012 :: Train [loss=-10.90983, acc@1=40.52%, acc@5=74.59%] Valid [loss=-10.23694, acc@1=27.18%, acc@5=57.32%]
[2020-10-15 14:17:10] Time Left: [00:02:51] epoch=005/012 :: Train [loss=-11.22417, acc@1=44.77%, acc@5=77.89%] Valid [loss=-10.44483, acc@1=26.84%, acc@5=57.86%]
[2020-10-15 14:17:38] Time Left: [00:02:22] epoch=006/012 :: Train [loss=-11.46501, acc@1=47.97%, acc@5=80.37%] Valid [loss=-11.35903, acc@1=36.22%, acc@5=69.92%]
[2020-10-15 14:18:06] Time Left: [00:01:54] epoch=007/012 :: Train [loss=-11.67653, acc@1=51.22%, acc@5=82.54%] Valid [loss=-11.64015, acc@1=42.48%, acc@5=75.12%]
[2020-10-15 14:18:35] Time Left: [00:01:25] epoch=008/012 :: Train [loss=-11.86508, acc@1=54.15%, acc@5=84.61%] Valid [loss=-12.29855, acc@1=49.32%, acc@5=81.06%]
[2020-10-15 14:19:03] Time Left: [00:00:57] epoch=009/012 :: Train [loss=-12.02720, acc@1=57.02%, acc@5=86.34%] Valid [loss=-12.47443, acc@1=51.36%, acc@5=82.12%]
[2020-10-15 14:19:32] Time Left: [00:00:28] epoch=010/012 :: Train [loss=-12.14715, acc@1=59.29%, acc@5=87.70%] Valid [loss=-12.65893, acc@1=54.88%, acc@5=84.32%]
[2020-10-15 14:20:00] Time Left: [00:00:00] epoch=011/012 :: Train [loss=-12.23133, acc@1=61.13%, acc@5=88.72%] Valid [loss=-12.75435, acc@1=56.62%, acc@5=85.30%]
Python  Version  : 3.7.7 (default, Mar 26 2020, 15:48:22)  [GCC 7.3.0]
Pillow  Version  : 7.0.0
PyTorch Version  : 1.4.0
cuDNN   Version  : 7603
CUDA available   : True
CUDA GPU numbers : 1
CUDA_VISIBLE_DEVICES=0

--------------- dataset : cifar100 ---------------
Flops = 117.88938 MB, Params = 0.836276 MB
config : OrderedDict([('scheduler', 'cos'), ('eta_min', 0.0), ('epochs', 12), ('warmup', 0), ('optim', 'SGD'), ('LR', 0.1), ('decay', 0.0005), ('momentum', 0.9), ('nesterov', True), ('criterion', 'Softmax'), ('batch_size', 256), ('class_num', 100), ('xshape', (1, 3, 32, 32))])
Training State (finish) = True

<<<***>>> The 00/01-th seed is 111 <finish> other procedures need Time Left: [00:00:00]
