Start train-evaluate |avg_pool_3x3~0|+|nor_conv_3x3~0|skip_connect~1|+|avg_pool_3x3~0|nor_conv_3x3~1|nor_conv_1x1~2|
arch_config : {'channel': 16, 'num_cells': 5}

The 00/01-th seed is 111 ----------------------<.>----------------------
Does not find the existing file output/trofim-NST/specifics/LESS-|avg_pool_3x3~0|+|nor_conv_3x3~0|skip_connect~1|+|avg_pool_3x3~0|nor_conv_3x3~1|nor_conv_1x1~2|-16-5/seed-0111.pth, train and evaluate!
configs/nas-benchmark/LESS.config
Configure(scheduler='cos', eta_min=0.0, epochs=12, warmup=0, optim='SGD', LR=0.1, decay=0.0005, momentum=0.9, nesterov=True, criterion='Softmax', batch_size=256, class_num=100, xshape=(1, 3, 32, 32))
Evaluate ||||||| cifar100   ||||||| Train-Num=50000, Valid-Num=10000, Train-Loader-Num=196, Valid-Loader-Num=40, batch size=256
Evaluate ||||||| cifar100   ||||||| Config=Configure(scheduler='cos', eta_min=0.0, epochs=12, warmup=0, optim='SGD', LR=0.1, decay=0.0005, momentum=0.9, nesterov=True, criterion='Softmax', batch_size=256, class_num=100, xshape=(1, 3, 32, 32))
Evaluate ---->>>> ori-test   with 40 batchs
Evaluate ---->>>> x-valid    with 20 batchs
Evaluate ---->>>> x-test     with 20 batchs
[2020-10-15 13:23:33] Seed-------------------------- 111 --------------------------
FLOP = 82.49994 MB, Param = 0.593236 MB
[2020-10-15 13:24:00] Time Left: [00:04:49] epoch=000/012 :: Train [loss=4.99636, acc@1=6.67%, acc@5=21.87%] Valid [loss=1.37901, acc@1=5.04%, acc@5=19.10%]
[2020-10-15 13:24:25] Time Left: [00:04:17] epoch=001/012 :: Train [loss=-4.79307, acc@1=16.57%, acc@5=43.15%] Valid [loss=-3.65698, acc@1=6.76%, acc@5=21.16%]
[2020-10-15 13:24:50] Time Left: [00:03:49] epoch=002/012 :: Train [loss=-7.64845, acc@1=25.22%, acc@5=56.58%] Valid [loss=-7.92898, acc@1=19.48%, acc@5=51.10%]
[2020-10-15 13:25:15] Time Left: [00:03:22] epoch=003/012 :: Train [loss=-8.98860, acc@1=32.56%, acc@5=65.68%] Valid [loss=-9.02249, acc@1=25.42%, acc@5=57.56%]
[2020-10-15 13:25:40] Time Left: [00:02:56] epoch=004/012 :: Train [loss=-9.83805, acc@1=38.31%, acc@5=71.85%] Valid [loss=-8.88206, acc@1=19.18%, acc@5=48.58%]
[2020-10-15 13:26:05] Time Left: [00:02:31] epoch=005/012 :: Train [loss=-10.38848, acc@1=42.91%, acc@5=75.77%] Valid [loss=-8.45637, acc@1=18.56%, acc@5=47.04%]
[2020-10-15 13:26:30] Time Left: [00:02:06] epoch=006/012 :: Train [loss=-10.78939, acc@1=46.46%, acc@5=78.66%] Valid [loss=-7.65626, acc@1=15.28%, acc@5=39.12%]
[2020-10-15 13:26:55] Time Left: [00:01:40] epoch=007/012 :: Train [loss=-11.08947, acc@1=49.69%, acc@5=81.34%] Valid [loss=-10.95111, acc@1=37.88%, acc@5=70.58%]
[2020-10-15 13:27:20] Time Left: [00:01:15] epoch=008/012 :: Train [loss=-11.31803, acc@1=53.13%, acc@5=83.26%] Valid [loss=-11.35738, acc@1=42.58%, acc@5=74.04%]
[2020-10-15 13:27:45] Time Left: [00:00:50] epoch=009/012 :: Train [loss=-11.50058, acc@1=55.72%, acc@5=85.07%] Valid [loss=-11.94832, acc@1=51.70%, acc@5=82.28%]
[2020-10-15 13:28:10] Time Left: [00:00:25] epoch=010/012 :: Train [loss=-11.63431, acc@1=58.22%, acc@5=86.69%] Valid [loss=-12.07751, acc@1=53.22%, acc@5=82.90%]
[2020-10-15 13:28:35] Time Left: [00:00:00] epoch=011/012 :: Train [loss=-11.72179, acc@1=60.25%, acc@5=87.62%] Valid [loss=-12.25272, acc@1=56.02%, acc@5=84.54%]
Python  Version  : 3.7.7 (default, Mar 26 2020, 15:48:22)  [GCC 7.3.0]
Pillow  Version  : 7.0.0
PyTorch Version  : 1.4.0
cuDNN   Version  : 7603
CUDA available   : True
CUDA GPU numbers : 1
CUDA_VISIBLE_DEVICES=0

--------------- dataset : cifar100 ---------------
Flops = 82.49994 MB, Params = 0.593236 MB
config : OrderedDict([('scheduler', 'cos'), ('eta_min', 0.0), ('epochs', 12), ('warmup', 0), ('optim', 'SGD'), ('LR', 0.1), ('decay', 0.0005), ('momentum', 0.9), ('nesterov', True), ('criterion', 'Softmax'), ('batch_size', 256), ('class_num', 100), ('xshape', (1, 3, 32, 32))])
Training State (finish) = True

<<<***>>> The 00/01-th seed is 111 <finish> other procedures need Time Left: [00:00:00]
