Start train-evaluate |skip_connect~0|+|avg_pool_3x3~0|skip_connect~1|+|nor_conv_1x1~0|nor_conv_3x3~1|nor_conv_1x1~2|
arch_config : {'channel': 16, 'num_cells': 5}

The 00/01-th seed is 111 ----------------------<.>----------------------
Does not find the existing file output/trofim-NST/specifics/LESS-|skip_connect~0|+|avg_pool_3x3~0|skip_connect~1|+|nor_conv_1x1~0|nor_conv_3x3~1|nor_conv_1x1~2|-16-5/seed-0111.pth, train and evaluate!
configs/nas-benchmark/LESS.config
Configure(scheduler='cos', eta_min=0.0, epochs=12, warmup=0, optim='SGD', LR=0.1, decay=0.0005, momentum=0.9, nesterov=True, criterion='Softmax', batch_size=256, class_num=100, xshape=(1, 3, 32, 32))
Evaluate ||||||| cifar100   ||||||| Train-Num=50000, Valid-Num=10000, Train-Loader-Num=196, Valid-Loader-Num=40, batch size=256
Evaluate ||||||| cifar100   ||||||| Config=Configure(scheduler='cos', eta_min=0.0, epochs=12, warmup=0, optim='SGD', LR=0.1, decay=0.0005, momentum=0.9, nesterov=True, criterion='Softmax', batch_size=256, class_num=100, xshape=(1, 3, 32, 32))
Evaluate ---->>>> ori-test   with 40 batchs
Evaluate ---->>>> x-valid    with 20 batchs
Evaluate ---->>>> x-test     with 20 batchs
[2020-10-15 14:02:10] Seed-------------------------- 111 --------------------------
FLOP = 51.04266 MB, Param = 0.378196 MB
[2020-10-15 14:02:34] Time Left: [00:04:17] epoch=000/012 :: Train [loss=-3.46266, acc@1=9.10%, acc@5=28.16%] Valid [loss=-7.34913, acc@1=13.22%, acc@5=38.70%]
[2020-10-15 14:02:57] Time Left: [00:03:51] epoch=001/012 :: Train [loss=-8.53168, acc@1=23.11%, acc@5=53.92%] Valid [loss=-9.03950, acc@1=17.72%, acc@5=46.48%]
[2020-10-15 14:03:20] Time Left: [00:03:27] epoch=002/012 :: Train [loss=-9.76210, acc@1=31.63%, acc@5=65.08%] Valid [loss=-9.74449, acc@1=22.92%, acc@5=53.62%]
[2020-10-15 14:03:43] Time Left: [00:03:04] epoch=003/012 :: Train [loss=-10.37527, acc@1=37.88%, acc@5=71.20%] Valid [loss=-10.36933, acc@1=28.30%, acc@5=60.34%]
[2020-10-15 14:04:06] Time Left: [00:02:41] epoch=004/012 :: Train [loss=-10.77145, acc@1=42.21%, acc@5=74.90%] Valid [loss=-11.04003, acc@1=36.30%, acc@5=69.78%]
[2020-10-15 14:04:29] Time Left: [00:02:18] epoch=005/012 :: Train [loss=-11.08566, acc@1=45.88%, acc@5=78.24%] Valid [loss=-11.09443, acc@1=36.00%, acc@5=69.38%]
[2020-10-15 14:04:52] Time Left: [00:01:55] epoch=006/012 :: Train [loss=-11.30269, acc@1=48.68%, acc@5=80.47%] Valid [loss=-11.51090, acc@1=42.78%, acc@5=74.76%]
[2020-10-15 14:05:15] Time Left: [00:01:32] epoch=007/012 :: Train [loss=-11.49529, acc@1=51.46%, acc@5=82.59%] Valid [loss=-11.76695, acc@1=46.52%, acc@5=77.34%]
[2020-10-15 14:05:38] Time Left: [00:01:09] epoch=008/012 :: Train [loss=-11.65766, acc@1=54.16%, acc@5=84.40%] Valid [loss=-12.01346, acc@1=50.52%, acc@5=81.34%]
[2020-10-15 14:06:01] Time Left: [00:00:46] epoch=009/012 :: Train [loss=-11.79016, acc@1=56.53%, acc@5=85.78%] Valid [loss=-12.22448, acc@1=52.24%, acc@5=82.58%]
[2020-10-15 14:06:24] Time Left: [00:00:23] epoch=010/012 :: Train [loss=-11.89534, acc@1=58.63%, acc@5=87.01%] Valid [loss=-12.37383, acc@1=55.38%, acc@5=84.02%]
[2020-10-15 14:06:47] Time Left: [00:00:00] epoch=011/012 :: Train [loss=-11.96316, acc@1=60.17%, acc@5=87.86%] Valid [loss=-12.44164, acc@1=55.80%, acc@5=84.74%]
Python  Version  : 3.7.7 (default, Mar 26 2020, 15:48:22)  [GCC 7.3.0]
Pillow  Version  : 7.0.0
PyTorch Version  : 1.4.0
cuDNN   Version  : 7603
CUDA available   : True
CUDA GPU numbers : 1
CUDA_VISIBLE_DEVICES=0

--------------- dataset : cifar100 ---------------
Flops = 51.04266 MB, Params = 0.378196 MB
config : OrderedDict([('scheduler', 'cos'), ('eta_min', 0.0), ('epochs', 12), ('warmup', 0), ('optim', 'SGD'), ('LR', 0.1), ('decay', 0.0005), ('momentum', 0.9), ('nesterov', True), ('criterion', 'Softmax'), ('batch_size', 256), ('class_num', 100), ('xshape', (1, 3, 32, 32))])
Training State (finish) = True

<<<***>>> The 00/01-th seed is 111 <finish> other procedures need Time Left: [00:00:00]
