Start train-evaluate |nor_conv_3x3~0|+|nor_conv_3x3~0|none~1|+|nor_conv_3x3~0|nor_conv_3x3~1|nor_conv_3x3~2|
arch_config : {'channel': 16, 'num_cells': 5}

The 00/01-th seed is 111 ----------------------<.>----------------------
Does not find the existing file output/trofim-NST/specifics/LESS-|nor_conv_3x3~0|+|nor_conv_3x3~0|none~1|+|nor_conv_3x3~0|nor_conv_3x3~1|nor_conv_3x3~2|-16-5/seed-0111.pth, train and evaluate!
configs/nas-benchmark/LESS.config
Configure(scheduler='cos', eta_min=0.0, epochs=12, warmup=0, optim='SGD', LR=0.1, decay=0.0005, momentum=0.9, nesterov=True, criterion='Softmax', batch_size=256, class_num=100, xshape=(1, 3, 32, 32))
Evaluate ||||||| cifar100   ||||||| Train-Num=50000, Valid-Num=10000, Train-Loader-Num=196, Valid-Loader-Num=40, batch size=256
Evaluate ||||||| cifar100   ||||||| Config=Configure(scheduler='cos', eta_min=0.0, epochs=12, warmup=0, optim='SGD', LR=0.1, decay=0.0005, momentum=0.9, nesterov=True, criterion='Softmax', batch_size=256, class_num=100, xshape=(1, 3, 32, 32))
Evaluate ---->>>> ori-test   with 40 batchs
Evaluate ---->>>> x-valid    with 20 batchs
Evaluate ---->>>> x-test     with 20 batchs
[2020-10-15 14:01:14] Seed-------------------------- 111 --------------------------
FLOP = 184.7361 MB, Param = 1.294356 MB
[2020-10-15 14:01:47] Time Left: [00:06:02] epoch=000/012 :: Train [loss=0.79850, acc@1=4.44%, acc@5=16.33%] Valid [loss=-4.98406, acc@1=6.00%, acc@5=21.24%]
[2020-10-15 14:02:19] Time Left: [00:05:26] epoch=001/012 :: Train [loss=-7.01029, acc@1=13.16%, acc@5=38.53%] Valid [loss=-7.85568, acc@1=13.90%, acc@5=39.18%]
[2020-10-15 14:02:53] Time Left: [00:04:56] epoch=002/012 :: Train [loss=-8.61145, acc@1=21.58%, acc@5=52.45%] Valid [loss=-8.54052, acc@1=15.42%, acc@5=42.70%]
[2020-10-15 14:03:25] Time Left: [00:04:23] epoch=003/012 :: Train [loss=-9.63430, acc@1=28.95%, acc@5=62.15%] Valid [loss=-8.95729, acc@1=19.12%, acc@5=46.78%]
[2020-10-15 14:03:58] Time Left: [00:03:49] epoch=004/012 :: Train [loss=-10.35741, acc@1=35.09%, acc@5=68.87%] Valid [loss=-9.99573, acc@1=24.82%, acc@5=54.68%]
[2020-10-15 14:04:31] Time Left: [00:03:16] epoch=005/012 :: Train [loss=-10.82117, acc@1=40.21%, acc@5=73.55%] Valid [loss=-10.85182, acc@1=32.34%, acc@5=66.98%]
[2020-10-15 14:05:03] Time Left: [00:02:43] epoch=006/012 :: Train [loss=-11.16306, acc@1=44.25%, acc@5=77.23%] Valid [loss=-11.29950, acc@1=38.22%, acc@5=71.14%]
[2020-10-15 14:05:36] Time Left: [00:02:10] epoch=007/012 :: Train [loss=-11.41865, acc@1=48.15%, acc@5=80.05%] Valid [loss=-11.33251, acc@1=38.24%, acc@5=69.52%]
[2020-10-15 14:06:08] Time Left: [00:01:38] epoch=008/012 :: Train [loss=-11.62518, acc@1=51.35%, acc@5=82.56%] Valid [loss=-11.86877, acc@1=44.56%, acc@5=76.66%]
[2020-10-15 14:06:41] Time Left: [00:01:05] epoch=009/012 :: Train [loss=-11.80484, acc@1=54.44%, acc@5=84.55%] Valid [loss=-11.94448, acc@1=45.86%, acc@5=77.20%]
[2020-10-15 14:07:13] Time Left: [00:00:32] epoch=010/012 :: Train [loss=-11.93939, acc@1=57.25%, acc@5=86.12%] Valid [loss=-12.40601, acc@1=53.06%, acc@5=82.30%]
[2020-10-15 14:07:46] Time Left: [00:00:00] epoch=011/012 :: Train [loss=-12.03419, acc@1=59.23%, acc@5=87.17%] Valid [loss=-12.52375, acc@1=55.20%, acc@5=83.42%]
Python  Version  : 3.7.7 (default, Mar 26 2020, 15:48:22)  [GCC 7.3.0]
Pillow  Version  : 7.0.0
PyTorch Version  : 1.4.0
cuDNN   Version  : 7603
CUDA available   : True
CUDA GPU numbers : 1
CUDA_VISIBLE_DEVICES=0

--------------- dataset : cifar100 ---------------
Flops = 184.7361 MB, Params = 1.294356 MB
config : OrderedDict([('scheduler', 'cos'), ('eta_min', 0.0), ('epochs', 12), ('warmup', 0), ('optim', 'SGD'), ('LR', 0.1), ('decay', 0.0005), ('momentum', 0.9), ('nesterov', True), ('criterion', 'Softmax'), ('batch_size', 256), ('class_num', 100), ('xshape', (1, 3, 32, 32))])
Training State (finish) = True

<<<***>>> The 00/01-th seed is 111 <finish> other procedures need Time Left: [00:00:00]
