Start train-evaluate |nor_conv_3x3~0|+|nor_conv_1x1~0|nor_conv_3x3~1|+|nor_conv_1x1~0|avg_pool_3x3~1|avg_pool_3x3~2|
arch_config : {'channel': 16, 'num_cells': 5}

The 00/01-th seed is 111 ----------------------<.>----------------------
Does not find the existing file output/trofim-NST/specifics/LESS-|nor_conv_3x3~0|+|nor_conv_1x1~0|nor_conv_3x3~1|+|nor_conv_1x1~0|avg_pool_3x3~1|avg_pool_3x3~2|-16-5/seed-0111.pth, train and evaluate!
configs/nas-benchmark/LESS.config
Configure(scheduler='cos', eta_min=0.0, epochs=12, warmup=0, optim='SGD', LR=0.1, decay=0.0005, momentum=0.9, nesterov=True, criterion='Softmax', batch_size=256, class_num=100, xshape=(1, 3, 32, 32))
Evaluate ||||||| cifar100   ||||||| Train-Num=50000, Valid-Num=10000, Train-Loader-Num=196, Valid-Loader-Num=40, batch size=256
Evaluate ||||||| cifar100   ||||||| Config=Configure(scheduler='cos', eta_min=0.0, epochs=12, warmup=0, optim='SGD', LR=0.1, decay=0.0005, momentum=0.9, nesterov=True, criterion='Softmax', batch_size=256, class_num=100, xshape=(1, 3, 32, 32))
Evaluate ---->>>> ori-test   with 40 batchs
Evaluate ---->>>> x-valid    with 20 batchs
Evaluate ---->>>> x-test     with 20 batchs
[2020-10-15 13:34:01] Seed-------------------------- 111 --------------------------
FLOP = 86.4321 MB, Param = 0.621236 MB
[2020-10-15 13:34:30] Time Left: [00:05:25] epoch=000/012 :: Train [loss=-1.79212, acc@1=6.95%, acc@5=23.24%] Valid [loss=-5.89471, acc@1=9.12%, acc@5=30.50%]
[2020-10-15 13:34:58] Time Left: [00:04:49] epoch=001/012 :: Train [loss=-7.47915, acc@1=18.27%, acc@5=47.33%] Valid [loss=-4.06326, acc@1=6.10%, acc@5=22.10%]
[2020-10-15 13:35:27] Time Left: [00:04:18] epoch=002/012 :: Train [loss=-8.80949, acc@1=26.72%, acc@5=59.56%] Valid [loss=-8.57957, acc@1=19.16%, acc@5=49.10%]
[2020-10-15 13:35:55] Time Left: [00:03:48] epoch=003/012 :: Train [loss=-9.50502, acc@1=33.01%, acc@5=66.83%] Valid [loss=-8.40571, acc@1=18.94%, acc@5=46.50%]
[2020-10-15 13:36:23] Time Left: [00:03:19] epoch=004/012 :: Train [loss=-9.98270, acc@1=38.05%, acc@5=71.76%] Valid [loss=-8.83426, acc@1=19.78%, acc@5=46.64%]
[2020-10-15 13:36:51] Time Left: [00:02:50] epoch=005/012 :: Train [loss=-10.35373, acc@1=42.38%, acc@5=75.57%] Valid [loss=-10.45327, acc@1=36.04%, acc@5=70.38%]
[2020-10-15 13:37:19] Time Left: [00:02:21] epoch=006/012 :: Train [loss=-10.63276, acc@1=45.66%, acc@5=78.27%] Valid [loss=-10.67111, acc@1=38.44%, acc@5=71.68%]
[2020-10-15 13:37:47] Time Left: [00:01:53] epoch=007/012 :: Train [loss=-10.86655, acc@1=48.68%, acc@5=80.48%] Valid [loss=-11.01583, acc@1=42.50%, acc@5=74.28%]
[2020-10-15 13:38:16] Time Left: [00:01:25] epoch=008/012 :: Train [loss=-11.06603, acc@1=51.56%, acc@5=82.58%] Valid [loss=-11.20450, acc@1=44.44%, acc@5=76.46%]
[2020-10-15 13:38:44] Time Left: [00:00:56] epoch=009/012 :: Train [loss=-11.22682, acc@1=54.36%, acc@5=84.60%] Valid [loss=-11.57243, acc@1=50.74%, acc@5=81.06%]
[2020-10-15 13:39:12] Time Left: [00:00:28] epoch=010/012 :: Train [loss=-11.34721, acc@1=56.93%, acc@5=85.83%] Valid [loss=-11.76581, acc@1=52.54%, acc@5=82.38%]
[2020-10-15 13:39:40] Time Left: [00:00:00] epoch=011/012 :: Train [loss=-11.43044, acc@1=58.36%, acc@5=86.75%] Valid [loss=-11.88638, acc@1=54.28%, acc@5=84.14%]
Python  Version  : 3.7.7 (default, Mar 26 2020, 15:48:22)  [GCC 7.3.0]
Pillow  Version  : 7.0.0
PyTorch Version  : 1.4.0
cuDNN   Version  : 7603
CUDA available   : True
CUDA GPU numbers : 1
CUDA_VISIBLE_DEVICES=0

--------------- dataset : cifar100 ---------------
Flops = 86.4321 MB, Params = 0.621236 MB
config : OrderedDict([('scheduler', 'cos'), ('eta_min', 0.0), ('epochs', 12), ('warmup', 0), ('optim', 'SGD'), ('LR', 0.1), ('decay', 0.0005), ('momentum', 0.9), ('nesterov', True), ('criterion', 'Softmax'), ('batch_size', 256), ('class_num', 100), ('xshape', (1, 3, 32, 32))])
Training State (finish) = True

<<<***>>> The 00/01-th seed is 111 <finish> other procedures need Time Left: [00:00:00]
