Start train-evaluate |nor_conv_1x1~0|+|nor_conv_1x1~0|nor_conv_1x1~1|+|nor_conv_3x3~0|none~1|none~2|
arch_config : {'channel': 16, 'num_cells': 5}

The 00/01-th seed is 111 ----------------------<.>----------------------
Does not find the existing file output/trofim-NST/specifics/LESS-|nor_conv_1x1~0|+|nor_conv_1x1~0|nor_conv_1x1~1|+|nor_conv_3x3~0|none~1|none~2|-16-5/seed-0111.pth, train and evaluate!
configs/nas-benchmark/LESS.config
Configure(scheduler='cos', eta_min=0.0, epochs=12, warmup=0, optim='SGD', LR=0.1, decay=0.0005, momentum=0.9, nesterov=True, criterion='Softmax', batch_size=256, class_num=100, xshape=(1, 3, 32, 32))
Evaluate ||||||| cifar100   ||||||| Train-Num=50000, Valid-Num=10000, Train-Loader-Num=196, Valid-Loader-Num=40, batch size=256
Evaluate ||||||| cifar100   ||||||| Config=Configure(scheduler='cos', eta_min=0.0, epochs=12, warmup=0, optim='SGD', LR=0.1, decay=0.0005, momentum=0.9, nesterov=True, criterion='Softmax', batch_size=256, class_num=100, xshape=(1, 3, 32, 32))
Evaluate ---->>>> ori-test   with 40 batchs
Evaluate ---->>>> x-valid    with 20 batchs
Evaluate ---->>>> x-test     with 20 batchs
[2020-10-15 13:40:03] Seed-------------------------- 111 --------------------------
FLOP = 54.97482 MB, Param = 0.406196 MB
[2020-10-15 13:40:30] Time Left: [00:04:48] epoch=000/012 :: Train [loss=-0.66052, acc@1=6.37%, acc@5=21.99%] Valid [loss=-5.68956, acc@1=8.28%, acc@5=28.00%]
[2020-10-15 13:40:56] Time Left: [00:04:24] epoch=001/012 :: Train [loss=-7.05211, acc@1=16.83%, acc@5=44.39%] Valid [loss=-6.77238, acc@1=11.46%, acc@5=31.38%]
[2020-10-15 13:41:22] Time Left: [00:03:55] epoch=002/012 :: Train [loss=-8.49067, acc@1=25.31%, acc@5=56.64%] Valid [loss=-8.98639, acc@1=22.32%, acc@5=53.42%]
[2020-10-15 13:41:48] Time Left: [00:03:28] epoch=003/012 :: Train [loss=-9.40513, acc@1=32.22%, acc@5=65.40%] Valid [loss=-8.87931, acc@1=18.60%, acc@5=47.18%]
[2020-10-15 13:42:13] Time Left: [00:03:01] epoch=004/012 :: Train [loss=-9.99844, acc@1=37.02%, acc@5=70.50%] Valid [loss=-9.95775, acc@1=28.64%, acc@5=60.02%]
[2020-10-15 13:42:39] Time Left: [00:02:35] epoch=005/012 :: Train [loss=-10.40324, acc@1=41.42%, acc@5=74.00%] Valid [loss=-10.46830, acc@1=32.30%, acc@5=65.48%]
[2020-10-15 13:43:05] Time Left: [00:02:09] epoch=006/012 :: Train [loss=-10.68334, acc@1=44.36%, acc@5=76.98%] Valid [loss=-10.77538, acc@1=36.50%, acc@5=68.78%]
[2020-10-15 13:43:30] Time Left: [00:01:43] epoch=007/012 :: Train [loss=-10.90551, acc@1=47.38%, acc@5=78.92%] Valid [loss=-11.24533, acc@1=41.88%, acc@5=74.98%]
[2020-10-15 13:43:56] Time Left: [00:01:17] epoch=008/012 :: Train [loss=-11.09328, acc@1=49.97%, acc@5=81.27%] Valid [loss=-10.96110, acc@1=38.60%, acc@5=69.22%]
[2020-10-15 13:44:21] Time Left: [00:00:51] epoch=009/012 :: Train [loss=-11.24412, acc@1=52.90%, acc@5=82.92%] Valid [loss=-11.70838, acc@1=49.60%, acc@5=79.84%]
[2020-10-15 13:44:48] Time Left: [00:00:25] epoch=010/012 :: Train [loss=-11.35775, acc@1=54.90%, acc@5=84.24%] Valid [loss=-11.87965, acc@1=51.02%, acc@5=82.14%]
[2020-10-15 13:45:13] Time Left: [00:00:00] epoch=011/012 :: Train [loss=-11.41498, acc@1=56.15%, acc@5=84.93%] Valid [loss=-11.95844, acc@1=52.58%, acc@5=82.34%]
Python  Version  : 3.7.7 (default, Mar 26 2020, 15:48:22)  [GCC 7.3.0]
Pillow  Version  : 7.0.0
PyTorch Version  : 1.4.0
cuDNN   Version  : 7603
CUDA available   : True
CUDA GPU numbers : 1
CUDA_VISIBLE_DEVICES=0

--------------- dataset : cifar100 ---------------
Flops = 54.97482 MB, Params = 0.406196 MB
config : OrderedDict([('scheduler', 'cos'), ('eta_min', 0.0), ('epochs', 12), ('warmup', 0), ('optim', 'SGD'), ('LR', 0.1), ('decay', 0.0005), ('momentum', 0.9), ('nesterov', True), ('criterion', 'Softmax'), ('batch_size', 256), ('class_num', 100), ('xshape', (1, 3, 32, 32))])
Training State (finish) = True

<<<***>>> The 00/01-th seed is 111 <finish> other procedures need Time Left: [00:00:00]
