Start train-evaluate |none~0|+|nor_conv_1x1~0|nor_conv_3x3~1|+|none~0|none~1|avg_pool_3x3~2|
arch_config : {'channel': 16, 'num_cells': 5}

The 00/01-th seed is 111 ----------------------<.>----------------------
Does not find the existing file output/trofim-NST/specifics/LESS-|none~0|+|nor_conv_1x1~0|nor_conv_3x3~1|+|none~0|none~1|avg_pool_3x3~2|-16-5/seed-0111.pth, train and evaluate!
configs/nas-benchmark/LESS.config
Configure(scheduler='cos', eta_min=0.0, epochs=12, warmup=0, optim='SGD', LR=0.1, decay=0.0005, momentum=0.9, nesterov=True, criterion='Softmax', batch_size=256, class_num=100, xshape=(1, 3, 32, 32))
Evaluate ||||||| cifar100   ||||||| Train-Num=50000, Valid-Num=10000, Train-Loader-Num=196, Valid-Loader-Num=40, batch size=256
Evaluate ||||||| cifar100   ||||||| Config=Configure(scheduler='cos', eta_min=0.0, epochs=12, warmup=0, optim='SGD', LR=0.1, decay=0.0005, momentum=0.9, nesterov=True, criterion='Softmax', batch_size=256, class_num=100, xshape=(1, 3, 32, 32))
Evaluate ---->>>> ori-test   with 40 batchs
Evaluate ---->>>> x-valid    with 20 batchs
Evaluate ---->>>> x-test     with 20 batchs
[2020-10-15 13:59:33] Seed-------------------------- 111 --------------------------
FLOP = 47.1105 MB, Param = 0.350196 MB
[2020-10-15 13:59:55] Time Left: [00:03:56] epoch=000/012 :: Train [loss=6.42256, acc@1=4.50%, acc@5=15.79%] Valid [loss=4.63302, acc@1=4.04%, acc@5=16.10%]
[2020-10-15 14:00:15] Time Left: [00:03:29] epoch=001/012 :: Train [loss=2.05064, acc@1=9.75%, acc@5=29.49%] Valid [loss=3.17953, acc@1=6.42%, acc@5=22.20%]
[2020-10-15 14:00:36] Time Left: [00:03:07] epoch=002/012 :: Train [loss=0.80650, acc@1=13.90%, acc@5=37.54%] Valid [loss=1.66995, acc@1=10.22%, acc@5=29.30%]
[2020-10-15 14:00:56] Time Left: [00:02:45] epoch=003/012 :: Train [loss=0.02305, acc@1=17.14%, acc@5=42.72%] Valid [loss=1.43016, acc@1=10.06%, acc@5=29.08%]
[2020-10-15 14:01:17] Time Left: [00:02:24] epoch=004/012 :: Train [loss=-0.57034, acc@1=20.07%, acc@5=47.21%] Valid [loss=0.80886, acc@1=12.44%, acc@5=33.98%]
[2020-10-15 14:01:37] Time Left: [00:02:03] epoch=005/012 :: Train [loss=-0.98038, acc@1=22.44%, acc@5=50.43%] Valid [loss=0.87537, acc@1=16.00%, acc@5=37.54%]
[2020-10-15 14:01:58] Time Left: [00:01:43] epoch=006/012 :: Train [loss=-1.36866, acc@1=25.05%, acc@5=54.19%] Valid [loss=0.65325, acc@1=14.60%, acc@5=36.94%]
[2020-10-15 14:02:18] Time Left: [00:01:22] epoch=007/012 :: Train [loss=-1.62303, acc@1=26.97%, acc@5=57.00%] Valid [loss=0.68941, acc@1=12.22%, acc@5=33.58%]
[2020-10-15 14:02:38] Time Left: [00:01:01] epoch=008/012 :: Train [loss=-1.87886, acc@1=29.29%, acc@5=59.42%] Valid [loss=-0.88185, acc@1=22.96%, acc@5=50.42%]
[2020-10-15 14:02:59] Time Left: [00:00:41] epoch=009/012 :: Train [loss=-2.07165, acc@1=31.07%, acc@5=61.56%] Valid [loss=-1.47879, acc@1=27.62%, acc@5=57.46%]
[2020-10-15 14:03:19] Time Left: [00:00:20] epoch=010/012 :: Train [loss=-2.20367, acc@1=32.34%, acc@5=63.39%] Valid [loss=-1.66145, acc@1=30.12%, acc@5=60.08%]
[2020-10-15 14:03:40] Time Left: [00:00:00] epoch=011/012 :: Train [loss=-2.28479, acc@1=33.70%, acc@5=64.46%] Valid [loss=-1.90823, acc@1=32.30%, acc@5=63.08%]
Python  Version  : 3.7.7 (default, Mar 26 2020, 15:48:22)  [GCC 7.3.0]
Pillow  Version  : 7.0.0
PyTorch Version  : 1.4.0
cuDNN   Version  : 7603
CUDA available   : True
CUDA GPU numbers : 1
CUDA_VISIBLE_DEVICES=0

--------------- dataset : cifar100 ---------------
Flops = 47.1105 MB, Params = 0.350196 MB
config : OrderedDict([('scheduler', 'cos'), ('eta_min', 0.0), ('epochs', 12), ('warmup', 0), ('optim', 'SGD'), ('LR', 0.1), ('decay', 0.0005), ('momentum', 0.9), ('nesterov', True), ('criterion', 'Softmax'), ('batch_size', 256), ('class_num', 100), ('xshape', (1, 3, 32, 32))])
Training State (finish) = True

<<<***>>> The 00/01-th seed is 111 <finish> other procedures need Time Left: [00:00:00]
