Start train-evaluate |nor_conv_1x1~0|+|avg_pool_3x3~0|skip_connect~1|+|none~0|none~1|nor_conv_1x1~2|
arch_config : {'channel': 16, 'num_cells': 5}

The 00/01-th seed is 111 ----------------------<.>----------------------
Does not find the existing file output/trofim-NST/specifics/LESS-|nor_conv_1x1~0|+|avg_pool_3x3~0|skip_connect~1|+|none~0|none~1|nor_conv_1x1~2|-16-5/seed-0111.pth, train and evaluate!
configs/nas-benchmark/LESS.config
Configure(scheduler='cos', eta_min=0.0, epochs=12, warmup=0, optim='SGD', LR=0.1, decay=0.0005, momentum=0.9, nesterov=True, criterion='Softmax', batch_size=256, class_num=100, xshape=(1, 3, 32, 32))
Evaluate ||||||| cifar100   ||||||| Train-Num=50000, Valid-Num=10000, Train-Loader-Num=196, Valid-Loader-Num=40, batch size=256
Evaluate ||||||| cifar100   ||||||| Config=Configure(scheduler='cos', eta_min=0.0, epochs=12, warmup=0, optim='SGD', LR=0.1, decay=0.0005, momentum=0.9, nesterov=True, criterion='Softmax', batch_size=256, class_num=100, xshape=(1, 3, 32, 32))
Evaluate ---->>>> ori-test   with 40 batchs
Evaluate ---->>>> x-valid    with 20 batchs
Evaluate ---->>>> x-test     with 20 batchs
[2020-10-15 14:20:05] Seed-------------------------- 111 --------------------------
FLOP = 15.65322 MB, Param = 0.135156 MB
[2020-10-15 14:20:25] Time Left: [00:03:40] epoch=000/012 :: Train [loss=-0.55700, acc@1=6.00%, acc@5=20.25%] Valid [loss=-2.39312, acc@1=5.06%, acc@5=20.30%]
[2020-10-15 14:20:44] Time Left: [00:03:16] epoch=001/012 :: Train [loss=-5.41961, acc@1=14.28%, acc@5=39.25%] Valid [loss=-5.18409, acc@1=10.44%, acc@5=32.96%]
[2020-10-15 14:21:03] Time Left: [00:02:55] epoch=002/012 :: Train [loss=-6.62075, acc@1=20.47%, acc@5=50.05%] Valid [loss=-6.05386, acc@1=16.26%, acc@5=43.32%]
[2020-10-15 14:21:23] Time Left: [00:02:35] epoch=003/012 :: Train [loss=-7.33608, acc@1=25.18%, acc@5=56.33%] Valid [loss=-5.68778, acc@1=11.68%, acc@5=35.68%]
[2020-10-15 14:21:42] Time Left: [00:02:16] epoch=004/012 :: Train [loss=-7.92162, acc@1=28.90%, acc@5=61.74%] Valid [loss=-5.41485, acc@1=10.38%, acc@5=33.18%]
[2020-10-15 14:22:01] Time Left: [00:01:56] epoch=005/012 :: Train [loss=-8.38014, acc@1=32.61%, acc@5=65.70%] Valid [loss=-6.59308, acc@1=17.28%, acc@5=43.38%]
[2020-10-15 14:22:21] Time Left: [00:01:37] epoch=006/012 :: Train [loss=-8.73948, acc@1=35.72%, acc@5=69.08%] Valid [loss=-5.68646, acc@1=15.02%, acc@5=36.26%]
[2020-10-15 14:22:41] Time Left: [00:01:18] epoch=007/012 :: Train [loss=-9.00807, acc@1=38.66%, acc@5=71.63%] Valid [loss=-8.00108, acc@1=31.24%, acc@5=62.88%]
[2020-10-15 14:23:01] Time Left: [00:00:58] epoch=008/012 :: Train [loss=-9.24272, acc@1=41.17%, acc@5=74.15%] Valid [loss=-9.10069, acc@1=35.76%, acc@5=68.42%]
[2020-10-15 14:23:21] Time Left: [00:00:39] epoch=009/012 :: Train [loss=-9.42599, acc@1=43.48%, acc@5=76.13%] Valid [loss=-9.38739, acc@1=37.70%, acc@5=69.78%]
[2020-10-15 14:23:40] Time Left: [00:00:19] epoch=010/012 :: Train [loss=-9.56025, acc@1=45.85%, acc@5=77.76%] Valid [loss=-9.69322, acc@1=43.02%, acc@5=73.78%]
[2020-10-15 14:24:00] Time Left: [00:00:00] epoch=011/012 :: Train [loss=-9.63815, acc@1=47.12%, acc@5=78.83%] Valid [loss=-9.91699, acc@1=46.28%, acc@5=77.42%]
Python  Version  : 3.7.7 (default, Mar 26 2020, 15:48:22)  [GCC 7.3.0]
Pillow  Version  : 7.0.0
PyTorch Version  : 1.4.0
cuDNN   Version  : 7603
CUDA available   : True
CUDA GPU numbers : 1
CUDA_VISIBLE_DEVICES=0

--------------- dataset : cifar100 ---------------
Flops = 15.65322 MB, Params = 0.135156 MB
config : OrderedDict([('scheduler', 'cos'), ('eta_min', 0.0), ('epochs', 12), ('warmup', 0), ('optim', 'SGD'), ('LR', 0.1), ('decay', 0.0005), ('momentum', 0.9), ('nesterov', True), ('criterion', 'Softmax'), ('batch_size', 256), ('class_num', 100), ('xshape', (1, 3, 32, 32))])
Training State (finish) = True

<<<***>>> The 00/01-th seed is 111 <finish> other procedures need Time Left: [00:00:00]
