Start train-evaluate |nor_conv_3x3~0|+|nor_conv_3x3~0|nor_conv_1x1~1|+|avg_pool_3x3~0|avg_pool_3x3~1|none~2|
arch_config : {'channel': 16, 'num_cells': 5}

The 00/01-th seed is 111 ----------------------<.>----------------------
Does not find the existing file output/trofim-NST/specifics/LESS-|nor_conv_3x3~0|+|nor_conv_3x3~0|nor_conv_1x1~1|+|avg_pool_3x3~0|avg_pool_3x3~1|none~2|-16-5/seed-0111.pth, train and evaluate!
configs/nas-benchmark/LESS.config
Configure(scheduler='cos', eta_min=0.0, epochs=12, warmup=0, optim='SGD', LR=0.1, decay=0.0005, momentum=0.9, nesterov=True, criterion='Softmax', batch_size=256, class_num=100, xshape=(1, 3, 32, 32))
Evaluate ||||||| cifar100   ||||||| Train-Num=50000, Valid-Num=10000, Train-Loader-Num=196, Valid-Loader-Num=40, batch size=256
Evaluate ||||||| cifar100   ||||||| Config=Configure(scheduler='cos', eta_min=0.0, epochs=12, warmup=0, optim='SGD', LR=0.1, decay=0.0005, momentum=0.9, nesterov=True, criterion='Softmax', batch_size=256, class_num=100, xshape=(1, 3, 32, 32))
Evaluate ---->>>> ori-test   with 40 batchs
Evaluate ---->>>> x-valid    with 20 batchs
Evaluate ---->>>> x-test     with 20 batchs
[2020-10-15 13:18:28] Seed-------------------------- 111 --------------------------
FLOP = 82.49994 MB, Param = 0.593236 MB
[2020-10-15 13:18:53] Time Left: [00:04:36] epoch=000/012 :: Train [loss=6.61860, acc@1=7.06%, acc@5=23.25%] Valid [loss=3.95008, acc@1=7.28%, acc@5=20.90%]
[2020-10-15 13:19:18] Time Left: [00:04:09] epoch=001/012 :: Train [loss=0.71304, acc@1=14.02%, acc@5=38.17%] Valid [loss=0.85351, acc@1=7.74%, acc@5=25.06%]
[2020-10-15 13:19:42] Time Left: [00:03:44] epoch=002/012 :: Train [loss=-1.02947, acc@1=19.02%, acc@5=45.91%] Valid [loss=0.33075, acc@1=9.92%, acc@5=26.60%]
[2020-10-15 13:20:07] Time Left: [00:03:18] epoch=003/012 :: Train [loss=-1.94907, acc@1=23.06%, acc@5=52.33%] Valid [loss=-1.41748, acc@1=16.04%, acc@5=40.16%]
[2020-10-15 13:20:32] Time Left: [00:02:54] epoch=004/012 :: Train [loss=-2.62376, acc@1=27.02%, acc@5=57.79%] Valid [loss=-2.31345, acc@1=19.18%, acc@5=45.20%]
[2020-10-15 13:20:57] Time Left: [00:02:29] epoch=005/012 :: Train [loss=-3.22448, acc@1=30.16%, acc@5=61.85%] Valid [loss=-2.33974, acc@1=21.16%, acc@5=48.88%]
[2020-10-15 13:21:22] Time Left: [00:02:04] epoch=006/012 :: Train [loss=-3.71191, acc@1=33.48%, acc@5=65.42%] Valid [loss=-2.90273, acc@1=19.82%, acc@5=48.20%]
[2020-10-15 13:21:46] Time Left: [00:01:39] epoch=007/012 :: Train [loss=-4.10273, acc@1=36.56%, acc@5=68.39%] Valid [loss=-3.67527, acc@1=29.62%, acc@5=60.72%]
[2020-10-15 13:22:11] Time Left: [00:01:14] epoch=008/012 :: Train [loss=-4.39266, acc@1=39.00%, acc@5=70.79%] Valid [loss=-4.42185, acc@1=33.10%, acc@5=64.12%]
[2020-10-15 13:22:36] Time Left: [00:00:49] epoch=009/012 :: Train [loss=-4.62537, acc@1=41.39%, acc@5=72.84%] Valid [loss=-4.59795, acc@1=36.68%, acc@5=68.64%]
[2020-10-15 13:23:01] Time Left: [00:00:24] epoch=010/012 :: Train [loss=-4.77323, acc@1=43.13%, acc@5=74.50%] Valid [loss=-5.00294, acc@1=41.22%, acc@5=71.96%]
[2020-10-15 13:23:26] Time Left: [00:00:00] epoch=011/012 :: Train [loss=-4.85832, acc@1=44.38%, acc@5=75.74%] Valid [loss=-5.14409, acc@1=42.88%, acc@5=74.22%]
Python  Version  : 3.7.7 (default, Mar 26 2020, 15:48:22)  [GCC 7.3.0]
Pillow  Version  : 7.0.0
PyTorch Version  : 1.4.0
cuDNN   Version  : 7603
CUDA available   : True
CUDA GPU numbers : 1
CUDA_VISIBLE_DEVICES=0

--------------- dataset : cifar100 ---------------
Flops = 82.49994 MB, Params = 0.593236 MB
config : OrderedDict([('scheduler', 'cos'), ('eta_min', 0.0), ('epochs', 12), ('warmup', 0), ('optim', 'SGD'), ('LR', 0.1), ('decay', 0.0005), ('momentum', 0.9), ('nesterov', True), ('criterion', 'Softmax'), ('batch_size', 256), ('class_num', 100), ('xshape', (1, 3, 32, 32))])
Training State (finish) = True

<<<***>>> The 00/01-th seed is 111 <finish> other procedures need Time Left: [00:00:00]
