Start train-evaluate |nor_conv_3x3~0|+|avg_pool_3x3~0|skip_connect~1|+|nor_conv_1x1~0|nor_conv_3x3~1|none~2|
arch_config : {'channel': 16, 'num_cells': 5}

The 00/01-th seed is 111 ----------------------<.>----------------------
Does not find the existing file output/trofim-NST/specifics/LESS-|nor_conv_3x3~0|+|avg_pool_3x3~0|skip_connect~1|+|nor_conv_1x1~0|nor_conv_3x3~1|none~2|-16-5/seed-0111.pth, train and evaluate!
configs/nas-benchmark/LESS.config
Configure(scheduler='cos', eta_min=0.0, epochs=12, warmup=0, optim='SGD', LR=0.1, decay=0.0005, momentum=0.9, nesterov=True, criterion='Softmax', batch_size=256, class_num=100, xshape=(1, 3, 32, 32))
Evaluate ||||||| cifar100   ||||||| Train-Num=50000, Valid-Num=10000, Train-Loader-Num=196, Valid-Loader-Num=40, batch size=256
Evaluate ||||||| cifar100   ||||||| Config=Configure(scheduler='cos', eta_min=0.0, epochs=12, warmup=0, optim='SGD', LR=0.1, decay=0.0005, momentum=0.9, nesterov=True, criterion='Softmax', batch_size=256, class_num=100, xshape=(1, 3, 32, 32))
Evaluate ---->>>> ori-test   with 40 batchs
Evaluate ---->>>> x-valid    with 20 batchs
Evaluate ---->>>> x-test     with 20 batchs
[2020-10-15 13:40:03] Seed-------------------------- 111 --------------------------
FLOP = 82.49994 MB, Param = 0.593236 MB
[2020-10-15 13:40:28] Time Left: [00:04:30] epoch=000/012 :: Train [loss=-3.45194, acc@1=7.31%, acc@5=24.67%] Valid [loss=-6.74122, acc@1=7.76%, acc@5=26.02%]
[2020-10-15 13:40:53] Time Left: [00:04:10] epoch=001/012 :: Train [loss=-8.28505, acc@1=18.90%, acc@5=48.39%] Valid [loss=-8.74802, acc@1=15.10%, acc@5=44.46%]
[2020-10-15 13:41:17] Time Left: [00:03:43] epoch=002/012 :: Train [loss=-9.72223, acc@1=28.13%, acc@5=61.13%] Valid [loss=-9.95730, acc@1=24.74%, acc@5=57.16%]
[2020-10-15 13:41:42] Time Left: [00:03:18] epoch=003/012 :: Train [loss=-10.44477, acc@1=34.73%, acc@5=68.95%] Valid [loss=-10.00486, acc@1=22.14%, acc@5=52.16%]
[2020-10-15 13:42:06] Time Left: [00:02:52] epoch=004/012 :: Train [loss=-10.87319, acc@1=39.99%, acc@5=73.76%] Valid [loss=-10.59701, acc@1=29.88%, acc@5=62.74%]
[2020-10-15 13:42:31] Time Left: [00:02:27] epoch=005/012 :: Train [loss=-11.17752, acc@1=43.77%, acc@5=76.94%] Valid [loss=-11.03732, acc@1=32.70%, acc@5=64.92%]
[2020-10-15 13:42:55] Time Left: [00:02:03] epoch=006/012 :: Train [loss=-11.41565, acc@1=47.22%, acc@5=79.46%] Valid [loss=-11.72543, acc@1=41.76%, acc@5=76.20%]
[2020-10-15 13:43:20] Time Left: [00:01:38] epoch=007/012 :: Train [loss=-11.62888, acc@1=50.56%, acc@5=82.03%] Valid [loss=-11.81240, acc@1=42.00%, acc@5=74.52%]
[2020-10-15 13:43:44] Time Left: [00:01:13] epoch=008/012 :: Train [loss=-11.79583, acc@1=53.23%, acc@5=83.91%] Valid [loss=-12.17675, acc@1=48.16%, acc@5=78.94%]
[2020-10-15 13:44:09] Time Left: [00:00:49] epoch=009/012 :: Train [loss=-11.94668, acc@1=56.10%, acc@5=85.59%] Valid [loss=-12.40703, acc@1=51.32%, acc@5=81.92%]
[2020-10-15 13:44:33] Time Left: [00:00:24] epoch=010/012 :: Train [loss=-12.05841, acc@1=58.59%, acc@5=86.94%] Valid [loss=-12.59494, acc@1=54.58%, acc@5=83.62%]
[2020-10-15 13:44:57] Time Left: [00:00:00] epoch=011/012 :: Train [loss=-12.13912, acc@1=60.40%, acc@5=87.97%] Valid [loss=-12.67818, acc@1=56.10%, acc@5=84.92%]
Python  Version  : 3.7.7 (default, Mar 26 2020, 15:48:22)  [GCC 7.3.0]
Pillow  Version  : 7.0.0
PyTorch Version  : 1.4.0
cuDNN   Version  : 7603
CUDA available   : True
CUDA GPU numbers : 1
CUDA_VISIBLE_DEVICES=0

--------------- dataset : cifar100 ---------------
Flops = 82.49994 MB, Params = 0.593236 MB
config : OrderedDict([('scheduler', 'cos'), ('eta_min', 0.0), ('epochs', 12), ('warmup', 0), ('optim', 'SGD'), ('LR', 0.1), ('decay', 0.0005), ('momentum', 0.9), ('nesterov', True), ('criterion', 'Softmax'), ('batch_size', 256), ('class_num', 100), ('xshape', (1, 3, 32, 32))])
Training State (finish) = True

<<<***>>> The 00/01-th seed is 111 <finish> other procedures need Time Left: [00:00:00]
