Start train-evaluate |skip_connect~0|+|nor_conv_3x3~0|skip_connect~1|+|avg_pool_3x3~0|nor_conv_3x3~1|avg_pool_3x3~2|
arch_config : {'channel': 16, 'num_cells': 5}

The 00/01-th seed is 111 ----------------------<.>----------------------
Does not find the existing file output/trofim-NST/specifics/LESS-|skip_connect~0|+|nor_conv_3x3~0|skip_connect~1|+|avg_pool_3x3~0|nor_conv_3x3~1|avg_pool_3x3~2|-16-5/seed-0111.pth, train and evaluate!
configs/nas-benchmark/LESS.config
Configure(scheduler='cos', eta_min=0.0, epochs=12, warmup=0, optim='SGD', LR=0.1, decay=0.0005, momentum=0.9, nesterov=True, criterion='Softmax', batch_size=256, class_num=100, xshape=(1, 3, 32, 32))
Evaluate ||||||| cifar100   ||||||| Train-Num=50000, Valid-Num=10000, Train-Loader-Num=196, Valid-Loader-Num=40, batch size=256
Evaluate ||||||| cifar100   ||||||| Config=Configure(scheduler='cos', eta_min=0.0, epochs=12, warmup=0, optim='SGD', LR=0.1, decay=0.0005, momentum=0.9, nesterov=True, criterion='Softmax', batch_size=256, class_num=100, xshape=(1, 3, 32, 32))
Evaluate ---->>>> ori-test   with 40 batchs
Evaluate ---->>>> x-valid    with 20 batchs
Evaluate ---->>>> x-test     with 20 batchs
[2020-10-15 14:31:57] Seed-------------------------- 111 --------------------------
FLOP = 78.56778 MB, Param = 0.565236 MB
[2020-10-15 14:32:19] Time Left: [00:04:09] epoch=000/012 :: Train [loss=11.88559, acc@1=5.31%, acc@5=18.47%] Valid [loss=7.40598, acc@1=6.02%, acc@5=19.76%]
[2020-10-15 14:32:41] Time Left: [00:03:41] epoch=001/012 :: Train [loss=4.45562, acc@1=8.47%, acc@5=27.04%] Valid [loss=6.77178, acc@1=3.96%, acc@5=15.62%]
[2020-10-15 14:33:03] Time Left: [00:03:18] epoch=002/012 :: Train [loss=1.74883, acc@1=10.31%, acc@5=30.86%] Valid [loss=1.87034, acc@1=5.74%, acc@5=20.62%]
[2020-10-15 14:33:25] Time Left: [00:02:55] epoch=003/012 :: Train [loss=-0.42060, acc@1=12.13%, acc@5=34.82%] Valid [loss=-0.65660, acc@1=6.68%, acc@5=21.92%]
[2020-10-15 14:33:46] Time Left: [00:02:33] epoch=004/012 :: Train [loss=-1.84813, acc@1=13.77%, acc@5=38.07%] Valid [loss=-1.09566, acc@1=8.04%, acc@5=27.36%]
[2020-10-15 14:34:08] Time Left: [00:02:11] epoch=005/012 :: Train [loss=-3.05835, acc@1=16.85%, acc@5=42.77%] Valid [loss=1.16191, acc@1=3.68%, acc@5=12.76%]
[2020-10-15 14:34:30] Time Left: [00:01:49] epoch=006/012 :: Train [loss=-3.74024, acc@1=18.98%, acc@5=46.09%] Valid [loss=-4.11397, acc@1=15.56%, acc@5=39.60%]
[2020-10-15 14:34:51] Time Left: [00:01:27] epoch=007/012 :: Train [loss=-4.26221, acc@1=20.81%, acc@5=49.01%] Valid [loss=-4.34678, acc@1=16.70%, acc@5=43.46%]
[2020-10-15 14:35:13] Time Left: [00:01:05] epoch=008/012 :: Train [loss=-4.69731, acc@1=22.20%, acc@5=51.27%] Valid [loss=-4.50023, acc@1=16.34%, acc@5=41.34%]
[2020-10-15 14:35:35] Time Left: [00:00:43] epoch=009/012 :: Train [loss=-5.06452, acc@1=23.60%, acc@5=53.04%] Valid [loss=-4.50192, acc@1=15.44%, acc@5=41.10%]
[2020-10-15 14:35:57] Time Left: [00:00:21] epoch=010/012 :: Train [loss=-5.25757, acc@1=24.61%, acc@5=54.41%] Valid [loss=-5.35899, acc@1=20.60%, acc@5=49.68%]
[2020-10-15 14:36:18] Time Left: [00:00:00] epoch=011/012 :: Train [loss=-5.35603, acc@1=25.19%, acc@5=55.11%] Valid [loss=-5.60604, acc@1=24.70%, acc@5=54.84%]
Python  Version  : 3.7.7 (default, Mar 26 2020, 15:48:22)  [GCC 7.3.0]
Pillow  Version  : 7.0.0
PyTorch Version  : 1.4.0
cuDNN   Version  : 7603
CUDA available   : True
CUDA GPU numbers : 1
CUDA_VISIBLE_DEVICES=0

--------------- dataset : cifar100 ---------------
Flops = 78.56778 MB, Params = 0.565236 MB
config : OrderedDict([('scheduler', 'cos'), ('eta_min', 0.0), ('epochs', 12), ('warmup', 0), ('optim', 'SGD'), ('LR', 0.1), ('decay', 0.0005), ('momentum', 0.9), ('nesterov', True), ('criterion', 'Softmax'), ('batch_size', 256), ('class_num', 100), ('xshape', (1, 3, 32, 32))])
Training State (finish) = True

<<<***>>> The 00/01-th seed is 111 <finish> other procedures need Time Left: [00:00:00]
