Start train-evaluate |nor_conv_3x3~0|+|skip_connect~0|nor_conv_1x1~1|+|none~0|nor_conv_3x3~1|skip_connect~2|
arch_config : {'channel': 16, 'num_cells': 5}

The 00/01-th seed is 111 ----------------------<.>----------------------
Does not find the existing file output/trofim-NST/specifics/LESS-|nor_conv_3x3~0|+|skip_connect~0|nor_conv_1x1~1|+|none~0|nor_conv_3x3~1|skip_connect~2|-16-5/seed-0111.pth, train and evaluate!
configs/nas-benchmark/LESS.config
Configure(scheduler='cos', eta_min=0.0, epochs=12, warmup=0, optim='SGD', LR=0.1, decay=0.0005, momentum=0.9, nesterov=True, criterion='Softmax', batch_size=256, class_num=100, xshape=(1, 3, 32, 32))
Evaluate ||||||| cifar100   ||||||| Train-Num=50000, Valid-Num=10000, Train-Loader-Num=196, Valid-Loader-Num=40, batch size=256
Evaluate ||||||| cifar100   ||||||| Config=Configure(scheduler='cos', eta_min=0.0, epochs=12, warmup=0, optim='SGD', LR=0.1, decay=0.0005, momentum=0.9, nesterov=True, criterion='Softmax', batch_size=256, class_num=100, xshape=(1, 3, 32, 32))
Evaluate ---->>>> ori-test   with 40 batchs
Evaluate ---->>>> x-valid    with 20 batchs
Evaluate ---->>>> x-test     with 20 batchs
[2020-10-15 13:47:27] Seed-------------------------- 111 --------------------------
FLOP = 82.49994 MB, Param = 0.593236 MB
[2020-10-15 13:47:50] Time Left: [00:04:19] epoch=000/012 :: Train [loss=-2.64956, acc@1=9.46%, acc@5=28.23%] Valid [loss=-7.43531, acc@1=14.98%, acc@5=41.66%]
[2020-10-15 13:48:15] Time Left: [00:03:59] epoch=001/012 :: Train [loss=-8.52700, acc@1=25.40%, acc@5=56.88%] Valid [loss=-9.29598, acc@1=21.16%, acc@5=50.28%]
[2020-10-15 13:48:38] Time Left: [00:03:33] epoch=002/012 :: Train [loss=-10.00261, acc@1=36.18%, acc@5=69.58%] Valid [loss=-10.79862, acc@1=36.14%, acc@5=69.20%]
[2020-10-15 13:49:01] Time Left: [00:03:09] epoch=003/012 :: Train [loss=-10.77853, acc@1=42.82%, acc@5=76.21%] Valid [loss=-10.85578, acc@1=32.76%, acc@5=65.98%]
[2020-10-15 13:49:25] Time Left: [00:02:45] epoch=004/012 :: Train [loss=-11.28104, acc@1=48.00%, acc@5=80.23%] Valid [loss=-11.57208, acc@1=40.84%, acc@5=73.84%]
[2020-10-15 13:49:48] Time Left: [00:02:21] epoch=005/012 :: Train [loss=-11.64386, acc@1=51.40%, acc@5=83.32%] Valid [loss=-12.01735, acc@1=45.52%, acc@5=78.16%]
[2020-10-15 13:50:11] Time Left: [00:01:57] epoch=006/012 :: Train [loss=-11.91770, acc@1=55.00%, acc@5=85.39%] Valid [loss=-12.14692, acc@1=44.70%, acc@5=78.16%]
[2020-10-15 13:50:35] Time Left: [00:01:33] epoch=007/012 :: Train [loss=-12.14517, acc@1=58.23%, acc@5=87.15%] Valid [loss=-12.39795, acc@1=49.64%, acc@5=80.86%]
[2020-10-15 13:50:58] Time Left: [00:01:10] epoch=008/012 :: Train [loss=-12.32468, acc@1=60.87%, acc@5=88.69%] Valid [loss=-12.70719, acc@1=54.46%, acc@5=83.96%]
[2020-10-15 13:51:22] Time Left: [00:00:46] epoch=009/012 :: Train [loss=-12.48533, acc@1=63.95%, acc@5=90.16%] Valid [loss=-12.98980, acc@1=58.20%, acc@5=86.34%]
[2020-10-15 13:51:45] Time Left: [00:00:23] epoch=010/012 :: Train [loss=-12.59128, acc@1=66.09%, acc@5=91.32%] Valid [loss=-13.12394, acc@1=61.26%, acc@5=87.36%]
[2020-10-15 13:52:08] Time Left: [00:00:00] epoch=011/012 :: Train [loss=-12.66956, acc@1=67.81%, acc@5=92.06%] Valid [loss=-13.18334, acc@1=61.82%, acc@5=88.02%]
Python  Version  : 3.7.7 (default, Mar 26 2020, 15:48:22)  [GCC 7.3.0]
Pillow  Version  : 7.0.0
PyTorch Version  : 1.4.0
cuDNN   Version  : 7603
CUDA available   : True
CUDA GPU numbers : 1
CUDA_VISIBLE_DEVICES=0

--------------- dataset : cifar100 ---------------
Flops = 82.49994 MB, Params = 0.593236 MB
config : OrderedDict([('scheduler', 'cos'), ('eta_min', 0.0), ('epochs', 12), ('warmup', 0), ('optim', 'SGD'), ('LR', 0.1), ('decay', 0.0005), ('momentum', 0.9), ('nesterov', True), ('criterion', 'Softmax'), ('batch_size', 256), ('class_num', 100), ('xshape', (1, 3, 32, 32))])
Training State (finish) = True

<<<***>>> The 00/01-th seed is 111 <finish> other procedures need Time Left: [00:00:00]
