Start train-evaluate |none~0|+|skip_connect~0|none~1|+|nor_conv_3x3~0|skip_connect~1|none~2|
arch_config : {'channel': 16, 'num_cells': 5}

The 00/01-th seed is 111 ----------------------<.>----------------------
Does not find the existing file output/trofim-NST/specifics/LESS-|none~0|+|skip_connect~0|none~1|+|nor_conv_3x3~0|skip_connect~1|none~2|-16-5/seed-0111.pth, train and evaluate!
configs/nas-benchmark/LESS.config
Configure(scheduler='cos', eta_min=0.0, epochs=12, warmup=0, optim='SGD', LR=0.1, decay=0.0005, momentum=0.9, nesterov=True, criterion='Softmax', batch_size=256, class_num=100, xshape=(1, 3, 32, 32))
Evaluate ||||||| cifar100   ||||||| Train-Num=50000, Valid-Num=10000, Train-Loader-Num=196, Valid-Loader-Num=40, batch size=256
Evaluate ||||||| cifar100   ||||||| Config=Configure(scheduler='cos', eta_min=0.0, epochs=12, warmup=0, optim='SGD', LR=0.1, decay=0.0005, momentum=0.9, nesterov=True, criterion='Softmax', batch_size=256, class_num=100, xshape=(1, 3, 32, 32))
Evaluate ---->>>> ori-test   with 40 batchs
Evaluate ---->>>> x-valid    with 20 batchs
Evaluate ---->>>> x-test     with 20 batchs
[2020-10-15 13:22:59] Seed-------------------------- 111 --------------------------
FLOP = 43.17834 MB, Param = 0.322196 MB
[2020-10-15 13:23:17] Time Left: [00:03:08] epoch=000/012 :: Train [loss=3.07375, acc@1=5.39%, acc@5=19.06%] Valid [loss=-2.45909, acc@1=4.26%, acc@5=16.52%]
[2020-10-15 13:23:33] Time Left: [00:02:47] epoch=001/012 :: Train [loss=-5.85777, acc@1=15.15%, acc@5=40.73%] Valid [loss=-6.81334, acc@1=15.28%, acc@5=39.32%]
[2020-10-15 13:23:51] Time Left: [00:02:34] epoch=002/012 :: Train [loss=-7.56934, acc@1=23.40%, acc@5=54.29%] Valid [loss=-7.73515, acc@1=21.86%, acc@5=47.72%]
[2020-10-15 13:24:07] Time Left: [00:02:15] epoch=003/012 :: Train [loss=-8.42740, acc@1=30.25%, acc@5=62.83%] Valid [loss=-8.02557, acc@1=21.26%, acc@5=49.94%]
[2020-10-15 13:24:24] Time Left: [00:01:58] epoch=004/012 :: Train [loss=-9.03647, acc@1=35.10%, acc@5=67.82%] Valid [loss=-9.40861, acc@1=33.10%, acc@5=65.20%]
[2020-10-15 13:24:40] Time Left: [00:01:40] epoch=005/012 :: Train [loss=-9.56141, acc@1=39.23%, acc@5=72.01%] Valid [loss=-9.18721, acc@1=29.54%, acc@5=59.62%]
[2020-10-15 13:24:56] Time Left: [00:01:23] epoch=006/012 :: Train [loss=-9.95746, acc@1=42.87%, acc@5=75.40%] Valid [loss=-9.91157, acc@1=38.04%, acc@5=69.26%]
[2020-10-15 13:25:13] Time Left: [00:01:06] epoch=007/012 :: Train [loss=-10.24025, acc@1=45.91%, acc@5=77.57%] Valid [loss=-10.53021, acc@1=42.36%, acc@5=74.70%]
[2020-10-15 13:25:29] Time Left: [00:00:49] epoch=008/012 :: Train [loss=-10.47386, acc@1=49.02%, acc@5=79.98%] Valid [loss=-10.83228, acc@1=45.02%, acc@5=76.74%]
[2020-10-15 13:25:46] Time Left: [00:00:33] epoch=009/012 :: Train [loss=-10.64557, acc@1=51.40%, acc@5=81.66%] Valid [loss=-11.03222, acc@1=48.64%, acc@5=78.32%]
[2020-10-15 13:26:02] Time Left: [00:00:16] epoch=010/012 :: Train [loss=-10.76446, acc@1=53.33%, acc@5=83.16%] Valid [loss=-11.17282, acc@1=50.62%, acc@5=80.08%]
[2020-10-15 13:26:18] Time Left: [00:00:00] epoch=011/012 :: Train [loss=-10.84033, acc@1=54.83%, acc@5=83.83%] Valid [loss=-11.27218, acc@1=52.28%, acc@5=80.98%]
Python  Version  : 3.7.7 (default, Mar 26 2020, 15:48:22)  [GCC 7.3.0]
Pillow  Version  : 7.0.0
PyTorch Version  : 1.4.0
cuDNN   Version  : 7603
CUDA available   : True
CUDA GPU numbers : 1
CUDA_VISIBLE_DEVICES=0

--------------- dataset : cifar100 ---------------
Flops = 43.17834 MB, Params = 0.322196 MB
config : OrderedDict([('scheduler', 'cos'), ('eta_min', 0.0), ('epochs', 12), ('warmup', 0), ('optim', 'SGD'), ('LR', 0.1), ('decay', 0.0005), ('momentum', 0.9), ('nesterov', True), ('criterion', 'Softmax'), ('batch_size', 256), ('class_num', 100), ('xshape', (1, 3, 32, 32))])
Training State (finish) = True

<<<***>>> The 00/01-th seed is 111 <finish> other procedures need Time Left: [00:00:00]
