Start train-evaluate |nor_conv_1x1~0|+|avg_pool_3x3~0|none~1|+|skip_connect~0|skip_connect~1|nor_conv_3x3~2|
arch_config : {'channel': 16, 'num_cells': 5}

The 00/01-th seed is 111 ----------------------<.>----------------------
Does not find the existing file output/trofim-NST/specifics/LESS-|nor_conv_1x1~0|+|avg_pool_3x3~0|none~1|+|skip_connect~0|skip_connect~1|nor_conv_3x3~2|-16-5/seed-0111.pth, train and evaluate!
configs/nas-benchmark/LESS.config
Configure(scheduler='cos', eta_min=0.0, epochs=12, warmup=0, optim='SGD', LR=0.1, decay=0.0005, momentum=0.9, nesterov=True, criterion='Softmax', batch_size=256, class_num=100, xshape=(1, 3, 32, 32))
Evaluate ||||||| cifar100   ||||||| Train-Num=50000, Valid-Num=10000, Train-Loader-Num=196, Valid-Loader-Num=40, batch size=256
Evaluate ||||||| cifar100   ||||||| Config=Configure(scheduler='cos', eta_min=0.0, epochs=12, warmup=0, optim='SGD', LR=0.1, decay=0.0005, momentum=0.9, nesterov=True, criterion='Softmax', batch_size=256, class_num=100, xshape=(1, 3, 32, 32))
Evaluate ---->>>> ori-test   with 40 batchs
Evaluate ---->>>> x-valid    with 20 batchs
Evaluate ---->>>> x-test     with 20 batchs
[2020-10-15 14:31:20] Seed-------------------------- 111 --------------------------
FLOP = 47.1105 MB, Param = 0.350196 MB
[2020-10-15 14:31:41] Time Left: [00:03:47] epoch=000/012 :: Train [loss=-2.26925, acc@1=8.59%, acc@5=26.68%] Valid [loss=-6.21206, acc@1=11.18%, acc@5=34.30%]
[2020-10-15 14:32:01] Time Left: [00:03:24] epoch=001/012 :: Train [loss=-7.42690, acc@1=21.81%, acc@5=51.70%] Valid [loss=-7.16563, acc@1=16.20%, acc@5=39.52%]
[2020-10-15 14:32:21] Time Left: [00:03:02] epoch=002/012 :: Train [loss=-8.83871, acc@1=30.76%, acc@5=63.26%] Valid [loss=-8.98768, acc@1=26.34%, acc@5=57.64%]
[2020-10-15 14:32:41] Time Left: [00:02:42] epoch=003/012 :: Train [loss=-9.61381, acc@1=36.96%, acc@5=70.86%] Valid [loss=-9.38043, acc@1=26.26%, acc@5=58.68%]
[2020-10-15 14:33:01] Time Left: [00:02:21] epoch=004/012 :: Train [loss=-10.10414, acc@1=41.79%, acc@5=75.05%] Valid [loss=-10.40643, acc@1=35.86%, acc@5=69.32%]
[2020-10-15 14:33:21] Time Left: [00:02:01] epoch=005/012 :: Train [loss=-10.43343, acc@1=45.17%, acc@5=78.12%] Valid [loss=-10.54403, acc@1=38.46%, acc@5=71.48%]
[2020-10-15 14:33:41] Time Left: [00:01:41] epoch=006/012 :: Train [loss=-10.69197, acc@1=48.06%, acc@5=80.34%] Valid [loss=-10.64122, acc@1=37.20%, acc@5=71.22%]
[2020-10-15 14:34:03] Time Left: [00:01:21] epoch=007/012 :: Train [loss=-10.90363, acc@1=50.82%, acc@5=82.28%] Valid [loss=-11.39406, acc@1=48.50%, acc@5=79.54%]
[2020-10-15 14:34:23] Time Left: [00:01:01] epoch=008/012 :: Train [loss=-11.07669, acc@1=53.37%, acc@5=83.91%] Valid [loss=-11.37745, acc@1=47.02%, acc@5=78.48%]
[2020-10-15 14:34:44] Time Left: [00:00:40] epoch=009/012 :: Train [loss=-11.21381, acc@1=55.48%, acc@5=85.50%] Valid [loss=-11.72600, acc@1=52.30%, acc@5=83.02%]
[2020-10-15 14:35:04] Time Left: [00:00:20] epoch=010/012 :: Train [loss=-11.31607, acc@1=57.26%, acc@5=86.54%] Valid [loss=-11.80191, acc@1=53.98%, acc@5=84.06%]
[2020-10-15 14:35:24] Time Left: [00:00:00] epoch=011/012 :: Train [loss=-11.38113, acc@1=58.77%, acc@5=87.11%] Valid [loss=-11.89735, acc@1=55.42%, acc@5=84.80%]
Python  Version  : 3.7.7 (default, Mar 26 2020, 15:48:22)  [GCC 7.3.0]
Pillow  Version  : 7.0.0
PyTorch Version  : 1.4.0
cuDNN   Version  : 7603
CUDA available   : True
CUDA GPU numbers : 1
CUDA_VISIBLE_DEVICES=0

--------------- dataset : cifar100 ---------------
Flops = 47.1105 MB, Params = 0.350196 MB
config : OrderedDict([('scheduler', 'cos'), ('eta_min', 0.0), ('epochs', 12), ('warmup', 0), ('optim', 'SGD'), ('LR', 0.1), ('decay', 0.0005), ('momentum', 0.9), ('nesterov', True), ('criterion', 'Softmax'), ('batch_size', 256), ('class_num', 100), ('xshape', (1, 3, 32, 32))])
Training State (finish) = True

<<<***>>> The 00/01-th seed is 111 <finish> other procedures need Time Left: [00:00:00]
