Start train-evaluate |nor_conv_3x3~0|+|nor_conv_3x3~0|avg_pool_3x3~1|+|none~0|nor_conv_3x3~1|avg_pool_3x3~2|
arch_config : {'channel': 16, 'num_cells': 5}

The 00/01-th seed is 111 ----------------------<.>----------------------
Does not find the existing file output/trofim-NST/specifics/LESS-|nor_conv_3x3~0|+|nor_conv_3x3~0|avg_pool_3x3~1|+|none~0|nor_conv_3x3~1|avg_pool_3x3~2|-16-5/seed-0111.pth, train and evaluate!
configs/nas-benchmark/LESS.config
Configure(scheduler='cos', eta_min=0.0, epochs=12, warmup=0, optim='SGD', LR=0.1, decay=0.0005, momentum=0.9, nesterov=True, criterion='Softmax', batch_size=256, class_num=100, xshape=(1, 3, 32, 32))
Evaluate ||||||| cifar100   ||||||| Train-Num=50000, Valid-Num=10000, Train-Loader-Num=196, Valid-Loader-Num=40, batch size=256
Evaluate ||||||| cifar100   ||||||| Config=Configure(scheduler='cos', eta_min=0.0, epochs=12, warmup=0, optim='SGD', LR=0.1, decay=0.0005, momentum=0.9, nesterov=True, criterion='Softmax', batch_size=256, class_num=100, xshape=(1, 3, 32, 32))
Evaluate ---->>>> ori-test   with 40 batchs
Evaluate ---->>>> x-valid    with 20 batchs
Evaluate ---->>>> x-test     with 20 batchs
[2020-10-15 13:13:44] Seed-------------------------- 111 --------------------------
FLOP = 113.95722 MB, Param = 0.808276 MB
[2020-10-15 13:14:12] Time Left: [00:05:05] epoch=000/012 :: Train [loss=1.70816, acc@1=4.21%, acc@5=15.29%] Valid [loss=-1.84882, acc@1=3.32%, acc@5=12.54%]
[2020-10-15 13:14:38] Time Left: [00:04:30] epoch=001/012 :: Train [loss=-6.08543, acc@1=11.39%, acc@5=34.23%] Valid [loss=-6.86440, acc@1=8.56%, acc@5=27.18%]
[2020-10-15 13:15:04] Time Left: [00:04:00] epoch=002/012 :: Train [loss=-8.04398, acc@1=19.22%, acc@5=48.28%] Valid [loss=-7.66330, acc@1=11.60%, acc@5=34.20%]
[2020-10-15 13:15:30] Time Left: [00:03:33] epoch=003/012 :: Train [loss=-9.06333, acc@1=26.14%, acc@5=58.32%] Valid [loss=-8.83990, acc@1=16.16%, acc@5=42.76%]
[2020-10-15 13:15:57] Time Left: [00:03:06] epoch=004/012 :: Train [loss=-9.77236, acc@1=32.06%, acc@5=65.49%] Valid [loss=-8.60527, acc@1=16.06%, acc@5=43.40%]
[2020-10-15 13:16:23] Time Left: [00:02:39] epoch=005/012 :: Train [loss=-10.26044, acc@1=36.34%, acc@5=69.89%] Valid [loss=-9.51500, acc@1=19.80%, acc@5=50.62%]
[2020-10-15 13:16:49] Time Left: [00:02:12] epoch=006/012 :: Train [loss=-10.64343, acc@1=39.73%, acc@5=73.34%] Valid [loss=-10.66345, acc@1=33.12%, acc@5=66.92%]
[2020-10-15 13:17:15] Time Left: [00:01:45] epoch=007/012 :: Train [loss=-10.94184, acc@1=43.42%, acc@5=76.56%] Valid [loss=-10.56684, acc@1=31.28%, acc@5=63.86%]
[2020-10-15 13:17:42] Time Left: [00:01:19] epoch=008/012 :: Train [loss=-11.17521, acc@1=46.46%, acc@5=78.76%] Valid [loss=-10.97042, acc@1=35.66%, acc@5=67.30%]
[2020-10-15 13:18:08] Time Left: [00:00:52] epoch=009/012 :: Train [loss=-11.36601, acc@1=49.54%, acc@5=81.10%] Valid [loss=-11.54629, acc@1=42.24%, acc@5=73.80%]
[2020-10-15 13:18:34] Time Left: [00:00:26] epoch=010/012 :: Train [loss=-11.51398, acc@1=52.29%, acc@5=82.81%] Valid [loss=-11.99889, acc@1=48.52%, acc@5=79.10%]
[2020-10-15 13:19:01] Time Left: [00:00:00] epoch=011/012 :: Train [loss=-11.59598, acc@1=54.09%, acc@5=83.91%] Valid [loss=-12.14607, acc@1=51.14%, acc@5=81.12%]
Python  Version  : 3.7.7 (default, Mar 26 2020, 15:48:22)  [GCC 7.3.0]
Pillow  Version  : 7.0.0
PyTorch Version  : 1.4.0
cuDNN   Version  : 7603
CUDA available   : True
CUDA GPU numbers : 1
CUDA_VISIBLE_DEVICES=0

--------------- dataset : cifar100 ---------------
Flops = 113.95722 MB, Params = 0.808276 MB
config : OrderedDict([('scheduler', 'cos'), ('eta_min', 0.0), ('epochs', 12), ('warmup', 0), ('optim', 'SGD'), ('LR', 0.1), ('decay', 0.0005), ('momentum', 0.9), ('nesterov', True), ('criterion', 'Softmax'), ('batch_size', 256), ('class_num', 100), ('xshape', (1, 3, 32, 32))])
Training State (finish) = True

<<<***>>> The 00/01-th seed is 111 <finish> other procedures need Time Left: [00:00:00]
