Start train-evaluate |nor_conv_1x1~0|+|nor_conv_3x3~0|nor_conv_1x1~1|+|nor_conv_3x3~0|skip_connect~1|nor_conv_1x1~2|
arch_config : {'channel': 16, 'num_cells': 5}

The 00/01-th seed is 111 ----------------------<.>----------------------
Does not find the existing file output/trofim-NST/specifics/LESS-|nor_conv_1x1~0|+|nor_conv_3x3~0|nor_conv_1x1~1|+|nor_conv_3x3~0|skip_connect~1|nor_conv_1x1~2|-16-5/seed-0111.pth, train and evaluate!
configs/nas-benchmark/LESS.config
Configure(scheduler='cos', eta_min=0.0, epochs=12, warmup=0, optim='SGD', LR=0.1, decay=0.0005, momentum=0.9, nesterov=True, criterion='Softmax', batch_size=256, class_num=100, xshape=(1, 3, 32, 32))
Evaluate ||||||| cifar100   ||||||| Train-Num=50000, Valid-Num=10000, Train-Loader-Num=196, Valid-Loader-Num=40, batch size=256
Evaluate ||||||| cifar100   ||||||| Config=Configure(scheduler='cos', eta_min=0.0, epochs=12, warmup=0, optim='SGD', LR=0.1, decay=0.0005, momentum=0.9, nesterov=True, criterion='Softmax', batch_size=256, class_num=100, xshape=(1, 3, 32, 32))
Evaluate ---->>>> ori-test   with 40 batchs
Evaluate ---->>>> x-valid    with 20 batchs
Evaluate ---->>>> x-test     with 20 batchs
[2020-10-15 13:30:07] Seed-------------------------- 111 --------------------------
FLOP = 90.36426 MB, Param = 0.649236 MB
[2020-10-15 13:30:37] Time Left: [00:05:25] epoch=000/012 :: Train [loss=-5.05173, acc@1=9.15%, acc@5=27.40%] Valid [loss=-7.86801, acc@1=10.40%, acc@5=31.20%]
[2020-10-15 13:31:06] Time Left: [00:04:54] epoch=001/012 :: Train [loss=-9.20605, acc@1=23.20%, acc@5=54.11%] Valid [loss=-9.59803, acc@1=18.60%, acc@5=47.22%]
[2020-10-15 13:31:35] Time Left: [00:04:24] epoch=002/012 :: Train [loss=-10.33678, acc@1=32.85%, acc@5=66.59%] Valid [loss=-10.32821, acc@1=25.52%, acc@5=56.96%]
[2020-10-15 13:32:05] Time Left: [00:03:55] epoch=003/012 :: Train [loss=-10.90735, acc@1=39.14%, acc@5=73.14%] Valid [loss=-11.19439, acc@1=33.72%, acc@5=69.36%]
[2020-10-15 13:32:34] Time Left: [00:03:25] epoch=004/012 :: Train [loss=-11.27089, acc@1=43.71%, acc@5=76.95%] Valid [loss=-11.19479, acc@1=35.42%, acc@5=67.18%]
[2020-10-15 13:33:03] Time Left: [00:02:56] epoch=005/012 :: Train [loss=-11.52762, acc@1=47.59%, acc@5=79.91%] Valid [loss=-11.54561, acc@1=37.12%, acc@5=70.10%]
[2020-10-15 13:33:32] Time Left: [00:02:26] epoch=006/012 :: Train [loss=-11.74289, acc@1=50.72%, acc@5=82.07%] Valid [loss=-11.84384, acc@1=41.80%, acc@5=74.70%]
[2020-10-15 13:34:02] Time Left: [00:01:57] epoch=007/012 :: Train [loss=-11.92801, acc@1=53.59%, acc@5=84.21%] Valid [loss=-11.81056, acc@1=40.12%, acc@5=72.84%]
[2020-10-15 13:34:31] Time Left: [00:01:27] epoch=008/012 :: Train [loss=-12.08606, acc@1=56.61%, acc@5=85.98%] Valid [loss=-12.40829, acc@1=50.10%, acc@5=80.64%]
[2020-10-15 13:35:00] Time Left: [00:00:58] epoch=009/012 :: Train [loss=-12.23328, acc@1=59.54%, acc@5=87.61%] Valid [loss=-12.68604, acc@1=54.64%, acc@5=84.02%]
[2020-10-15 13:35:30] Time Left: [00:00:29] epoch=010/012 :: Train [loss=-12.35070, acc@1=62.06%, acc@5=89.05%] Valid [loss=-12.84647, acc@1=57.18%, acc@5=85.66%]
[2020-10-15 13:36:00] Time Left: [00:00:00] epoch=011/012 :: Train [loss=-12.42398, acc@1=63.59%, acc@5=89.67%] Valid [loss=-12.92139, acc@1=59.00%, acc@5=86.44%]
Python  Version  : 3.7.7 (default, Mar 26 2020, 15:48:22)  [GCC 7.3.0]
Pillow  Version  : 7.0.0
PyTorch Version  : 1.4.0
cuDNN   Version  : 7603
CUDA available   : True
CUDA GPU numbers : 1
CUDA_VISIBLE_DEVICES=0

--------------- dataset : cifar100 ---------------
Flops = 90.36426 MB, Params = 0.649236 MB
config : OrderedDict([('scheduler', 'cos'), ('eta_min', 0.0), ('epochs', 12), ('warmup', 0), ('optim', 'SGD'), ('LR', 0.1), ('decay', 0.0005), ('momentum', 0.9), ('nesterov', True), ('criterion', 'Softmax'), ('batch_size', 256), ('class_num', 100), ('xshape', (1, 3, 32, 32))])
Training State (finish) = True

<<<***>>> The 00/01-th seed is 111 <finish> other procedures need Time Left: [00:00:00]
