Start train-evaluate |nor_conv_1x1~0|+|skip_connect~0|none~1|+|skip_connect~0|skip_connect~1|skip_connect~2|
arch_config : {'channel': 16, 'num_cells': 5}

The 00/01-th seed is 111 ----------------------<.>----------------------
Does not find the existing file output/trofim-NST/specifics/LESS-|nor_conv_1x1~0|+|skip_connect~0|none~1|+|skip_connect~0|skip_connect~1|skip_connect~2|-16-5/seed-0111.pth, train and evaluate!
configs/nas-benchmark/LESS.config
Configure(scheduler='cos', eta_min=0.0, epochs=12, warmup=0, optim='SGD', LR=0.1, decay=0.0005, momentum=0.9, nesterov=True, criterion='Softmax', batch_size=256, class_num=100, xshape=(1, 3, 32, 32))
Evaluate ||||||| cifar100   ||||||| Train-Num=50000, Valid-Num=10000, Train-Loader-Num=196, Valid-Loader-Num=40, batch size=256
Evaluate ||||||| cifar100   ||||||| Config=Configure(scheduler='cos', eta_min=0.0, epochs=12, warmup=0, optim='SGD', LR=0.1, decay=0.0005, momentum=0.9, nesterov=True, criterion='Softmax', batch_size=256, class_num=100, xshape=(1, 3, 32, 32))
Evaluate ---->>>> ori-test   with 40 batchs
Evaluate ---->>>> x-valid    with 20 batchs
Evaluate ---->>>> x-test     with 20 batchs
[2020-10-15 14:34:10] Seed-------------------------- 111 --------------------------
FLOP = 11.72106 MB, Param = 0.107156 MB
[2020-10-15 14:34:25] Time Left: [00:02:48] epoch=000/012 :: Train [loss=4.52658, acc@1=4.59%, acc@5=17.16%] Valid [loss=0.54649, acc@1=5.42%, acc@5=21.32%]
[2020-10-15 14:34:41] Time Left: [00:02:38] epoch=001/012 :: Train [loss=-1.45419, acc@1=7.85%, acc@5=25.11%] Valid [loss=-2.40911, acc@1=7.48%, acc@5=24.88%]
[2020-10-15 14:34:56] Time Left: [00:02:20] epoch=002/012 :: Train [loss=-3.34677, acc@1=10.20%, acc@5=30.43%] Valid [loss=-3.09215, acc@1=9.02%, acc@5=26.14%]
[2020-10-15 14:35:12] Time Left: [00:02:03] epoch=003/012 :: Train [loss=-4.40593, acc@1=13.10%, acc@5=35.42%] Valid [loss=-3.61293, acc@1=11.14%, acc@5=31.78%]
[2020-10-15 14:35:27] Time Left: [00:01:47] epoch=004/012 :: Train [loss=-5.07969, acc@1=15.34%, acc@5=39.72%] Valid [loss=-5.21316, acc@1=12.04%, acc@5=32.86%]
[2020-10-15 14:35:42] Time Left: [00:01:32] epoch=005/012 :: Train [loss=-5.52733, acc@1=17.29%, acc@5=42.39%] Valid [loss=-5.55182, acc@1=13.70%, acc@5=34.84%]
[2020-10-15 14:35:57] Time Left: [00:01:16] epoch=006/012 :: Train [loss=-6.28374, acc@1=18.95%, acc@5=45.37%] Valid [loss=-6.45700, acc@1=16.14%, acc@5=40.24%]
[2020-10-15 14:36:12] Time Left: [00:01:01] epoch=007/012 :: Train [loss=-6.96566, acc@1=20.78%, acc@5=47.89%] Valid [loss=-7.13785, acc@1=16.44%, acc@5=41.78%]
[2020-10-15 14:36:27] Time Left: [00:00:45] epoch=008/012 :: Train [loss=-7.50108, acc@1=21.85%, acc@5=50.01%] Valid [loss=-7.66676, acc@1=19.24%, acc@5=45.24%]
[2020-10-15 14:36:42] Time Left: [00:00:30] epoch=009/012 :: Train [loss=-7.74789, acc@1=23.01%, acc@5=51.78%] Valid [loss=-8.18529, acc@1=21.06%, acc@5=47.80%]
[2020-10-15 14:36:57] Time Left: [00:00:15] epoch=010/012 :: Train [loss=-7.88545, acc@1=23.74%, acc@5=52.85%] Valid [loss=-8.33357, acc@1=21.84%, acc@5=49.06%]
[2020-10-15 14:37:13] Time Left: [00:00:00] epoch=011/012 :: Train [loss=-7.94962, acc@1=24.35%, acc@5=53.39%] Valid [loss=-8.42108, acc@1=22.94%, acc@5=51.04%]
Python  Version  : 3.7.7 (default, Mar 26 2020, 15:48:22)  [GCC 7.3.0]
Pillow  Version  : 7.0.0
PyTorch Version  : 1.4.0
cuDNN   Version  : 7603
CUDA available   : True
CUDA GPU numbers : 1
CUDA_VISIBLE_DEVICES=0

--------------- dataset : cifar100 ---------------
Flops = 11.72106 MB, Params = 0.107156 MB
config : OrderedDict([('scheduler', 'cos'), ('eta_min', 0.0), ('epochs', 12), ('warmup', 0), ('optim', 'SGD'), ('LR', 0.1), ('decay', 0.0005), ('momentum', 0.9), ('nesterov', True), ('criterion', 'Softmax'), ('batch_size', 256), ('class_num', 100), ('xshape', (1, 3, 32, 32))])
Training State (finish) = True

<<<***>>> The 00/01-th seed is 111 <finish> other procedures need Time Left: [00:00:00]
