Start train-evaluate |nor_conv_1x1~0|+|none~0|nor_conv_1x1~1|+|avg_pool_3x3~0|nor_conv_3x3~1|skip_connect~2|
arch_config : {'channel': 16, 'num_cells': 5}

The 00/01-th seed is 111 ----------------------<.>----------------------
Does not find the existing file output/trofim-NST/specifics/LESS-|nor_conv_1x1~0|+|none~0|nor_conv_1x1~1|+|avg_pool_3x3~0|nor_conv_3x3~1|skip_connect~2|-16-5/seed-0111.pth, train and evaluate!
configs/nas-benchmark/LESS.config
Configure(scheduler='cos', eta_min=0.0, epochs=12, warmup=0, optim='SGD', LR=0.1, decay=0.0005, momentum=0.9, nesterov=True, criterion='Softmax', batch_size=256, class_num=100, xshape=(1, 3, 32, 32))
Evaluate ||||||| cifar100   ||||||| Train-Num=50000, Valid-Num=10000, Train-Loader-Num=196, Valid-Loader-Num=40, batch size=256
Evaluate ||||||| cifar100   ||||||| Config=Configure(scheduler='cos', eta_min=0.0, epochs=12, warmup=0, optim='SGD', LR=0.1, decay=0.0005, momentum=0.9, nesterov=True, criterion='Softmax', batch_size=256, class_num=100, xshape=(1, 3, 32, 32))
Evaluate ---->>>> ori-test   with 40 batchs
Evaluate ---->>>> x-valid    with 20 batchs
Evaluate ---->>>> x-test     with 20 batchs
[2020-10-15 13:41:59] Seed-------------------------- 111 --------------------------
FLOP = 51.04266 MB, Param = 0.378196 MB
[2020-10-15 13:42:22] Time Left: [00:04:17] epoch=000/012 :: Train [loss=0.88626, acc@1=8.39%, acc@5=25.83%] Valid [loss=-5.07578, acc@1=8.18%, acc@5=27.74%]
[2020-10-15 13:42:47] Time Left: [00:03:58] epoch=001/012 :: Train [loss=-7.28849, acc@1=22.16%, acc@5=51.57%] Valid [loss=-7.32384, acc@1=14.26%, acc@5=39.50%]
[2020-10-15 13:43:10] Time Left: [00:03:32] epoch=002/012 :: Train [loss=-8.68466, acc@1=30.75%, acc@5=63.27%] Valid [loss=-8.47865, acc@1=22.44%, acc@5=51.26%]
[2020-10-15 13:43:33] Time Left: [00:03:08] epoch=003/012 :: Train [loss=-9.41199, acc@1=37.81%, acc@5=70.56%] Valid [loss=-9.22241, acc@1=26.40%, acc@5=58.70%]
[2020-10-15 13:43:56] Time Left: [00:02:44] epoch=004/012 :: Train [loss=-9.85072, acc@1=41.80%, acc@5=74.78%] Valid [loss=-9.34577, acc@1=31.14%, acc@5=60.82%]
[2020-10-15 13:44:19] Time Left: [00:02:20] epoch=005/012 :: Train [loss=-10.22899, acc@1=45.59%, acc@5=78.02%] Valid [loss=-9.95163, acc@1=33.26%, acc@5=65.96%]
[2020-10-15 13:44:43] Time Left: [00:01:56] epoch=006/012 :: Train [loss=-10.61070, acc@1=49.21%, acc@5=80.49%] Valid [loss=-9.86956, acc@1=36.38%, acc@5=67.54%]
[2020-10-15 13:45:06] Time Left: [00:01:33] epoch=007/012 :: Train [loss=-10.93191, acc@1=51.88%, acc@5=82.59%] Valid [loss=-10.51407, acc@1=35.88%, acc@5=69.56%]
[2020-10-15 13:45:29] Time Left: [00:01:09] epoch=008/012 :: Train [loss=-11.18345, acc@1=55.08%, acc@5=84.39%] Valid [loss=-11.22615, acc@1=46.26%, acc@5=77.50%]
[2020-10-15 13:45:52] Time Left: [00:00:46] epoch=009/012 :: Train [loss=-11.36311, acc@1=57.48%, acc@5=86.07%] Valid [loss=-11.53115, acc@1=49.36%, acc@5=79.54%]
[2020-10-15 13:46:15] Time Left: [00:00:23] epoch=010/012 :: Train [loss=-11.50406, acc@1=59.69%, acc@5=87.54%] Valid [loss=-11.84905, acc@1=54.38%, acc@5=82.94%]
[2020-10-15 13:46:38] Time Left: [00:00:00] epoch=011/012 :: Train [loss=-11.58486, acc@1=61.41%, acc@5=88.37%] Valid [loss=-12.04947, acc@1=56.70%, acc@5=85.42%]
Python  Version  : 3.7.7 (default, Mar 26 2020, 15:48:22)  [GCC 7.3.0]
Pillow  Version  : 7.0.0
PyTorch Version  : 1.4.0
cuDNN   Version  : 7603
CUDA available   : True
CUDA GPU numbers : 1
CUDA_VISIBLE_DEVICES=0

--------------- dataset : cifar100 ---------------
Flops = 51.04266 MB, Params = 0.378196 MB
config : OrderedDict([('scheduler', 'cos'), ('eta_min', 0.0), ('epochs', 12), ('warmup', 0), ('optim', 'SGD'), ('LR', 0.1), ('decay', 0.0005), ('momentum', 0.9), ('nesterov', True), ('criterion', 'Softmax'), ('batch_size', 256), ('class_num', 100), ('xshape', (1, 3, 32, 32))])
Training State (finish) = True

<<<***>>> The 00/01-th seed is 111 <finish> other procedures need Time Left: [00:00:00]
