Start train-evaluate |nor_conv_3x3~0|+|nor_conv_3x3~0|nor_conv_1x1~1|+|avg_pool_3x3~0|skip_connect~1|nor_conv_3x3~2|
arch_config : {'channel': 16, 'num_cells': 5}

The 00/01-th seed is 111 ----------------------<.>----------------------
Does not find the existing file output/trofim-NST/specifics/LESS-|nor_conv_3x3~0|+|nor_conv_3x3~0|nor_conv_1x1~1|+|avg_pool_3x3~0|skip_connect~1|nor_conv_3x3~2|-16-5/seed-0111.pth, train and evaluate!
configs/nas-benchmark/LESS.config
Configure(scheduler='cos', eta_min=0.0, epochs=12, warmup=0, optim='SGD', LR=0.1, decay=0.0005, momentum=0.9, nesterov=True, criterion='Softmax', batch_size=256, class_num=100, xshape=(1, 3, 32, 32))
Evaluate ||||||| cifar100   ||||||| Train-Num=50000, Valid-Num=10000, Train-Loader-Num=196, Valid-Loader-Num=40, batch size=256
Evaluate ||||||| cifar100   ||||||| Config=Configure(scheduler='cos', eta_min=0.0, epochs=12, warmup=0, optim='SGD', LR=0.1, decay=0.0005, momentum=0.9, nesterov=True, criterion='Softmax', batch_size=256, class_num=100, xshape=(1, 3, 32, 32))
Evaluate ---->>>> ori-test   with 40 batchs
Evaluate ---->>>> x-valid    with 20 batchs
Evaluate ---->>>> x-test     with 20 batchs
[2020-10-15 14:05:32] Seed-------------------------- 111 --------------------------
FLOP = 117.88938 MB, Param = 0.836276 MB
[2020-10-15 14:06:01] Time Left: [00:05:23] epoch=000/012 :: Train [loss=2.73854, acc@1=8.68%, acc@5=26.67%] Valid [loss=-2.52106, acc@1=11.38%, acc@5=33.06%]
[2020-10-15 14:06:29] Time Left: [00:04:48] epoch=001/012 :: Train [loss=-6.04118, acc@1=21.95%, acc@5=51.26%] Valid [loss=-6.86991, acc@1=14.56%, acc@5=39.20%]
[2020-10-15 14:06:58] Time Left: [00:04:17] epoch=002/012 :: Train [loss=-8.65186, acc@1=31.67%, acc@5=64.96%] Valid [loss=-8.64587, acc@1=24.12%, acc@5=53.96%]
[2020-10-15 14:07:26] Time Left: [00:03:48] epoch=003/012 :: Train [loss=-9.73067, acc@1=38.94%, acc@5=72.44%] Valid [loss=-8.83881, acc@1=23.12%, acc@5=53.28%]
[2020-10-15 14:07:54] Time Left: [00:03:19] epoch=004/012 :: Train [loss=-10.42464, acc@1=44.59%, acc@5=77.35%] Valid [loss=-10.47969, acc@1=37.10%, acc@5=70.50%]
[2020-10-15 14:08:22] Time Left: [00:02:50] epoch=005/012 :: Train [loss=-10.91367, acc@1=48.72%, acc@5=80.70%] Valid [loss=-10.20362, acc@1=32.58%, acc@5=65.04%]
[2020-10-15 14:08:51] Time Left: [00:02:22] epoch=006/012 :: Train [loss=-11.26212, acc@1=52.32%, acc@5=83.06%] Valid [loss=-10.83228, acc@1=38.90%, acc@5=70.58%]
[2020-10-15 14:09:19] Time Left: [00:01:53] epoch=007/012 :: Train [loss=-11.53660, acc@1=55.59%, acc@5=85.05%] Valid [loss=-11.52265, acc@1=45.50%, acc@5=77.48%]
[2020-10-15 14:09:47] Time Left: [00:01:25] epoch=008/012 :: Train [loss=-11.76161, acc@1=58.79%, acc@5=87.17%] Valid [loss=-11.96906, acc@1=50.64%, acc@5=81.92%]
[2020-10-15 14:10:15] Time Left: [00:00:56] epoch=009/012 :: Train [loss=-11.94008, acc@1=61.85%, acc@5=89.00%] Valid [loss=-12.34880, acc@1=55.68%, acc@5=84.28%]
[2020-10-15 14:10:43] Time Left: [00:00:28] epoch=010/012 :: Train [loss=-12.08145, acc@1=64.42%, acc@5=90.28%] Valid [loss=-12.52960, acc@1=58.80%, acc@5=86.10%]
[2020-10-15 14:11:12] Time Left: [00:00:00] epoch=011/012 :: Train [loss=-12.16941, acc@1=66.49%, acc@5=91.11%] Valid [loss=-12.60820, acc@1=59.54%, acc@5=86.92%]
Python  Version  : 3.7.7 (default, Mar 26 2020, 15:48:22)  [GCC 7.3.0]
Pillow  Version  : 7.0.0
PyTorch Version  : 1.4.0
cuDNN   Version  : 7603
CUDA available   : True
CUDA GPU numbers : 1
CUDA_VISIBLE_DEVICES=0

--------------- dataset : cifar100 ---------------
Flops = 117.88938 MB, Params = 0.836276 MB
config : OrderedDict([('scheduler', 'cos'), ('eta_min', 0.0), ('epochs', 12), ('warmup', 0), ('optim', 'SGD'), ('LR', 0.1), ('decay', 0.0005), ('momentum', 0.9), ('nesterov', True), ('criterion', 'Softmax'), ('batch_size', 256), ('class_num', 100), ('xshape', (1, 3, 32, 32))])
Training State (finish) = True

<<<***>>> The 00/01-th seed is 111 <finish> other procedures need Time Left: [00:00:00]
