Start train-evaluate |nor_conv_3x3~0|+|nor_conv_3x3~0|none~1|+|nor_conv_3x3~0|avg_pool_3x3~1|skip_connect~2|
arch_config : {'channel': 16, 'num_cells': 5}

The 00/01-th seed is 111 ----------------------<.>----------------------
Does not find the existing file output/trofim-NST/specifics/LESS-|nor_conv_3x3~0|+|nor_conv_3x3~0|none~1|+|nor_conv_3x3~0|avg_pool_3x3~1|skip_connect~2|-16-5/seed-0111.pth, train and evaluate!
configs/nas-benchmark/LESS.config
Configure(scheduler='cos', eta_min=0.0, epochs=12, warmup=0, optim='SGD', LR=0.1, decay=0.0005, momentum=0.9, nesterov=True, criterion='Softmax', batch_size=256, class_num=100, xshape=(1, 3, 32, 32))
Evaluate ||||||| cifar100   ||||||| Train-Num=50000, Valid-Num=10000, Train-Loader-Num=196, Valid-Loader-Num=40, batch size=256
Evaluate ||||||| cifar100   ||||||| Config=Configure(scheduler='cos', eta_min=0.0, epochs=12, warmup=0, optim='SGD', LR=0.1, decay=0.0005, momentum=0.9, nesterov=True, criterion='Softmax', batch_size=256, class_num=100, xshape=(1, 3, 32, 32))
Evaluate ---->>>> ori-test   with 40 batchs
Evaluate ---->>>> x-valid    with 20 batchs
Evaluate ---->>>> x-test     with 20 batchs
[2020-10-15 13:47:28] Seed-------------------------- 111 --------------------------
FLOP = 113.95722 MB, Param = 0.808276 MB
[2020-10-15 13:47:53] Time Left: [00:04:44] epoch=000/012 :: Train [loss=0.07897, acc@1=6.90%, acc@5=22.65%] Valid [loss=-5.50091, acc@1=8.50%, acc@5=29.00%]
[2020-10-15 13:48:19] Time Left: [00:04:15] epoch=001/012 :: Train [loss=-7.48465, acc@1=18.64%, acc@5=46.99%] Valid [loss=-7.32414, acc@1=12.64%, acc@5=37.08%]
[2020-10-15 13:48:44] Time Left: [00:03:48] epoch=002/012 :: Train [loss=-9.06967, acc@1=27.63%, acc@5=59.80%] Valid [loss=-9.30908, acc@1=23.98%, acc@5=54.36%]
[2020-10-15 13:49:09] Time Left: [00:03:22] epoch=003/012 :: Train [loss=-10.00323, acc@1=34.08%, acc@5=67.43%] Valid [loss=-10.41919, acc@1=30.18%, acc@5=63.54%]
[2020-10-15 13:49:34] Time Left: [00:02:57] epoch=004/012 :: Train [loss=-10.56820, acc@1=39.41%, acc@5=72.58%] Valid [loss=-10.05641, acc@1=24.42%, acc@5=56.02%]
[2020-10-15 13:49:59] Time Left: [00:02:31] epoch=005/012 :: Train [loss=-10.92227, acc@1=43.10%, acc@5=75.99%] Valid [loss=-11.04710, acc@1=35.58%, acc@5=68.20%]
[2020-10-15 13:50:24] Time Left: [00:02:06] epoch=006/012 :: Train [loss=-11.18334, acc@1=46.44%, acc@5=78.51%] Valid [loss=-11.34798, acc@1=38.46%, acc@5=71.48%]
[2020-10-15 13:50:49] Time Left: [00:01:40] epoch=007/012 :: Train [loss=-11.38801, acc@1=49.49%, acc@5=80.74%] Valid [loss=-11.45557, acc@1=40.28%, acc@5=73.64%]
[2020-10-15 13:51:15] Time Left: [00:01:15] epoch=008/012 :: Train [loss=-11.55606, acc@1=52.07%, acc@5=82.60%] Valid [loss=-11.64504, acc@1=42.46%, acc@5=75.10%]
[2020-10-15 13:51:40] Time Left: [00:00:50] epoch=009/012 :: Train [loss=-11.69461, acc@1=54.49%, acc@5=84.34%] Valid [loss=-12.19229, acc@1=50.82%, acc@5=81.38%]
[2020-10-15 13:52:05] Time Left: [00:00:25] epoch=010/012 :: Train [loss=-11.81301, acc@1=57.07%, acc@5=85.52%] Valid [loss=-12.32474, acc@1=53.06%, acc@5=82.50%]
[2020-10-15 13:52:30] Time Left: [00:00:00] epoch=011/012 :: Train [loss=-11.87476, acc@1=58.53%, acc@5=86.53%] Valid [loss=-12.39085, acc@1=53.98%, acc@5=82.96%]
Python  Version  : 3.7.7 (default, Mar 26 2020, 15:48:22)  [GCC 7.3.0]
Pillow  Version  : 7.0.0
PyTorch Version  : 1.4.0
cuDNN   Version  : 7603
CUDA available   : True
CUDA GPU numbers : 1
CUDA_VISIBLE_DEVICES=0

--------------- dataset : cifar100 ---------------
Flops = 113.95722 MB, Params = 0.808276 MB
config : OrderedDict([('scheduler', 'cos'), ('eta_min', 0.0), ('epochs', 12), ('warmup', 0), ('optim', 'SGD'), ('LR', 0.1), ('decay', 0.0005), ('momentum', 0.9), ('nesterov', True), ('criterion', 'Softmax'), ('batch_size', 256), ('class_num', 100), ('xshape', (1, 3, 32, 32))])
Training State (finish) = True

<<<***>>> The 00/01-th seed is 111 <finish> other procedures need Time Left: [00:00:00]
