Start train-evaluate |none~0|+|nor_conv_1x1~0|nor_conv_3x3~1|+|nor_conv_1x1~0|nor_conv_1x1~1|nor_conv_1x1~2|
arch_config : {'channel': 16, 'num_cells': 5}

The 00/01-th seed is 111 ----------------------<.>----------------------
Does not find the existing file output/trofim-NST/specifics/LESS-|none~0|+|nor_conv_1x1~0|nor_conv_3x3~1|+|nor_conv_1x1~0|nor_conv_1x1~1|nor_conv_1x1~2|-16-5/seed-0111.pth, train and evaluate!
configs/nas-benchmark/LESS.config
Configure(scheduler='cos', eta_min=0.0, epochs=12, warmup=0, optim='SGD', LR=0.1, decay=0.0005, momentum=0.9, nesterov=True, criterion='Softmax', batch_size=256, class_num=100, xshape=(1, 3, 32, 32))
Evaluate ||||||| cifar100   ||||||| Train-Num=50000, Valid-Num=10000, Train-Loader-Num=196, Valid-Loader-Num=40, batch size=256
Evaluate ||||||| cifar100   ||||||| Config=Configure(scheduler='cos', eta_min=0.0, epochs=12, warmup=0, optim='SGD', LR=0.1, decay=0.0005, momentum=0.9, nesterov=True, criterion='Softmax', batch_size=256, class_num=100, xshape=(1, 3, 32, 32))
Evaluate ---->>>> ori-test   with 40 batchs
Evaluate ---->>>> x-valid    with 20 batchs
Evaluate ---->>>> x-test     with 20 batchs
[2020-10-15 14:35:38] Seed-------------------------- 111 --------------------------
FLOP = 58.90698 MB, Param = 0.434196 MB
[2020-10-15 14:36:07] Time Left: [00:05:14] epoch=000/012 :: Train [loss=-3.26526, acc@1=6.69%, acc@5=21.80%] Valid [loss=-5.30863, acc@1=8.08%, acc@5=27.98%]
[2020-10-15 14:36:35] Time Left: [00:04:44] epoch=001/012 :: Train [loss=-6.85777, acc@1=17.63%, acc@5=45.77%] Valid [loss=-6.48609, acc@1=11.84%, acc@5=35.16%]
[2020-10-15 14:37:03] Time Left: [00:04:15] epoch=002/012 :: Train [loss=-7.88706, acc@1=24.92%, acc@5=57.04%] Valid [loss=-7.51397, acc@1=17.36%, acc@5=46.42%]
[2020-10-15 14:37:32] Time Left: [00:03:46] epoch=003/012 :: Train [loss=-8.41108, acc@1=29.76%, acc@5=63.15%] Valid [loss=-8.03205, acc@1=20.84%, acc@5=50.72%]
[2020-10-15 14:38:00] Time Left: [00:03:18] epoch=004/012 :: Train [loss=-8.77156, acc@1=34.07%, acc@5=67.81%] Valid [loss=-8.63674, acc@1=26.22%, acc@5=61.34%]
[2020-10-15 14:38:28] Time Left: [00:02:49] epoch=005/012 :: Train [loss=-9.03403, acc@1=37.26%, acc@5=70.73%] Valid [loss=-8.31798, acc@1=26.72%, acc@5=59.62%]
[2020-10-15 14:38:56] Time Left: [00:02:21] epoch=006/012 :: Train [loss=-9.27721, acc@1=39.97%, acc@5=73.58%] Valid [loss=-8.96016, acc@1=29.82%, acc@5=64.14%]
[2020-10-15 14:39:25] Time Left: [00:01:53] epoch=007/012 :: Train [loss=-9.49082, acc@1=42.73%, acc@5=75.82%] Valid [loss=-8.94849, acc@1=34.18%, acc@5=67.42%]
[2020-10-15 14:39:53] Time Left: [00:01:24] epoch=008/012 :: Train [loss=-9.67845, acc@1=45.16%, acc@5=78.03%] Valid [loss=-9.84891, acc@1=40.46%, acc@5=73.34%]
[2020-10-15 14:40:21] Time Left: [00:00:56] epoch=009/012 :: Train [loss=-9.81945, acc@1=47.44%, acc@5=79.54%] Valid [loss=-10.12346, acc@1=44.88%, acc@5=76.42%]
[2020-10-15 14:40:50] Time Left: [00:00:28] epoch=010/012 :: Train [loss=-9.93172, acc@1=49.39%, acc@5=80.91%] Valid [loss=-10.32301, acc@1=46.72%, acc@5=78.76%]
[2020-10-15 14:41:18] Time Left: [00:00:00] epoch=011/012 :: Train [loss=-9.99905, acc@1=50.72%, acc@5=81.76%] Valid [loss=-10.41957, acc@1=48.84%, acc@5=80.08%]
Python  Version  : 3.7.7 (default, Mar 26 2020, 15:48:22)  [GCC 7.3.0]
Pillow  Version  : 7.0.0
PyTorch Version  : 1.4.0
cuDNN   Version  : 7603
CUDA available   : True
CUDA GPU numbers : 1
CUDA_VISIBLE_DEVICES=0

--------------- dataset : cifar100 ---------------
Flops = 58.90698 MB, Params = 0.434196 MB
config : OrderedDict([('scheduler', 'cos'), ('eta_min', 0.0), ('epochs', 12), ('warmup', 0), ('optim', 'SGD'), ('LR', 0.1), ('decay', 0.0005), ('momentum', 0.9), ('nesterov', True), ('criterion', 'Softmax'), ('batch_size', 256), ('class_num', 100), ('xshape', (1, 3, 32, 32))])
Training State (finish) = True

<<<***>>> The 00/01-th seed is 111 <finish> other procedures need Time Left: [00:00:00]
