Start train-evaluate |none~0|+|none~0|none~1|+|skip_connect~0|none~1|none~2|
arch_config : {'channel': 16, 'num_cells': 5}

The 00/01-th seed is 111 ----------------------<.>----------------------
Does not find the existing file output/trofim-NST/specifics/LESS-|none~0|+|none~0|none~1|+|skip_connect~0|none~1|none~2|-16-5/seed-0111.pth, train and evaluate!
configs/nas-benchmark/LESS.config
Configure(scheduler='cos', eta_min=0.0, epochs=12, warmup=0, optim='SGD', LR=0.1, decay=0.0005, momentum=0.9, nesterov=True, criterion='Softmax', batch_size=256, class_num=100, xshape=(1, 3, 32, 32))
Evaluate ||||||| cifar100   ||||||| Train-Num=50000, Valid-Num=10000, Train-Loader-Num=196, Valid-Loader-Num=40, batch size=256
Evaluate ||||||| cifar100   ||||||| Config=Configure(scheduler='cos', eta_min=0.0, epochs=12, warmup=0, optim='SGD', LR=0.1, decay=0.0005, momentum=0.9, nesterov=True, criterion='Softmax', batch_size=256, class_num=100, xshape=(1, 3, 32, 32))
Evaluate ---->>>> ori-test   with 40 batchs
Evaluate ---->>>> x-valid    with 20 batchs
Evaluate ---->>>> x-test     with 20 batchs
[2020-10-15 14:19:58] Seed-------------------------- 111 --------------------------
FLOP = 7.7889 MB, Param = 0.079156 MB
[2020-10-15 14:20:11] Time Left: [00:02:22] epoch=000/012 :: Train [loss=10.72919, acc@1=4.85%, acc@5=17.80%] Valid [loss=5.13063, acc@1=5.02%, acc@5=19.96%]
[2020-10-15 14:20:25] Time Left: [00:02:13] epoch=001/012 :: Train [loss=3.11526, acc@1=10.66%, acc@5=32.23%] Valid [loss=0.35153, acc@1=10.74%, acc@5=31.52%]
[2020-10-15 14:20:38] Time Left: [00:01:58] epoch=002/012 :: Train [loss=-0.38058, acc@1=16.67%, acc@5=43.34%] Valid [loss=-1.23484, acc@1=11.02%, acc@5=33.28%]
[2020-10-15 14:20:51] Time Left: [00:01:44] epoch=003/012 :: Train [loss=-2.86585, acc@1=22.01%, acc@5=51.54%] Valid [loss=-2.67840, acc@1=13.16%, acc@5=36.96%]
[2020-10-15 14:21:04] Time Left: [00:01:31] epoch=004/012 :: Train [loss=-3.93227, acc@1=25.85%, acc@5=56.52%] Valid [loss=-4.97691, acc@1=20.46%, acc@5=49.78%]
[2020-10-15 14:21:16] Time Left: [00:01:17] epoch=005/012 :: Train [loss=-4.92505, acc@1=28.99%, acc@5=60.42%] Valid [loss=-5.74904, acc@1=24.40%, acc@5=53.90%]
[2020-10-15 14:21:29] Time Left: [00:01:04] epoch=006/012 :: Train [loss=-5.43358, acc@1=31.68%, acc@5=63.53%] Valid [loss=-6.41808, acc@1=28.02%, acc@5=59.66%]
[2020-10-15 14:21:42] Time Left: [00:00:51] epoch=007/012 :: Train [loss=-5.72235, acc@1=33.95%, acc@5=65.93%] Valid [loss=-6.71354, acc@1=30.72%, acc@5=62.10%]
[2020-10-15 14:21:55] Time Left: [00:00:38] epoch=008/012 :: Train [loss=-5.92759, acc@1=36.02%, acc@5=68.14%] Valid [loss=-7.05724, acc@1=35.14%, acc@5=66.54%]
[2020-10-15 14:22:08] Time Left: [00:00:25] epoch=009/012 :: Train [loss=-6.07458, acc@1=37.50%, acc@5=69.57%] Valid [loss=-7.16513, acc@1=35.76%, acc@5=67.86%]
[2020-10-15 14:22:21] Time Left: [00:00:12] epoch=010/012 :: Train [loss=-6.15167, acc@1=38.83%, acc@5=70.56%] Valid [loss=-7.35124, acc@1=38.00%, acc@5=70.30%]
[2020-10-15 14:22:34] Time Left: [00:00:00] epoch=011/012 :: Train [loss=-6.19387, acc@1=39.49%, acc@5=71.56%] Valid [loss=-7.39262, acc@1=38.88%, acc@5=70.94%]
Python  Version  : 3.7.7 (default, Mar 26 2020, 15:48:22)  [GCC 7.3.0]
Pillow  Version  : 7.0.0
PyTorch Version  : 1.4.0
cuDNN   Version  : 7603
CUDA available   : True
CUDA GPU numbers : 1
CUDA_VISIBLE_DEVICES=0

--------------- dataset : cifar100 ---------------
Flops = 7.7889 MB, Params = 0.079156 MB
config : OrderedDict([('scheduler', 'cos'), ('eta_min', 0.0), ('epochs', 12), ('warmup', 0), ('optim', 'SGD'), ('LR', 0.1), ('decay', 0.0005), ('momentum', 0.9), ('nesterov', True), ('criterion', 'Softmax'), ('batch_size', 256), ('class_num', 100), ('xshape', (1, 3, 32, 32))])
Training State (finish) = True

<<<***>>> The 00/01-th seed is 111 <finish> other procedures need Time Left: [00:00:00]
