Start train-evaluate |nor_conv_3x3~0|+|skip_connect~0|none~1|+|avg_pool_3x3~0|none~1|avg_pool_3x3~2|
arch_config : {'channel': 16, 'num_cells': 5}

The 00/01-th seed is 111 ----------------------<.>----------------------
Does not find the existing file output/trofim-NST/specifics/LESS-|nor_conv_3x3~0|+|skip_connect~0|none~1|+|avg_pool_3x3~0|none~1|avg_pool_3x3~2|-16-5/seed-0111.pth, train and evaluate!
configs/nas-benchmark/LESS.config
Configure(scheduler='cos', eta_min=0.0, epochs=12, warmup=0, optim='SGD', LR=0.1, decay=0.0005, momentum=0.9, nesterov=True, criterion='Softmax', batch_size=256, class_num=100, xshape=(1, 3, 32, 32))
Evaluate ||||||| cifar100   ||||||| Train-Num=50000, Valid-Num=10000, Train-Loader-Num=196, Valid-Loader-Num=40, batch size=256
Evaluate ||||||| cifar100   ||||||| Config=Configure(scheduler='cos', eta_min=0.0, epochs=12, warmup=0, optim='SGD', LR=0.1, decay=0.0005, momentum=0.9, nesterov=True, criterion='Softmax', batch_size=256, class_num=100, xshape=(1, 3, 32, 32))
Evaluate ---->>>> ori-test   with 40 batchs
Evaluate ---->>>> x-valid    with 20 batchs
Evaluate ---->>>> x-test     with 20 batchs
[2020-10-15 13:38:45] Seed-------------------------- 111 --------------------------
FLOP = 43.17834 MB, Param = 0.322196 MB
[2020-10-15 13:39:03] Time Left: [00:03:18] epoch=000/012 :: Train [loss=26.83639, acc@1=3.53%, acc@5=14.40%] Valid [loss=18.98240, acc@1=3.66%, acc@5=14.40%]
[2020-10-15 13:39:21] Time Left: [00:03:00] epoch=001/012 :: Train [loss=19.21081, acc@1=4.69%, acc@5=17.79%] Valid [loss=16.96672, acc@1=5.04%, acc@5=19.00%]
[2020-10-15 13:39:39] Time Left: [00:02:41] epoch=002/012 :: Train [loss=16.91273, acc@1=4.84%, acc@5=18.84%] Valid [loss=15.22831, acc@1=6.08%, acc@5=19.30%]
[2020-10-15 13:39:57] Time Left: [00:02:23] epoch=003/012 :: Train [loss=14.87929, acc@1=5.57%, acc@5=19.96%] Valid [loss=13.69714, acc@1=5.74%, acc@5=20.20%]
[2020-10-15 13:40:15] Time Left: [00:02:05] epoch=004/012 :: Train [loss=12.76542, acc@1=6.57%, acc@5=22.36%] Valid [loss=12.06199, acc@1=7.16%, acc@5=23.66%]
[2020-10-15 13:40:34] Time Left: [00:01:48] epoch=005/012 :: Train [loss=11.85711, acc@1=7.34%, acc@5=23.84%] Valid [loss=11.37790, acc@1=8.56%, acc@5=25.10%]
[2020-10-15 13:40:52] Time Left: [00:01:30] epoch=006/012 :: Train [loss=10.84212, acc@1=7.97%, acc@5=25.42%] Valid [loss=10.25094, acc@1=8.56%, acc@5=26.26%]
[2020-10-15 13:41:10] Time Left: [00:01:12] epoch=007/012 :: Train [loss=10.10217, acc@1=8.35%, acc@5=26.38%] Valid [loss=9.42183, acc@1=7.24%, acc@5=25.40%]
[2020-10-15 13:41:27] Time Left: [00:00:54] epoch=008/012 :: Train [loss=9.60630, acc@1=8.75%, acc@5=26.85%] Valid [loss=9.36020, acc@1=7.54%, acc@5=25.86%]
[2020-10-15 13:41:46] Time Left: [00:00:36] epoch=009/012 :: Train [loss=9.35558, acc@1=9.09%, acc@5=27.45%] Valid [loss=8.98789, acc@1=8.06%, acc@5=26.36%]
[2020-10-15 13:42:04] Time Left: [00:00:18] epoch=010/012 :: Train [loss=9.23066, acc@1=9.21%, acc@5=27.86%] Valid [loss=8.76191, acc@1=8.24%, acc@5=27.20%]
[2020-10-15 13:42:21] Time Left: [00:00:00] epoch=011/012 :: Train [loss=9.17567, acc@1=9.35%, acc@5=28.10%] Valid [loss=8.71726, acc@1=8.00%, acc@5=26.68%]
Python  Version  : 3.7.7 (default, Mar 26 2020, 15:48:22)  [GCC 7.3.0]
Pillow  Version  : 7.0.0
PyTorch Version  : 1.4.0
cuDNN   Version  : 7603
CUDA available   : True
CUDA GPU numbers : 1
CUDA_VISIBLE_DEVICES=0

--------------- dataset : cifar100 ---------------
Flops = 43.17834 MB, Params = 0.322196 MB
config : OrderedDict([('scheduler', 'cos'), ('eta_min', 0.0), ('epochs', 12), ('warmup', 0), ('optim', 'SGD'), ('LR', 0.1), ('decay', 0.0005), ('momentum', 0.9), ('nesterov', True), ('criterion', 'Softmax'), ('batch_size', 256), ('class_num', 100), ('xshape', (1, 3, 32, 32))])
Training State (finish) = True

<<<***>>> The 00/01-th seed is 111 <finish> other procedures need Time Left: [00:00:00]
