Start train-evaluate |nor_conv_3x3~0|+|nor_conv_1x1~0|none~1|+|nor_conv_1x1~0|nor_conv_3x3~1|nor_conv_1x1~2|
arch_config : {'channel': 16, 'num_cells': 5}

The 00/01-th seed is 111 ----------------------<.>----------------------
Does not find the existing file output/trofim-NST/specifics/LESS-|nor_conv_3x3~0|+|nor_conv_1x1~0|none~1|+|nor_conv_1x1~0|nor_conv_3x3~1|nor_conv_1x1~2|-16-5/seed-0111.pth, train and evaluate!
configs/nas-benchmark/LESS.config
Configure(scheduler='cos', eta_min=0.0, epochs=12, warmup=0, optim='SGD', LR=0.1, decay=0.0005, momentum=0.9, nesterov=True, criterion='Softmax', batch_size=256, class_num=100, xshape=(1, 3, 32, 32))
Evaluate ||||||| cifar100   ||||||| Train-Num=50000, Valid-Num=10000, Train-Loader-Num=196, Valid-Loader-Num=40, batch size=256
Evaluate ||||||| cifar100   ||||||| Config=Configure(scheduler='cos', eta_min=0.0, epochs=12, warmup=0, optim='SGD', LR=0.1, decay=0.0005, momentum=0.9, nesterov=True, criterion='Softmax', batch_size=256, class_num=100, xshape=(1, 3, 32, 32))
Evaluate ---->>>> ori-test   with 40 batchs
Evaluate ---->>>> x-valid    with 20 batchs
Evaluate ---->>>> x-test     with 20 batchs
[2020-10-15 14:07:52] Seed-------------------------- 111 --------------------------
FLOP = 90.36426 MB, Param = 0.649236 MB
[2020-10-15 14:08:23] Time Left: [00:05:38] epoch=000/012 :: Train [loss=-5.06281, acc@1=8.86%, acc@5=27.66%] Valid [loss=-7.05899, acc@1=8.56%, acc@5=26.56%]
[2020-10-15 14:08:53] Time Left: [00:05:01] epoch=001/012 :: Train [loss=-9.20489, acc@1=22.86%, acc@5=54.54%] Valid [loss=-9.59193, acc@1=20.22%, acc@5=49.30%]
[2020-10-15 14:09:22] Time Left: [00:04:29] epoch=002/012 :: Train [loss=-10.36940, acc@1=32.56%, acc@5=66.59%] Valid [loss=-10.64595, acc@1=26.14%, acc@5=61.58%]
[2020-10-15 14:09:52] Time Left: [00:03:59] epoch=003/012 :: Train [loss=-10.96640, acc@1=38.74%, acc@5=72.82%] Valid [loss=-11.02241, acc@1=30.14%, acc@5=63.46%]
[2020-10-15 14:10:23] Time Left: [00:03:30] epoch=004/012 :: Train [loss=-11.34387, acc@1=43.58%, acc@5=76.71%] Valid [loss=-11.50750, acc@1=37.16%, acc@5=70.20%]
[2020-10-15 14:10:53] Time Left: [00:03:00] epoch=005/012 :: Train [loss=-11.60611, acc@1=47.06%, acc@5=79.73%] Valid [loss=-11.87998, acc@1=40.10%, acc@5=73.78%]
[2020-10-15 14:11:24] Time Left: [00:02:30] epoch=006/012 :: Train [loss=-11.82783, acc@1=50.76%, acc@5=82.08%] Valid [loss=-11.88588, acc@1=38.70%, acc@5=71.18%]
[2020-10-15 14:11:53] Time Left: [00:02:00] epoch=007/012 :: Train [loss=-12.02160, acc@1=53.66%, acc@5=84.23%] Valid [loss=-12.37356, acc@1=47.80%, acc@5=79.18%]
[2020-10-15 14:12:23] Time Left: [00:01:30] epoch=008/012 :: Train [loss=-12.19569, acc@1=56.84%, acc@5=86.20%] Valid [loss=-12.47351, acc@1=48.76%, acc@5=79.26%]
[2020-10-15 14:12:52] Time Left: [00:00:59] epoch=009/012 :: Train [loss=-12.33718, acc@1=59.24%, acc@5=87.53%] Valid [loss=-12.80069, acc@1=53.66%, acc@5=83.78%]
[2020-10-15 14:13:22] Time Left: [00:00:29] epoch=010/012 :: Train [loss=-12.46268, acc@1=62.31%, acc@5=89.15%] Valid [loss=-12.95582, acc@1=56.38%, acc@5=85.40%]
[2020-10-15 14:13:51] Time Left: [00:00:00] epoch=011/012 :: Train [loss=-12.54376, acc@1=63.95%, acc@5=90.18%] Valid [loss=-13.03582, acc@1=57.64%, acc@5=86.00%]
Python  Version  : 3.7.7 (default, Mar 26 2020, 15:48:22)  [GCC 7.3.0]
Pillow  Version  : 7.0.0
PyTorch Version  : 1.4.0
cuDNN   Version  : 7603
CUDA available   : True
CUDA GPU numbers : 1
CUDA_VISIBLE_DEVICES=0

--------------- dataset : cifar100 ---------------
Flops = 90.36426 MB, Params = 0.649236 MB
config : OrderedDict([('scheduler', 'cos'), ('eta_min', 0.0), ('epochs', 12), ('warmup', 0), ('optim', 'SGD'), ('LR', 0.1), ('decay', 0.0005), ('momentum', 0.9), ('nesterov', True), ('criterion', 'Softmax'), ('batch_size', 256), ('class_num', 100), ('xshape', (1, 3, 32, 32))])
Training State (finish) = True

<<<***>>> The 00/01-th seed is 111 <finish> other procedures need Time Left: [00:00:00]
