Start train-evaluate |nor_conv_3x3~0|+|avg_pool_3x3~0|nor_conv_3x3~1|+|none~0|avg_pool_3x3~1|avg_pool_3x3~2|
arch_config : {'channel': 16, 'num_cells': 5}

The 00/01-th seed is 111 ----------------------<.>----------------------
Does not find the existing file output/trofim-NST/specifics/LESS-|nor_conv_3x3~0|+|avg_pool_3x3~0|nor_conv_3x3~1|+|none~0|avg_pool_3x3~1|avg_pool_3x3~2|-16-5/seed-0111.pth, train and evaluate!
configs/nas-benchmark/LESS.config
Configure(scheduler='cos', eta_min=0.0, epochs=12, warmup=0, optim='SGD', LR=0.1, decay=0.0005, momentum=0.9, nesterov=True, criterion='Softmax', batch_size=256, class_num=100, xshape=(1, 3, 32, 32))
Evaluate ||||||| cifar100   ||||||| Train-Num=50000, Valid-Num=10000, Train-Loader-Num=196, Valid-Loader-Num=40, batch size=256
Evaluate ||||||| cifar100   ||||||| Config=Configure(scheduler='cos', eta_min=0.0, epochs=12, warmup=0, optim='SGD', LR=0.1, decay=0.0005, momentum=0.9, nesterov=True, criterion='Softmax', batch_size=256, class_num=100, xshape=(1, 3, 32, 32))
Evaluate ---->>>> ori-test   with 40 batchs
Evaluate ---->>>> x-valid    with 20 batchs
Evaluate ---->>>> x-test     with 20 batchs
[2020-10-15 13:37:02] Seed-------------------------- 111 --------------------------
FLOP = 78.56778 MB, Param = 0.565236 MB
[2020-10-15 13:37:25] Time Left: [00:04:11] epoch=000/012 :: Train [loss=6.21080, acc@1=6.71%, acc@5=22.43%] Valid [loss=1.78992, acc@1=7.38%, acc@5=26.00%]
[2020-10-15 13:37:49] Time Left: [00:03:53] epoch=001/012 :: Train [loss=-0.29199, acc@1=14.59%, acc@5=38.79%] Valid [loss=-1.21625, acc@1=14.56%, acc@5=39.98%]
[2020-10-15 13:38:11] Time Left: [00:03:28] epoch=002/012 :: Train [loss=-2.13158, acc@1=20.32%, acc@5=48.12%] Valid [loss=-2.34573, acc@1=16.22%, acc@5=42.04%]
[2020-10-15 13:38:34] Time Left: [00:03:04] epoch=003/012 :: Train [loss=-3.21854, acc@1=24.89%, acc@5=55.14%] Valid [loss=-0.15353, acc@1=6.70%, acc@5=24.88%]
[2020-10-15 13:38:57] Time Left: [00:02:40] epoch=004/012 :: Train [loss=-4.00842, acc@1=29.09%, acc@5=60.70%] Valid [loss=-2.82546, acc@1=15.52%, acc@5=39.96%]
[2020-10-15 13:39:19] Time Left: [00:02:17] epoch=005/012 :: Train [loss=-4.58882, acc@1=32.79%, acc@5=64.95%] Valid [loss=-2.55375, acc@1=14.04%, acc@5=39.28%]
[2020-10-15 13:39:42] Time Left: [00:01:54] epoch=006/012 :: Train [loss=-5.09239, acc@1=36.43%, acc@5=68.58%] Valid [loss=-3.72798, acc@1=22.12%, acc@5=48.12%]
[2020-10-15 13:40:05] Time Left: [00:01:31] epoch=007/012 :: Train [loss=-5.50460, acc@1=39.47%, acc@5=72.07%] Valid [loss=-4.73777, acc@1=25.34%, acc@5=56.04%]
[2020-10-15 13:40:28] Time Left: [00:01:08] epoch=008/012 :: Train [loss=-5.84037, acc@1=42.50%, acc@5=74.84%] Valid [loss=-5.20860, acc@1=30.40%, acc@5=61.78%]
[2020-10-15 13:40:51] Time Left: [00:00:45] epoch=009/012 :: Train [loss=-6.10914, acc@1=45.51%, acc@5=77.06%] Valid [loss=-6.10737, acc@1=39.62%, acc@5=71.96%]
[2020-10-15 13:41:13] Time Left: [00:00:22] epoch=010/012 :: Train [loss=-6.28421, acc@1=47.68%, acc@5=78.66%] Valid [loss=-6.36760, acc@1=43.90%, acc@5=74.92%]
[2020-10-15 13:41:36] Time Left: [00:00:00] epoch=011/012 :: Train [loss=-6.39788, acc@1=49.44%, acc@5=80.12%] Valid [loss=-6.62716, acc@1=47.00%, acc@5=77.58%]
Python  Version  : 3.7.7 (default, Mar 26 2020, 15:48:22)  [GCC 7.3.0]
Pillow  Version  : 7.0.0
PyTorch Version  : 1.4.0
cuDNN   Version  : 7603
CUDA available   : True
CUDA GPU numbers : 1
CUDA_VISIBLE_DEVICES=0

--------------- dataset : cifar100 ---------------
Flops = 78.56778 MB, Params = 0.565236 MB
config : OrderedDict([('scheduler', 'cos'), ('eta_min', 0.0), ('epochs', 12), ('warmup', 0), ('optim', 'SGD'), ('LR', 0.1), ('decay', 0.0005), ('momentum', 0.9), ('nesterov', True), ('criterion', 'Softmax'), ('batch_size', 256), ('class_num', 100), ('xshape', (1, 3, 32, 32))])
Training State (finish) = True

<<<***>>> The 00/01-th seed is 111 <finish> other procedures need Time Left: [00:00:00]
