Start train-evaluate |nor_conv_3x3~0|+|nor_conv_3x3~0|avg_pool_3x3~1|+|nor_conv_1x1~0|nor_conv_3x3~1|nor_conv_1x1~2|
arch_config : {'channel': 16, 'num_cells': 5}

The 00/01-th seed is 111 ----------------------<.>----------------------
Does not find the existing file output/trofim-NST/specifics/LESS-|nor_conv_3x3~0|+|nor_conv_3x3~0|avg_pool_3x3~1|+|nor_conv_1x1~0|nor_conv_3x3~1|nor_conv_1x1~2|-16-5/seed-0111.pth, train and evaluate!
configs/nas-benchmark/LESS.config
Configure(scheduler='cos', eta_min=0.0, epochs=12, warmup=0, optim='SGD', LR=0.1, decay=0.0005, momentum=0.9, nesterov=True, criterion='Softmax', batch_size=256, class_num=100, xshape=(1, 3, 32, 32))
Evaluate ||||||| cifar100   ||||||| Train-Num=50000, Valid-Num=10000, Train-Loader-Num=196, Valid-Loader-Num=40, batch size=256
Evaluate ||||||| cifar100   ||||||| Config=Configure(scheduler='cos', eta_min=0.0, epochs=12, warmup=0, optim='SGD', LR=0.1, decay=0.0005, momentum=0.9, nesterov=True, criterion='Softmax', batch_size=256, class_num=100, xshape=(1, 3, 32, 32))
Evaluate ---->>>> ori-test   with 40 batchs
Evaluate ---->>>> x-valid    with 20 batchs
Evaluate ---->>>> x-test     with 20 batchs
[2020-10-15 13:34:47] Seed-------------------------- 111 --------------------------
FLOP = 121.82154 MB, Param = 0.864276 MB
[2020-10-15 13:35:19] Time Left: [00:05:48] epoch=000/012 :: Train [loss=-3.59469, acc@1=6.73%, acc@5=23.32%] Valid [loss=-7.36589, acc@1=9.22%, acc@5=29.66%]
[2020-10-15 13:35:50] Time Left: [00:05:15] epoch=001/012 :: Train [loss=-8.57661, acc@1=18.12%, acc@5=48.14%] Valid [loss=-9.37153, acc@1=18.76%, acc@5=47.22%]
[2020-10-15 13:36:23] Time Left: [00:04:48] epoch=002/012 :: Train [loss=-9.93436, acc@1=27.84%, acc@5=61.45%] Valid [loss=-10.36302, acc@1=24.52%, acc@5=56.90%]
[2020-10-15 13:36:55] Time Left: [00:04:15] epoch=003/012 :: Train [loss=-10.64345, acc@1=34.41%, acc@5=68.79%] Valid [loss=-10.28122, acc@1=23.48%, acc@5=54.28%]
[2020-10-15 13:37:26] Time Left: [00:03:42] epoch=004/012 :: Train [loss=-11.06313, acc@1=39.88%, acc@5=73.87%] Valid [loss=-10.91378, acc@1=29.10%, acc@5=61.94%]
[2020-10-15 13:37:58] Time Left: [00:03:10] epoch=005/012 :: Train [loss=-11.38676, acc@1=44.21%, acc@5=77.59%] Valid [loss=-11.06745, acc@1=33.86%, acc@5=66.52%]
[2020-10-15 13:38:29] Time Left: [00:02:38] epoch=006/012 :: Train [loss=-11.64143, acc@1=48.06%, acc@5=80.64%] Valid [loss=-11.80896, acc@1=42.20%, acc@5=75.06%]
[2020-10-15 13:39:00] Time Left: [00:02:06] epoch=007/012 :: Train [loss=-11.85089, acc@1=51.59%, acc@5=82.74%] Valid [loss=-12.06678, acc@1=45.50%, acc@5=77.72%]
[2020-10-15 13:39:32] Time Left: [00:01:34] epoch=008/012 :: Train [loss=-12.04105, acc@1=54.67%, acc@5=85.11%] Valid [loss=-12.50041, acc@1=50.46%, acc@5=81.80%]
[2020-10-15 13:40:03] Time Left: [00:01:03] epoch=009/012 :: Train [loss=-12.20557, acc@1=57.88%, acc@5=86.75%] Valid [loss=-12.72122, acc@1=53.66%, acc@5=83.98%]
[2020-10-15 13:40:35] Time Left: [00:00:31] epoch=010/012 :: Train [loss=-12.34010, acc@1=60.58%, acc@5=88.27%] Valid [loss=-12.87343, acc@1=56.26%, acc@5=85.68%]
[2020-10-15 13:41:06] Time Left: [00:00:00] epoch=011/012 :: Train [loss=-12.42561, acc@1=62.55%, acc@5=89.24%] Valid [loss=-12.94054, acc@1=57.78%, acc@5=85.94%]
Python  Version  : 3.7.7 (default, Mar 26 2020, 15:48:22)  [GCC 7.3.0]
Pillow  Version  : 7.0.0
PyTorch Version  : 1.4.0
cuDNN   Version  : 7603
CUDA available   : True
CUDA GPU numbers : 1
CUDA_VISIBLE_DEVICES=0

--------------- dataset : cifar100 ---------------
Flops = 121.82154 MB, Params = 0.864276 MB
config : OrderedDict([('scheduler', 'cos'), ('eta_min', 0.0), ('epochs', 12), ('warmup', 0), ('optim', 'SGD'), ('LR', 0.1), ('decay', 0.0005), ('momentum', 0.9), ('nesterov', True), ('criterion', 'Softmax'), ('batch_size', 256), ('class_num', 100), ('xshape', (1, 3, 32, 32))])
Training State (finish) = True

<<<***>>> The 00/01-th seed is 111 <finish> other procedures need Time Left: [00:00:00]
