Start train-evaluate |nor_conv_3x3~0|+|nor_conv_1x1~0|none~1|+|nor_conv_3x3~0|skip_connect~1|skip_connect~2|
arch_config : {'channel': 16, 'num_cells': 5}

The 00/01-th seed is 111 ----------------------<.>----------------------
Does not find the existing file output/trofim-NST/specifics/LESS-|nor_conv_3x3~0|+|nor_conv_1x1~0|none~1|+|nor_conv_3x3~0|skip_connect~1|skip_connect~2|-16-5/seed-0111.pth, train and evaluate!
configs/nas-benchmark/LESS.config
Configure(scheduler='cos', eta_min=0.0, epochs=12, warmup=0, optim='SGD', LR=0.1, decay=0.0005, momentum=0.9, nesterov=True, criterion='Softmax', batch_size=256, class_num=100, xshape=(1, 3, 32, 32))
Evaluate ||||||| cifar100   ||||||| Train-Num=50000, Valid-Num=10000, Train-Loader-Num=196, Valid-Loader-Num=40, batch size=256
Evaluate ||||||| cifar100   ||||||| Config=Configure(scheduler='cos', eta_min=0.0, epochs=12, warmup=0, optim='SGD', LR=0.1, decay=0.0005, momentum=0.9, nesterov=True, criterion='Softmax', batch_size=256, class_num=100, xshape=(1, 3, 32, 32))
Evaluate ---->>>> ori-test   with 40 batchs
Evaluate ---->>>> x-valid    with 20 batchs
Evaluate ---->>>> x-test     with 20 batchs
[2020-10-15 13:57:27] Seed-------------------------- 111 --------------------------
FLOP = 82.49994 MB, Param = 0.593236 MB
[2020-10-15 13:57:50] Time Left: [00:04:19] epoch=000/012 :: Train [loss=-2.13837, acc@1=8.15%, acc@5=25.55%] Valid [loss=-6.98789, acc@1=11.20%, acc@5=34.96%]
[2020-10-15 13:58:14] Time Left: [00:03:56] epoch=001/012 :: Train [loss=-8.01428, acc@1=21.25%, acc@5=51.14%] Valid [loss=-8.16756, acc@1=18.52%, acc@5=45.44%]
[2020-10-15 13:58:37] Time Left: [00:03:31] epoch=002/012 :: Train [loss=-9.33609, acc@1=30.54%, acc@5=63.23%] Valid [loss=-9.87568, acc@1=28.70%, acc@5=58.74%]
[2020-10-15 13:59:00] Time Left: [00:03:07] epoch=003/012 :: Train [loss=-10.18681, acc@1=36.88%, acc@5=70.47%] Valid [loss=-9.59341, acc@1=23.52%, acc@5=51.70%]
[2020-10-15 13:59:23] Time Left: [00:02:43] epoch=004/012 :: Train [loss=-10.64976, acc@1=41.80%, acc@5=74.78%] Valid [loss=-10.87770, acc@1=36.78%, acc@5=70.48%]
[2020-10-15 13:59:47] Time Left: [00:02:19] epoch=005/012 :: Train [loss=-10.95501, acc@1=45.43%, acc@5=77.75%] Valid [loss=-11.05732, acc@1=38.28%, acc@5=71.46%]
[2020-10-15 14:00:10] Time Left: [00:01:56] epoch=006/012 :: Train [loss=-11.18620, acc@1=48.37%, acc@5=80.01%] Valid [loss=-11.19518, acc@1=38.60%, acc@5=70.86%]
[2020-10-15 14:00:33] Time Left: [00:01:33] epoch=007/012 :: Train [loss=-11.38128, acc@1=51.15%, acc@5=82.10%] Valid [loss=-11.56157, acc@1=44.80%, acc@5=75.90%]
[2020-10-15 14:00:56] Time Left: [00:01:09] epoch=008/012 :: Train [loss=-11.53921, acc@1=53.75%, acc@5=83.90%] Valid [loss=-11.96372, acc@1=48.48%, acc@5=79.42%]
[2020-10-15 14:01:19] Time Left: [00:00:46] epoch=009/012 :: Train [loss=-11.67534, acc@1=56.13%, acc@5=85.27%] Valid [loss=-12.12012, acc@1=51.64%, acc@5=82.34%]
[2020-10-15 14:01:42] Time Left: [00:00:23] epoch=010/012 :: Train [loss=-11.76624, acc@1=57.91%, acc@5=86.52%] Valid [loss=-12.29166, acc@1=54.82%, acc@5=83.60%]
[2020-10-15 14:02:06] Time Left: [00:00:00] epoch=011/012 :: Train [loss=-11.83064, acc@1=59.37%, acc@5=87.26%] Valid [loss=-12.35235, acc@1=55.24%, acc@5=84.24%]
Python  Version  : 3.7.7 (default, Mar 26 2020, 15:48:22)  [GCC 7.3.0]
Pillow  Version  : 7.0.0
PyTorch Version  : 1.4.0
cuDNN   Version  : 7603
CUDA available   : True
CUDA GPU numbers : 1
CUDA_VISIBLE_DEVICES=0

--------------- dataset : cifar100 ---------------
Flops = 82.49994 MB, Params = 0.593236 MB
config : OrderedDict([('scheduler', 'cos'), ('eta_min', 0.0), ('epochs', 12), ('warmup', 0), ('optim', 'SGD'), ('LR', 0.1), ('decay', 0.0005), ('momentum', 0.9), ('nesterov', True), ('criterion', 'Softmax'), ('batch_size', 256), ('class_num', 100), ('xshape', (1, 3, 32, 32))])
Training State (finish) = True

<<<***>>> The 00/01-th seed is 111 <finish> other procedures need Time Left: [00:00:00]
