Start train-evaluate |nor_conv_3x3~0|+|nor_conv_1x1~0|nor_conv_3x3~1|+|avg_pool_3x3~0|nor_conv_3x3~1|avg_pool_3x3~2|
arch_config : {'channel': 16, 'num_cells': 5}

The 00/01-th seed is 111 ----------------------<.>----------------------
Does not find the existing file output/trofim-NST/specifics/LESS-|nor_conv_3x3~0|+|nor_conv_1x1~0|nor_conv_3x3~1|+|avg_pool_3x3~0|nor_conv_3x3~1|avg_pool_3x3~2|-16-5/seed-0111.pth, train and evaluate!
configs/nas-benchmark/LESS.config
Configure(scheduler='cos', eta_min=0.0, epochs=12, warmup=0, optim='SGD', LR=0.1, decay=0.0005, momentum=0.9, nesterov=True, criterion='Softmax', batch_size=256, class_num=100, xshape=(1, 3, 32, 32))
Evaluate ||||||| cifar100   ||||||| Train-Num=50000, Valid-Num=10000, Train-Loader-Num=196, Valid-Loader-Num=40, batch size=256
Evaluate ||||||| cifar100   ||||||| Config=Configure(scheduler='cos', eta_min=0.0, epochs=12, warmup=0, optim='SGD', LR=0.1, decay=0.0005, momentum=0.9, nesterov=True, criterion='Softmax', batch_size=256, class_num=100, xshape=(1, 3, 32, 32))
Evaluate ---->>>> ori-test   with 40 batchs
Evaluate ---->>>> x-valid    with 20 batchs
Evaluate ---->>>> x-test     with 20 batchs
[2020-10-15 13:53:41] Seed-------------------------- 111 --------------------------
FLOP = 117.88938 MB, Param = 0.836276 MB
[2020-10-15 13:54:11] Time Left: [00:05:32] epoch=000/012 :: Train [loss=3.13952, acc@1=8.06%, acc@5=25.19%] Valid [loss=-0.62193, acc@1=7.84%, acc@5=25.26%]
[2020-10-15 13:54:40] Time Left: [00:04:56] epoch=001/012 :: Train [loss=-5.07165, acc@1=20.74%, acc@5=49.46%] Valid [loss=-5.72669, acc@1=14.12%, acc@5=37.80%]
[2020-10-15 13:55:09] Time Left: [00:04:24] epoch=002/012 :: Train [loss=-8.32169, acc@1=30.13%, acc@5=62.45%] Valid [loss=-7.45095, acc@1=14.84%, acc@5=40.48%]
[2020-10-15 13:55:38] Time Left: [00:03:54] epoch=003/012 :: Train [loss=-9.56263, acc@1=36.88%, acc@5=70.40%] Valid [loss=-9.88358, acc@1=31.04%, acc@5=64.82%]
[2020-10-15 13:56:06] Time Left: [00:03:24] epoch=004/012 :: Train [loss=-10.29684, acc@1=42.42%, acc@5=75.45%] Valid [loss=-9.46953, acc@1=25.22%, acc@5=54.60%]
[2020-10-15 13:56:35] Time Left: [00:02:54] epoch=005/012 :: Train [loss=-10.80117, acc@1=46.70%, acc@5=78.96%] Valid [loss=-9.54233, acc@1=25.12%, acc@5=57.32%]
[2020-10-15 13:57:04] Time Left: [00:02:25] epoch=006/012 :: Train [loss=-11.17015, acc@1=50.51%, acc@5=81.57%] Valid [loss=-10.20982, acc@1=28.80%, acc@5=61.14%]
[2020-10-15 13:57:33] Time Left: [00:01:56] epoch=007/012 :: Train [loss=-11.46247, acc@1=53.89%, acc@5=83.89%] Valid [loss=-10.98379, acc@1=37.86%, acc@5=70.68%]
[2020-10-15 13:58:02] Time Left: [00:01:27] epoch=008/012 :: Train [loss=-11.68821, acc@1=56.80%, acc@5=86.05%] Valid [loss=-11.73743, acc@1=44.12%, acc@5=76.56%]
[2020-10-15 13:58:31] Time Left: [00:00:58] epoch=009/012 :: Train [loss=-11.87247, acc@1=59.64%, acc@5=87.74%] Valid [loss=-12.19730, acc@1=52.90%, acc@5=82.66%]
[2020-10-15 13:59:00] Time Left: [00:00:29] epoch=010/012 :: Train [loss=-12.01200, acc@1=62.11%, acc@5=89.04%] Valid [loss=-12.44472, acc@1=57.16%, acc@5=84.54%]
[2020-10-15 13:59:29] Time Left: [00:00:00] epoch=011/012 :: Train [loss=-12.10155, acc@1=63.95%, acc@5=89.95%] Valid [loss=-12.56147, acc@1=58.42%, acc@5=85.44%]
Python  Version  : 3.7.7 (default, Mar 26 2020, 15:48:22)  [GCC 7.3.0]
Pillow  Version  : 7.0.0
PyTorch Version  : 1.4.0
cuDNN   Version  : 7603
CUDA available   : True
CUDA GPU numbers : 1
CUDA_VISIBLE_DEVICES=0

--------------- dataset : cifar100 ---------------
Flops = 117.88938 MB, Params = 0.836276 MB
config : OrderedDict([('scheduler', 'cos'), ('eta_min', 0.0), ('epochs', 12), ('warmup', 0), ('optim', 'SGD'), ('LR', 0.1), ('decay', 0.0005), ('momentum', 0.9), ('nesterov', True), ('criterion', 'Softmax'), ('batch_size', 256), ('class_num', 100), ('xshape', (1, 3, 32, 32))])
Training State (finish) = True

<<<***>>> The 00/01-th seed is 111 <finish> other procedures need Time Left: [00:00:00]
