Start train-evaluate |skip_connect~0|+|none~0|none~1|+|skip_connect~0|avg_pool_3x3~1|none~2|
arch_config : {'channel': 16, 'num_cells': 5}

The 00/01-th seed is 111 ----------------------<.>----------------------
Does not find the existing file output/trofim-NST/specifics/LESS-|skip_connect~0|+|none~0|none~1|+|skip_connect~0|avg_pool_3x3~1|none~2|-16-5/seed-0111.pth, train and evaluate!
configs/nas-benchmark/LESS.config
Configure(scheduler='cos', eta_min=0.0, epochs=12, warmup=0, optim='SGD', LR=0.1, decay=0.0005, momentum=0.9, nesterov=True, criterion='Softmax', batch_size=256, class_num=100, xshape=(1, 3, 32, 32))
Evaluate ||||||| cifar100   ||||||| Train-Num=50000, Valid-Num=10000, Train-Loader-Num=196, Valid-Loader-Num=40, batch size=256
Evaluate ||||||| cifar100   ||||||| Config=Configure(scheduler='cos', eta_min=0.0, epochs=12, warmup=0, optim='SGD', LR=0.1, decay=0.0005, momentum=0.9, nesterov=True, criterion='Softmax', batch_size=256, class_num=100, xshape=(1, 3, 32, 32))
Evaluate ---->>>> ori-test   with 40 batchs
Evaluate ---->>>> x-valid    with 20 batchs
Evaluate ---->>>> x-test     with 20 batchs
[2020-10-15 14:24:22] Seed-------------------------- 111 --------------------------
FLOP = 7.7889 MB, Param = 0.079156 MB
[2020-10-15 14:24:35] Time Left: [00:02:27] epoch=000/012 :: Train [loss=27.73854, acc@1=3.14%, acc@5=13.00%] Valid [loss=16.86017, acc@1=3.24%, acc@5=11.88%]
[2020-10-15 14:24:49] Time Left: [00:02:18] epoch=001/012 :: Train [loss=15.82741, acc@1=4.12%, acc@5=16.24%] Valid [loss=14.59189, acc@1=3.70%, acc@5=15.28%]
[2020-10-15 14:25:02] Time Left: [00:02:02] epoch=002/012 :: Train [loss=12.87716, acc@1=4.89%, acc@5=18.59%] Valid [loss=11.66099, acc@1=5.56%, acc@5=19.78%]
[2020-10-15 14:25:16] Time Left: [00:01:48] epoch=003/012 :: Train [loss=12.01215, acc@1=5.26%, acc@5=19.88%] Valid [loss=10.94177, acc@1=5.16%, acc@5=19.82%]
[2020-10-15 14:25:29] Time Left: [00:01:34] epoch=004/012 :: Train [loss=11.43753, acc@1=5.71%, acc@5=20.96%] Valid [loss=10.19687, acc@1=5.34%, acc@5=19.62%]
[2020-10-15 14:25:42] Time Left: [00:01:20] epoch=005/012 :: Train [loss=10.34129, acc@1=6.62%, acc@5=22.56%] Valid [loss=9.35788, acc@1=6.04%, acc@5=21.94%]
[2020-10-15 14:25:55] Time Left: [00:01:06] epoch=006/012 :: Train [loss=9.67296, acc@1=6.85%, acc@5=23.11%] Valid [loss=8.52336, acc@1=6.76%, acc@5=22.42%]
[2020-10-15 14:26:09] Time Left: [00:00:53] epoch=007/012 :: Train [loss=8.99052, acc@1=7.42%, acc@5=24.11%] Valid [loss=8.10255, acc@1=7.20%, acc@5=23.42%]
[2020-10-15 14:26:22] Time Left: [00:00:40] epoch=008/012 :: Train [loss=8.63424, acc@1=7.94%, acc@5=25.08%] Valid [loss=7.86666, acc@1=6.60%, acc@5=24.02%]
[2020-10-15 14:26:35] Time Left: [00:00:26] epoch=009/012 :: Train [loss=8.30335, acc@1=8.20%, acc@5=25.70%] Valid [loss=7.58682, acc@1=7.46%, acc@5=24.32%]
[2020-10-15 14:26:48] Time Left: [00:00:13] epoch=010/012 :: Train [loss=8.09987, acc@1=8.52%, acc@5=26.41%] Valid [loss=7.45117, acc@1=7.06%, acc@5=22.90%]
[2020-10-15 14:27:02] Time Left: [00:00:00] epoch=011/012 :: Train [loss=8.01919, acc@1=8.60%, acc@5=26.53%] Valid [loss=7.31154, acc@1=7.36%, acc@5=24.38%]
Python  Version  : 3.7.7 (default, Mar 26 2020, 15:48:22)  [GCC 7.3.0]
Pillow  Version  : 7.0.0
PyTorch Version  : 1.4.0
cuDNN   Version  : 7603
CUDA available   : True
CUDA GPU numbers : 1
CUDA_VISIBLE_DEVICES=0

--------------- dataset : cifar100 ---------------
Flops = 7.7889 MB, Params = 0.079156 MB
config : OrderedDict([('scheduler', 'cos'), ('eta_min', 0.0), ('epochs', 12), ('warmup', 0), ('optim', 'SGD'), ('LR', 0.1), ('decay', 0.0005), ('momentum', 0.9), ('nesterov', True), ('criterion', 'Softmax'), ('batch_size', 256), ('class_num', 100), ('xshape', (1, 3, 32, 32))])
Training State (finish) = True

<<<***>>> The 00/01-th seed is 111 <finish> other procedures need Time Left: [00:00:00]
