Start train-evaluate |nor_conv_1x1~0|+|skip_connect~0|skip_connect~1|+|nor_conv_1x1~0|avg_pool_3x3~1|nor_conv_1x1~2|
arch_config : {'channel': 16, 'num_cells': 5}

The 00/01-th seed is 111 ----------------------<.>----------------------
Does not find the existing file output/trofim-NST/specifics/LESS-|nor_conv_1x1~0|+|skip_connect~0|skip_connect~1|+|nor_conv_1x1~0|avg_pool_3x3~1|nor_conv_1x1~2|-16-5/seed-0111.pth, train and evaluate!
configs/nas-benchmark/LESS.config
Configure(scheduler='cos', eta_min=0.0, epochs=12, warmup=0, optim='SGD', LR=0.1, decay=0.0005, momentum=0.9, nesterov=True, criterion='Softmax', batch_size=256, class_num=100, xshape=(1, 3, 32, 32))
Evaluate ||||||| cifar100   ||||||| Train-Num=50000, Valid-Num=10000, Train-Loader-Num=196, Valid-Loader-Num=40, batch size=256
Evaluate ||||||| cifar100   ||||||| Config=Configure(scheduler='cos', eta_min=0.0, epochs=12, warmup=0, optim='SGD', LR=0.1, decay=0.0005, momentum=0.9, nesterov=True, criterion='Softmax', batch_size=256, class_num=100, xshape=(1, 3, 32, 32))
Evaluate ---->>>> ori-test   with 40 batchs
Evaluate ---->>>> x-valid    with 20 batchs
Evaluate ---->>>> x-test     with 20 batchs
[2020-10-15 14:03:20] Seed-------------------------- 111 --------------------------
FLOP = 19.58538 MB, Param = 0.163156 MB
[2020-10-15 14:03:42] Time Left: [00:04:05] epoch=000/012 :: Train [loss=-3.49945, acc@1=8.51%, acc@5=26.72%] Valid [loss=-6.67898, acc@1=12.22%, acc@5=36.10%]
[2020-10-15 14:04:05] Time Left: [00:03:46] epoch=001/012 :: Train [loss=-7.84737, acc@1=21.07%, acc@5=51.30%] Valid [loss=-7.19387, acc@1=12.56%, acc@5=36.24%]
[2020-10-15 14:04:27] Time Left: [00:03:21] epoch=002/012 :: Train [loss=-8.82918, acc@1=28.10%, acc@5=61.20%] Valid [loss=-7.44444, acc@1=13.70%, acc@5=39.70%]
[2020-10-15 14:04:50] Time Left: [00:03:00] epoch=003/012 :: Train [loss=-9.37759, acc@1=33.30%, acc@5=66.99%] Valid [loss=-9.17486, acc@1=25.24%, acc@5=57.70%]
[2020-10-15 14:05:12] Time Left: [00:02:37] epoch=004/012 :: Train [loss=-9.76440, acc@1=37.37%, acc@5=71.39%] Valid [loss=-9.00947, acc@1=27.36%, acc@5=60.70%]
[2020-10-15 14:05:34] Time Left: [00:02:14] epoch=005/012 :: Train [loss=-10.05515, acc@1=41.13%, acc@5=74.53%] Valid [loss=-9.79387, acc@1=32.08%, acc@5=64.72%]
[2020-10-15 14:05:56] Time Left: [00:01:51] epoch=006/012 :: Train [loss=-10.31118, acc@1=44.21%, acc@5=77.41%] Valid [loss=-9.58317, acc@1=30.02%, acc@5=62.32%]
[2020-10-15 14:06:20] Time Left: [00:01:29] epoch=007/012 :: Train [loss=-10.53216, acc@1=47.35%, acc@5=79.56%] Valid [loss=-10.27699, acc@1=36.22%, acc@5=69.58%]
[2020-10-15 14:06:42] Time Left: [00:01:07] epoch=008/012 :: Train [loss=-10.71802, acc@1=49.94%, acc@5=81.39%] Valid [loss=-10.31732, acc@1=37.84%, acc@5=69.72%]
[2020-10-15 14:07:04] Time Left: [00:00:44] epoch=009/012 :: Train [loss=-10.86669, acc@1=52.32%, acc@5=83.02%] Valid [loss=-11.10061, acc@1=47.84%, acc@5=78.54%]
[2020-10-15 14:07:26] Time Left: [00:00:22] epoch=010/012 :: Train [loss=-10.98677, acc@1=54.35%, acc@5=84.33%] Valid [loss=-11.39324, acc@1=51.10%, acc@5=81.78%]
[2020-10-15 14:07:48] Time Left: [00:00:00] epoch=011/012 :: Train [loss=-11.06678, acc@1=55.90%, acc@5=85.35%] Valid [loss=-11.48909, acc@1=52.36%, acc@5=82.88%]
Python  Version  : 3.7.7 (default, Mar 26 2020, 15:48:22)  [GCC 7.3.0]
Pillow  Version  : 7.0.0
PyTorch Version  : 1.4.0
cuDNN   Version  : 7603
CUDA available   : True
CUDA GPU numbers : 1
CUDA_VISIBLE_DEVICES=0

--------------- dataset : cifar100 ---------------
Flops = 19.58538 MB, Params = 0.163156 MB
config : OrderedDict([('scheduler', 'cos'), ('eta_min', 0.0), ('epochs', 12), ('warmup', 0), ('optim', 'SGD'), ('LR', 0.1), ('decay', 0.0005), ('momentum', 0.9), ('nesterov', True), ('criterion', 'Softmax'), ('batch_size', 256), ('class_num', 100), ('xshape', (1, 3, 32, 32))])
Training State (finish) = True

<<<***>>> The 00/01-th seed is 111 <finish> other procedures need Time Left: [00:00:00]
