Start train-evaluate |nor_conv_3x3~0|+|nor_conv_3x3~0|avg_pool_3x3~1|+|skip_connect~0|avg_pool_3x3~1|nor_conv_1x1~2|
arch_config : {'channel': 16, 'num_cells': 5}

The 00/01-th seed is 111 ----------------------<.>----------------------
Does not find the existing file output/trofim-NST/specifics/LESS-|nor_conv_3x3~0|+|nor_conv_3x3~0|avg_pool_3x3~1|+|skip_connect~0|avg_pool_3x3~1|nor_conv_1x1~2|-16-5/seed-0111.pth, train and evaluate!
configs/nas-benchmark/LESS.config
Configure(scheduler='cos', eta_min=0.0, epochs=12, warmup=0, optim='SGD', LR=0.1, decay=0.0005, momentum=0.9, nesterov=True, criterion='Softmax', batch_size=256, class_num=100, xshape=(1, 3, 32, 32))
Evaluate ||||||| cifar100   ||||||| Train-Num=50000, Valid-Num=10000, Train-Loader-Num=196, Valid-Loader-Num=40, batch size=256
Evaluate ||||||| cifar100   ||||||| Config=Configure(scheduler='cos', eta_min=0.0, epochs=12, warmup=0, optim='SGD', LR=0.1, decay=0.0005, momentum=0.9, nesterov=True, criterion='Softmax', batch_size=256, class_num=100, xshape=(1, 3, 32, 32))
Evaluate ---->>>> ori-test   with 40 batchs
Evaluate ---->>>> x-valid    with 20 batchs
Evaluate ---->>>> x-test     with 20 batchs
[2020-10-15 13:30:42] Seed-------------------------- 111 --------------------------
FLOP = 82.49994 MB, Param = 0.593236 MB
[2020-10-15 13:31:08] Time Left: [00:04:51] epoch=000/012 :: Train [loss=-3.72180, acc@1=11.04%, acc@5=31.20%] Valid [loss=-7.23994, acc@1=9.90%, acc@5=31.52%]
[2020-10-15 13:31:34] Time Left: [00:04:17] epoch=001/012 :: Train [loss=-9.10354, acc@1=27.86%, acc@5=60.35%] Valid [loss=-9.70538, acc@1=24.72%, acc@5=56.32%]
[2020-10-15 13:31:59] Time Left: [00:03:49] epoch=002/012 :: Train [loss=-10.35868, acc@1=37.88%, acc@5=71.90%] Valid [loss=-11.06349, acc@1=35.46%, acc@5=68.68%]
[2020-10-15 13:32:24] Time Left: [00:03:23] epoch=003/012 :: Train [loss=-11.00008, acc@1=44.05%, acc@5=77.22%] Valid [loss=-10.78511, acc@1=32.78%, acc@5=64.50%]
[2020-10-15 13:32:49] Time Left: [00:02:57] epoch=004/012 :: Train [loss=-11.40339, acc@1=48.38%, acc@5=80.51%] Valid [loss=-11.53577, acc@1=39.58%, acc@5=72.76%]
[2020-10-15 13:33:14] Time Left: [00:02:31] epoch=005/012 :: Train [loss=-11.71406, acc@1=51.65%, acc@5=83.14%] Valid [loss=-11.76556, acc@1=41.72%, acc@5=74.92%]
[2020-10-15 13:33:39] Time Left: [00:02:06] epoch=006/012 :: Train [loss=-11.95944, acc@1=54.77%, acc@5=84.90%] Valid [loss=-12.13427, acc@1=45.52%, acc@5=76.96%]
[2020-10-15 13:34:04] Time Left: [00:01:40] epoch=007/012 :: Train [loss=-12.17114, acc@1=57.42%, acc@5=86.68%] Valid [loss=-12.53080, acc@1=51.58%, acc@5=81.10%]
[2020-10-15 13:34:29] Time Left: [00:01:15] epoch=008/012 :: Train [loss=-12.34507, acc@1=60.14%, acc@5=88.31%] Valid [loss=-12.82065, acc@1=54.22%, acc@5=83.44%]
[2020-10-15 13:34:54] Time Left: [00:00:50] epoch=009/012 :: Train [loss=-12.49975, acc@1=62.63%, acc@5=89.66%] Valid [loss=-12.98876, acc@1=56.88%, acc@5=85.92%]
[2020-10-15 13:35:19] Time Left: [00:00:25] epoch=010/012 :: Train [loss=-12.60945, acc@1=65.06%, acc@5=90.83%] Valid [loss=-13.16060, acc@1=59.86%, acc@5=87.38%]
[2020-10-15 13:35:44] Time Left: [00:00:00] epoch=011/012 :: Train [loss=-12.68084, acc@1=66.98%, acc@5=91.50%] Valid [loss=-13.20807, acc@1=60.48%, acc@5=87.76%]
Python  Version  : 3.7.7 (default, Mar 26 2020, 15:48:22)  [GCC 7.3.0]
Pillow  Version  : 7.0.0
PyTorch Version  : 1.4.0
cuDNN   Version  : 7603
CUDA available   : True
CUDA GPU numbers : 1
CUDA_VISIBLE_DEVICES=0

--------------- dataset : cifar100 ---------------
Flops = 82.49994 MB, Params = 0.593236 MB
config : OrderedDict([('scheduler', 'cos'), ('eta_min', 0.0), ('epochs', 12), ('warmup', 0), ('optim', 'SGD'), ('LR', 0.1), ('decay', 0.0005), ('momentum', 0.9), ('nesterov', True), ('criterion', 'Softmax'), ('batch_size', 256), ('class_num', 100), ('xshape', (1, 3, 32, 32))])
Training State (finish) = True

<<<***>>> The 00/01-th seed is 111 <finish> other procedures need Time Left: [00:00:00]
