Start train-evaluate |nor_conv_1x1~0|+|nor_conv_1x1~0|nor_conv_1x1~1|+|nor_conv_1x1~0|avg_pool_3x3~1|skip_connect~2|
arch_config : {'channel': 16, 'num_cells': 5}

The 00/01-th seed is 111 ----------------------<.>----------------------
Does not find the existing file output/trofim-NST/specifics/LESS-|nor_conv_1x1~0|+|nor_conv_1x1~0|nor_conv_1x1~1|+|nor_conv_1x1~0|avg_pool_3x3~1|skip_connect~2|-16-5/seed-0111.pth, train and evaluate!
configs/nas-benchmark/LESS.config
Configure(scheduler='cos', eta_min=0.0, epochs=12, warmup=0, optim='SGD', LR=0.1, decay=0.0005, momentum=0.9, nesterov=True, criterion='Softmax', batch_size=256, class_num=100, xshape=(1, 3, 32, 32))
Evaluate ||||||| cifar100   ||||||| Train-Num=50000, Valid-Num=10000, Train-Loader-Num=196, Valid-Loader-Num=40, batch size=256
Evaluate ||||||| cifar100   ||||||| Config=Configure(scheduler='cos', eta_min=0.0, epochs=12, warmup=0, optim='SGD', LR=0.1, decay=0.0005, momentum=0.9, nesterov=True, criterion='Softmax', batch_size=256, class_num=100, xshape=(1, 3, 32, 32))
Evaluate ---->>>> ori-test   with 40 batchs
Evaluate ---->>>> x-valid    with 20 batchs
Evaluate ---->>>> x-test     with 20 batchs
[2020-10-15 13:22:01] Seed-------------------------- 111 --------------------------
FLOP = 23.51754 MB, Param = 0.191156 MB
[2020-10-15 13:22:27] Time Left: [00:04:55] epoch=000/012 :: Train [loss=-3.28270, acc@1=7.96%, acc@5=24.72%] Valid [loss=-5.77327, acc@1=8.08%, acc@5=25.44%]
[2020-10-15 13:22:53] Time Left: [00:04:20] epoch=001/012 :: Train [loss=-7.22893, acc@1=19.22%, acc@5=48.87%] Valid [loss=-7.19172, acc@1=14.28%, acc@5=40.44%]
[2020-10-15 13:23:18] Time Left: [00:03:52] epoch=002/012 :: Train [loss=-8.24655, acc@1=26.72%, acc@5=59.29%] Valid [loss=-7.57854, acc@1=17.86%, acc@5=46.42%]
[2020-10-15 13:23:43] Time Left: [00:03:25] epoch=003/012 :: Train [loss=-8.88898, acc@1=32.30%, acc@5=65.62%] Valid [loss=-7.51796, acc@1=18.40%, acc@5=45.60%]
[2020-10-15 13:24:09] Time Left: [00:02:59] epoch=004/012 :: Train [loss=-9.35761, acc@1=36.38%, acc@5=70.03%] Valid [loss=-8.78324, acc@1=27.64%, acc@5=57.56%]
[2020-10-15 13:24:34] Time Left: [00:02:33] epoch=005/012 :: Train [loss=-9.68909, acc@1=39.83%, acc@5=73.23%] Valid [loss=-8.73298, acc@1=23.78%, acc@5=55.18%]
[2020-10-15 13:24:59] Time Left: [00:02:07] epoch=006/012 :: Train [loss=-9.94583, acc@1=43.17%, acc@5=75.64%] Valid [loss=-9.89631, acc@1=37.06%, acc@5=70.82%]
[2020-10-15 13:25:24] Time Left: [00:01:41] epoch=007/012 :: Train [loss=-10.15317, acc@1=45.97%, acc@5=78.09%] Valid [loss=-9.51341, acc@1=32.08%, acc@5=64.56%]
[2020-10-15 13:25:50] Time Left: [00:01:16] epoch=008/012 :: Train [loss=-10.33483, acc@1=48.63%, acc@5=79.80%] Valid [loss=-10.17470, acc@1=39.24%, acc@5=71.22%]
[2020-10-15 13:26:15] Time Left: [00:00:50] epoch=009/012 :: Train [loss=-10.47542, acc@1=50.79%, acc@5=81.55%] Valid [loss=-10.59619, acc@1=46.14%, acc@5=78.28%]
[2020-10-15 13:26:40] Time Left: [00:00:25] epoch=010/012 :: Train [loss=-10.59429, acc@1=52.73%, acc@5=82.99%] Valid [loss=-10.95454, acc@1=50.54%, acc@5=81.14%]
[2020-10-15 13:27:06] Time Left: [00:00:00] epoch=011/012 :: Train [loss=-10.66841, acc@1=54.24%, acc@5=83.86%] Valid [loss=-11.04671, acc@1=51.38%, acc@5=81.72%]
Python  Version  : 3.7.7 (default, Mar 26 2020, 15:48:22)  [GCC 7.3.0]
Pillow  Version  : 7.0.0
PyTorch Version  : 1.4.0
cuDNN   Version  : 7603
CUDA available   : True
CUDA GPU numbers : 1
CUDA_VISIBLE_DEVICES=0

--------------- dataset : cifar100 ---------------
Flops = 23.51754 MB, Params = 0.191156 MB
config : OrderedDict([('scheduler', 'cos'), ('eta_min', 0.0), ('epochs', 12), ('warmup', 0), ('optim', 'SGD'), ('LR', 0.1), ('decay', 0.0005), ('momentum', 0.9), ('nesterov', True), ('criterion', 'Softmax'), ('batch_size', 256), ('class_num', 100), ('xshape', (1, 3, 32, 32))])
Training State (finish) = True

<<<***>>> The 00/01-th seed is 111 <finish> other procedures need Time Left: [00:00:00]
