Start train-evaluate |none~0|+|nor_conv_1x1~0|skip_connect~1|+|nor_conv_1x1~0|skip_connect~1|nor_conv_1x1~2|
arch_config : {'channel': 16, 'num_cells': 5}

The 00/01-th seed is 111 ----------------------<.>----------------------
Does not find the existing file output/trofim-NST/specifics/LESS-|none~0|+|nor_conv_1x1~0|skip_connect~1|+|nor_conv_1x1~0|skip_connect~1|nor_conv_1x1~2|-16-5/seed-0111.pth, train and evaluate!
configs/nas-benchmark/LESS.config
Configure(scheduler='cos', eta_min=0.0, epochs=12, warmup=0, optim='SGD', LR=0.1, decay=0.0005, momentum=0.9, nesterov=True, criterion='Softmax', batch_size=256, class_num=100, xshape=(1, 3, 32, 32))
Evaluate ||||||| cifar100   ||||||| Train-Num=50000, Valid-Num=10000, Train-Loader-Num=196, Valid-Loader-Num=40, batch size=256
Evaluate ||||||| cifar100   ||||||| Config=Configure(scheduler='cos', eta_min=0.0, epochs=12, warmup=0, optim='SGD', LR=0.1, decay=0.0005, momentum=0.9, nesterov=True, criterion='Softmax', batch_size=256, class_num=100, xshape=(1, 3, 32, 32))
Evaluate ---->>>> ori-test   with 40 batchs
Evaluate ---->>>> x-valid    with 20 batchs
Evaluate ---->>>> x-test     with 20 batchs
[2020-10-15 13:32:22] Seed-------------------------- 111 --------------------------
FLOP = 19.58538 MB, Param = 0.163156 MB
[2020-10-15 13:32:44] Time Left: [00:04:00] epoch=000/012 :: Train [loss=-3.61898, acc@1=6.78%, acc@5=22.76%] Valid [loss=-6.08012, acc@1=10.28%, acc@5=32.98%]
[2020-10-15 13:33:06] Time Left: [00:03:42] epoch=001/012 :: Train [loss=-7.08526, acc@1=17.68%, acc@5=46.11%] Valid [loss=-6.92701, acc@1=14.18%, acc@5=38.80%]
[2020-10-15 13:33:28] Time Left: [00:03:18] epoch=002/012 :: Train [loss=-8.07131, acc@1=24.69%, acc@5=57.18%] Valid [loss=-7.50017, acc@1=16.10%, acc@5=45.40%]
[2020-10-15 13:33:50] Time Left: [00:02:55] epoch=003/012 :: Train [loss=-8.61652, acc@1=30.19%, acc@5=63.54%] Valid [loss=-8.16398, acc@1=20.66%, acc@5=51.36%]
[2020-10-15 13:34:11] Time Left: [00:02:33] epoch=004/012 :: Train [loss=-8.97235, acc@1=34.53%, acc@5=67.86%] Valid [loss=-8.37082, acc@1=26.28%, acc@5=57.86%]
[2020-10-15 13:34:33] Time Left: [00:02:11] epoch=005/012 :: Train [loss=-9.21865, acc@1=37.36%, acc@5=70.92%] Valid [loss=-9.10942, acc@1=33.92%, acc@5=66.40%]
[2020-10-15 13:34:54] Time Left: [00:01:49] epoch=006/012 :: Train [loss=-9.43627, acc@1=40.25%, acc@5=73.57%] Valid [loss=-9.37491, acc@1=34.56%, acc@5=67.42%]
[2020-10-15 13:35:16] Time Left: [00:01:27] epoch=007/012 :: Train [loss=-9.62244, acc@1=42.95%, acc@5=76.03%] Valid [loss=-9.71222, acc@1=37.04%, acc@5=70.06%]
[2020-10-15 13:35:38] Time Left: [00:01:05] epoch=008/012 :: Train [loss=-9.78228, acc@1=45.51%, acc@5=77.92%] Valid [loss=-9.77409, acc@1=40.14%, acc@5=72.34%]
[2020-10-15 13:35:59] Time Left: [00:00:43] epoch=009/012 :: Train [loss=-9.90465, acc@1=47.53%, acc@5=79.48%] Valid [loss=-10.18714, acc@1=44.98%, acc@5=76.86%]
[2020-10-15 13:36:21] Time Left: [00:00:21] epoch=010/012 :: Train [loss=-10.00163, acc@1=48.97%, acc@5=80.66%] Valid [loss=-10.40326, acc@1=47.22%, acc@5=79.08%]
[2020-10-15 13:36:43] Time Left: [00:00:00] epoch=011/012 :: Train [loss=-10.07177, acc@1=50.64%, acc@5=81.56%] Valid [loss=-10.49742, acc@1=48.40%, acc@5=80.00%]
Python  Version  : 3.7.7 (default, Mar 26 2020, 15:48:22)  [GCC 7.3.0]
Pillow  Version  : 7.0.0
PyTorch Version  : 1.4.0
cuDNN   Version  : 7603
CUDA available   : True
CUDA GPU numbers : 1
CUDA_VISIBLE_DEVICES=0

--------------- dataset : cifar100 ---------------
Flops = 19.58538 MB, Params = 0.163156 MB
config : OrderedDict([('scheduler', 'cos'), ('eta_min', 0.0), ('epochs', 12), ('warmup', 0), ('optim', 'SGD'), ('LR', 0.1), ('decay', 0.0005), ('momentum', 0.9), ('nesterov', True), ('criterion', 'Softmax'), ('batch_size', 256), ('class_num', 100), ('xshape', (1, 3, 32, 32))])
Training State (finish) = True

<<<***>>> The 00/01-th seed is 111 <finish> other procedures need Time Left: [00:00:00]
