Start train-evaluate |nor_conv_1x1~0|+|none~0|none~1|+|avg_pool_3x3~0|nor_conv_3x3~1|skip_connect~2|
arch_config : {'channel': 16, 'num_cells': 5}

The 00/01-th seed is 111 ----------------------<.>----------------------
Does not find the existing file output/trofim-NST/specifics/LESS-|nor_conv_1x1~0|+|none~0|none~1|+|avg_pool_3x3~0|nor_conv_3x3~1|skip_connect~2|-16-5/seed-0111.pth, train and evaluate!
configs/nas-benchmark/LESS.config
Configure(scheduler='cos', eta_min=0.0, epochs=12, warmup=0, optim='SGD', LR=0.1, decay=0.0005, momentum=0.9, nesterov=True, criterion='Softmax', batch_size=256, class_num=100, xshape=(1, 3, 32, 32))
Evaluate ||||||| cifar100   ||||||| Train-Num=50000, Valid-Num=10000, Train-Loader-Num=196, Valid-Loader-Num=40, batch size=256
Evaluate ||||||| cifar100   ||||||| Config=Configure(scheduler='cos', eta_min=0.0, epochs=12, warmup=0, optim='SGD', LR=0.1, decay=0.0005, momentum=0.9, nesterov=True, criterion='Softmax', batch_size=256, class_num=100, xshape=(1, 3, 32, 32))
Evaluate ---->>>> ori-test   with 40 batchs
Evaluate ---->>>> x-valid    with 20 batchs
Evaluate ---->>>> x-test     with 20 batchs
[2020-10-15 14:24:01] Seed-------------------------- 111 --------------------------
FLOP = 47.1105 MB, Param = 0.350196 MB
[2020-10-15 14:24:23] Time Left: [00:04:00] epoch=000/012 :: Train [loss=0.67726, acc@1=9.57%, acc@5=28.16%] Valid [loss=-3.88456, acc@1=11.38%, acc@5=32.60%]
[2020-10-15 14:24:43] Time Left: [00:03:31] epoch=001/012 :: Train [loss=-7.27359, acc@1=24.02%, acc@5=54.38%] Valid [loss=-7.83977, acc@1=17.74%, acc@5=47.82%]
[2020-10-15 14:25:04] Time Left: [00:03:07] epoch=002/012 :: Train [loss=-8.87403, acc@1=32.13%, acc@5=65.12%] Valid [loss=-8.41579, acc@1=22.68%, acc@5=51.64%]
[2020-10-15 14:25:24] Time Left: [00:02:45] epoch=003/012 :: Train [loss=-9.66525, acc@1=38.46%, acc@5=71.61%] Valid [loss=-9.46355, acc@1=28.32%, acc@5=61.24%]
[2020-10-15 14:25:45] Time Left: [00:02:25] epoch=004/012 :: Train [loss=-10.17988, acc@1=42.98%, acc@5=75.73%] Valid [loss=-9.73010, acc@1=29.32%, acc@5=60.72%]
[2020-10-15 14:26:06] Time Left: [00:02:04] epoch=005/012 :: Train [loss=-10.58365, acc@1=46.78%, acc@5=78.89%] Valid [loss=-9.00039, acc@1=25.82%, acc@5=53.24%]
[2020-10-15 14:26:26] Time Left: [00:01:43] epoch=006/012 :: Train [loss=-10.91618, acc@1=50.20%, acc@5=81.32%] Valid [loss=-9.86683, acc@1=30.12%, acc@5=62.12%]
[2020-10-15 14:26:46] Time Left: [00:01:22] epoch=007/012 :: Train [loss=-11.18065, acc@1=53.30%, acc@5=83.55%] Valid [loss=-11.01450, acc@1=41.42%, acc@5=72.44%]
[2020-10-15 14:27:06] Time Left: [00:01:01] epoch=008/012 :: Train [loss=-11.39033, acc@1=56.10%, acc@5=85.36%] Valid [loss=-11.59415, acc@1=48.06%, acc@5=79.32%]
[2020-10-15 14:27:26] Time Left: [00:00:41] epoch=009/012 :: Train [loss=-11.55749, acc@1=58.88%, acc@5=86.95%] Valid [loss=-11.87119, acc@1=52.76%, acc@5=81.90%]
[2020-10-15 14:27:48] Time Left: [00:00:20] epoch=010/012 :: Train [loss=-11.68355, acc@1=61.14%, acc@5=88.26%] Valid [loss=-12.11480, acc@1=56.78%, acc@5=85.02%]
[2020-10-15 14:28:08] Time Left: [00:00:00] epoch=011/012 :: Train [loss=-11.76662, acc@1=63.01%, acc@5=89.19%] Valid [loss=-12.20237, acc@1=57.56%, acc@5=85.64%]
Python  Version  : 3.7.7 (default, Mar 26 2020, 15:48:22)  [GCC 7.3.0]
Pillow  Version  : 7.0.0
PyTorch Version  : 1.4.0
cuDNN   Version  : 7603
CUDA available   : True
CUDA GPU numbers : 1
CUDA_VISIBLE_DEVICES=0

--------------- dataset : cifar100 ---------------
Flops = 47.1105 MB, Params = 0.350196 MB
config : OrderedDict([('scheduler', 'cos'), ('eta_min', 0.0), ('epochs', 12), ('warmup', 0), ('optim', 'SGD'), ('LR', 0.1), ('decay', 0.0005), ('momentum', 0.9), ('nesterov', True), ('criterion', 'Softmax'), ('batch_size', 256), ('class_num', 100), ('xshape', (1, 3, 32, 32))])
Training State (finish) = True

<<<***>>> The 00/01-th seed is 111 <finish> other procedures need Time Left: [00:00:00]
