Start train-evaluate |nor_conv_1x1~0|+|skip_connect~0|nor_conv_1x1~1|+|nor_conv_3x3~0|none~1|avg_pool_3x3~2|
arch_config : {'channel': 16, 'num_cells': 5}

The 00/01-th seed is 111 ----------------------<.>----------------------
Does not find the existing file output/trofim-NST/specifics/LESS-|nor_conv_1x1~0|+|skip_connect~0|nor_conv_1x1~1|+|nor_conv_3x3~0|none~1|avg_pool_3x3~2|-16-5/seed-0111.pth, train and evaluate!
configs/nas-benchmark/LESS.config
Configure(scheduler='cos', eta_min=0.0, epochs=12, warmup=0, optim='SGD', LR=0.1, decay=0.0005, momentum=0.9, nesterov=True, criterion='Softmax', batch_size=256, class_num=100, xshape=(1, 3, 32, 32))
Evaluate ||||||| cifar100   ||||||| Train-Num=50000, Valid-Num=10000, Train-Loader-Num=196, Valid-Loader-Num=40, batch size=256
Evaluate ||||||| cifar100   ||||||| Config=Configure(scheduler='cos', eta_min=0.0, epochs=12, warmup=0, optim='SGD', LR=0.1, decay=0.0005, momentum=0.9, nesterov=True, criterion='Softmax', batch_size=256, class_num=100, xshape=(1, 3, 32, 32))
Evaluate ---->>>> ori-test   with 40 batchs
Evaluate ---->>>> x-valid    with 20 batchs
Evaluate ---->>>> x-test     with 20 batchs
[2020-10-15 13:13:44] Seed-------------------------- 111 --------------------------
FLOP = 51.04266 MB, Param = 0.378196 MB
[2020-10-15 13:14:07] Time Left: [00:04:16] epoch=000/012 :: Train [loss=7.09609, acc@1=5.66%, acc@5=19.50%] Valid [loss=2.79878, acc@1=3.10%, acc@5=14.44%]
[2020-10-15 13:14:31] Time Left: [00:03:57] epoch=001/012 :: Train [loss=-3.19691, acc@1=15.73%, acc@5=41.23%] Valid [loss=-4.78918, acc@1=10.54%, acc@5=31.98%]
[2020-10-15 13:14:55] Time Left: [00:03:32] epoch=002/012 :: Train [loss=-7.20918, acc@1=25.24%, acc@5=56.15%] Valid [loss=-6.73912, acc@1=13.72%, acc@5=37.98%]
[2020-10-15 13:15:18] Time Left: [00:03:07] epoch=003/012 :: Train [loss=-8.54260, acc@1=33.09%, acc@5=65.88%] Valid [loss=-8.56209, acc@1=25.92%, acc@5=57.42%]
[2020-10-15 13:15:41] Time Left: [00:02:43] epoch=004/012 :: Train [loss=-9.24898, acc@1=38.29%, acc@5=71.41%] Valid [loss=-7.09033, acc@1=16.46%, acc@5=41.06%]
[2020-10-15 13:16:04] Time Left: [00:02:20] epoch=005/012 :: Train [loss=-9.77276, acc@1=42.73%, acc@5=75.63%] Valid [loss=-9.55949, acc@1=31.50%, acc@5=64.80%]
[2020-10-15 13:16:27] Time Left: [00:01:56] epoch=006/012 :: Train [loss=-10.19593, acc@1=46.64%, acc@5=78.68%] Valid [loss=-10.25854, acc@1=39.14%, acc@5=70.24%]
[2020-10-15 13:16:50] Time Left: [00:01:33] epoch=007/012 :: Train [loss=-10.52879, acc@1=49.88%, acc@5=81.34%] Valid [loss=-10.59851, acc@1=42.68%, acc@5=74.48%]
[2020-10-15 13:17:14] Time Left: [00:01:09] epoch=008/012 :: Train [loss=-10.78227, acc@1=53.06%, acc@5=83.44%] Valid [loss=-10.89832, acc@1=45.96%, acc@5=77.90%]
[2020-10-15 13:17:37] Time Left: [00:00:46] epoch=009/012 :: Train [loss=-10.97685, acc@1=55.82%, acc@5=85.15%] Valid [loss=-11.05010, acc@1=46.92%, acc@5=77.58%]
[2020-10-15 13:18:00] Time Left: [00:00:23] epoch=010/012 :: Train [loss=-11.10919, acc@1=58.17%, acc@5=86.64%] Valid [loss=-11.41840, acc@1=53.58%, acc@5=82.74%]
[2020-10-15 13:18:23] Time Left: [00:00:00] epoch=011/012 :: Train [loss=-11.19971, acc@1=59.68%, acc@5=87.65%] Valid [loss=-11.58123, acc@1=55.66%, acc@5=84.42%]
Python  Version  : 3.7.7 (default, Mar 26 2020, 15:48:22)  [GCC 7.3.0]
Pillow  Version  : 7.0.0
PyTorch Version  : 1.4.0
cuDNN   Version  : 7603
CUDA available   : True
CUDA GPU numbers : 1
CUDA_VISIBLE_DEVICES=0

--------------- dataset : cifar100 ---------------
Flops = 51.04266 MB, Params = 0.378196 MB
config : OrderedDict([('scheduler', 'cos'), ('eta_min', 0.0), ('epochs', 12), ('warmup', 0), ('optim', 'SGD'), ('LR', 0.1), ('decay', 0.0005), ('momentum', 0.9), ('nesterov', True), ('criterion', 'Softmax'), ('batch_size', 256), ('class_num', 100), ('xshape', (1, 3, 32, 32))])
Training State (finish) = True

<<<***>>> The 00/01-th seed is 111 <finish> other procedures need Time Left: [00:00:00]
