Start train-evaluate |skip_connect~0|+|nor_conv_3x3~0|avg_pool_3x3~1|+|none~0|none~1|none~2|
arch_config : {'channel': 16, 'num_cells': 5}

The 00/01-th seed is 111 ----------------------<.>----------------------
Does not find the existing file output/trofim-NST/specifics/LESS-|skip_connect~0|+|nor_conv_3x3~0|avg_pool_3x3~1|+|none~0|none~1|none~2|-16-5/seed-0111.pth, train and evaluate!
configs/nas-benchmark/LESS.config
Configure(scheduler='cos', eta_min=0.0, epochs=12, warmup=0, optim='SGD', LR=0.1, decay=0.0005, momentum=0.9, nesterov=True, criterion='Softmax', batch_size=256, class_num=100, xshape=(1, 3, 32, 32))
Evaluate ||||||| cifar100   ||||||| Train-Num=50000, Valid-Num=10000, Train-Loader-Num=196, Valid-Loader-Num=40, batch size=256
Evaluate ||||||| cifar100   ||||||| Config=Configure(scheduler='cos', eta_min=0.0, epochs=12, warmup=0, optim='SGD', LR=0.1, decay=0.0005, momentum=0.9, nesterov=True, criterion='Softmax', batch_size=256, class_num=100, xshape=(1, 3, 32, 32))
Evaluate ---->>>> ori-test   with 40 batchs
Evaluate ---->>>> x-valid    with 20 batchs
Evaluate ---->>>> x-test     with 20 batchs
[2020-10-15 14:33:49] Seed-------------------------- 111 --------------------------
FLOP = 43.17834 MB, Param = 0.322196 MB
[2020-10-15 14:34:07] Time Left: [00:03:25] epoch=000/012 :: Train [loss=4.60737, acc@1=0.92%, acc@5=4.53%] Valid [loss=4.60546, acc@1=1.00%, acc@5=5.00%]
[2020-10-15 14:34:25] Time Left: [00:03:00] epoch=001/012 :: Train [loss=4.60657, acc@1=0.87%, acc@5=4.62%] Valid [loss=4.60536, acc@1=1.00%, acc@5=5.00%]
[2020-10-15 14:34:42] Time Left: [00:02:40] epoch=002/012 :: Train [loss=4.60656, acc@1=0.93%, acc@5=4.58%] Valid [loss=4.60535, acc@1=1.00%, acc@5=5.00%]
[2020-10-15 14:34:59] Time Left: [00:02:21] epoch=003/012 :: Train [loss=4.60643, acc@1=0.86%, acc@5=4.55%] Valid [loss=4.60529, acc@1=1.00%, acc@5=5.00%]
[2020-10-15 14:35:17] Time Left: [00:02:03] epoch=004/012 :: Train [loss=4.60632, acc@1=0.90%, acc@5=4.51%] Valid [loss=4.60524, acc@1=1.00%, acc@5=5.00%]
[2020-10-15 14:35:34] Time Left: [00:01:45] epoch=005/012 :: Train [loss=4.60609, acc@1=0.86%, acc@5=4.55%] Valid [loss=4.60523, acc@1=1.00%, acc@5=5.00%]
[2020-10-15 14:35:52] Time Left: [00:01:27] epoch=006/012 :: Train [loss=4.60594, acc@1=0.91%, acc@5=4.57%] Valid [loss=4.60520, acc@1=1.00%, acc@5=5.00%]
[2020-10-15 14:36:09] Time Left: [00:01:10] epoch=007/012 :: Train [loss=4.60578, acc@1=0.86%, acc@5=4.52%] Valid [loss=4.60519, acc@1=1.00%, acc@5=5.00%]
[2020-10-15 14:36:26] Time Left: [00:00:52] epoch=008/012 :: Train [loss=4.60561, acc@1=0.91%, acc@5=4.53%] Valid [loss=4.60518, acc@1=1.00%, acc@5=5.00%]
[2020-10-15 14:36:44] Time Left: [00:00:35] epoch=009/012 :: Train [loss=4.60543, acc@1=0.92%, acc@5=4.70%] Valid [loss=4.60518, acc@1=1.00%, acc@5=5.00%]
[2020-10-15 14:37:01] Time Left: [00:00:17] epoch=010/012 :: Train [loss=4.60529, acc@1=0.93%, acc@5=4.86%] Valid [loss=4.60518, acc@1=1.00%, acc@5=5.00%]
[2020-10-15 14:37:19] Time Left: [00:00:00] epoch=011/012 :: Train [loss=4.60521, acc@1=0.97%, acc@5=4.92%] Valid [loss=4.60517, acc@1=1.00%, acc@5=5.00%]
Python  Version  : 3.7.7 (default, Mar 26 2020, 15:48:22)  [GCC 7.3.0]
Pillow  Version  : 7.0.0
PyTorch Version  : 1.4.0
cuDNN   Version  : 7603
CUDA available   : True
CUDA GPU numbers : 1
CUDA_VISIBLE_DEVICES=0

--------------- dataset : cifar100 ---------------
Flops = 43.17834 MB, Params = 0.322196 MB
config : OrderedDict([('scheduler', 'cos'), ('eta_min', 0.0), ('epochs', 12), ('warmup', 0), ('optim', 'SGD'), ('LR', 0.1), ('decay', 0.0005), ('momentum', 0.9), ('nesterov', True), ('criterion', 'Softmax'), ('batch_size', 256), ('class_num', 100), ('xshape', (1, 3, 32, 32))])
Training State (finish) = True

<<<***>>> The 00/01-th seed is 111 <finish> other procedures need Time Left: [00:00:00]
