Start train-evaluate |nor_conv_1x1~0|+|nor_conv_1x1~0|nor_conv_1x1~1|+|avg_pool_3x3~0|skip_connect~1|nor_conv_1x1~2|
arch_config : {'channel': 16, 'num_cells': 5}

The 00/01-th seed is 111 ----------------------<.>----------------------
Does not find the existing file output/trofim-NST/specifics/LESS-|nor_conv_1x1~0|+|nor_conv_1x1~0|nor_conv_1x1~1|+|avg_pool_3x3~0|skip_connect~1|nor_conv_1x1~2|-16-5/seed-0111.pth, train and evaluate!
configs/nas-benchmark/LESS.config
Configure(scheduler='cos', eta_min=0.0, epochs=12, warmup=0, optim='SGD', LR=0.1, decay=0.0005, momentum=0.9, nesterov=True, criterion='Softmax', batch_size=256, class_num=100, xshape=(1, 3, 32, 32))
Evaluate ||||||| cifar100   ||||||| Train-Num=50000, Valid-Num=10000, Train-Loader-Num=196, Valid-Loader-Num=40, batch size=256
Evaluate ||||||| cifar100   ||||||| Config=Configure(scheduler='cos', eta_min=0.0, epochs=12, warmup=0, optim='SGD', LR=0.1, decay=0.0005, momentum=0.9, nesterov=True, criterion='Softmax', batch_size=256, class_num=100, xshape=(1, 3, 32, 32))
Evaluate ---->>>> ori-test   with 40 batchs
Evaluate ---->>>> x-valid    with 20 batchs
Evaluate ---->>>> x-test     with 20 batchs
[2020-10-15 13:44:37] Seed-------------------------- 111 --------------------------
FLOP = 23.51754 MB, Param = 0.191156 MB
[2020-10-15 13:45:03] Time Left: [00:04:39] epoch=000/012 :: Train [loss=-0.37788, acc@1=9.04%, acc@5=27.79%] Valid [loss=-4.25646, acc@1=7.68%, acc@5=24.56%]
[2020-10-15 13:45:29] Time Left: [00:04:19] epoch=001/012 :: Train [loss=-6.64191, acc@1=22.02%, acc@5=51.94%] Valid [loss=-5.24092, acc@1=11.68%, acc@5=32.82%]
[2020-10-15 13:45:54] Time Left: [00:03:50] epoch=002/012 :: Train [loss=-7.69891, acc@1=29.32%, acc@5=61.70%] Valid [loss=-6.88502, acc@1=19.28%, acc@5=46.90%]
[2020-10-15 13:46:20] Time Left: [00:03:24] epoch=003/012 :: Train [loss=-8.35456, acc@1=34.82%, acc@5=68.14%] Valid [loss=-7.69803, acc@1=23.90%, acc@5=53.56%]
[2020-10-15 13:46:45] Time Left: [00:02:58] epoch=004/012 :: Train [loss=-8.83318, acc@1=39.03%, acc@5=72.56%] Valid [loss=-6.69479, acc@1=25.26%, acc@5=55.88%]
[2020-10-15 13:47:10] Time Left: [00:02:32] epoch=005/012 :: Train [loss=-9.21721, acc@1=43.03%, acc@5=75.34%] Valid [loss=-8.73234, acc@1=31.34%, acc@5=63.30%]
[2020-10-15 13:47:35] Time Left: [00:02:06] epoch=006/012 :: Train [loss=-9.61737, acc@1=46.19%, acc@5=78.36%] Valid [loss=-9.18727, acc@1=36.18%, acc@5=67.44%]
[2020-10-15 13:48:00] Time Left: [00:01:41] epoch=007/012 :: Train [loss=-9.91471, acc@1=49.47%, acc@5=80.88%] Valid [loss=-9.42103, acc@1=36.24%, acc@5=69.02%]
[2020-10-15 13:48:25] Time Left: [00:01:15] epoch=008/012 :: Train [loss=-10.13848, acc@1=52.15%, acc@5=82.73%] Valid [loss=-10.08602, acc@1=43.64%, acc@5=76.54%]
[2020-10-15 13:48:50] Time Left: [00:00:50] epoch=009/012 :: Train [loss=-10.32752, acc@1=54.89%, acc@5=84.42%] Valid [loss=-10.43084, acc@1=49.72%, acc@5=80.42%]
[2020-10-15 13:49:16] Time Left: [00:00:25] epoch=010/012 :: Train [loss=-10.46890, acc@1=57.44%, acc@5=85.92%] Valid [loss=-10.64790, acc@1=52.74%, acc@5=82.20%]
[2020-10-15 13:49:41] Time Left: [00:00:00] epoch=011/012 :: Train [loss=-10.55858, acc@1=58.91%, acc@5=86.94%] Valid [loss=-10.85450, acc@1=55.10%, acc@5=84.18%]
Python  Version  : 3.7.7 (default, Mar 26 2020, 15:48:22)  [GCC 7.3.0]
Pillow  Version  : 7.0.0
PyTorch Version  : 1.4.0
cuDNN   Version  : 7603
CUDA available   : True
CUDA GPU numbers : 1
CUDA_VISIBLE_DEVICES=0

--------------- dataset : cifar100 ---------------
Flops = 23.51754 MB, Params = 0.191156 MB
config : OrderedDict([('scheduler', 'cos'), ('eta_min', 0.0), ('epochs', 12), ('warmup', 0), ('optim', 'SGD'), ('LR', 0.1), ('decay', 0.0005), ('momentum', 0.9), ('nesterov', True), ('criterion', 'Softmax'), ('batch_size', 256), ('class_num', 100), ('xshape', (1, 3, 32, 32))])
Training State (finish) = True

<<<***>>> The 00/01-th seed is 111 <finish> other procedures need Time Left: [00:00:00]
