Start train-evaluate |nor_conv_3x3~0|+|none~0|none~1|+|avg_pool_3x3~0|nor_conv_3x3~1|nor_conv_3x3~2|
arch_config : {'channel': 16, 'num_cells': 5}

The 00/01-th seed is 111 ----------------------<.>----------------------
Does not find the existing file output/trofim-NST/specifics/LESS-|nor_conv_3x3~0|+|none~0|none~1|+|avg_pool_3x3~0|nor_conv_3x3~1|nor_conv_3x3~2|-16-5/seed-0111.pth, train and evaluate!
configs/nas-benchmark/LESS.config
Configure(scheduler='cos', eta_min=0.0, epochs=12, warmup=0, optim='SGD', LR=0.1, decay=0.0005, momentum=0.9, nesterov=True, criterion='Softmax', batch_size=256, class_num=100, xshape=(1, 3, 32, 32))
Evaluate ||||||| cifar100   ||||||| Train-Num=50000, Valid-Num=10000, Train-Loader-Num=196, Valid-Loader-Num=40, batch size=256
Evaluate ||||||| cifar100   ||||||| Config=Configure(scheduler='cos', eta_min=0.0, epochs=12, warmup=0, optim='SGD', LR=0.1, decay=0.0005, momentum=0.9, nesterov=True, criterion='Softmax', batch_size=256, class_num=100, xshape=(1, 3, 32, 32))
Evaluate ---->>>> ori-test   with 40 batchs
Evaluate ---->>>> x-valid    with 20 batchs
Evaluate ---->>>> x-test     with 20 batchs
[2020-10-15 13:13:44] Seed-------------------------- 111 --------------------------
FLOP = 113.95722 MB, Param = 0.808276 MB
[2020-10-15 13:14:11] Time Left: [00:04:54] epoch=000/012 :: Train [loss=6.62432, acc@1=7.51%, acc@5=23.66%] Valid [loss=3.48117, acc@1=4.18%, acc@5=16.30%]
[2020-10-15 13:14:36] Time Left: [00:04:20] epoch=001/012 :: Train [loss=-1.63727, acc@1=17.68%, acc@5=44.51%] Valid [loss=-3.08759, acc@1=15.34%, acc@5=39.62%]
[2020-10-15 13:15:02] Time Left: [00:03:52] epoch=002/012 :: Train [loss=-5.73479, acc@1=26.25%, acc@5=57.08%] Valid [loss=-5.89437, acc@1=17.12%, acc@5=43.02%]
[2020-10-15 13:15:27] Time Left: [00:03:26] epoch=003/012 :: Train [loss=-7.90228, acc@1=32.95%, acc@5=65.70%] Valid [loss=-7.99704, acc@1=25.80%, acc@5=56.32%]
[2020-10-15 13:15:52] Time Left: [00:02:59] epoch=004/012 :: Train [loss=-8.88257, acc@1=38.68%, acc@5=71.58%] Valid [loss=-8.54975, acc@1=26.64%, acc@5=57.84%]
[2020-10-15 13:16:18] Time Left: [00:02:33] epoch=005/012 :: Train [loss=-9.53108, acc@1=43.19%, acc@5=75.69%] Valid [loss=-9.62185, acc@1=35.68%, acc@5=68.74%]
[2020-10-15 13:16:43] Time Left: [00:02:07] epoch=006/012 :: Train [loss=-10.05454, acc@1=46.78%, acc@5=78.69%] Valid [loss=-9.81369, acc@1=37.58%, acc@5=67.52%]
[2020-10-15 13:17:09] Time Left: [00:01:42] epoch=007/012 :: Train [loss=-10.42926, acc@1=50.39%, acc@5=81.26%] Valid [loss=-9.92693, acc@1=36.44%, acc@5=67.22%]
[2020-10-15 13:17:34] Time Left: [00:01:16] epoch=008/012 :: Train [loss=-10.70300, acc@1=53.38%, acc@5=83.34%] Valid [loss=-10.94055, acc@1=47.12%, acc@5=78.16%]
[2020-10-15 13:18:00] Time Left: [00:00:51] epoch=009/012 :: Train [loss=-10.90759, acc@1=56.22%, acc@5=85.06%] Valid [loss=-11.17616, acc@1=49.44%, acc@5=79.74%]
[2020-10-15 13:18:25] Time Left: [00:00:25] epoch=010/012 :: Train [loss=-11.05932, acc@1=58.57%, acc@5=86.61%] Valid [loss=-11.40658, acc@1=53.32%, acc@5=82.18%]
[2020-10-15 13:18:50] Time Left: [00:00:00] epoch=011/012 :: Train [loss=-11.14153, acc@1=60.07%, acc@5=87.51%] Valid [loss=-11.53949, acc@1=54.92%, acc@5=83.76%]
Python  Version  : 3.7.7 (default, Mar 26 2020, 15:48:22)  [GCC 7.3.0]
Pillow  Version  : 7.0.0
PyTorch Version  : 1.4.0
cuDNN   Version  : 7603
CUDA available   : True
CUDA GPU numbers : 1
CUDA_VISIBLE_DEVICES=0

--------------- dataset : cifar100 ---------------
Flops = 113.95722 MB, Params = 0.808276 MB
config : OrderedDict([('scheduler', 'cos'), ('eta_min', 0.0), ('epochs', 12), ('warmup', 0), ('optim', 'SGD'), ('LR', 0.1), ('decay', 0.0005), ('momentum', 0.9), ('nesterov', True), ('criterion', 'Softmax'), ('batch_size', 256), ('class_num', 100), ('xshape', (1, 3, 32, 32))])
Training State (finish) = True

<<<***>>> The 00/01-th seed is 111 <finish> other procedures need Time Left: [00:00:00]
