Start train-evaluate |skip_connect~0|+|none~0|nor_conv_1x1~1|+|skip_connect~0|nor_conv_3x3~1|avg_pool_3x3~2|
arch_config : {'channel': 16, 'num_cells': 5}

The 00/01-th seed is 111 ----------------------<.>----------------------
Does not find the existing file output/trofim-NST/specifics/LESS-|skip_connect~0|+|none~0|nor_conv_1x1~1|+|skip_connect~0|nor_conv_3x3~1|avg_pool_3x3~2|-16-5/seed-0111.pth, train and evaluate!
configs/nas-benchmark/LESS.config
Configure(scheduler='cos', eta_min=0.0, epochs=12, warmup=0, optim='SGD', LR=0.1, decay=0.0005, momentum=0.9, nesterov=True, criterion='Softmax', batch_size=256, class_num=100, xshape=(1, 3, 32, 32))
Evaluate ||||||| cifar100   ||||||| Train-Num=50000, Valid-Num=10000, Train-Loader-Num=196, Valid-Loader-Num=40, batch size=256
Evaluate ||||||| cifar100   ||||||| Config=Configure(scheduler='cos', eta_min=0.0, epochs=12, warmup=0, optim='SGD', LR=0.1, decay=0.0005, momentum=0.9, nesterov=True, criterion='Softmax', batch_size=256, class_num=100, xshape=(1, 3, 32, 32))
Evaluate ---->>>> ori-test   with 40 batchs
Evaluate ---->>>> x-valid    with 20 batchs
Evaluate ---->>>> x-test     with 20 batchs
[2020-10-15 13:44:10] Seed-------------------------- 111 --------------------------
FLOP = 47.1105 MB, Param = 0.350196 MB
[2020-10-15 13:44:31] Time Left: [00:03:45] epoch=000/012 :: Train [loss=-1.86206, acc@1=8.61%, acc@5=26.79%] Valid [loss=-6.24715, acc@1=8.26%, acc@5=26.34%]
[2020-10-15 13:44:51] Time Left: [00:03:22] epoch=001/012 :: Train [loss=-8.03738, acc@1=22.48%, acc@5=52.75%] Valid [loss=-9.22659, acc@1=25.26%, acc@5=57.60%]
[2020-10-15 13:45:11] Time Left: [00:03:01] epoch=002/012 :: Train [loss=-9.48584, acc@1=31.97%, acc@5=65.28%] Valid [loss=-9.43003, acc@1=22.86%, acc@5=56.72%]
[2020-10-15 13:45:31] Time Left: [00:02:40] epoch=003/012 :: Train [loss=-10.23414, acc@1=38.71%, acc@5=72.32%] Valid [loss=-10.10564, acc@1=25.84%, acc@5=59.34%]
[2020-10-15 13:45:51] Time Left: [00:02:20] epoch=004/012 :: Train [loss=-10.70545, acc@1=43.31%, acc@5=76.36%] Valid [loss=-10.88945, acc@1=34.46%, acc@5=68.22%]
[2020-10-15 13:46:11] Time Left: [00:02:00] epoch=005/012 :: Train [loss=-11.03833, acc@1=47.02%, acc@5=79.18%] Valid [loss=-11.08299, acc@1=38.72%, acc@5=71.62%]
[2020-10-15 13:46:31] Time Left: [00:01:40] epoch=006/012 :: Train [loss=-11.29862, acc@1=50.09%, acc@5=81.41%] Valid [loss=-11.59053, acc@1=45.12%, acc@5=76.94%]
[2020-10-15 13:46:51] Time Left: [00:01:20] epoch=007/012 :: Train [loss=-11.51770, acc@1=52.82%, acc@5=83.19%] Valid [loss=-11.84042, acc@1=46.04%, acc@5=77.96%]
[2020-10-15 13:47:11] Time Left: [00:01:00] epoch=008/012 :: Train [loss=-11.68515, acc@1=54.89%, acc@5=84.88%] Valid [loss=-12.17242, acc@1=51.06%, acc@5=81.46%]
[2020-10-15 13:47:30] Time Left: [00:00:40] epoch=009/012 :: Train [loss=-11.82152, acc@1=57.29%, acc@5=86.02%] Valid [loss=-12.38049, acc@1=53.72%, acc@5=83.76%]
[2020-10-15 13:47:50] Time Left: [00:00:19] epoch=010/012 :: Train [loss=-11.92549, acc@1=59.42%, acc@5=87.42%] Valid [loss=-12.46616, acc@1=55.60%, acc@5=84.48%]
[2020-10-15 13:48:10] Time Left: [00:00:00] epoch=011/012 :: Train [loss=-11.98719, acc@1=60.72%, acc@5=88.15%] Valid [loss=-12.55940, acc@1=56.98%, acc@5=85.48%]
Python  Version  : 3.7.7 (default, Mar 26 2020, 15:48:22)  [GCC 7.3.0]
Pillow  Version  : 7.0.0
PyTorch Version  : 1.4.0
cuDNN   Version  : 7603
CUDA available   : True
CUDA GPU numbers : 1
CUDA_VISIBLE_DEVICES=0

--------------- dataset : cifar100 ---------------
Flops = 47.1105 MB, Params = 0.350196 MB
config : OrderedDict([('scheduler', 'cos'), ('eta_min', 0.0), ('epochs', 12), ('warmup', 0), ('optim', 'SGD'), ('LR', 0.1), ('decay', 0.0005), ('momentum', 0.9), ('nesterov', True), ('criterion', 'Softmax'), ('batch_size', 256), ('class_num', 100), ('xshape', (1, 3, 32, 32))])
Training State (finish) = True

<<<***>>> The 00/01-th seed is 111 <finish> other procedures need Time Left: [00:00:00]
