Start train-evaluate |nor_conv_1x1~0|+|nor_conv_3x3~0|nor_conv_3x3~1|+|skip_connect~0|nor_conv_3x3~1|nor_conv_3x3~2|
arch_config : {'channel': 16, 'num_cells': 5}

The 00/01-th seed is 111 ----------------------<.>----------------------
Does not find the existing file output/trofim-NST/specifics/LESS-|nor_conv_1x1~0|+|nor_conv_3x3~0|nor_conv_3x3~1|+|skip_connect~0|nor_conv_3x3~1|nor_conv_3x3~2|-16-5/seed-0111.pth, train and evaluate!
configs/nas-benchmark/LESS.config
Configure(scheduler='cos', eta_min=0.0, epochs=12, warmup=0, optim='SGD', LR=0.1, decay=0.0005, momentum=0.9, nesterov=True, criterion='Softmax', batch_size=256, class_num=100, xshape=(1, 3, 32, 32))
Evaluate ||||||| cifar100   ||||||| Train-Num=50000, Valid-Num=10000, Train-Loader-Num=196, Valid-Loader-Num=40, batch size=256
Evaluate ||||||| cifar100   ||||||| Config=Configure(scheduler='cos', eta_min=0.0, epochs=12, warmup=0, optim='SGD', LR=0.1, decay=0.0005, momentum=0.9, nesterov=True, criterion='Softmax', batch_size=256, class_num=100, xshape=(1, 3, 32, 32))
Evaluate ---->>>> ori-test   with 40 batchs
Evaluate ---->>>> x-valid    with 20 batchs
Evaluate ---->>>> x-test     with 20 batchs
[2020-10-15 13:41:06] Seed-------------------------- 111 --------------------------
FLOP = 153.27882 MB, Param = 1.079316 MB
[2020-10-15 13:41:37] Time Left: [00:05:49] epoch=000/012 :: Train [loss=-3.17134, acc@1=9.06%, acc@5=27.16%] Valid [loss=-7.24528, acc@1=11.36%, acc@5=34.40%]
[2020-10-15 13:42:09] Time Left: [00:05:14] epoch=001/012 :: Train [loss=-9.11699, acc@1=27.35%, acc@5=59.87%] Valid [loss=-10.04740, acc@1=26.72%, acc@5=58.54%]
[2020-10-15 13:42:40] Time Left: [00:04:42] epoch=002/012 :: Train [loss=-10.56635, acc@1=39.34%, acc@5=72.94%] Valid [loss=-11.06736, acc@1=33.86%, acc@5=68.16%]
[2020-10-15 13:43:11] Time Left: [00:04:10] epoch=003/012 :: Train [loss=-11.29552, acc@1=45.99%, acc@5=78.92%] Valid [loss=-11.23062, acc@1=35.00%, acc@5=66.12%]
[2020-10-15 13:43:42] Time Left: [00:03:39] epoch=004/012 :: Train [loss=-11.75460, acc@1=50.64%, acc@5=82.40%] Valid [loss=-12.08710, acc@1=43.18%, acc@5=75.86%]
[2020-10-15 13:44:15] Time Left: [00:03:09] epoch=005/012 :: Train [loss=-12.07866, acc@1=54.47%, acc@5=84.68%] Valid [loss=-12.40255, acc@1=46.06%, acc@5=78.82%]
[2020-10-15 13:44:46] Time Left: [00:02:37] epoch=006/012 :: Train [loss=-12.35467, acc@1=57.71%, acc@5=86.77%] Valid [loss=-12.26970, acc@1=44.34%, acc@5=75.64%]
[2020-10-15 13:45:18] Time Left: [00:02:06] epoch=007/012 :: Train [loss=-12.58594, acc@1=61.02%, acc@5=88.79%] Valid [loss=-12.66217, acc@1=49.40%, acc@5=80.62%]
[2020-10-15 13:45:49] Time Left: [00:01:34] epoch=008/012 :: Train [loss=-12.78300, acc@1=64.15%, acc@5=90.38%] Valid [loss=-13.34279, acc@1=58.02%, acc@5=86.72%]
[2020-10-15 13:46:20] Time Left: [00:01:02] epoch=009/012 :: Train [loss=-12.94576, acc@1=67.35%, acc@5=92.00%] Valid [loss=-13.47501, acc@1=60.30%, acc@5=88.42%]
[2020-10-15 13:46:52] Time Left: [00:00:31] epoch=010/012 :: Train [loss=-13.06531, acc@1=69.81%, acc@5=93.07%] Valid [loss=-13.61372, acc@1=61.98%, acc@5=89.14%]
[2020-10-15 13:47:23] Time Left: [00:00:00] epoch=011/012 :: Train [loss=-13.14556, acc@1=71.71%, acc@5=93.73%] Valid [loss=-13.66504, acc@1=63.28%, acc@5=89.70%]
Python  Version  : 3.7.7 (default, Mar 26 2020, 15:48:22)  [GCC 7.3.0]
Pillow  Version  : 7.0.0
PyTorch Version  : 1.4.0
cuDNN   Version  : 7603
CUDA available   : True
CUDA GPU numbers : 1
CUDA_VISIBLE_DEVICES=0

--------------- dataset : cifar100 ---------------
Flops = 153.27882 MB, Params = 1.079316 MB
config : OrderedDict([('scheduler', 'cos'), ('eta_min', 0.0), ('epochs', 12), ('warmup', 0), ('optim', 'SGD'), ('LR', 0.1), ('decay', 0.0005), ('momentum', 0.9), ('nesterov', True), ('criterion', 'Softmax'), ('batch_size', 256), ('class_num', 100), ('xshape', (1, 3, 32, 32))])
Training State (finish) = True

<<<***>>> The 00/01-th seed is 111 <finish> other procedures need Time Left: [00:00:00]
