Start train-evaluate |skip_connect~0|+|avg_pool_3x3~0|none~1|+|nor_conv_1x1~0|nor_conv_3x3~1|avg_pool_3x3~2|
arch_config : {'channel': 16, 'num_cells': 5}

The 00/01-th seed is 111 ----------------------<.>----------------------
Does not find the existing file output/trofim-NST/specifics/LESS-|skip_connect~0|+|avg_pool_3x3~0|none~1|+|nor_conv_1x1~0|nor_conv_3x3~1|avg_pool_3x3~2|-16-5/seed-0111.pth, train and evaluate!
configs/nas-benchmark/LESS.config
Configure(scheduler='cos', eta_min=0.0, epochs=12, warmup=0, optim='SGD', LR=0.1, decay=0.0005, momentum=0.9, nesterov=True, criterion='Softmax', batch_size=256, class_num=100, xshape=(1, 3, 32, 32))
Evaluate ||||||| cifar100   ||||||| Train-Num=50000, Valid-Num=10000, Train-Loader-Num=196, Valid-Loader-Num=40, batch size=256
Evaluate ||||||| cifar100   ||||||| Config=Configure(scheduler='cos', eta_min=0.0, epochs=12, warmup=0, optim='SGD', LR=0.1, decay=0.0005, momentum=0.9, nesterov=True, criterion='Softmax', batch_size=256, class_num=100, xshape=(1, 3, 32, 32))
Evaluate ---->>>> ori-test   with 40 batchs
Evaluate ---->>>> x-valid    with 20 batchs
Evaluate ---->>>> x-test     with 20 batchs
[2020-10-15 13:36:48] Seed-------------------------- 111 --------------------------
FLOP = 47.1105 MB, Param = 0.350196 MB
[2020-10-15 13:37:10] Time Left: [00:04:04] epoch=000/012 :: Train [loss=1.41139, acc@1=8.26%, acc@5=25.69%] Valid [loss=-4.49895, acc@1=7.58%, acc@5=23.44%]
[2020-10-15 13:37:31] Time Left: [00:03:35] epoch=001/012 :: Train [loss=-6.86230, acc@1=20.43%, acc@5=49.23%] Valid [loss=-6.85653, acc@1=14.92%, acc@5=40.10%]
[2020-10-15 13:37:52] Time Left: [00:03:12] epoch=002/012 :: Train [loss=-8.30247, acc@1=28.24%, acc@5=60.14%] Valid [loss=-7.66864, acc@1=16.88%, acc@5=44.16%]
[2020-10-15 13:38:13] Time Left: [00:02:50] epoch=003/012 :: Train [loss=-9.05280, acc@1=33.34%, acc@5=66.47%] Valid [loss=-8.98447, acc@1=25.68%, acc@5=56.28%]
[2020-10-15 13:38:34] Time Left: [00:02:28] epoch=004/012 :: Train [loss=-9.66843, acc@1=38.06%, acc@5=71.02%] Valid [loss=-9.31078, acc@1=27.16%, acc@5=57.52%]
[2020-10-15 13:38:55] Time Left: [00:02:06] epoch=005/012 :: Train [loss=-10.16136, acc@1=41.87%, acc@5=74.53%] Valid [loss=-8.96898, acc@1=25.06%, acc@5=54.06%]
[2020-10-15 13:39:16] Time Left: [00:01:45] epoch=006/012 :: Train [loss=-10.52048, acc@1=45.71%, acc@5=77.56%] Valid [loss=-10.54188, acc@1=36.06%, acc@5=70.60%]
[2020-10-15 13:39:37] Time Left: [00:01:24] epoch=007/012 :: Train [loss=-10.79283, acc@1=48.81%, acc@5=80.06%] Valid [loss=-10.94288, acc@1=41.02%, acc@5=73.84%]
[2020-10-15 13:39:58] Time Left: [00:01:03] epoch=008/012 :: Train [loss=-10.99715, acc@1=51.21%, acc@5=81.93%] Valid [loss=-11.04146, acc@1=42.22%, acc@5=75.02%]
[2020-10-15 13:40:19] Time Left: [00:00:42] epoch=009/012 :: Train [loss=-11.16000, acc@1=53.83%, acc@5=83.67%] Valid [loss=-11.52583, acc@1=48.70%, acc@5=79.46%]
[2020-10-15 13:40:40] Time Left: [00:00:21] epoch=010/012 :: Train [loss=-11.27534, acc@1=55.70%, acc@5=85.02%] Valid [loss=-11.71927, acc@1=52.78%, acc@5=82.46%]
[2020-10-15 13:41:00] Time Left: [00:00:00] epoch=011/012 :: Train [loss=-11.34222, acc@1=57.12%, acc@5=85.61%] Valid [loss=-11.81087, acc@1=53.72%, acc@5=83.08%]
Python  Version  : 3.7.7 (default, Mar 26 2020, 15:48:22)  [GCC 7.3.0]
Pillow  Version  : 7.0.0
PyTorch Version  : 1.4.0
cuDNN   Version  : 7603
CUDA available   : True
CUDA GPU numbers : 1
CUDA_VISIBLE_DEVICES=0

--------------- dataset : cifar100 ---------------
Flops = 47.1105 MB, Params = 0.350196 MB
config : OrderedDict([('scheduler', 'cos'), ('eta_min', 0.0), ('epochs', 12), ('warmup', 0), ('optim', 'SGD'), ('LR', 0.1), ('decay', 0.0005), ('momentum', 0.9), ('nesterov', True), ('criterion', 'Softmax'), ('batch_size', 256), ('class_num', 100), ('xshape', (1, 3, 32, 32))])
Training State (finish) = True

<<<***>>> The 00/01-th seed is 111 <finish> other procedures need Time Left: [00:00:00]
