Start train-evaluate |nor_conv_3x3~0|+|skip_connect~0|skip_connect~1|+|nor_conv_1x1~0|avg_pool_3x3~1|none~2|
arch_config : {'channel': 16, 'num_cells': 5}

The 00/01-th seed is 111 ----------------------<.>----------------------
Does not find the existing file output/trofim-NST/specifics/LESS-|nor_conv_3x3~0|+|skip_connect~0|skip_connect~1|+|nor_conv_1x1~0|avg_pool_3x3~1|none~2|-16-5/seed-0111.pth, train and evaluate!
configs/nas-benchmark/LESS.config
Configure(scheduler='cos', eta_min=0.0, epochs=12, warmup=0, optim='SGD', LR=0.1, decay=0.0005, momentum=0.9, nesterov=True, criterion='Softmax', batch_size=256, class_num=100, xshape=(1, 3, 32, 32))
Evaluate ||||||| cifar100   ||||||| Train-Num=50000, Valid-Num=10000, Train-Loader-Num=196, Valid-Loader-Num=40, batch size=256
Evaluate ||||||| cifar100   ||||||| Config=Configure(scheduler='cos', eta_min=0.0, epochs=12, warmup=0, optim='SGD', LR=0.1, decay=0.0005, momentum=0.9, nesterov=True, criterion='Softmax', batch_size=256, class_num=100, xshape=(1, 3, 32, 32))
Evaluate ---->>>> ori-test   with 40 batchs
Evaluate ---->>>> x-valid    with 20 batchs
Evaluate ---->>>> x-test     with 20 batchs
[2020-10-15 13:35:56] Seed-------------------------- 111 --------------------------
FLOP = 47.1105 MB, Param = 0.350196 MB
[2020-10-15 13:36:17] Time Left: [00:03:57] epoch=000/012 :: Train [loss=-1.72350, acc@1=7.71%, acc@5=24.60%] Valid [loss=-5.22602, acc@1=8.50%, acc@5=27.16%]
[2020-10-15 13:36:38] Time Left: [00:03:28] epoch=001/012 :: Train [loss=-7.11532, acc@1=20.04%, acc@5=49.18%] Valid [loss=-7.03565, acc@1=14.64%, acc@5=40.76%]
[2020-10-15 13:36:58] Time Left: [00:03:05] epoch=002/012 :: Train [loss=-8.30084, acc@1=27.17%, acc@5=59.35%] Valid [loss=-7.99129, acc@1=18.70%, acc@5=48.72%]
[2020-10-15 13:37:18] Time Left: [00:02:43] epoch=003/012 :: Train [loss=-9.05594, acc@1=32.52%, acc@5=65.78%] Valid [loss=-8.43439, acc@1=19.46%, acc@5=50.20%]
[2020-10-15 13:37:38] Time Left: [00:02:22] epoch=004/012 :: Train [loss=-9.58101, acc@1=37.20%, acc@5=70.59%] Valid [loss=-9.04794, acc@1=25.02%, acc@5=56.80%]
[2020-10-15 13:37:58] Time Left: [00:02:02] epoch=005/012 :: Train [loss=-9.93354, acc@1=40.92%, acc@5=73.84%] Valid [loss=-9.12477, acc@1=26.24%, acc@5=54.52%]
[2020-10-15 13:38:18] Time Left: [00:01:41] epoch=006/012 :: Train [loss=-10.21577, acc@1=44.41%, acc@5=76.56%] Valid [loss=-10.17026, acc@1=36.54%, acc@5=69.12%]
[2020-10-15 13:38:38] Time Left: [00:01:21] epoch=007/012 :: Train [loss=-10.44728, acc@1=46.85%, acc@5=78.93%] Valid [loss=-10.13352, acc@1=34.96%, acc@5=67.30%]
[2020-10-15 13:38:58] Time Left: [00:01:00] epoch=008/012 :: Train [loss=-10.64260, acc@1=49.98%, acc@5=81.20%] Valid [loss=-10.91685, acc@1=45.58%, acc@5=77.92%]
[2020-10-15 13:39:18] Time Left: [00:00:40] epoch=009/012 :: Train [loss=-10.78869, acc@1=52.59%, acc@5=82.67%] Valid [loss=-11.13530, acc@1=48.26%, acc@5=79.82%]
[2020-10-15 13:39:39] Time Left: [00:00:20] epoch=010/012 :: Train [loss=-10.90519, acc@1=54.77%, acc@5=84.15%] Valid [loss=-11.23900, acc@1=50.86%, acc@5=81.72%]
[2020-10-15 13:39:59] Time Left: [00:00:00] epoch=011/012 :: Train [loss=-10.97674, acc@1=55.99%, acc@5=85.06%] Valid [loss=-11.39581, acc@1=52.72%, acc@5=83.10%]
Python  Version  : 3.7.7 (default, Mar 26 2020, 15:48:22)  [GCC 7.3.0]
Pillow  Version  : 7.0.0
PyTorch Version  : 1.4.0
cuDNN   Version  : 7603
CUDA available   : True
CUDA GPU numbers : 1
CUDA_VISIBLE_DEVICES=0

--------------- dataset : cifar100 ---------------
Flops = 47.1105 MB, Params = 0.350196 MB
config : OrderedDict([('scheduler', 'cos'), ('eta_min', 0.0), ('epochs', 12), ('warmup', 0), ('optim', 'SGD'), ('LR', 0.1), ('decay', 0.0005), ('momentum', 0.9), ('nesterov', True), ('criterion', 'Softmax'), ('batch_size', 256), ('class_num', 100), ('xshape', (1, 3, 32, 32))])
Training State (finish) = True

<<<***>>> The 00/01-th seed is 111 <finish> other procedures need Time Left: [00:00:00]
