Start train-evaluate |skip_connect~0|+|none~0|avg_pool_3x3~1|+|none~0|skip_connect~1|avg_pool_3x3~2|
arch_config : {'channel': 16, 'num_cells': 5}

The 00/01-th seed is 111 ----------------------<.>----------------------
Does not find the existing file output/trofim-NST/specifics/LESS-|skip_connect~0|+|none~0|avg_pool_3x3~1|+|none~0|skip_connect~1|avg_pool_3x3~2|-16-5/seed-0111.pth, train and evaluate!
configs/nas-benchmark/LESS.config
Configure(scheduler='cos', eta_min=0.0, epochs=12, warmup=0, optim='SGD', LR=0.1, decay=0.0005, momentum=0.9, nesterov=True, criterion='Softmax', batch_size=256, class_num=100, xshape=(1, 3, 32, 32))
Evaluate ||||||| cifar100   ||||||| Train-Num=50000, Valid-Num=10000, Train-Loader-Num=196, Valid-Loader-Num=40, batch size=256
Evaluate ||||||| cifar100   ||||||| Config=Configure(scheduler='cos', eta_min=0.0, epochs=12, warmup=0, optim='SGD', LR=0.1, decay=0.0005, momentum=0.9, nesterov=True, criterion='Softmax', batch_size=256, class_num=100, xshape=(1, 3, 32, 32))
Evaluate ---->>>> ori-test   with 40 batchs
Evaluate ---->>>> x-valid    with 20 batchs
Evaluate ---->>>> x-test     with 20 batchs
[2020-10-15 13:54:15] Seed-------------------------- 111 --------------------------
FLOP = 7.7889 MB, Param = 0.079156 MB
[2020-10-15 13:54:29] Time Left: [00:02:35] epoch=000/012 :: Train [loss=23.75356, acc@1=3.74%, acc@5=14.92%] Valid [loss=17.84993, acc@1=4.50%, acc@5=16.58%]
[2020-10-15 13:54:43] Time Left: [00:02:19] epoch=001/012 :: Train [loss=18.12018, acc@1=4.48%, acc@5=17.80%] Valid [loss=16.68907, acc@1=4.32%, acc@5=17.86%]
[2020-10-15 13:54:57] Time Left: [00:02:05] epoch=002/012 :: Train [loss=14.95147, acc@1=4.91%, acc@5=18.89%] Valid [loss=14.23418, acc@1=5.62%, acc@5=19.50%]
[2020-10-15 13:55:11] Time Left: [00:01:50] epoch=003/012 :: Train [loss=13.41987, acc@1=5.34%, acc@5=19.71%] Valid [loss=13.53220, acc@1=3.82%, acc@5=16.50%]
[2020-10-15 13:55:24] Time Left: [00:01:36] epoch=004/012 :: Train [loss=12.01121, acc@1=5.65%, acc@5=20.82%] Valid [loss=11.97385, acc@1=5.64%, acc@5=20.42%]
[2020-10-15 13:55:38] Time Left: [00:01:22] epoch=005/012 :: Train [loss=10.39818, acc@1=6.15%, acc@5=22.12%] Valid [loss=10.00542, acc@1=5.02%, acc@5=19.72%]
[2020-10-15 13:55:52] Time Left: [00:01:09] epoch=006/012 :: Train [loss=9.34270, acc@1=6.75%, acc@5=22.66%] Valid [loss=9.38335, acc@1=5.54%, acc@5=19.88%]
[2020-10-15 13:56:06] Time Left: [00:00:55] epoch=007/012 :: Train [loss=8.94422, acc@1=7.17%, acc@5=23.47%] Valid [loss=8.46429, acc@1=6.52%, acc@5=22.52%]
[2020-10-15 13:56:19] Time Left: [00:00:41] epoch=008/012 :: Train [loss=8.53878, acc@1=7.97%, acc@5=25.03%] Valid [loss=8.54415, acc@1=6.14%, acc@5=22.66%]
[2020-10-15 13:56:33] Time Left: [00:00:27] epoch=009/012 :: Train [loss=8.28433, acc@1=8.47%, acc@5=25.97%] Valid [loss=8.18193, acc@1=6.84%, acc@5=23.40%]
[2020-10-15 13:56:47] Time Left: [00:00:13] epoch=010/012 :: Train [loss=8.11633, acc@1=8.93%, acc@5=26.97%] Valid [loss=8.02681, acc@1=6.90%, acc@5=23.22%]
[2020-10-15 13:57:00] Time Left: [00:00:00] epoch=011/012 :: Train [loss=8.02099, acc@1=8.94%, acc@5=27.10%] Valid [loss=7.85479, acc@1=7.26%, acc@5=24.58%]
Python  Version  : 3.7.7 (default, Mar 26 2020, 15:48:22)  [GCC 7.3.0]
Pillow  Version  : 7.0.0
PyTorch Version  : 1.4.0
cuDNN   Version  : 7603
CUDA available   : True
CUDA GPU numbers : 1
CUDA_VISIBLE_DEVICES=0

--------------- dataset : cifar100 ---------------
Flops = 7.7889 MB, Params = 0.079156 MB
config : OrderedDict([('scheduler', 'cos'), ('eta_min', 0.0), ('epochs', 12), ('warmup', 0), ('optim', 'SGD'), ('LR', 0.1), ('decay', 0.0005), ('momentum', 0.9), ('nesterov', True), ('criterion', 'Softmax'), ('batch_size', 256), ('class_num', 100), ('xshape', (1, 3, 32, 32))])
Training State (finish) = True

<<<***>>> The 00/01-th seed is 111 <finish> other procedures need Time Left: [00:00:00]
