Start train-evaluate |none~0|+|avg_pool_3x3~0|nor_conv_1x1~1|+|none~0|nor_conv_1x1~1|none~2|
arch_config : {'channel': 16, 'num_cells': 5}

The 00/01-th seed is 111 ----------------------<.>----------------------
Does not find the existing file output/trofim-NST/specifics/LESS-|none~0|+|avg_pool_3x3~0|nor_conv_1x1~1|+|none~0|nor_conv_1x1~1|none~2|-16-5/seed-0111.pth, train and evaluate!
configs/nas-benchmark/LESS.config
Configure(scheduler='cos', eta_min=0.0, epochs=12, warmup=0, optim='SGD', LR=0.1, decay=0.0005, momentum=0.9, nesterov=True, criterion='Softmax', batch_size=256, class_num=100, xshape=(1, 3, 32, 32))
Evaluate ||||||| cifar100   ||||||| Train-Num=50000, Valid-Num=10000, Train-Loader-Num=196, Valid-Loader-Num=40, batch size=256
Evaluate ||||||| cifar100   ||||||| Config=Configure(scheduler='cos', eta_min=0.0, epochs=12, warmup=0, optim='SGD', LR=0.1, decay=0.0005, momentum=0.9, nesterov=True, criterion='Softmax', batch_size=256, class_num=100, xshape=(1, 3, 32, 32))
Evaluate ---->>>> ori-test   with 40 batchs
Evaluate ---->>>> x-valid    with 20 batchs
Evaluate ---->>>> x-test     with 20 batchs
[2020-10-15 13:49:41] Seed-------------------------- 111 --------------------------
FLOP = 15.65322 MB, Param = 0.135156 MB
[2020-10-15 13:50:01] Time Left: [00:03:36] epoch=000/012 :: Train [loss=4.60701, acc@1=0.99%, acc@5=4.62%] Valid [loss=4.60544, acc@1=1.00%, acc@5=5.00%]
[2020-10-15 13:50:21] Time Left: [00:03:20] epoch=001/012 :: Train [loss=4.60659, acc@1=0.91%, acc@5=4.55%] Valid [loss=4.60538, acc@1=1.00%, acc@5=5.00%]
[2020-10-15 13:50:41] Time Left: [00:02:58] epoch=002/012 :: Train [loss=4.60654, acc@1=0.91%, acc@5=4.65%] Valid [loss=4.60533, acc@1=1.00%, acc@5=5.00%]
[2020-10-15 13:51:00] Time Left: [00:02:38] epoch=003/012 :: Train [loss=4.60641, acc@1=0.79%, acc@5=4.57%] Valid [loss=4.60526, acc@1=1.00%, acc@5=5.00%]
[2020-10-15 13:51:19] Time Left: [00:02:18] epoch=004/012 :: Train [loss=4.60634, acc@1=0.92%, acc@5=4.60%] Valid [loss=4.60526, acc@1=1.00%, acc@5=5.00%]
[2020-10-15 13:51:39] Time Left: [00:01:58] epoch=005/012 :: Train [loss=4.60623, acc@1=0.95%, acc@5=4.68%] Valid [loss=4.60524, acc@1=1.00%, acc@5=5.00%]
[2020-10-15 13:51:58] Time Left: [00:01:38] epoch=006/012 :: Train [loss=4.60601, acc@1=0.88%, acc@5=4.52%] Valid [loss=4.60521, acc@1=1.00%, acc@5=5.00%]
[2020-10-15 13:52:18] Time Left: [00:01:18] epoch=007/012 :: Train [loss=4.60577, acc@1=0.98%, acc@5=4.57%] Valid [loss=4.60519, acc@1=1.00%, acc@5=5.00%]
[2020-10-15 13:52:38] Time Left: [00:00:58] epoch=008/012 :: Train [loss=4.60561, acc@1=0.85%, acc@5=4.46%] Valid [loss=4.60518, acc@1=1.00%, acc@5=5.00%]
[2020-10-15 13:52:57] Time Left: [00:00:39] epoch=009/012 :: Train [loss=4.60542, acc@1=0.93%, acc@5=4.66%] Valid [loss=4.60518, acc@1=1.00%, acc@5=5.00%]
[2020-10-15 13:53:16] Time Left: [00:00:19] epoch=010/012 :: Train [loss=4.60529, acc@1=0.98%, acc@5=4.81%] Valid [loss=4.60518, acc@1=1.00%, acc@5=5.00%]
[2020-10-15 13:53:36] Time Left: [00:00:00] epoch=011/012 :: Train [loss=4.60521, acc@1=1.00%, acc@5=5.00%] Valid [loss=4.60518, acc@1=1.00%, acc@5=5.00%]
Python  Version  : 3.7.7 (default, Mar 26 2020, 15:48:22)  [GCC 7.3.0]
Pillow  Version  : 7.0.0
PyTorch Version  : 1.4.0
cuDNN   Version  : 7603
CUDA available   : True
CUDA GPU numbers : 1
CUDA_VISIBLE_DEVICES=0

--------------- dataset : cifar100 ---------------
Flops = 15.65322 MB, Params = 0.135156 MB
config : OrderedDict([('scheduler', 'cos'), ('eta_min', 0.0), ('epochs', 12), ('warmup', 0), ('optim', 'SGD'), ('LR', 0.1), ('decay', 0.0005), ('momentum', 0.9), ('nesterov', True), ('criterion', 'Softmax'), ('batch_size', 256), ('class_num', 100), ('xshape', (1, 3, 32, 32))])
Training State (finish) = True

<<<***>>> The 00/01-th seed is 111 <finish> other procedures need Time Left: [00:00:00]
