Start train-evaluate |none~0|+|none~0|skip_connect~1|+|nor_conv_1x1~0|nor_conv_1x1~1|nor_conv_3x3~2|
arch_config : {'channel': 16, 'num_cells': 5}

The 00/01-th seed is 111 ----------------------<.>----------------------
Does not find the existing file output/trofim-NST/specifics/LESS-|none~0|+|none~0|skip_connect~1|+|nor_conv_1x1~0|nor_conv_1x1~1|nor_conv_3x3~2|-16-5/seed-0111.pth, train and evaluate!
configs/nas-benchmark/LESS.config
Configure(scheduler='cos', eta_min=0.0, epochs=12, warmup=0, optim='SGD', LR=0.1, decay=0.0005, momentum=0.9, nesterov=True, criterion='Softmax', batch_size=256, class_num=100, xshape=(1, 3, 32, 32))
Evaluate ||||||| cifar100   ||||||| Train-Num=50000, Valid-Num=10000, Train-Loader-Num=196, Valid-Loader-Num=40, batch size=256
Evaluate ||||||| cifar100   ||||||| Config=Configure(scheduler='cos', eta_min=0.0, epochs=12, warmup=0, optim='SGD', LR=0.1, decay=0.0005, momentum=0.9, nesterov=True, criterion='Softmax', batch_size=256, class_num=100, xshape=(1, 3, 32, 32))
Evaluate ---->>>> ori-test   with 40 batchs
Evaluate ---->>>> x-valid    with 20 batchs
Evaluate ---->>>> x-test     with 20 batchs
[2020-10-15 14:37:17] Seed-------------------------- 111 --------------------------
FLOP = 51.04266 MB, Param = 0.378196 MB
[2020-10-15 14:37:41] Time Left: [00:04:22] epoch=000/012 :: Train [loss=-2.29322, acc@1=6.73%, acc@5=22.60%] Valid [loss=-4.18866, acc@1=7.48%, acc@5=26.78%]
[2020-10-15 14:38:03] Time Left: [00:03:52] epoch=001/012 :: Train [loss=-6.33595, acc@1=18.57%, acc@5=46.66%] Valid [loss=-6.35870, acc@1=15.34%, acc@5=43.30%]
[2020-10-15 14:38:26] Time Left: [00:03:26] epoch=002/012 :: Train [loss=-7.39576, acc@1=25.57%, acc@5=56.92%] Valid [loss=-7.61142, acc@1=21.60%, acc@5=52.44%]
[2020-10-15 14:38:49] Time Left: [00:03:02] epoch=003/012 :: Train [loss=-8.01254, acc@1=30.58%, acc@5=63.56%] Valid [loss=-7.04343, acc@1=22.52%, acc@5=53.38%]
[2020-10-15 14:39:11] Time Left: [00:02:39] epoch=004/012 :: Train [loss=-8.41445, acc@1=34.44%, acc@5=67.77%] Valid [loss=-8.15194, acc@1=25.46%, acc@5=57.92%]
[2020-10-15 14:39:33] Time Left: [00:02:16] epoch=005/012 :: Train [loss=-8.69733, acc@1=37.75%, acc@5=71.10%] Valid [loss=-8.59580, acc@1=31.74%, acc@5=65.74%]
[2020-10-15 14:39:56] Time Left: [00:01:53] epoch=006/012 :: Train [loss=-8.91966, acc@1=40.67%, acc@5=73.68%] Valid [loss=-8.62847, acc@1=33.50%, acc@5=64.76%]
[2020-10-15 14:40:18] Time Left: [00:01:30] epoch=007/012 :: Train [loss=-9.10584, acc@1=43.17%, acc@5=75.84%] Valid [loss=-9.15332, acc@1=38.08%, acc@5=71.20%]
[2020-10-15 14:40:41] Time Left: [00:01:07] epoch=008/012 :: Train [loss=-9.26231, acc@1=45.50%, acc@5=77.53%] Valid [loss=-9.50860, acc@1=43.62%, acc@5=75.46%]
[2020-10-15 14:41:03] Time Left: [00:00:45] epoch=009/012 :: Train [loss=-9.37726, acc@1=47.40%, acc@5=79.12%] Valid [loss=-9.64131, acc@1=43.88%, acc@5=76.86%]
[2020-10-15 14:41:26] Time Left: [00:00:22] epoch=010/012 :: Train [loss=-9.46603, acc@1=49.04%, acc@5=80.22%] Valid [loss=-9.83190, acc@1=48.04%, acc@5=78.90%]
[2020-10-15 14:41:48] Time Left: [00:00:00] epoch=011/012 :: Train [loss=-9.52645, acc@1=50.35%, acc@5=81.07%] Valid [loss=-9.89624, acc@1=48.84%, acc@5=79.78%]
Python  Version  : 3.7.7 (default, Mar 26 2020, 15:48:22)  [GCC 7.3.0]
Pillow  Version  : 7.0.0
PyTorch Version  : 1.4.0
cuDNN   Version  : 7603
CUDA available   : True
CUDA GPU numbers : 1
CUDA_VISIBLE_DEVICES=0

--------------- dataset : cifar100 ---------------
Flops = 51.04266 MB, Params = 0.378196 MB
config : OrderedDict([('scheduler', 'cos'), ('eta_min', 0.0), ('epochs', 12), ('warmup', 0), ('optim', 'SGD'), ('LR', 0.1), ('decay', 0.0005), ('momentum', 0.9), ('nesterov', True), ('criterion', 'Softmax'), ('batch_size', 256), ('class_num', 100), ('xshape', (1, 3, 32, 32))])
Training State (finish) = True

<<<***>>> The 00/01-th seed is 111 <finish> other procedures need Time Left: [00:00:00]
