Start train-evaluate |none~0|+|nor_conv_1x1~0|none~1|+|nor_conv_1x1~0|nor_conv_3x3~1|nor_conv_3x3~2|
arch_config : {'channel': 16, 'num_cells': 5}

The 00/01-th seed is 111 ----------------------<.>----------------------
Does not find the existing file output/trofim-NST/specifics/LESS-|none~0|+|nor_conv_1x1~0|none~1|+|nor_conv_1x1~0|nor_conv_3x3~1|nor_conv_3x3~2|-16-5/seed-0111.pth, train and evaluate!
configs/nas-benchmark/LESS.config
Configure(scheduler='cos', eta_min=0.0, epochs=12, warmup=0, optim='SGD', LR=0.1, decay=0.0005, momentum=0.9, nesterov=True, criterion='Softmax', batch_size=256, class_num=100, xshape=(1, 3, 32, 32))
Evaluate ||||||| cifar100   ||||||| Train-Num=50000, Valid-Num=10000, Train-Loader-Num=196, Valid-Loader-Num=40, batch size=256
Evaluate ||||||| cifar100   ||||||| Config=Configure(scheduler='cos', eta_min=0.0, epochs=12, warmup=0, optim='SGD', LR=0.1, decay=0.0005, momentum=0.9, nesterov=True, criterion='Softmax', batch_size=256, class_num=100, xshape=(1, 3, 32, 32))
Evaluate ---->>>> ori-test   with 40 batchs
Evaluate ---->>>> x-valid    with 20 batchs
Evaluate ---->>>> x-test     with 20 batchs
[2020-10-15 14:03:39] Seed-------------------------- 111 --------------------------
FLOP = 86.4321 MB, Param = 0.621236 MB
[2020-10-15 14:04:05] Time Left: [00:04:53] epoch=000/012 :: Train [loss=-5.29359, acc@1=8.14%, acc@5=25.81%] Valid [loss=-7.66027, acc@1=7.80%, acc@5=26.64%]
[2020-10-15 14:04:32] Time Left: [00:04:24] epoch=001/012 :: Train [loss=-8.88798, acc@1=21.82%, acc@5=53.07%] Valid [loss=-8.56413, acc@1=17.12%, acc@5=44.06%]
[2020-10-15 14:04:58] Time Left: [00:03:58] epoch=002/012 :: Train [loss=-10.03293, acc@1=32.09%, acc@5=65.93%] Valid [loss=-9.99080, acc@1=25.46%, acc@5=58.00%]
[2020-10-15 14:05:25] Time Left: [00:03:31] epoch=003/012 :: Train [loss=-10.61362, acc@1=38.45%, acc@5=72.01%] Valid [loss=-9.80612, acc@1=21.06%, acc@5=50.44%]
[2020-10-15 14:05:51] Time Left: [00:03:05] epoch=004/012 :: Train [loss=-10.96317, acc@1=42.29%, acc@5=75.55%] Valid [loss=-10.83502, acc@1=31.08%, acc@5=65.40%]
[2020-10-15 14:06:17] Time Left: [00:02:38] epoch=005/012 :: Train [loss=-11.24731, acc@1=46.36%, acc@5=78.39%] Valid [loss=-11.14458, acc@1=36.16%, acc@5=68.28%]
[2020-10-15 14:06:44] Time Left: [00:02:12] epoch=006/012 :: Train [loss=-11.45878, acc@1=48.46%, acc@5=80.53%] Valid [loss=-11.56779, acc@1=39.34%, acc@5=73.76%]
[2020-10-15 14:07:10] Time Left: [00:01:45] epoch=007/012 :: Train [loss=-11.63794, acc@1=51.52%, acc@5=82.50%] Valid [loss=-11.95070, acc@1=45.28%, acc@5=77.44%]
[2020-10-15 14:07:36] Time Left: [00:01:19] epoch=008/012 :: Train [loss=-11.79998, acc@1=54.43%, acc@5=84.34%] Valid [loss=-12.15965, acc@1=49.92%, acc@5=79.50%]
[2020-10-15 14:08:03] Time Left: [00:00:52] epoch=009/012 :: Train [loss=-11.93659, acc@1=56.98%, acc@5=86.17%] Valid [loss=-12.41520, acc@1=52.10%, acc@5=83.24%]
[2020-10-15 14:08:29] Time Left: [00:00:26] epoch=010/012 :: Train [loss=-12.04237, acc@1=59.36%, acc@5=87.20%] Valid [loss=-12.54323, acc@1=54.72%, acc@5=84.32%]
[2020-10-15 14:08:56] Time Left: [00:00:00] epoch=011/012 :: Train [loss=-12.12070, acc@1=61.00%, acc@5=88.06%] Valid [loss=-12.62475, acc@1=55.46%, acc@5=84.86%]
Python  Version  : 3.7.7 (default, Mar 26 2020, 15:48:22)  [GCC 7.3.0]
Pillow  Version  : 7.0.0
PyTorch Version  : 1.4.0
cuDNN   Version  : 7603
CUDA available   : True
CUDA GPU numbers : 1
CUDA_VISIBLE_DEVICES=0

--------------- dataset : cifar100 ---------------
Flops = 86.4321 MB, Params = 0.621236 MB
config : OrderedDict([('scheduler', 'cos'), ('eta_min', 0.0), ('epochs', 12), ('warmup', 0), ('optim', 'SGD'), ('LR', 0.1), ('decay', 0.0005), ('momentum', 0.9), ('nesterov', True), ('criterion', 'Softmax'), ('batch_size', 256), ('class_num', 100), ('xshape', (1, 3, 32, 32))])
Training State (finish) = True

<<<***>>> The 00/01-th seed is 111 <finish> other procedures need Time Left: [00:00:00]
