Start train-evaluate |skip_connect~0|+|nor_conv_1x1~0|none~1|+|nor_conv_3x3~0|skip_connect~1|nor_conv_1x1~2|
arch_config : {'channel': 16, 'num_cells': 5}

The 00/01-th seed is 111 ----------------------<.>----------------------
Does not find the existing file output/trofim-NST/specifics/LESS-|skip_connect~0|+|nor_conv_1x1~0|none~1|+|nor_conv_3x3~0|skip_connect~1|nor_conv_1x1~2|-16-5/seed-0111.pth, train and evaluate!
configs/nas-benchmark/LESS.config
Configure(scheduler='cos', eta_min=0.0, epochs=12, warmup=0, optim='SGD', LR=0.1, decay=0.0005, momentum=0.9, nesterov=True, criterion='Softmax', batch_size=256, class_num=100, xshape=(1, 3, 32, 32))
Evaluate ||||||| cifar100   ||||||| Train-Num=50000, Valid-Num=10000, Train-Loader-Num=196, Valid-Loader-Num=40, batch size=256
Evaluate ||||||| cifar100   ||||||| Config=Configure(scheduler='cos', eta_min=0.0, epochs=12, warmup=0, optim='SGD', LR=0.1, decay=0.0005, momentum=0.9, nesterov=True, criterion='Softmax', batch_size=256, class_num=100, xshape=(1, 3, 32, 32))
Evaluate ---->>>> ori-test   with 40 batchs
Evaluate ---->>>> x-valid    with 20 batchs
Evaluate ---->>>> x-test     with 20 batchs
[2020-10-15 13:42:24] Seed-------------------------- 111 --------------------------
FLOP = 51.04266 MB, Param = 0.378196 MB
[2020-10-15 13:42:46] Time Left: [00:04:06] epoch=000/012 :: Train [loss=-3.27749, acc@1=7.69%, acc@5=24.54%] Valid [loss=-6.52609, acc@1=8.98%, acc@5=30.56%]
[2020-10-15 13:43:09] Time Left: [00:03:42] epoch=001/012 :: Train [loss=-7.43671, acc@1=20.47%, acc@5=49.30%] Valid [loss=-8.63233, acc@1=19.48%, acc@5=49.90%]
[2020-10-15 13:43:31] Time Left: [00:03:19] epoch=002/012 :: Train [loss=-9.34421, acc@1=31.15%, acc@5=63.96%] Valid [loss=-9.13029, acc@1=21.72%, acc@5=51.52%]
[2020-10-15 13:43:53] Time Left: [00:02:57] epoch=003/012 :: Train [loss=-10.21669, acc@1=38.58%, acc@5=71.90%] Valid [loss=-10.03718, acc@1=30.78%, acc@5=65.30%]
[2020-10-15 13:44:15] Time Left: [00:02:35] epoch=004/012 :: Train [loss=-10.74942, acc@1=43.91%, acc@5=76.54%] Valid [loss=-11.12587, acc@1=40.30%, acc@5=73.36%]
[2020-10-15 13:44:37] Time Left: [00:02:12] epoch=005/012 :: Train [loss=-11.11821, acc@1=47.87%, acc@5=79.96%] Valid [loss=-11.27873, acc@1=41.06%, acc@5=73.46%]
[2020-10-15 13:44:59] Time Left: [00:01:50] epoch=006/012 :: Train [loss=-11.39506, acc@1=51.43%, acc@5=82.32%] Valid [loss=-11.37113, acc@1=42.56%, acc@5=72.88%]
[2020-10-15 13:45:21] Time Left: [00:01:28] epoch=007/012 :: Train [loss=-11.61894, acc@1=54.34%, acc@5=84.36%] Valid [loss=-11.99873, acc@1=49.12%, acc@5=80.44%]
[2020-10-15 13:45:43] Time Left: [00:01:06] epoch=008/012 :: Train [loss=-11.80937, acc@1=57.06%, acc@5=86.29%] Valid [loss=-12.21361, acc@1=51.98%, acc@5=82.28%]
[2020-10-15 13:46:05] Time Left: [00:00:44] epoch=009/012 :: Train [loss=-11.95620, acc@1=59.41%, acc@5=87.56%] Valid [loss=-12.39416, acc@1=53.78%, acc@5=83.74%]
[2020-10-15 13:46:27] Time Left: [00:00:22] epoch=010/012 :: Train [loss=-12.06869, acc@1=61.67%, acc@5=88.70%] Valid [loss=-12.61798, acc@1=57.46%, acc@5=85.92%]
[2020-10-15 13:46:49] Time Left: [00:00:00] epoch=011/012 :: Train [loss=-12.14108, acc@1=63.29%, acc@5=89.52%] Valid [loss=-12.68018, acc@1=58.74%, acc@5=86.38%]
Python  Version  : 3.7.7 (default, Mar 26 2020, 15:48:22)  [GCC 7.3.0]
Pillow  Version  : 7.0.0
PyTorch Version  : 1.4.0
cuDNN   Version  : 7603
CUDA available   : True
CUDA GPU numbers : 1
CUDA_VISIBLE_DEVICES=0

--------------- dataset : cifar100 ---------------
Flops = 51.04266 MB, Params = 0.378196 MB
config : OrderedDict([('scheduler', 'cos'), ('eta_min', 0.0), ('epochs', 12), ('warmup', 0), ('optim', 'SGD'), ('LR', 0.1), ('decay', 0.0005), ('momentum', 0.9), ('nesterov', True), ('criterion', 'Softmax'), ('batch_size', 256), ('class_num', 100), ('xshape', (1, 3, 32, 32))])
Training State (finish) = True

<<<***>>> The 00/01-th seed is 111 <finish> other procedures need Time Left: [00:00:00]
