Start train-evaluate |avg_pool_3x3~0|+|avg_pool_3x3~0|none~1|+|nor_conv_3x3~0|avg_pool_3x3~1|nor_conv_1x1~2|
arch_config : {'channel': 16, 'num_cells': 5}

The 00/01-th seed is 111 ----------------------<.>----------------------
Does not find the existing file output/trofim-NST/specifics/LESS-|avg_pool_3x3~0|+|avg_pool_3x3~0|none~1|+|nor_conv_3x3~0|avg_pool_3x3~1|nor_conv_1x1~2|-16-5/seed-0111.pth, train and evaluate!
configs/nas-benchmark/LESS.config
Configure(scheduler='cos', eta_min=0.0, epochs=12, warmup=0, optim='SGD', LR=0.1, decay=0.0005, momentum=0.9, nesterov=True, criterion='Softmax', batch_size=256, class_num=100, xshape=(1, 3, 32, 32))
Evaluate ||||||| cifar100   ||||||| Train-Num=50000, Valid-Num=10000, Train-Loader-Num=196, Valid-Loader-Num=40, batch size=256
Evaluate ||||||| cifar100   ||||||| Config=Configure(scheduler='cos', eta_min=0.0, epochs=12, warmup=0, optim='SGD', LR=0.1, decay=0.0005, momentum=0.9, nesterov=True, criterion='Softmax', batch_size=256, class_num=100, xshape=(1, 3, 32, 32))
Evaluate ---->>>> ori-test   with 40 batchs
Evaluate ---->>>> x-valid    with 20 batchs
Evaluate ---->>>> x-test     with 20 batchs
[2020-10-15 13:18:56] Seed-------------------------- 111 --------------------------
FLOP = 47.1105 MB, Param = 0.350196 MB
[2020-10-15 13:19:19] Time Left: [00:04:16] epoch=000/012 :: Train [loss=7.47879, acc@1=6.18%, acc@5=20.45%] Valid [loss=8.07530, acc@1=2.60%, acc@5=9.84%]
[2020-10-15 13:19:41] Time Left: [00:03:46] epoch=001/012 :: Train [loss=-3.79838, acc@1=15.76%, acc@5=41.27%] Valid [loss=-3.43919, acc@1=6.86%, acc@5=24.10%]
[2020-10-15 13:20:03] Time Left: [00:03:21] epoch=002/012 :: Train [loss=-7.30911, acc@1=24.51%, acc@5=55.22%] Valid [loss=-7.64663, acc@1=19.56%, acc@5=47.44%]
[2020-10-15 13:20:25] Time Left: [00:02:58] epoch=003/012 :: Train [loss=-8.50988, acc@1=30.91%, acc@5=63.51%] Valid [loss=-8.31839, acc@1=20.60%, acc@5=50.54%]
[2020-10-15 13:20:47] Time Left: [00:02:35] epoch=004/012 :: Train [loss=-9.30971, acc@1=35.90%, acc@5=69.14%] Valid [loss=-8.75250, acc@1=23.62%, acc@5=56.08%]
[2020-10-15 13:21:09] Time Left: [00:02:13] epoch=005/012 :: Train [loss=-9.91655, acc@1=40.58%, acc@5=73.62%] Valid [loss=-9.05612, acc@1=25.00%, acc@5=53.72%]
[2020-10-15 13:21:31] Time Left: [00:01:50] epoch=006/012 :: Train [loss=-10.37059, acc@1=44.23%, acc@5=76.91%] Valid [loss=-10.15734, acc@1=33.34%, acc@5=65.38%]
[2020-10-15 13:21:53] Time Left: [00:01:28] epoch=007/012 :: Train [loss=-10.69266, acc@1=47.41%, acc@5=79.23%] Valid [loss=-10.79684, acc@1=40.68%, acc@5=72.36%]
[2020-10-15 13:22:15] Time Left: [00:01:06] epoch=008/012 :: Train [loss=-10.93198, acc@1=49.84%, acc@5=81.41%] Valid [loss=-11.00016, acc@1=40.78%, acc@5=74.30%]
[2020-10-15 13:22:37] Time Left: [00:00:44] epoch=009/012 :: Train [loss=-11.11159, acc@1=52.77%, acc@5=83.00%] Valid [loss=-11.53527, acc@1=49.46%, acc@5=80.22%]
[2020-10-15 13:22:59] Time Left: [00:00:22] epoch=010/012 :: Train [loss=-11.23419, acc@1=54.74%, acc@5=84.23%] Valid [loss=-11.66142, acc@1=51.40%, acc@5=81.96%]
[2020-10-15 13:23:21] Time Left: [00:00:00] epoch=011/012 :: Train [loss=-11.31296, acc@1=56.00%, acc@5=85.31%] Valid [loss=-11.79233, acc@1=53.12%, acc@5=82.88%]
Python  Version  : 3.7.7 (default, Mar 26 2020, 15:48:22)  [GCC 7.3.0]
Pillow  Version  : 7.0.0
PyTorch Version  : 1.4.0
cuDNN   Version  : 7603
CUDA available   : True
CUDA GPU numbers : 1
CUDA_VISIBLE_DEVICES=0

--------------- dataset : cifar100 ---------------
Flops = 47.1105 MB, Params = 0.350196 MB
config : OrderedDict([('scheduler', 'cos'), ('eta_min', 0.0), ('epochs', 12), ('warmup', 0), ('optim', 'SGD'), ('LR', 0.1), ('decay', 0.0005), ('momentum', 0.9), ('nesterov', True), ('criterion', 'Softmax'), ('batch_size', 256), ('class_num', 100), ('xshape', (1, 3, 32, 32))])
Training State (finish) = True

<<<***>>> The 00/01-th seed is 111 <finish> other procedures need Time Left: [00:00:00]
