Start train-evaluate |nor_conv_1x1~0|+|none~0|skip_connect~1|+|none~0|skip_connect~1|none~2|
arch_config : {'channel': 16, 'num_cells': 5}

The 00/01-th seed is 111 ----------------------<.>----------------------
Does not find the existing file output/trofim-NST/specifics/LESS-|nor_conv_1x1~0|+|none~0|skip_connect~1|+|none~0|skip_connect~1|none~2|-16-5/seed-0111.pth, train and evaluate!
configs/nas-benchmark/LESS.config
Configure(scheduler='cos', eta_min=0.0, epochs=12, warmup=0, optim='SGD', LR=0.1, decay=0.0005, momentum=0.9, nesterov=True, criterion='Softmax', batch_size=256, class_num=100, xshape=(1, 3, 32, 32))
Evaluate ||||||| cifar100   ||||||| Train-Num=50000, Valid-Num=10000, Train-Loader-Num=196, Valid-Loader-Num=40, batch size=256
Evaluate ||||||| cifar100   ||||||| Config=Configure(scheduler='cos', eta_min=0.0, epochs=12, warmup=0, optim='SGD', LR=0.1, decay=0.0005, momentum=0.9, nesterov=True, criterion='Softmax', batch_size=256, class_num=100, xshape=(1, 3, 32, 32))
Evaluate ---->>>> ori-test   with 40 batchs
Evaluate ---->>>> x-valid    with 20 batchs
Evaluate ---->>>> x-test     with 20 batchs
[2020-10-15 13:46:55] Seed-------------------------- 111 --------------------------
FLOP = 11.72106 MB, Param = 0.107156 MB
[2020-10-15 13:47:10] Time Left: [00:02:51] epoch=000/012 :: Train [loss=-2.39424, acc@1=6.95%, acc@5=23.30%] Valid [loss=-3.98396, acc@1=6.70%, acc@5=23.48%]
[2020-10-15 13:47:25] Time Left: [00:02:34] epoch=001/012 :: Train [loss=-6.06120, acc@1=17.34%, acc@5=44.86%] Valid [loss=-6.54534, acc@1=18.48%, acc@5=45.40%]
[2020-10-15 13:47:41] Time Left: [00:02:18] epoch=002/012 :: Train [loss=-7.14142, acc@1=23.66%, acc@5=55.20%] Valid [loss=-5.94876, acc@1=14.76%, acc@5=40.78%]
[2020-10-15 13:47:56] Time Left: [00:02:02] epoch=003/012 :: Train [loss=-7.80758, acc@1=29.06%, acc@5=61.96%] Valid [loss=-7.54268, acc@1=20.96%, acc@5=52.16%]
[2020-10-15 13:48:11] Time Left: [00:01:47] epoch=004/012 :: Train [loss=-8.26472, acc@1=33.06%, acc@5=66.23%] Valid [loss=-7.61008, acc@1=23.38%, acc@5=56.10%]
[2020-10-15 13:48:26] Time Left: [00:01:31] epoch=005/012 :: Train [loss=-8.58245, acc@1=36.35%, acc@5=69.88%] Valid [loss=-8.54237, acc@1=32.06%, acc@5=65.26%]
[2020-10-15 13:48:42] Time Left: [00:01:16] epoch=006/012 :: Train [loss=-8.84026, acc@1=39.27%, acc@5=72.40%] Valid [loss=-8.89837, acc@1=35.72%, acc@5=69.26%]
[2020-10-15 13:48:59] Time Left: [00:01:01] epoch=007/012 :: Train [loss=-9.05945, acc@1=41.64%, acc@5=74.88%] Valid [loss=-8.90623, acc@1=33.52%, acc@5=66.72%]
[2020-10-15 13:49:14] Time Left: [00:00:46] epoch=008/012 :: Train [loss=-9.22420, acc@1=44.05%, acc@5=76.72%] Valid [loss=-9.21724, acc@1=39.94%, acc@5=73.00%]
[2020-10-15 13:49:29] Time Left: [00:00:30] epoch=009/012 :: Train [loss=-9.35302, acc@1=46.44%, acc@5=78.22%] Valid [loss=-9.70630, acc@1=44.08%, acc@5=76.22%]
[2020-10-15 13:49:44] Time Left: [00:00:15] epoch=010/012 :: Train [loss=-9.44675, acc@1=47.77%, acc@5=79.34%] Valid [loss=-9.81725, acc@1=45.42%, acc@5=78.02%]
[2020-10-15 13:50:00] Time Left: [00:00:00] epoch=011/012 :: Train [loss=-9.50403, acc@1=48.84%, acc@5=80.24%] Valid [loss=-9.91576, acc@1=47.20%, acc@5=79.06%]
Python  Version  : 3.7.7 (default, Mar 26 2020, 15:48:22)  [GCC 7.3.0]
Pillow  Version  : 7.0.0
PyTorch Version  : 1.4.0
cuDNN   Version  : 7603
CUDA available   : True
CUDA GPU numbers : 1
CUDA_VISIBLE_DEVICES=0

--------------- dataset : cifar100 ---------------
Flops = 11.72106 MB, Params = 0.107156 MB
config : OrderedDict([('scheduler', 'cos'), ('eta_min', 0.0), ('epochs', 12), ('warmup', 0), ('optim', 'SGD'), ('LR', 0.1), ('decay', 0.0005), ('momentum', 0.9), ('nesterov', True), ('criterion', 'Softmax'), ('batch_size', 256), ('class_num', 100), ('xshape', (1, 3, 32, 32))])
Training State (finish) = True

<<<***>>> The 00/01-th seed is 111 <finish> other procedures need Time Left: [00:00:00]
