Start train-evaluate |avg_pool_3x3~0|+|none~0|nor_conv_1x1~1|+|nor_conv_1x1~0|none~1|none~2|
arch_config : {'channel': 16, 'num_cells': 5}

The 00/01-th seed is 111 ----------------------<.>----------------------
Does not find the existing file output/trofim-NST/specifics/LESS-|avg_pool_3x3~0|+|none~0|nor_conv_1x1~1|+|nor_conv_1x1~0|none~1|none~2|-16-5/seed-0111.pth, train and evaluate!
configs/nas-benchmark/LESS.config
Configure(scheduler='cos', eta_min=0.0, epochs=12, warmup=0, optim='SGD', LR=0.1, decay=0.0005, momentum=0.9, nesterov=True, criterion='Softmax', batch_size=256, class_num=100, xshape=(1, 3, 32, 32))
Evaluate ||||||| cifar100   ||||||| Train-Num=50000, Valid-Num=10000, Train-Loader-Num=196, Valid-Loader-Num=40, batch size=256
Evaluate ||||||| cifar100   ||||||| Config=Configure(scheduler='cos', eta_min=0.0, epochs=12, warmup=0, optim='SGD', LR=0.1, decay=0.0005, momentum=0.9, nesterov=True, criterion='Softmax', batch_size=256, class_num=100, xshape=(1, 3, 32, 32))
Evaluate ---->>>> ori-test   with 40 batchs
Evaluate ---->>>> x-valid    with 20 batchs
Evaluate ---->>>> x-test     with 20 batchs
[2020-10-15 14:14:14] Seed-------------------------- 111 --------------------------
FLOP = 15.65322 MB, Param = 0.135156 MB
[2020-10-15 14:14:34] Time Left: [00:03:37] epoch=000/012 :: Train [loss=-2.69718, acc@1=6.88%, acc@5=22.58%] Valid [loss=-4.01689, acc@1=10.20%, acc@5=31.50%]
[2020-10-15 14:14:54] Time Left: [00:03:16] epoch=001/012 :: Train [loss=-6.20818, acc@1=17.54%, acc@5=44.60%] Valid [loss=-6.31243, acc@1=17.08%, acc@5=46.56%]
[2020-10-15 14:15:13] Time Left: [00:02:56] epoch=002/012 :: Train [loss=-7.15489, acc@1=24.23%, acc@5=55.09%] Valid [loss=-6.89314, acc@1=20.04%, acc@5=48.56%]
[2020-10-15 14:15:33] Time Left: [00:02:36] epoch=003/012 :: Train [loss=-7.86775, acc@1=29.50%, acc@5=61.99%] Valid [loss=-7.30872, acc@1=19.58%, acc@5=49.74%]
[2020-10-15 14:15:52] Time Left: [00:02:16] epoch=004/012 :: Train [loss=-8.34497, acc@1=33.60%, acc@5=66.64%] Valid [loss=-8.06500, acc@1=26.62%, acc@5=59.14%]
[2020-10-15 14:16:12] Time Left: [00:01:57] epoch=005/012 :: Train [loss=-8.68692, acc@1=37.10%, acc@5=69.95%] Valid [loss=-7.82433, acc@1=24.30%, acc@5=54.54%]
[2020-10-15 14:16:32] Time Left: [00:01:38] epoch=006/012 :: Train [loss=-8.93078, acc@1=39.54%, acc@5=72.52%] Valid [loss=-8.59722, acc@1=33.00%, acc@5=64.96%]
[2020-10-15 14:16:52] Time Left: [00:01:18] epoch=007/012 :: Train [loss=-9.11895, acc@1=41.79%, acc@5=74.50%] Valid [loss=-8.48237, acc@1=32.40%, acc@5=64.86%]
[2020-10-15 14:17:12] Time Left: [00:00:59] epoch=008/012 :: Train [loss=-9.28936, acc@1=44.28%, acc@5=76.48%] Valid [loss=-8.98596, acc@1=35.48%, acc@5=69.54%]
[2020-10-15 14:17:31] Time Left: [00:00:39] epoch=009/012 :: Train [loss=-9.40608, acc@1=46.02%, acc@5=78.20%] Valid [loss=-9.68742, acc@1=43.88%, acc@5=77.24%]
[2020-10-15 14:17:51] Time Left: [00:00:19] epoch=010/012 :: Train [loss=-9.49044, acc@1=47.68%, acc@5=79.20%] Valid [loss=-9.87862, acc@1=45.98%, acc@5=77.98%]
[2020-10-15 14:18:11] Time Left: [00:00:00] epoch=011/012 :: Train [loss=-9.54395, acc@1=48.84%, acc@5=79.94%] Valid [loss=-9.96517, acc@1=47.10%, acc@5=79.50%]
Python  Version  : 3.7.7 (default, Mar 26 2020, 15:48:22)  [GCC 7.3.0]
Pillow  Version  : 7.0.0
PyTorch Version  : 1.4.0
cuDNN   Version  : 7603
CUDA available   : True
CUDA GPU numbers : 1
CUDA_VISIBLE_DEVICES=0

--------------- dataset : cifar100 ---------------
Flops = 15.65322 MB, Params = 0.135156 MB
config : OrderedDict([('scheduler', 'cos'), ('eta_min', 0.0), ('epochs', 12), ('warmup', 0), ('optim', 'SGD'), ('LR', 0.1), ('decay', 0.0005), ('momentum', 0.9), ('nesterov', True), ('criterion', 'Softmax'), ('batch_size', 256), ('class_num', 100), ('xshape', (1, 3, 32, 32))])
Training State (finish) = True

<<<***>>> The 00/01-th seed is 111 <finish> other procedures need Time Left: [00:00:00]
