Start train-evaluate |nor_conv_3x3~0|+|skip_connect~0|skip_connect~1|+|skip_connect~0|skip_connect~1|none~2|
arch_config : {'channel': 16, 'num_cells': 5}

The 00/01-th seed is 111 ----------------------<.>----------------------
Does not find the existing file output/trofim-NST/specifics/LESS-|nor_conv_3x3~0|+|skip_connect~0|skip_connect~1|+|skip_connect~0|skip_connect~1|none~2|-16-5/seed-0111.pth, train and evaluate!
configs/nas-benchmark/LESS.config
Configure(scheduler='cos', eta_min=0.0, epochs=12, warmup=0, optim='SGD', LR=0.1, decay=0.0005, momentum=0.9, nesterov=True, criterion='Softmax', batch_size=256, class_num=100, xshape=(1, 3, 32, 32))
Evaluate ||||||| cifar100   ||||||| Train-Num=50000, Valid-Num=10000, Train-Loader-Num=196, Valid-Loader-Num=40, batch size=256
Evaluate ||||||| cifar100   ||||||| Config=Configure(scheduler='cos', eta_min=0.0, epochs=12, warmup=0, optim='SGD', LR=0.1, decay=0.0005, momentum=0.9, nesterov=True, criterion='Softmax', batch_size=256, class_num=100, xshape=(1, 3, 32, 32))
Evaluate ---->>>> ori-test   with 40 batchs
Evaluate ---->>>> x-valid    with 20 batchs
Evaluate ---->>>> x-test     with 20 batchs
[2020-10-15 14:26:48] Seed-------------------------- 111 --------------------------
FLOP = 43.17834 MB, Param = 0.322196 MB
[2020-10-15 14:27:05] Time Left: [00:03:07] epoch=000/012 :: Train [loss=-3.03835, acc@1=9.11%, acc@5=28.07%] Valid [loss=-7.06162, acc@1=13.24%, acc@5=37.86%]
[2020-10-15 14:27:21] Time Left: [00:02:45] epoch=001/012 :: Train [loss=-8.30428, acc@1=24.01%, acc@5=55.27%] Valid [loss=-9.33343, acc@1=23.84%, acc@5=54.88%]
[2020-10-15 14:27:37] Time Left: [00:02:27] epoch=002/012 :: Train [loss=-9.68847, acc@1=34.48%, acc@5=67.95%] Valid [loss=-10.25631, acc@1=32.40%, acc@5=65.50%]
[2020-10-15 14:27:53] Time Left: [00:02:10] epoch=003/012 :: Train [loss=-10.38443, acc@1=40.73%, acc@5=73.70%] Valid [loss=-10.92914, acc@1=39.18%, acc@5=72.38%]
[2020-10-15 14:28:09] Time Left: [00:01:53] epoch=004/012 :: Train [loss=-10.79914, acc@1=45.05%, acc@5=77.49%] Valid [loss=-11.24462, acc@1=41.28%, acc@5=73.56%]
[2020-10-15 14:28:25] Time Left: [00:01:37] epoch=005/012 :: Train [loss=-11.11785, acc@1=48.68%, acc@5=80.53%] Valid [loss=-11.34719, acc@1=43.12%, acc@5=75.94%]
[2020-10-15 14:28:41] Time Left: [00:01:20] epoch=006/012 :: Train [loss=-11.37575, acc@1=51.67%, acc@5=82.53%] Valid [loss=-11.75798, acc@1=46.82%, acc@5=78.40%]
[2020-10-15 14:28:57] Time Left: [00:01:04] epoch=007/012 :: Train [loss=-11.56957, acc@1=53.86%, acc@5=83.94%] Valid [loss=-11.78334, acc@1=47.00%, acc@5=78.14%]
[2020-10-15 14:29:13] Time Left: [00:00:48] epoch=008/012 :: Train [loss=-11.75219, acc@1=56.44%, acc@5=85.70%] Valid [loss=-12.19812, acc@1=50.46%, acc@5=81.16%]
[2020-10-15 14:29:29] Time Left: [00:00:32] epoch=009/012 :: Train [loss=-11.88588, acc@1=58.65%, acc@5=86.82%] Valid [loss=-12.43691, acc@1=54.24%, acc@5=83.92%]
[2020-10-15 14:29:45] Time Left: [00:00:16] epoch=010/012 :: Train [loss=-11.98910, acc@1=60.36%, acc@5=87.92%] Valid [loss=-12.52848, acc@1=55.68%, acc@5=84.82%]
[2020-10-15 14:30:01] Time Left: [00:00:00] epoch=011/012 :: Train [loss=-12.05877, acc@1=61.89%, acc@5=88.71%] Valid [loss=-12.60613, acc@1=56.96%, acc@5=85.02%]
Python  Version  : 3.7.7 (default, Mar 26 2020, 15:48:22)  [GCC 7.3.0]
Pillow  Version  : 7.0.0
PyTorch Version  : 1.4.0
cuDNN   Version  : 7603
CUDA available   : True
CUDA GPU numbers : 1
CUDA_VISIBLE_DEVICES=0

--------------- dataset : cifar100 ---------------
Flops = 43.17834 MB, Params = 0.322196 MB
config : OrderedDict([('scheduler', 'cos'), ('eta_min', 0.0), ('epochs', 12), ('warmup', 0), ('optim', 'SGD'), ('LR', 0.1), ('decay', 0.0005), ('momentum', 0.9), ('nesterov', True), ('criterion', 'Softmax'), ('batch_size', 256), ('class_num', 100), ('xshape', (1, 3, 32, 32))])
Training State (finish) = True

<<<***>>> The 00/01-th seed is 111 <finish> other procedures need Time Left: [00:00:00]
