Start train-evaluate |nor_conv_3x3~0|+|skip_connect~0|none~1|+|nor_conv_1x1~0|skip_connect~1|skip_connect~2|
arch_config : {'channel': 16, 'num_cells': 5}

The 00/01-th seed is 111 ----------------------<.>----------------------
Does not find the existing file output/trofim-NST/specifics/LESS-|nor_conv_3x3~0|+|skip_connect~0|none~1|+|nor_conv_1x1~0|skip_connect~1|skip_connect~2|-16-5/seed-0111.pth, train and evaluate!
configs/nas-benchmark/LESS.config
Configure(scheduler='cos', eta_min=0.0, epochs=12, warmup=0, optim='SGD', LR=0.1, decay=0.0005, momentum=0.9, nesterov=True, criterion='Softmax', batch_size=256, class_num=100, xshape=(1, 3, 32, 32))
Evaluate ||||||| cifar100   ||||||| Train-Num=50000, Valid-Num=10000, Train-Loader-Num=196, Valid-Loader-Num=40, batch size=256
Evaluate ||||||| cifar100   ||||||| Config=Configure(scheduler='cos', eta_min=0.0, epochs=12, warmup=0, optim='SGD', LR=0.1, decay=0.0005, momentum=0.9, nesterov=True, criterion='Softmax', batch_size=256, class_num=100, xshape=(1, 3, 32, 32))
Evaluate ---->>>> ori-test   with 40 batchs
Evaluate ---->>>> x-valid    with 20 batchs
Evaluate ---->>>> x-test     with 20 batchs
[2020-10-15 13:59:46] Seed-------------------------- 111 --------------------------
FLOP = 47.1105 MB, Param = 0.350196 MB
[2020-10-15 14:00:05] Time Left: [00:03:31] epoch=000/012 :: Train [loss=-0.96670, acc@1=6.76%, acc@5=22.32%] Valid [loss=-5.75402, acc@1=8.98%, acc@5=31.06%]
[2020-10-15 14:00:24] Time Left: [00:03:11] epoch=001/012 :: Train [loss=-7.13119, acc@1=18.73%, acc@5=46.75%] Valid [loss=-6.82602, acc@1=11.74%, acc@5=35.68%]
[2020-10-15 14:00:43] Time Left: [00:02:51] epoch=002/012 :: Train [loss=-8.96842, acc@1=28.15%, acc@5=60.02%] Valid [loss=-9.62629, acc@1=25.66%, acc@5=58.58%]
[2020-10-15 14:01:02] Time Left: [00:02:32] epoch=003/012 :: Train [loss=-9.94309, acc@1=35.86%, acc@5=69.46%] Valid [loss=-10.43073, acc@1=32.70%, acc@5=66.62%]
[2020-10-15 14:01:21] Time Left: [00:02:13] epoch=004/012 :: Train [loss=-10.52380, acc@1=41.52%, acc@5=74.65%] Valid [loss=-10.22235, acc@1=29.96%, acc@5=60.84%]
[2020-10-15 14:01:40] Time Left: [00:01:54] epoch=005/012 :: Train [loss=-10.92639, acc@1=45.77%, acc@5=78.53%] Valid [loss=-10.56183, acc@1=35.34%, acc@5=65.96%]
[2020-10-15 14:01:59] Time Left: [00:01:35] epoch=006/012 :: Train [loss=-11.21602, acc@1=48.98%, acc@5=80.66%] Valid [loss=-11.52548, acc@1=43.02%, acc@5=76.62%]
[2020-10-15 14:02:18] Time Left: [00:01:15] epoch=007/012 :: Train [loss=-11.44471, acc@1=52.15%, acc@5=82.79%] Valid [loss=-12.00383, acc@1=49.00%, acc@5=80.04%]
[2020-10-15 14:02:37] Time Left: [00:00:57] epoch=008/012 :: Train [loss=-11.62715, acc@1=54.59%, acc@5=84.68%] Valid [loss=-12.14173, acc@1=50.82%, acc@5=81.92%]
[2020-10-15 14:02:56] Time Left: [00:00:37] epoch=009/012 :: Train [loss=-11.76776, acc@1=56.78%, acc@5=86.05%] Valid [loss=-12.28871, acc@1=52.70%, acc@5=82.82%]
[2020-10-15 14:03:15] Time Left: [00:00:18] epoch=010/012 :: Train [loss=-11.87352, acc@1=59.07%, acc@5=87.19%] Valid [loss=-12.40788, acc@1=54.86%, acc@5=83.88%]
[2020-10-15 14:03:34] Time Left: [00:00:00] epoch=011/012 :: Train [loss=-11.93927, acc@1=60.38%, acc@5=88.05%] Valid [loss=-12.48834, acc@1=56.00%, acc@5=84.52%]
Python  Version  : 3.7.7 (default, Mar 26 2020, 15:48:22)  [GCC 7.3.0]
Pillow  Version  : 7.0.0
PyTorch Version  : 1.4.0
cuDNN   Version  : 7603
CUDA available   : True
CUDA GPU numbers : 1
CUDA_VISIBLE_DEVICES=0

--------------- dataset : cifar100 ---------------
Flops = 47.1105 MB, Params = 0.350196 MB
config : OrderedDict([('scheduler', 'cos'), ('eta_min', 0.0), ('epochs', 12), ('warmup', 0), ('optim', 'SGD'), ('LR', 0.1), ('decay', 0.0005), ('momentum', 0.9), ('nesterov', True), ('criterion', 'Softmax'), ('batch_size', 256), ('class_num', 100), ('xshape', (1, 3, 32, 32))])
Training State (finish) = True

<<<***>>> The 00/01-th seed is 111 <finish> other procedures need Time Left: [00:00:00]
