Start train-evaluate |nor_conv_3x3~0|+|skip_connect~0|nor_conv_3x3~1|+|nor_conv_3x3~0|nor_conv_1x1~1|avg_pool_3x3~2|
arch_config : {'channel': 16, 'num_cells': 5}

The 00/01-th seed is 111 ----------------------<.>----------------------
Does not find the existing file output/trofim-NST/specifics/LESS-|nor_conv_3x3~0|+|skip_connect~0|nor_conv_3x3~1|+|nor_conv_3x3~0|nor_conv_1x1~1|avg_pool_3x3~2|-16-5/seed-0111.pth, train and evaluate!
configs/nas-benchmark/LESS.config
Configure(scheduler='cos', eta_min=0.0, epochs=12, warmup=0, optim='SGD', LR=0.1, decay=0.0005, momentum=0.9, nesterov=True, criterion='Softmax', batch_size=256, class_num=100, xshape=(1, 3, 32, 32))
Evaluate ||||||| cifar100   ||||||| Train-Num=50000, Valid-Num=10000, Train-Loader-Num=196, Valid-Loader-Num=40, batch size=256
Evaluate ||||||| cifar100   ||||||| Config=Configure(scheduler='cos', eta_min=0.0, epochs=12, warmup=0, optim='SGD', LR=0.1, decay=0.0005, momentum=0.9, nesterov=True, criterion='Softmax', batch_size=256, class_num=100, xshape=(1, 3, 32, 32))
Evaluate ---->>>> ori-test   with 40 batchs
Evaluate ---->>>> x-valid    with 20 batchs
Evaluate ---->>>> x-test     with 20 batchs
[2020-10-15 14:11:54] Seed-------------------------- 111 --------------------------
FLOP = 117.88938 MB, Param = 0.836276 MB
[2020-10-15 14:12:22] Time Left: [00:05:11] epoch=000/012 :: Train [loss=1.78376, acc@1=8.59%, acc@5=26.38%] Valid [loss=-3.60062, acc@1=9.24%, acc@5=28.78%]
[2020-10-15 14:12:50] Time Left: [00:04:41] epoch=001/012 :: Train [loss=-7.04167, acc@1=22.33%, acc@5=52.09%] Valid [loss=-7.61871, acc@1=18.14%, acc@5=45.98%]
[2020-10-15 14:13:18] Time Left: [00:04:12] epoch=002/012 :: Train [loss=-8.91859, acc@1=32.06%, acc@5=65.04%] Valid [loss=-8.81255, acc@1=26.02%, acc@5=55.42%]
[2020-10-15 14:13:46] Time Left: [00:03:44] epoch=003/012 :: Train [loss=-9.91991, acc@1=38.81%, acc@5=72.22%] Valid [loss=-10.13252, acc@1=29.92%, acc@5=65.26%]
[2020-10-15 14:14:14] Time Left: [00:03:16] epoch=004/012 :: Train [loss=-10.61238, acc@1=44.14%, acc@5=76.94%] Valid [loss=-10.39457, acc@1=31.30%, acc@5=64.72%]
[2020-10-15 14:14:42] Time Left: [00:02:48] epoch=005/012 :: Train [loss=-11.07025, acc@1=48.20%, acc@5=80.17%] Valid [loss=-10.50725, acc@1=34.58%, acc@5=66.18%]
[2020-10-15 14:15:10] Time Left: [00:02:20] epoch=006/012 :: Train [loss=-11.39843, acc@1=51.70%, acc@5=82.80%] Valid [loss=-10.39919, acc@1=31.84%, acc@5=63.76%]
[2020-10-15 14:15:38] Time Left: [00:01:52] epoch=007/012 :: Train [loss=-11.64883, acc@1=55.01%, acc@5=84.91%] Valid [loss=-11.82244, acc@1=47.32%, acc@5=77.88%]
[2020-10-15 14:16:06] Time Left: [00:01:24] epoch=008/012 :: Train [loss=-11.85589, acc@1=58.05%, acc@5=86.95%] Valid [loss=-12.18575, acc@1=51.48%, acc@5=82.38%]
[2020-10-15 14:16:34] Time Left: [00:00:56] epoch=009/012 :: Train [loss=-12.02500, acc@1=61.04%, acc@5=88.55%] Valid [loss=-12.46319, acc@1=54.98%, acc@5=84.50%]
[2020-10-15 14:17:02] Time Left: [00:00:28] epoch=010/012 :: Train [loss=-12.15477, acc@1=63.64%, acc@5=89.81%] Valid [loss=-12.65078, acc@1=58.62%, acc@5=86.22%]
[2020-10-15 14:17:30] Time Left: [00:00:00] epoch=011/012 :: Train [loss=-12.24054, acc@1=65.35%, acc@5=90.72%] Valid [loss=-12.70464, acc@1=59.00%, acc@5=86.96%]
Python  Version  : 3.7.7 (default, Mar 26 2020, 15:48:22)  [GCC 7.3.0]
Pillow  Version  : 7.0.0
PyTorch Version  : 1.4.0
cuDNN   Version  : 7603
CUDA available   : True
CUDA GPU numbers : 1
CUDA_VISIBLE_DEVICES=0

--------------- dataset : cifar100 ---------------
Flops = 117.88938 MB, Params = 0.836276 MB
config : OrderedDict([('scheduler', 'cos'), ('eta_min', 0.0), ('epochs', 12), ('warmup', 0), ('optim', 'SGD'), ('LR', 0.1), ('decay', 0.0005), ('momentum', 0.9), ('nesterov', True), ('criterion', 'Softmax'), ('batch_size', 256), ('class_num', 100), ('xshape', (1, 3, 32, 32))])
Training State (finish) = True

<<<***>>> The 00/01-th seed is 111 <finish> other procedures need Time Left: [00:00:00]
