Start train-evaluate |none~0|+|nor_conv_1x1~0|skip_connect~1|+|nor_conv_1x1~0|nor_conv_1x1~1|skip_connect~2|
arch_config : {'channel': 16, 'num_cells': 5}

The 00/01-th seed is 111 ----------------------<.>----------------------
Does not find the existing file output/trofim-NST/specifics/LESS-|none~0|+|nor_conv_1x1~0|skip_connect~1|+|nor_conv_1x1~0|nor_conv_1x1~1|skip_connect~2|-16-5/seed-0111.pth, train and evaluate!
configs/nas-benchmark/LESS.config
Configure(scheduler='cos', eta_min=0.0, epochs=12, warmup=0, optim='SGD', LR=0.1, decay=0.0005, momentum=0.9, nesterov=True, criterion='Softmax', batch_size=256, class_num=100, xshape=(1, 3, 32, 32))
Evaluate ||||||| cifar100   ||||||| Train-Num=50000, Valid-Num=10000, Train-Loader-Num=196, Valid-Loader-Num=40, batch size=256
Evaluate ||||||| cifar100   ||||||| Config=Configure(scheduler='cos', eta_min=0.0, epochs=12, warmup=0, optim='SGD', LR=0.1, decay=0.0005, momentum=0.9, nesterov=True, criterion='Softmax', batch_size=256, class_num=100, xshape=(1, 3, 32, 32))
Evaluate ---->>>> ori-test   with 40 batchs
Evaluate ---->>>> x-valid    with 20 batchs
Evaluate ---->>>> x-test     with 20 batchs
[2020-10-15 13:43:03] Seed-------------------------- 111 --------------------------
FLOP = 19.58538 MB, Param = 0.163156 MB
[2020-10-15 13:43:26] Time Left: [00:04:11] epoch=000/012 :: Train [loss=-3.17727, acc@1=6.88%, acc@5=23.01%] Valid [loss=-5.35304, acc@1=8.66%, acc@5=28.84%]
[2020-10-15 13:43:48] Time Left: [00:03:42] epoch=001/012 :: Train [loss=-6.92312, acc@1=18.14%, acc@5=46.76%] Valid [loss=-7.22256, acc@1=16.20%, acc@5=45.06%]
[2020-10-15 13:44:09] Time Left: [00:03:17] epoch=002/012 :: Train [loss=-7.83526, acc@1=25.14%, acc@5=57.46%] Valid [loss=-7.49414, acc@1=18.20%, acc@5=47.86%]
[2020-10-15 13:44:30] Time Left: [00:02:54] epoch=003/012 :: Train [loss=-8.34476, acc@1=30.45%, acc@5=63.68%] Valid [loss=-8.02635, acc@1=18.90%, acc@5=50.02%]
[2020-10-15 13:44:52] Time Left: [00:02:32] epoch=004/012 :: Train [loss=-8.71184, acc@1=34.20%, acc@5=68.09%] Valid [loss=-8.11180, acc@1=24.20%, acc@5=55.78%]
[2020-10-15 13:45:13] Time Left: [00:02:10] epoch=005/012 :: Train [loss=-8.96658, acc@1=37.59%, acc@5=71.17%] Valid [loss=-8.63499, acc@1=28.16%, acc@5=61.26%]
[2020-10-15 13:45:35] Time Left: [00:01:48] epoch=006/012 :: Train [loss=-9.18281, acc@1=40.36%, acc@5=73.72%] Valid [loss=-8.60265, acc@1=28.74%, acc@5=60.74%]
[2020-10-15 13:45:56] Time Left: [00:01:26] epoch=007/012 :: Train [loss=-9.36591, acc@1=43.06%, acc@5=75.85%] Valid [loss=-9.27899, acc@1=36.00%, acc@5=68.84%]
[2020-10-15 13:46:18] Time Left: [00:01:04] epoch=008/012 :: Train [loss=-9.51805, acc@1=45.14%, acc@5=77.76%] Valid [loss=-9.51020, acc@1=41.18%, acc@5=73.46%]
[2020-10-15 13:46:39] Time Left: [00:00:43] epoch=009/012 :: Train [loss=-9.63748, acc@1=47.46%, acc@5=79.30%] Valid [loss=-9.88845, acc@1=43.86%, acc@5=76.94%]
[2020-10-15 13:47:01] Time Left: [00:00:21] epoch=010/012 :: Train [loss=-9.72268, acc@1=48.95%, acc@5=80.60%] Valid [loss=-10.12408, acc@1=47.34%, acc@5=79.10%]
[2020-10-15 13:47:22] Time Left: [00:00:00] epoch=011/012 :: Train [loss=-9.79421, acc@1=50.31%, acc@5=81.51%] Valid [loss=-10.19927, acc@1=48.36%, acc@5=79.92%]
Python  Version  : 3.7.7 (default, Mar 26 2020, 15:48:22)  [GCC 7.3.0]
Pillow  Version  : 7.0.0
PyTorch Version  : 1.4.0
cuDNN   Version  : 7603
CUDA available   : True
CUDA GPU numbers : 1
CUDA_VISIBLE_DEVICES=0

--------------- dataset : cifar100 ---------------
Flops = 19.58538 MB, Params = 0.163156 MB
config : OrderedDict([('scheduler', 'cos'), ('eta_min', 0.0), ('epochs', 12), ('warmup', 0), ('optim', 'SGD'), ('LR', 0.1), ('decay', 0.0005), ('momentum', 0.9), ('nesterov', True), ('criterion', 'Softmax'), ('batch_size', 256), ('class_num', 100), ('xshape', (1, 3, 32, 32))])
Training State (finish) = True

<<<***>>> The 00/01-th seed is 111 <finish> other procedures need Time Left: [00:00:00]
