Start train-evaluate |nor_conv_3x3~0|+|none~0|avg_pool_3x3~1|+|skip_connect~0|avg_pool_3x3~1|avg_pool_3x3~2|
arch_config : {'channel': 16, 'num_cells': 5}

The 00/01-th seed is 111 ----------------------<.>----------------------
Does not find the existing file output/trofim-NST/specifics/LESS-|nor_conv_3x3~0|+|none~0|avg_pool_3x3~1|+|skip_connect~0|avg_pool_3x3~1|avg_pool_3x3~2|-16-5/seed-0111.pth, train and evaluate!
configs/nas-benchmark/LESS.config
Configure(scheduler='cos', eta_min=0.0, epochs=12, warmup=0, optim='SGD', LR=0.1, decay=0.0005, momentum=0.9, nesterov=True, criterion='Softmax', batch_size=256, class_num=100, xshape=(1, 3, 32, 32))
Evaluate ||||||| cifar100   ||||||| Train-Num=50000, Valid-Num=10000, Train-Loader-Num=196, Valid-Loader-Num=40, batch size=256
Evaluate ||||||| cifar100   ||||||| Config=Configure(scheduler='cos', eta_min=0.0, epochs=12, warmup=0, optim='SGD', LR=0.1, decay=0.0005, momentum=0.9, nesterov=True, criterion='Softmax', batch_size=256, class_num=100, xshape=(1, 3, 32, 32))
Evaluate ---->>>> ori-test   with 40 batchs
Evaluate ---->>>> x-valid    with 20 batchs
Evaluate ---->>>> x-test     with 20 batchs
[2020-10-15 13:51:49] Seed-------------------------- 111 --------------------------
FLOP = 43.17834 MB, Param = 0.322196 MB
[2020-10-15 13:52:08] Time Left: [00:03:28] epoch=000/012 :: Train [loss=1.30361, acc@1=7.53%, acc@5=24.12%] Valid [loss=-2.31698, acc@1=10.08%, acc@5=30.62%]
[2020-10-15 13:52:28] Time Left: [00:03:13] epoch=001/012 :: Train [loss=-4.90396, acc@1=17.89%, acc@5=45.31%] Valid [loss=-6.01728, acc@1=15.12%, acc@5=42.34%]
[2020-10-15 13:52:47] Time Left: [00:02:52] epoch=002/012 :: Train [loss=-6.99236, acc@1=27.17%, acc@5=58.79%] Valid [loss=-7.31235, acc@1=23.10%, acc@5=53.76%]
[2020-10-15 13:53:06] Time Left: [00:02:32] epoch=003/012 :: Train [loss=-8.01381, acc@1=34.27%, acc@5=67.47%] Valid [loss=-8.51693, acc@1=30.16%, acc@5=63.24%]
[2020-10-15 13:53:24] Time Left: [00:02:12] epoch=004/012 :: Train [loss=-8.57642, acc@1=39.21%, acc@5=72.25%] Valid [loss=-8.14069, acc@1=28.44%, acc@5=60.26%]
[2020-10-15 13:53:43] Time Left: [00:01:53] epoch=005/012 :: Train [loss=-8.98384, acc@1=43.09%, acc@5=75.91%] Valid [loss=-9.53468, acc@1=40.42%, acc@5=74.16%]
[2020-10-15 13:54:02] Time Left: [00:01:34] epoch=006/012 :: Train [loss=-9.30521, acc@1=46.53%, acc@5=78.61%] Valid [loss=-8.97018, acc@1=36.38%, acc@5=67.76%]
[2020-10-15 13:54:21] Time Left: [00:01:15] epoch=007/012 :: Train [loss=-9.52638, acc@1=48.93%, acc@5=80.50%] Valid [loss=-9.64206, acc@1=43.00%, acc@5=74.68%]
[2020-10-15 13:54:40] Time Left: [00:00:56] epoch=008/012 :: Train [loss=-9.73140, acc@1=51.66%, acc@5=82.50%] Valid [loss=-10.27430, acc@1=47.52%, acc@5=79.70%]
[2020-10-15 13:54:58] Time Left: [00:00:37] epoch=009/012 :: Train [loss=-9.87600, acc@1=54.11%, acc@5=83.72%] Valid [loss=-10.44520, acc@1=49.34%, acc@5=80.36%]
[2020-10-15 13:55:17] Time Left: [00:00:18] epoch=010/012 :: Train [loss=-9.97610, acc@1=55.38%, acc@5=84.96%] Valid [loss=-10.64037, acc@1=52.90%, acc@5=83.50%]
[2020-10-15 13:55:36] Time Left: [00:00:00] epoch=011/012 :: Train [loss=-10.05295, acc@1=56.94%, acc@5=85.80%] Valid [loss=-10.71200, acc@1=53.60%, acc@5=83.94%]
Python  Version  : 3.7.7 (default, Mar 26 2020, 15:48:22)  [GCC 7.3.0]
Pillow  Version  : 7.0.0
PyTorch Version  : 1.4.0
cuDNN   Version  : 7603
CUDA available   : True
CUDA GPU numbers : 1
CUDA_VISIBLE_DEVICES=0

--------------- dataset : cifar100 ---------------
Flops = 43.17834 MB, Params = 0.322196 MB
config : OrderedDict([('scheduler', 'cos'), ('eta_min', 0.0), ('epochs', 12), ('warmup', 0), ('optim', 'SGD'), ('LR', 0.1), ('decay', 0.0005), ('momentum', 0.9), ('nesterov', True), ('criterion', 'Softmax'), ('batch_size', 256), ('class_num', 100), ('xshape', (1, 3, 32, 32))])
Training State (finish) = True

<<<***>>> The 00/01-th seed is 111 <finish> other procedures need Time Left: [00:00:00]
