Start train-evaluate |avg_pool_3x3~0|+|nor_conv_1x1~0|nor_conv_1x1~1|+|nor_conv_3x3~0|avg_pool_3x3~1|nor_conv_1x1~2|
arch_config : {'channel': 16, 'num_cells': 5}

The 00/01-th seed is 111 ----------------------<.>----------------------
Does not find the existing file output/trofim-NST/specifics/LESS-|avg_pool_3x3~0|+|nor_conv_1x1~0|nor_conv_1x1~1|+|nor_conv_3x3~0|avg_pool_3x3~1|nor_conv_1x1~2|-16-5/seed-0111.pth, train and evaluate!
configs/nas-benchmark/LESS.config
Configure(scheduler='cos', eta_min=0.0, epochs=12, warmup=0, optim='SGD', LR=0.1, decay=0.0005, momentum=0.9, nesterov=True, criterion='Softmax', batch_size=256, class_num=100, xshape=(1, 3, 32, 32))
Evaluate ||||||| cifar100   ||||||| Train-Num=50000, Valid-Num=10000, Train-Loader-Num=196, Valid-Loader-Num=40, batch size=256
Evaluate ||||||| cifar100   ||||||| Config=Configure(scheduler='cos', eta_min=0.0, epochs=12, warmup=0, optim='SGD', LR=0.1, decay=0.0005, momentum=0.9, nesterov=True, criterion='Softmax', batch_size=256, class_num=100, xshape=(1, 3, 32, 32))
Evaluate ---->>>> ori-test   with 40 batchs
Evaluate ---->>>> x-valid    with 20 batchs
Evaluate ---->>>> x-test     with 20 batchs
[2020-10-15 14:08:03] Seed-------------------------- 111 --------------------------
FLOP = 54.97482 MB, Param = 0.406196 MB
[2020-10-15 14:08:32] Time Left: [00:05:12] epoch=000/012 :: Train [loss=2.48874, acc@1=7.64%, acc@5=24.47%] Valid [loss=-4.60632, acc@1=7.96%, acc@5=24.98%]
[2020-10-15 14:08:59] Time Left: [00:04:36] epoch=001/012 :: Train [loss=-6.96797, acc@1=20.42%, acc@5=49.42%] Valid [loss=-7.05800, acc@1=14.00%, acc@5=38.74%]
[2020-10-15 14:09:26] Time Left: [00:04:06] epoch=002/012 :: Train [loss=-8.39779, acc@1=28.52%, acc@5=60.80%] Valid [loss=-7.56729, acc@1=16.00%, acc@5=42.36%]
[2020-10-15 14:09:53] Time Left: [00:03:38] epoch=003/012 :: Train [loss=-9.12094, acc@1=34.56%, acc@5=67.64%] Valid [loss=-9.30424, acc@1=29.64%, acc@5=62.72%]
[2020-10-15 14:10:19] Time Left: [00:03:10] epoch=004/012 :: Train [loss=-9.59149, acc@1=38.98%, acc@5=72.37%] Valid [loss=-8.41248, acc@1=24.32%, acc@5=53.16%]
[2020-10-15 14:10:46] Time Left: [00:02:43] epoch=005/012 :: Train [loss=-9.94666, acc@1=42.22%, acc@5=75.50%] Valid [loss=-7.93479, acc@1=17.82%, acc@5=42.86%]
[2020-10-15 14:11:13] Time Left: [00:02:15] epoch=006/012 :: Train [loss=-10.36266, acc@1=45.90%, acc@5=78.16%] Valid [loss=-9.76017, acc@1=28.64%, acc@5=61.86%]
[2020-10-15 14:11:40] Time Left: [00:01:48] epoch=007/012 :: Train [loss=-10.74348, acc@1=49.18%, acc@5=80.45%] Valid [loss=-10.58754, acc@1=39.48%, acc@5=71.84%]
[2020-10-15 14:12:07] Time Left: [00:01:21] epoch=008/012 :: Train [loss=-11.00605, acc@1=52.14%, acc@5=82.73%] Valid [loss=-11.13886, acc@1=43.54%, acc@5=75.16%]
[2020-10-15 14:12:34] Time Left: [00:00:54] epoch=009/012 :: Train [loss=-11.20653, acc@1=55.11%, acc@5=84.65%] Valid [loss=-11.49582, acc@1=48.12%, acc@5=78.92%]
[2020-10-15 14:13:01] Time Left: [00:00:27] epoch=010/012 :: Train [loss=-11.34965, acc@1=57.57%, acc@5=85.98%] Valid [loss=-11.80217, acc@1=53.14%, acc@5=83.24%]
[2020-10-15 14:13:28] Time Left: [00:00:00] epoch=011/012 :: Train [loss=-11.43077, acc@1=59.15%, acc@5=87.04%] Valid [loss=-11.87127, acc@1=54.88%, acc@5=84.48%]
Python  Version  : 3.7.7 (default, Mar 26 2020, 15:48:22)  [GCC 7.3.0]
Pillow  Version  : 7.0.0
PyTorch Version  : 1.4.0
cuDNN   Version  : 7603
CUDA available   : True
CUDA GPU numbers : 1
CUDA_VISIBLE_DEVICES=0

--------------- dataset : cifar100 ---------------
Flops = 54.97482 MB, Params = 0.406196 MB
config : OrderedDict([('scheduler', 'cos'), ('eta_min', 0.0), ('epochs', 12), ('warmup', 0), ('optim', 'SGD'), ('LR', 0.1), ('decay', 0.0005), ('momentum', 0.9), ('nesterov', True), ('criterion', 'Softmax'), ('batch_size', 256), ('class_num', 100), ('xshape', (1, 3, 32, 32))])
Training State (finish) = True

<<<***>>> The 00/01-th seed is 111 <finish> other procedures need Time Left: [00:00:00]
