Start train-evaluate |nor_conv_3x3~0|+|nor_conv_1x1~0|none~1|+|skip_connect~0|none~1|skip_connect~2|
arch_config : {'channel': 16, 'num_cells': 5}

The 00/01-th seed is 111 ----------------------<.>----------------------
Does not find the existing file output/trofim-NST/specifics/LESS-|nor_conv_3x3~0|+|nor_conv_1x1~0|none~1|+|skip_connect~0|none~1|skip_connect~2|-16-5/seed-0111.pth, train and evaluate!
configs/nas-benchmark/LESS.config
Configure(scheduler='cos', eta_min=0.0, epochs=12, warmup=0, optim='SGD', LR=0.1, decay=0.0005, momentum=0.9, nesterov=True, criterion='Softmax', batch_size=256, class_num=100, xshape=(1, 3, 32, 32))
Evaluate ||||||| cifar100   ||||||| Train-Num=50000, Valid-Num=10000, Train-Loader-Num=196, Valid-Loader-Num=40, batch size=256
Evaluate ||||||| cifar100   ||||||| Config=Configure(scheduler='cos', eta_min=0.0, epochs=12, warmup=0, optim='SGD', LR=0.1, decay=0.0005, momentum=0.9, nesterov=True, criterion='Softmax', batch_size=256, class_num=100, xshape=(1, 3, 32, 32))
Evaluate ---->>>> ori-test   with 40 batchs
Evaluate ---->>>> x-valid    with 20 batchs
Evaluate ---->>>> x-test     with 20 batchs
[2020-10-15 14:10:26] Seed-------------------------- 111 --------------------------
FLOP = 47.1105 MB, Param = 0.350196 MB
[2020-10-15 14:10:45] Time Left: [00:03:35] epoch=000/012 :: Train [loss=0.16951, acc@1=5.69%, acc@5=19.58%] Valid [loss=-4.24049, acc@1=9.74%, acc@5=28.98%]
[2020-10-15 14:11:06] Time Left: [00:03:20] epoch=001/012 :: Train [loss=-5.97441, acc@1=17.74%, acc@5=44.73%] Valid [loss=-6.60285, acc@1=16.16%, acc@5=40.60%]
[2020-10-15 14:11:25] Time Left: [00:02:57] epoch=002/012 :: Train [loss=-7.39626, acc@1=25.61%, acc@5=57.09%] Valid [loss=-7.13155, acc@1=18.66%, acc@5=45.44%]
[2020-10-15 14:11:44] Time Left: [00:02:37] epoch=003/012 :: Train [loss=-8.15654, acc@1=31.59%, acc@5=64.66%] Valid [loss=-7.80446, acc@1=21.32%, acc@5=53.04%]
[2020-10-15 14:12:04] Time Left: [00:02:17] epoch=004/012 :: Train [loss=-8.64152, acc@1=36.34%, acc@5=69.75%] Valid [loss=-8.70313, acc@1=30.24%, acc@5=62.82%]
[2020-10-15 14:12:23] Time Left: [00:01:57] epoch=005/012 :: Train [loss=-8.96767, acc@1=39.94%, acc@5=73.01%] Valid [loss=-6.56808, acc@1=22.56%, acc@5=51.28%]
[2020-10-15 14:12:43] Time Left: [00:01:37] epoch=006/012 :: Train [loss=-9.22335, acc@1=43.03%, acc@5=75.58%] Valid [loss=-9.20844, acc@1=36.50%, acc@5=68.80%]
[2020-10-15 14:13:02] Time Left: [00:01:18] epoch=007/012 :: Train [loss=-9.41576, acc@1=45.26%, acc@5=77.47%] Valid [loss=-9.31263, acc@1=36.50%, acc@5=70.44%]
[2020-10-15 14:13:21] Time Left: [00:00:58] epoch=008/012 :: Train [loss=-9.57389, acc@1=47.29%, acc@5=79.19%] Valid [loss=-9.86258, acc@1=42.84%, acc@5=75.70%]
[2020-10-15 14:13:41] Time Left: [00:00:38] epoch=009/012 :: Train [loss=-9.69489, acc@1=49.22%, acc@5=80.83%] Valid [loss=-10.15384, acc@1=47.84%, acc@5=79.60%]
[2020-10-15 14:14:00] Time Left: [00:00:19] epoch=010/012 :: Train [loss=-9.77420, acc@1=50.65%, acc@5=81.47%] Valid [loss=-10.28382, acc@1=49.58%, acc@5=80.48%]
[2020-10-15 14:14:19] Time Left: [00:00:00] epoch=011/012 :: Train [loss=-9.83043, acc@1=51.72%, acc@5=82.32%] Valid [loss=-10.33355, acc@1=50.46%, acc@5=80.70%]
Python  Version  : 3.7.7 (default, Mar 26 2020, 15:48:22)  [GCC 7.3.0]
Pillow  Version  : 7.0.0
PyTorch Version  : 1.4.0
cuDNN   Version  : 7603
CUDA available   : True
CUDA GPU numbers : 1
CUDA_VISIBLE_DEVICES=0

--------------- dataset : cifar100 ---------------
Flops = 47.1105 MB, Params = 0.350196 MB
config : OrderedDict([('scheduler', 'cos'), ('eta_min', 0.0), ('epochs', 12), ('warmup', 0), ('optim', 'SGD'), ('LR', 0.1), ('decay', 0.0005), ('momentum', 0.9), ('nesterov', True), ('criterion', 'Softmax'), ('batch_size', 256), ('class_num', 100), ('xshape', (1, 3, 32, 32))])
Training State (finish) = True

<<<***>>> The 00/01-th seed is 111 <finish> other procedures need Time Left: [00:00:00]
