Start train-evaluate |nor_conv_3x3~0|+|nor_conv_1x1~0|skip_connect~1|+|none~0|avg_pool_3x3~1|none~2|
arch_config : {'channel': 16, 'num_cells': 5}

The 00/01-th seed is 111 ----------------------<.>----------------------
Does not find the existing file output/trofim-NST/specifics/LESS-|nor_conv_3x3~0|+|nor_conv_1x1~0|skip_connect~1|+|none~0|avg_pool_3x3~1|none~2|-16-5/seed-0111.pth, train and evaluate!
configs/nas-benchmark/LESS.config
Configure(scheduler='cos', eta_min=0.0, epochs=12, warmup=0, optim='SGD', LR=0.1, decay=0.0005, momentum=0.9, nesterov=True, criterion='Softmax', batch_size=256, class_num=100, xshape=(1, 3, 32, 32))
Evaluate ||||||| cifar100   ||||||| Train-Num=50000, Valid-Num=10000, Train-Loader-Num=196, Valid-Loader-Num=40, batch size=256
Evaluate ||||||| cifar100   ||||||| Config=Configure(scheduler='cos', eta_min=0.0, epochs=12, warmup=0, optim='SGD', LR=0.1, decay=0.0005, momentum=0.9, nesterov=True, criterion='Softmax', batch_size=256, class_num=100, xshape=(1, 3, 32, 32))
Evaluate ---->>>> ori-test   with 40 batchs
Evaluate ---->>>> x-valid    with 20 batchs
Evaluate ---->>>> x-test     with 20 batchs
[2020-10-15 14:22:38] Seed-------------------------- 111 --------------------------
FLOP = 47.1105 MB, Param = 0.350196 MB
[2020-10-15 14:23:00] Time Left: [00:03:57] epoch=000/012 :: Train [loss=7.41784, acc@1=2.97%, acc@5=12.24%] Valid [loss=4.03101, acc@1=4.32%, acc@5=16.64%]
[2020-10-15 14:23:20] Time Left: [00:03:29] epoch=001/012 :: Train [loss=1.17848, acc@1=7.42%, acc@5=24.01%] Valid [loss=0.46488, acc@1=6.04%, acc@5=21.42%]
[2020-10-15 14:23:40] Time Left: [00:03:06] epoch=002/012 :: Train [loss=-0.57372, acc@1=12.38%, acc@5=34.74%] Valid [loss=1.66733, acc@1=4.12%, acc@5=14.24%]
[2020-10-15 14:24:01] Time Left: [00:02:44] epoch=003/012 :: Train [loss=-1.50033, acc@1=15.28%, acc@5=40.59%] Valid [loss=1.67298, acc@1=4.92%, acc@5=16.96%]
[2020-10-15 14:24:21] Time Left: [00:02:23] epoch=004/012 :: Train [loss=-2.18123, acc@1=18.70%, acc@5=45.80%] Valid [loss=-0.84311, acc@1=8.68%, acc@5=26.08%]
[2020-10-15 14:24:41] Time Left: [00:02:03] epoch=005/012 :: Train [loss=-2.74294, acc@1=21.80%, acc@5=50.60%] Valid [loss=-0.57502, acc@1=8.54%, acc@5=24.70%]
[2020-10-15 14:25:02] Time Left: [00:01:42] epoch=006/012 :: Train [loss=-3.18481, acc@1=24.19%, acc@5=53.85%] Valid [loss=-1.92210, acc@1=12.94%, acc@5=33.60%]
[2020-10-15 14:25:22] Time Left: [00:01:21] epoch=007/012 :: Train [loss=-3.54006, acc@1=26.77%, acc@5=57.02%] Valid [loss=-1.97214, acc@1=12.02%, acc@5=34.66%]
[2020-10-15 14:25:42] Time Left: [00:01:01] epoch=008/012 :: Train [loss=-3.85018, acc@1=28.92%, acc@5=59.92%] Valid [loss=-2.70163, acc@1=14.62%, acc@5=39.04%]
[2020-10-15 14:26:02] Time Left: [00:00:40] epoch=009/012 :: Train [loss=-4.08476, acc@1=31.31%, acc@5=62.43%] Valid [loss=-4.24261, acc@1=28.38%, acc@5=59.52%]
[2020-10-15 14:26:23] Time Left: [00:00:20] epoch=010/012 :: Train [loss=-4.24212, acc@1=33.03%, acc@5=64.43%] Valid [loss=-4.34238, acc@1=29.34%, acc@5=59.98%]
[2020-10-15 14:26:43] Time Left: [00:00:00] epoch=011/012 :: Train [loss=-4.33532, acc@1=34.29%, acc@5=65.55%] Valid [loss=-4.58694, acc@1=33.78%, acc@5=64.08%]
Python  Version  : 3.7.7 (default, Mar 26 2020, 15:48:22)  [GCC 7.3.0]
Pillow  Version  : 7.0.0
PyTorch Version  : 1.4.0
cuDNN   Version  : 7603
CUDA available   : True
CUDA GPU numbers : 1
CUDA_VISIBLE_DEVICES=0

--------------- dataset : cifar100 ---------------
Flops = 47.1105 MB, Params = 0.350196 MB
config : OrderedDict([('scheduler', 'cos'), ('eta_min', 0.0), ('epochs', 12), ('warmup', 0), ('optim', 'SGD'), ('LR', 0.1), ('decay', 0.0005), ('momentum', 0.9), ('nesterov', True), ('criterion', 'Softmax'), ('batch_size', 256), ('class_num', 100), ('xshape', (1, 3, 32, 32))])
Training State (finish) = True

<<<***>>> The 00/01-th seed is 111 <finish> other procedures need Time Left: [00:00:00]
