Start train-evaluate |nor_conv_3x3~0|+|none~0|none~1|+|none~0|none~1|nor_conv_1x1~2|
arch_config : {'channel': 16, 'num_cells': 5}

The 00/01-th seed is 111 ----------------------<.>----------------------
Does not find the existing file output/trofim-NST/specifics/LESS-|nor_conv_3x3~0|+|none~0|none~1|+|none~0|none~1|nor_conv_1x1~2|-16-5/seed-0111.pth, train and evaluate!
configs/nas-benchmark/LESS.config
Configure(scheduler='cos', eta_min=0.0, epochs=12, warmup=0, optim='SGD', LR=0.1, decay=0.0005, momentum=0.9, nesterov=True, criterion='Softmax', batch_size=256, class_num=100, xshape=(1, 3, 32, 32))
Evaluate ||||||| cifar100   ||||||| Train-Num=50000, Valid-Num=10000, Train-Loader-Num=196, Valid-Loader-Num=40, batch size=256
Evaluate ||||||| cifar100   ||||||| Config=Configure(scheduler='cos', eta_min=0.0, epochs=12, warmup=0, optim='SGD', LR=0.1, decay=0.0005, momentum=0.9, nesterov=True, criterion='Softmax', batch_size=256, class_num=100, xshape=(1, 3, 32, 32))
Evaluate ---->>>> ori-test   with 40 batchs
Evaluate ---->>>> x-valid    with 20 batchs
Evaluate ---->>>> x-test     with 20 batchs
[2020-10-15 13:38:25] Seed-------------------------- 111 --------------------------
FLOP = 47.1105 MB, Param = 0.350196 MB
[2020-10-15 13:38:45] Time Left: [00:03:37] epoch=000/012 :: Train [loss=4.60722, acc@1=0.85%, acc@5=4.55%] Valid [loss=4.60540, acc@1=1.00%, acc@5=5.00%]
[2020-10-15 13:39:04] Time Left: [00:03:16] epoch=001/012 :: Train [loss=4.60668, acc@1=0.91%, acc@5=4.45%] Valid [loss=4.60534, acc@1=1.00%, acc@5=5.00%]
[2020-10-15 13:39:24] Time Left: [00:02:55] epoch=002/012 :: Train [loss=4.60660, acc@1=0.92%, acc@5=4.63%] Valid [loss=4.60534, acc@1=1.00%, acc@5=5.00%]
[2020-10-15 13:39:43] Time Left: [00:02:36] epoch=003/012 :: Train [loss=4.60642, acc@1=0.93%, acc@5=4.75%] Valid [loss=4.60528, acc@1=1.00%, acc@5=5.00%]
[2020-10-15 13:40:03] Time Left: [00:02:16] epoch=004/012 :: Train [loss=4.60636, acc@1=0.91%, acc@5=4.57%] Valid [loss=4.60525, acc@1=1.00%, acc@5=5.00%]
[2020-10-15 13:40:22] Time Left: [00:01:57] epoch=005/012 :: Train [loss=4.60613, acc@1=0.91%, acc@5=4.56%] Valid [loss=4.60523, acc@1=1.00%, acc@5=5.00%]
[2020-10-15 13:40:42] Time Left: [00:01:37] epoch=006/012 :: Train [loss=4.60598, acc@1=0.90%, acc@5=4.61%] Valid [loss=4.60520, acc@1=1.00%, acc@5=5.00%]
[2020-10-15 13:41:01] Time Left: [00:01:17] epoch=007/012 :: Train [loss=4.60577, acc@1=0.94%, acc@5=4.47%] Valid [loss=4.60519, acc@1=1.00%, acc@5=5.00%]
[2020-10-15 13:41:21] Time Left: [00:00:58] epoch=008/012 :: Train [loss=4.60560, acc@1=0.86%, acc@5=4.51%] Valid [loss=4.60518, acc@1=1.00%, acc@5=5.00%]
[2020-10-15 13:41:40] Time Left: [00:00:38] epoch=009/012 :: Train [loss=4.60544, acc@1=0.94%, acc@5=4.50%] Valid [loss=4.60518, acc@1=1.00%, acc@5=5.00%]
[2020-10-15 13:42:00] Time Left: [00:00:19] epoch=010/012 :: Train [loss=4.60529, acc@1=0.90%, acc@5=4.74%] Valid [loss=4.60517, acc@1=1.00%, acc@5=5.00%]
[2020-10-15 13:42:19] Time Left: [00:00:00] epoch=011/012 :: Train [loss=4.60520, acc@1=1.00%, acc@5=4.79%] Valid [loss=4.60517, acc@1=1.00%, acc@5=5.00%]
Python  Version  : 3.7.7 (default, Mar 26 2020, 15:48:22)  [GCC 7.3.0]
Pillow  Version  : 7.0.0
PyTorch Version  : 1.4.0
cuDNN   Version  : 7603
CUDA available   : True
CUDA GPU numbers : 1
CUDA_VISIBLE_DEVICES=0

--------------- dataset : cifar100 ---------------
Flops = 47.1105 MB, Params = 0.350196 MB
config : OrderedDict([('scheduler', 'cos'), ('eta_min', 0.0), ('epochs', 12), ('warmup', 0), ('optim', 'SGD'), ('LR', 0.1), ('decay', 0.0005), ('momentum', 0.9), ('nesterov', True), ('criterion', 'Softmax'), ('batch_size', 256), ('class_num', 100), ('xshape', (1, 3, 32, 32))])
Training State (finish) = True

<<<***>>> The 00/01-th seed is 111 <finish> other procedures need Time Left: [00:00:00]
