Start train-evaluate |skip_connect~0|+|nor_conv_3x3~0|nor_conv_3x3~1|+|skip_connect~0|avg_pool_3x3~1|avg_pool_3x3~2|
arch_config : {'channel': 16, 'num_cells': 5}

The 00/01-th seed is 111 ----------------------<.>----------------------
Does not find the existing file output/trofim-NST/specifics/LESS-|skip_connect~0|+|nor_conv_3x3~0|nor_conv_3x3~1|+|skip_connect~0|avg_pool_3x3~1|avg_pool_3x3~2|-16-5/seed-0111.pth, train and evaluate!
configs/nas-benchmark/LESS.config
Configure(scheduler='cos', eta_min=0.0, epochs=12, warmup=0, optim='SGD', LR=0.1, decay=0.0005, momentum=0.9, nesterov=True, criterion='Softmax', batch_size=256, class_num=100, xshape=(1, 3, 32, 32))
Evaluate ||||||| cifar100   ||||||| Train-Num=50000, Valid-Num=10000, Train-Loader-Num=196, Valid-Loader-Num=40, batch size=256
Evaluate ||||||| cifar100   ||||||| Config=Configure(scheduler='cos', eta_min=0.0, epochs=12, warmup=0, optim='SGD', LR=0.1, decay=0.0005, momentum=0.9, nesterov=True, criterion='Softmax', batch_size=256, class_num=100, xshape=(1, 3, 32, 32))
Evaluate ---->>>> ori-test   with 40 batchs
Evaluate ---->>>> x-valid    with 20 batchs
Evaluate ---->>>> x-test     with 20 batchs
[2020-10-15 14:03:56] Seed-------------------------- 111 --------------------------
FLOP = 78.56778 MB, Param = 0.565236 MB
[2020-10-15 14:04:18] Time Left: [00:04:01] epoch=000/012 :: Train [loss=9.13205, acc@1=4.97%, acc@5=18.18%] Valid [loss=4.76455, acc@1=5.80%, acc@5=20.08%]
[2020-10-15 14:04:40] Time Left: [00:03:39] epoch=001/012 :: Train [loss=2.43770, acc@1=8.28%, acc@5=26.53%] Valid [loss=2.44666, acc@1=6.00%, acc@5=20.40%]
[2020-10-15 14:05:01] Time Left: [00:03:16] epoch=002/012 :: Train [loss=0.27239, acc@1=10.27%, acc@5=31.08%] Valid [loss=-0.12168, acc@1=7.86%, acc@5=25.06%]
[2020-10-15 14:05:23] Time Left: [00:02:53] epoch=003/012 :: Train [loss=-0.92875, acc@1=12.98%, acc@5=36.11%] Valid [loss=0.98846, acc@1=4.88%, acc@5=16.84%]
[2020-10-15 14:05:44] Time Left: [00:02:31] epoch=004/012 :: Train [loss=-1.75628, acc@1=14.99%, acc@5=39.58%] Valid [loss=-1.60779, acc@1=10.44%, acc@5=32.16%]
[2020-10-15 14:06:06] Time Left: [00:02:10] epoch=005/012 :: Train [loss=-2.31234, acc@1=16.52%, acc@5=42.11%] Valid [loss=-1.89708, acc@1=11.00%, acc@5=32.24%]
[2020-10-15 14:06:27] Time Left: [00:01:48] epoch=006/012 :: Train [loss=-2.85404, acc@1=18.24%, acc@5=44.52%] Valid [loss=-1.65238, acc@1=7.92%, acc@5=26.26%]
[2020-10-15 14:06:49] Time Left: [00:01:26] epoch=007/012 :: Train [loss=-3.39167, acc@1=19.84%, acc@5=47.18%] Valid [loss=-2.39582, acc@1=10.60%, acc@5=33.04%]
[2020-10-15 14:07:10] Time Left: [00:01:04] epoch=008/012 :: Train [loss=-3.86630, acc@1=21.25%, acc@5=49.27%] Valid [loss=-3.20559, acc@1=13.68%, acc@5=36.78%]
[2020-10-15 14:07:32] Time Left: [00:00:43] epoch=009/012 :: Train [loss=-4.44746, acc@1=22.48%, acc@5=51.29%] Valid [loss=-4.52145, acc@1=18.14%, acc@5=44.14%]
[2020-10-15 14:07:53] Time Left: [00:00:21] epoch=010/012 :: Train [loss=-4.76604, acc@1=23.76%, acc@5=52.76%] Valid [loss=-4.69975, acc@1=18.28%, acc@5=44.62%]
[2020-10-15 14:08:15] Time Left: [00:00:00] epoch=011/012 :: Train [loss=-4.90318, acc@1=24.13%, acc@5=53.49%] Valid [loss=-5.16861, acc@1=22.80%, acc@5=52.58%]
Python  Version  : 3.7.7 (default, Mar 26 2020, 15:48:22)  [GCC 7.3.0]
Pillow  Version  : 7.0.0
PyTorch Version  : 1.4.0
cuDNN   Version  : 7603
CUDA available   : True
CUDA GPU numbers : 1
CUDA_VISIBLE_DEVICES=0

--------------- dataset : cifar100 ---------------
Flops = 78.56778 MB, Params = 0.565236 MB
config : OrderedDict([('scheduler', 'cos'), ('eta_min', 0.0), ('epochs', 12), ('warmup', 0), ('optim', 'SGD'), ('LR', 0.1), ('decay', 0.0005), ('momentum', 0.9), ('nesterov', True), ('criterion', 'Softmax'), ('batch_size', 256), ('class_num', 100), ('xshape', (1, 3, 32, 32))])
Training State (finish) = True

<<<***>>> The 00/01-th seed is 111 <finish> other procedures need Time Left: [00:00:00]
