Start train-evaluate |skip_connect~0|+|skip_connect~0|nor_conv_3x3~1|+|skip_connect~0|none~1|nor_conv_3x3~2|
arch_config : {'channel': 16, 'num_cells': 5}

The 00/01-th seed is 111 ----------------------<.>----------------------
Does not find the existing file output/trofim-NST/specifics/LESS-|skip_connect~0|+|skip_connect~0|nor_conv_3x3~1|+|skip_connect~0|none~1|nor_conv_3x3~2|-16-5/seed-0111.pth, train and evaluate!
configs/nas-benchmark/LESS.config
Configure(scheduler='cos', eta_min=0.0, epochs=12, warmup=0, optim='SGD', LR=0.1, decay=0.0005, momentum=0.9, nesterov=True, criterion='Softmax', batch_size=256, class_num=100, xshape=(1, 3, 32, 32))
Evaluate ||||||| cifar100   ||||||| Train-Num=50000, Valid-Num=10000, Train-Loader-Num=196, Valid-Loader-Num=40, batch size=256
Evaluate ||||||| cifar100   ||||||| Config=Configure(scheduler='cos', eta_min=0.0, epochs=12, warmup=0, optim='SGD', LR=0.1, decay=0.0005, momentum=0.9, nesterov=True, criterion='Softmax', batch_size=256, class_num=100, xshape=(1, 3, 32, 32))
Evaluate ---->>>> ori-test   with 40 batchs
Evaluate ---->>>> x-valid    with 20 batchs
Evaluate ---->>>> x-test     with 20 batchs
[2020-10-15 13:17:53] Seed-------------------------- 111 --------------------------
FLOP = 78.56778 MB, Param = 0.565236 MB
[2020-10-15 13:18:15] Time Left: [00:03:58] epoch=000/012 :: Train [loss=-3.20953, acc@1=9.37%, acc@5=27.93%] Valid [loss=-7.76410, acc@1=14.18%, acc@5=38.80%]
[2020-10-15 13:18:35] Time Left: [00:03:28] epoch=001/012 :: Train [loss=-8.86901, acc@1=24.64%, acc@5=56.19%] Valid [loss=-9.53275, acc@1=20.48%, acc@5=52.90%]
[2020-10-15 13:18:55] Time Left: [00:03:06] epoch=002/012 :: Train [loss=-10.23386, acc@1=36.20%, acc@5=69.46%] Valid [loss=-10.92380, acc@1=34.58%, acc@5=69.26%]
[2020-10-15 13:19:15] Time Left: [00:02:44] epoch=003/012 :: Train [loss=-10.94398, acc@1=43.05%, acc@5=76.10%] Valid [loss=-11.48341, acc@1=39.86%, acc@5=72.76%]
[2020-10-15 13:19:35] Time Left: [00:02:23] epoch=004/012 :: Train [loss=-11.41875, acc@1=48.16%, acc@5=80.07%] Valid [loss=-11.72840, acc@1=40.50%, acc@5=73.18%]
[2020-10-15 13:19:55] Time Left: [00:02:02] epoch=005/012 :: Train [loss=-11.76655, acc@1=52.07%, acc@5=82.67%] Valid [loss=-12.41594, acc@1=47.54%, acc@5=80.92%]
[2020-10-15 13:20:15] Time Left: [00:01:41] epoch=006/012 :: Train [loss=-12.05176, acc@1=55.43%, acc@5=85.02%] Valid [loss=-12.25977, acc@1=45.38%, acc@5=76.60%]
[2020-10-15 13:20:36] Time Left: [00:01:21] epoch=007/012 :: Train [loss=-12.27598, acc@1=58.37%, acc@5=86.92%] Valid [loss=-12.67078, acc@1=51.70%, acc@5=81.78%]
[2020-10-15 13:20:56] Time Left: [00:01:00] epoch=008/012 :: Train [loss=-12.46137, acc@1=61.14%, acc@5=88.55%] Valid [loss=-12.97841, acc@1=56.16%, acc@5=84.46%]
[2020-10-15 13:21:16] Time Left: [00:00:40] epoch=009/012 :: Train [loss=-12.62050, acc@1=63.95%, acc@5=90.01%] Valid [loss=-13.16079, acc@1=57.26%, acc@5=85.86%]
[2020-10-15 13:21:36] Time Left: [00:00:20] epoch=010/012 :: Train [loss=-12.73423, acc@1=66.13%, acc@5=91.04%] Valid [loss=-13.28529, acc@1=59.12%, acc@5=87.32%]
[2020-10-15 13:21:56] Time Left: [00:00:00] epoch=011/012 :: Train [loss=-12.81546, acc@1=68.04%, acc@5=91.84%] Valid [loss=-13.34829, acc@1=61.12%, acc@5=87.68%]
Python  Version  : 3.7.7 (default, Mar 26 2020, 15:48:22)  [GCC 7.3.0]
Pillow  Version  : 7.0.0
PyTorch Version  : 1.4.0
cuDNN   Version  : 7603
CUDA available   : True
CUDA GPU numbers : 1
CUDA_VISIBLE_DEVICES=0

--------------- dataset : cifar100 ---------------
Flops = 78.56778 MB, Params = 0.565236 MB
config : OrderedDict([('scheduler', 'cos'), ('eta_min', 0.0), ('epochs', 12), ('warmup', 0), ('optim', 'SGD'), ('LR', 0.1), ('decay', 0.0005), ('momentum', 0.9), ('nesterov', True), ('criterion', 'Softmax'), ('batch_size', 256), ('class_num', 100), ('xshape', (1, 3, 32, 32))])
Training State (finish) = True

<<<***>>> The 00/01-th seed is 111 <finish> other procedures need Time Left: [00:00:00]
