Start train-evaluate |none~0|+|avg_pool_3x3~0|skip_connect~1|+|skip_connect~0|nor_conv_3x3~1|nor_conv_1x1~2|
arch_config : {'channel': 16, 'num_cells': 5}

The 00/01-th seed is 111 ----------------------<.>----------------------
Does not find the existing file output/trofim-NST/specifics/LESS-|none~0|+|avg_pool_3x3~0|skip_connect~1|+|skip_connect~0|nor_conv_3x3~1|nor_conv_1x1~2|-16-5/seed-0111.pth, train and evaluate!
configs/nas-benchmark/LESS.config
Configure(scheduler='cos', eta_min=0.0, epochs=12, warmup=0, optim='SGD', LR=0.1, decay=0.0005, momentum=0.9, nesterov=True, criterion='Softmax', batch_size=256, class_num=100, xshape=(1, 3, 32, 32))
Evaluate ||||||| cifar100   ||||||| Train-Num=50000, Valid-Num=10000, Train-Loader-Num=196, Valid-Loader-Num=40, batch size=256
Evaluate ||||||| cifar100   ||||||| Config=Configure(scheduler='cos', eta_min=0.0, epochs=12, warmup=0, optim='SGD', LR=0.1, decay=0.0005, momentum=0.9, nesterov=True, criterion='Softmax', batch_size=256, class_num=100, xshape=(1, 3, 32, 32))
Evaluate ---->>>> ori-test   with 40 batchs
Evaluate ---->>>> x-valid    with 20 batchs
Evaluate ---->>>> x-test     with 20 batchs
[2020-10-15 13:30:36] Seed-------------------------- 111 --------------------------
FLOP = 47.1105 MB, Param = 0.350196 MB
[2020-10-15 13:30:57] Time Left: [00:03:44] epoch=000/012 :: Train [loss=0.66927, acc@1=6.84%, acc@5=22.70%] Valid [loss=-3.61017, acc@1=7.56%, acc@5=26.62%]
[2020-10-15 13:31:17] Time Left: [00:03:23] epoch=001/012 :: Train [loss=-5.17496, acc@1=17.84%, acc@5=45.23%] Valid [loss=-5.17946, acc@1=10.12%, acc@5=30.56%]
[2020-10-15 13:31:37] Time Left: [00:03:02] epoch=002/012 :: Train [loss=-6.83678, acc@1=25.98%, acc@5=57.12%] Valid [loss=-6.67091, acc@1=18.60%, acc@5=44.52%]
[2020-10-15 13:31:57] Time Left: [00:02:41] epoch=003/012 :: Train [loss=-7.52972, acc@1=30.91%, acc@5=63.80%] Valid [loss=-6.12120, acc@1=14.64%, acc@5=39.64%]
[2020-10-15 13:32:17] Time Left: [00:02:21] epoch=004/012 :: Train [loss=-7.99093, acc@1=35.26%, acc@5=68.59%] Valid [loss=-7.77951, acc@1=25.38%, acc@5=58.06%]
[2020-10-15 13:32:37] Time Left: [00:02:00] epoch=005/012 :: Train [loss=-8.32572, acc@1=38.74%, acc@5=72.09%] Valid [loss=-8.02365, acc@1=28.36%, acc@5=60.04%]
[2020-10-15 13:32:57] Time Left: [00:01:40] epoch=006/012 :: Train [loss=-8.58461, acc@1=41.82%, acc@5=74.63%] Valid [loss=-8.86289, acc@1=34.80%, acc@5=66.92%]
[2020-10-15 13:33:17] Time Left: [00:01:20] epoch=007/012 :: Train [loss=-8.79428, acc@1=44.50%, acc@5=76.61%] Valid [loss=-9.28022, acc@1=39.28%, acc@5=70.32%]
[2020-10-15 13:33:37] Time Left: [00:01:00] epoch=008/012 :: Train [loss=-8.96841, acc@1=46.69%, acc@5=78.43%] Valid [loss=-9.23638, acc@1=39.44%, acc@5=72.50%]
[2020-10-15 13:33:57] Time Left: [00:00:40] epoch=009/012 :: Train [loss=-9.10986, acc@1=48.94%, acc@5=80.37%] Valid [loss=-9.79557, acc@1=45.56%, acc@5=78.38%]
[2020-10-15 13:34:17] Time Left: [00:00:20] epoch=010/012 :: Train [loss=-9.20790, acc@1=50.21%, acc@5=81.59%] Valid [loss=-9.91397, acc@1=48.68%, acc@5=79.18%]
[2020-10-15 13:34:37] Time Left: [00:00:00] epoch=011/012 :: Train [loss=-9.26434, acc@1=51.53%, acc@5=82.09%] Valid [loss=-10.03673, acc@1=49.38%, acc@5=80.38%]
Python  Version  : 3.7.7 (default, Mar 26 2020, 15:48:22)  [GCC 7.3.0]
Pillow  Version  : 7.0.0
PyTorch Version  : 1.4.0
cuDNN   Version  : 7603
CUDA available   : True
CUDA GPU numbers : 1
CUDA_VISIBLE_DEVICES=0

--------------- dataset : cifar100 ---------------
Flops = 47.1105 MB, Params = 0.350196 MB
config : OrderedDict([('scheduler', 'cos'), ('eta_min', 0.0), ('epochs', 12), ('warmup', 0), ('optim', 'SGD'), ('LR', 0.1), ('decay', 0.0005), ('momentum', 0.9), ('nesterov', True), ('criterion', 'Softmax'), ('batch_size', 256), ('class_num', 100), ('xshape', (1, 3, 32, 32))])
Training State (finish) = True

<<<***>>> The 00/01-th seed is 111 <finish> other procedures need Time Left: [00:00:00]
