Start train-evaluate |avg_pool_3x3~0|+|skip_connect~0|avg_pool_3x3~1|+|avg_pool_3x3~0|skip_connect~1|avg_pool_3x3~2|
arch_config : {'channel': 16, 'num_cells': 5}

The 00/01-th seed is 111 ----------------------<.>----------------------
Does not find the existing file output/trofim-NST/specifics/LESS-|avg_pool_3x3~0|+|skip_connect~0|avg_pool_3x3~1|+|avg_pool_3x3~0|skip_connect~1|avg_pool_3x3~2|-16-5/seed-0111.pth, train and evaluate!
configs/nas-benchmark/LESS.config
Configure(scheduler='cos', eta_min=0.0, epochs=12, warmup=0, optim='SGD', LR=0.1, decay=0.0005, momentum=0.9, nesterov=True, criterion='Softmax', batch_size=256, class_num=100, xshape=(1, 3, 32, 32))
Evaluate ||||||| cifar100   ||||||| Train-Num=50000, Valid-Num=10000, Train-Loader-Num=196, Valid-Loader-Num=40, batch size=256
Evaluate ||||||| cifar100   ||||||| Config=Configure(scheduler='cos', eta_min=0.0, epochs=12, warmup=0, optim='SGD', LR=0.1, decay=0.0005, momentum=0.9, nesterov=True, criterion='Softmax', batch_size=256, class_num=100, xshape=(1, 3, 32, 32))
Evaluate ---->>>> ori-test   with 40 batchs
Evaluate ---->>>> x-valid    with 20 batchs
Evaluate ---->>>> x-test     with 20 batchs
[2020-10-15 14:09:00] Seed-------------------------- 111 --------------------------
FLOP = 7.7889 MB, Param = 0.079156 MB
[2020-10-15 14:09:16] Time Left: [00:02:49] epoch=000/012 :: Train [loss=25.64780, acc@1=3.21%, acc@5=12.99%] Valid [loss=18.85982, acc@1=3.38%, acc@5=15.34%]
[2020-10-15 14:09:32] Time Left: [00:02:37] epoch=001/012 :: Train [loss=19.32460, acc@1=4.18%, acc@5=16.70%] Valid [loss=17.44538, acc@1=3.94%, acc@5=16.88%]
[2020-10-15 14:09:47] Time Left: [00:02:20] epoch=002/012 :: Train [loss=18.63014, acc@1=4.46%, acc@5=17.55%] Valid [loss=17.37664, acc@1=5.02%, acc@5=18.66%]
[2020-10-15 14:10:02] Time Left: [00:02:03] epoch=003/012 :: Train [loss=17.14966, acc@1=4.83%, acc@5=18.35%] Valid [loss=15.74267, acc@1=5.04%, acc@5=19.08%]
[2020-10-15 14:10:17] Time Left: [00:01:48] epoch=004/012 :: Train [loss=16.02664, acc@1=4.79%, acc@5=18.60%] Valid [loss=16.11459, acc@1=5.04%, acc@5=18.62%]
[2020-10-15 14:10:33] Time Left: [00:01:32] epoch=005/012 :: Train [loss=15.11940, acc@1=4.94%, acc@5=18.40%] Valid [loss=14.94885, acc@1=4.20%, acc@5=16.22%]
[2020-10-15 14:10:48] Time Left: [00:01:16] epoch=006/012 :: Train [loss=14.10315, acc@1=5.55%, acc@5=20.11%] Valid [loss=14.63236, acc@1=4.76%, acc@5=17.24%]
[2020-10-15 14:11:03] Time Left: [00:01:01] epoch=007/012 :: Train [loss=13.59494, acc@1=6.00%, acc@5=21.19%] Valid [loss=13.53866, acc@1=5.48%, acc@5=20.76%]
[2020-10-15 14:11:18] Time Left: [00:00:46] epoch=008/012 :: Train [loss=13.35971, acc@1=6.63%, acc@5=22.65%] Valid [loss=13.42876, acc@1=5.76%, acc@5=20.56%]
[2020-10-15 14:11:33] Time Left: [00:00:30] epoch=009/012 :: Train [loss=13.20657, acc@1=7.10%, acc@5=23.62%] Valid [loss=13.09024, acc@1=6.58%, acc@5=23.04%]
[2020-10-15 14:11:49] Time Left: [00:00:15] epoch=010/012 :: Train [loss=13.13131, acc@1=7.47%, acc@5=24.17%] Valid [loss=13.05208, acc@1=6.54%, acc@5=22.28%]
[2020-10-15 14:12:04] Time Left: [00:00:00] epoch=011/012 :: Train [loss=13.10304, acc@1=7.51%, acc@5=24.44%] Valid [loss=13.01001, acc@1=6.74%, acc@5=23.00%]
Python  Version  : 3.7.7 (default, Mar 26 2020, 15:48:22)  [GCC 7.3.0]
Pillow  Version  : 7.0.0
PyTorch Version  : 1.4.0
cuDNN   Version  : 7603
CUDA available   : True
CUDA GPU numbers : 1
CUDA_VISIBLE_DEVICES=0

--------------- dataset : cifar100 ---------------
Flops = 7.7889 MB, Params = 0.079156 MB
config : OrderedDict([('scheduler', 'cos'), ('eta_min', 0.0), ('epochs', 12), ('warmup', 0), ('optim', 'SGD'), ('LR', 0.1), ('decay', 0.0005), ('momentum', 0.9), ('nesterov', True), ('criterion', 'Softmax'), ('batch_size', 256), ('class_num', 100), ('xshape', (1, 3, 32, 32))])
Training State (finish) = True

<<<***>>> The 00/01-th seed is 111 <finish> other procedures need Time Left: [00:00:00]
