Start train-evaluate |avg_pool_3x3~0|+|nor_conv_3x3~0|nor_conv_3x3~1|+|none~0|none~1|none~2|
arch_config : {'channel': 16, 'num_cells': 5}

The 00/01-th seed is 111 ----------------------<.>----------------------
Does not find the existing file output/trofim-NST/specifics/LESS-|avg_pool_3x3~0|+|nor_conv_3x3~0|nor_conv_3x3~1|+|none~0|none~1|none~2|-16-5/seed-0111.pth, train and evaluate!
configs/nas-benchmark/LESS.config
Configure(scheduler='cos', eta_min=0.0, epochs=12, warmup=0, optim='SGD', LR=0.1, decay=0.0005, momentum=0.9, nesterov=True, criterion='Softmax', batch_size=256, class_num=100, xshape=(1, 3, 32, 32))
Evaluate ||||||| cifar100   ||||||| Train-Num=50000, Valid-Num=10000, Train-Loader-Num=196, Valid-Loader-Num=40, batch size=256
Evaluate ||||||| cifar100   ||||||| Config=Configure(scheduler='cos', eta_min=0.0, epochs=12, warmup=0, optim='SGD', LR=0.1, decay=0.0005, momentum=0.9, nesterov=True, criterion='Softmax', batch_size=256, class_num=100, xshape=(1, 3, 32, 32))
Evaluate ---->>>> ori-test   with 40 batchs
Evaluate ---->>>> x-valid    with 20 batchs
Evaluate ---->>>> x-test     with 20 batchs
[2020-10-15 13:54:37] Seed-------------------------- 111 --------------------------
FLOP = 78.56778 MB, Param = 0.565236 MB
[2020-10-15 13:54:59] Time Left: [00:03:59] epoch=000/012 :: Train [loss=4.60728, acc@1=0.91%, acc@5=4.51%] Valid [loss=4.60535, acc@1=1.00%, acc@5=5.00%]
[2020-10-15 13:55:21] Time Left: [00:03:41] epoch=001/012 :: Train [loss=4.60660, acc@1=0.86%, acc@5=4.44%] Valid [loss=4.60532, acc@1=1.00%, acc@5=5.00%]
[2020-10-15 13:55:43] Time Left: [00:03:17] epoch=002/012 :: Train [loss=4.60653, acc@1=0.91%, acc@5=4.54%] Valid [loss=4.60530, acc@1=1.00%, acc@5=5.00%]
[2020-10-15 13:56:04] Time Left: [00:02:54] epoch=003/012 :: Train [loss=4.60643, acc@1=0.91%, acc@5=4.58%] Valid [loss=4.60528, acc@1=1.00%, acc@5=5.00%]
[2020-10-15 13:56:26] Time Left: [00:02:32] epoch=004/012 :: Train [loss=4.60636, acc@1=0.96%, acc@5=4.66%] Valid [loss=4.60527, acc@1=1.00%, acc@5=5.00%]
[2020-10-15 13:56:48] Time Left: [00:02:10] epoch=005/012 :: Train [loss=4.60614, acc@1=0.93%, acc@5=4.60%] Valid [loss=4.60524, acc@1=1.00%, acc@5=5.00%]
[2020-10-15 13:57:09] Time Left: [00:01:48] epoch=006/012 :: Train [loss=4.60597, acc@1=0.86%, acc@5=4.50%] Valid [loss=4.60521, acc@1=1.00%, acc@5=5.00%]
[2020-10-15 13:57:31] Time Left: [00:01:26] epoch=007/012 :: Train [loss=4.60577, acc@1=0.89%, acc@5=4.56%] Valid [loss=4.60519, acc@1=1.00%, acc@5=5.00%]
[2020-10-15 13:57:52] Time Left: [00:01:05] epoch=008/012 :: Train [loss=4.60558, acc@1=0.97%, acc@5=4.44%] Valid [loss=4.60518, acc@1=1.00%, acc@5=5.00%]
[2020-10-15 13:58:14] Time Left: [00:00:43] epoch=009/012 :: Train [loss=4.60543, acc@1=0.95%, acc@5=4.52%] Valid [loss=4.60518, acc@1=1.00%, acc@5=5.00%]
[2020-10-15 13:58:35] Time Left: [00:00:21] epoch=010/012 :: Train [loss=4.60530, acc@1=0.90%, acc@5=4.67%] Valid [loss=4.60517, acc@1=1.00%, acc@5=5.00%]
[2020-10-15 13:58:57] Time Left: [00:00:00] epoch=011/012 :: Train [loss=4.60521, acc@1=0.94%, acc@5=4.81%] Valid [loss=4.60517, acc@1=1.00%, acc@5=5.00%]
Python  Version  : 3.7.7 (default, Mar 26 2020, 15:48:22)  [GCC 7.3.0]
Pillow  Version  : 7.0.0
PyTorch Version  : 1.4.0
cuDNN   Version  : 7603
CUDA available   : True
CUDA GPU numbers : 1
CUDA_VISIBLE_DEVICES=0

--------------- dataset : cifar100 ---------------
Flops = 78.56778 MB, Params = 0.565236 MB
config : OrderedDict([('scheduler', 'cos'), ('eta_min', 0.0), ('epochs', 12), ('warmup', 0), ('optim', 'SGD'), ('LR', 0.1), ('decay', 0.0005), ('momentum', 0.9), ('nesterov', True), ('criterion', 'Softmax'), ('batch_size', 256), ('class_num', 100), ('xshape', (1, 3, 32, 32))])
Training State (finish) = True

<<<***>>> The 00/01-th seed is 111 <finish> other procedures need Time Left: [00:00:00]
