Start train-evaluate |skip_connect~0|+|none~0|nor_conv_3x3~1|+|nor_conv_1x1~0|avg_pool_3x3~1|avg_pool_3x3~2|
arch_config : {'channel': 16, 'num_cells': 5}

The 00/01-th seed is 111 ----------------------<.>----------------------
Does not find the existing file output/trofim-NST/specifics/LESS-|skip_connect~0|+|none~0|nor_conv_3x3~1|+|nor_conv_1x1~0|avg_pool_3x3~1|avg_pool_3x3~2|-16-5/seed-0111.pth, train and evaluate!
configs/nas-benchmark/LESS.config
Configure(scheduler='cos', eta_min=0.0, epochs=12, warmup=0, optim='SGD', LR=0.1, decay=0.0005, momentum=0.9, nesterov=True, criterion='Softmax', batch_size=256, class_num=100, xshape=(1, 3, 32, 32))
Evaluate ||||||| cifar100   ||||||| Train-Num=50000, Valid-Num=10000, Train-Loader-Num=196, Valid-Loader-Num=40, batch size=256
Evaluate ||||||| cifar100   ||||||| Config=Configure(scheduler='cos', eta_min=0.0, epochs=12, warmup=0, optim='SGD', LR=0.1, decay=0.0005, momentum=0.9, nesterov=True, criterion='Softmax', batch_size=256, class_num=100, xshape=(1, 3, 32, 32))
Evaluate ---->>>> ori-test   with 40 batchs
Evaluate ---->>>> x-valid    with 20 batchs
Evaluate ---->>>> x-test     with 20 batchs
[2020-10-15 14:21:19] Seed-------------------------- 111 --------------------------
FLOP = 47.1105 MB, Param = 0.350196 MB
[2020-10-15 14:21:40] Time Left: [00:03:52] epoch=000/012 :: Train [loss=5.74812, acc@1=6.09%, acc@5=20.74%] Valid [loss=-0.50580, acc@1=4.62%, acc@5=17.80%]
[2020-10-15 14:22:01] Time Left: [00:03:29] epoch=001/012 :: Train [loss=-4.93974, acc@1=16.79%, acc@5=43.23%] Valid [loss=-4.83643, acc@1=7.58%, acc@5=26.34%]
[2020-10-15 14:22:22] Time Left: [00:03:08] epoch=002/012 :: Train [loss=-7.19959, acc@1=26.11%, acc@5=57.41%] Valid [loss=-6.36879, acc@1=16.60%, acc@5=44.12%]
[2020-10-15 14:22:43] Time Left: [00:02:46] epoch=003/012 :: Train [loss=-8.25220, acc@1=32.77%, acc@5=65.68%] Valid [loss=-7.05866, acc@1=14.58%, acc@5=41.18%]
[2020-10-15 14:23:03] Time Left: [00:02:25] epoch=004/012 :: Train [loss=-9.00719, acc@1=37.90%, acc@5=71.25%] Valid [loss=-8.74117, acc@1=28.96%, acc@5=61.70%]
[2020-10-15 14:23:24] Time Left: [00:02:04] epoch=005/012 :: Train [loss=-9.51272, acc@1=41.99%, acc@5=74.81%] Valid [loss=-8.40859, acc@1=25.66%, acc@5=53.80%]
[2020-10-15 14:23:45] Time Left: [00:01:43] epoch=006/012 :: Train [loss=-9.88544, acc@1=45.46%, acc@5=77.66%] Valid [loss=-9.20965, acc@1=33.00%, acc@5=66.10%]
[2020-10-15 14:24:06] Time Left: [00:01:23] epoch=007/012 :: Train [loss=-10.17498, acc@1=48.60%, acc@5=79.93%] Valid [loss=-10.18931, acc@1=41.78%, acc@5=72.98%]
[2020-10-15 14:24:26] Time Left: [00:01:02] epoch=008/012 :: Train [loss=-10.39466, acc@1=50.96%, acc@5=82.12%] Valid [loss=-10.60444, acc@1=45.56%, acc@5=77.10%]
[2020-10-15 14:24:47] Time Left: [00:00:41] epoch=009/012 :: Train [loss=-10.56466, acc@1=53.47%, acc@5=83.73%] Valid [loss=-10.88357, acc@1=48.80%, acc@5=79.42%]
[2020-10-15 14:25:08] Time Left: [00:00:20] epoch=010/012 :: Train [loss=-10.68610, acc@1=55.42%, acc@5=84.84%] Valid [loss=-11.07625, acc@1=52.72%, acc@5=82.24%]
[2020-10-15 14:25:28] Time Left: [00:00:00] epoch=011/012 :: Train [loss=-10.76388, acc@1=56.84%, acc@5=85.82%] Valid [loss=-11.20445, acc@1=54.22%, acc@5=83.42%]
Python  Version  : 3.7.7 (default, Mar 26 2020, 15:48:22)  [GCC 7.3.0]
Pillow  Version  : 7.0.0
PyTorch Version  : 1.4.0
cuDNN   Version  : 7603
CUDA available   : True
CUDA GPU numbers : 1
CUDA_VISIBLE_DEVICES=0

--------------- dataset : cifar100 ---------------
Flops = 47.1105 MB, Params = 0.350196 MB
config : OrderedDict([('scheduler', 'cos'), ('eta_min', 0.0), ('epochs', 12), ('warmup', 0), ('optim', 'SGD'), ('LR', 0.1), ('decay', 0.0005), ('momentum', 0.9), ('nesterov', True), ('criterion', 'Softmax'), ('batch_size', 256), ('class_num', 100), ('xshape', (1, 3, 32, 32))])
Training State (finish) = True

<<<***>>> The 00/01-th seed is 111 <finish> other procedures need Time Left: [00:00:00]
