Start train-evaluate |skip_connect~0|+|none~0|avg_pool_3x3~1|+|skip_connect~0|skip_connect~1|nor_conv_1x1~2|
arch_config : {'channel': 16, 'num_cells': 5}

The 00/01-th seed is 111 ----------------------<.>----------------------
Does not find the existing file output/trofim-NST/specifics/LESS-|skip_connect~0|+|none~0|avg_pool_3x3~1|+|skip_connect~0|skip_connect~1|nor_conv_1x1~2|-16-5/seed-0111.pth, train and evaluate!
configs/nas-benchmark/LESS.config
Configure(scheduler='cos', eta_min=0.0, epochs=12, warmup=0, optim='SGD', LR=0.1, decay=0.0005, momentum=0.9, nesterov=True, criterion='Softmax', batch_size=256, class_num=100, xshape=(1, 3, 32, 32))
Evaluate ||||||| cifar100   ||||||| Train-Num=50000, Valid-Num=10000, Train-Loader-Num=196, Valid-Loader-Num=40, batch size=256
Evaluate ||||||| cifar100   ||||||| Config=Configure(scheduler='cos', eta_min=0.0, epochs=12, warmup=0, optim='SGD', LR=0.1, decay=0.0005, momentum=0.9, nesterov=True, criterion='Softmax', batch_size=256, class_num=100, xshape=(1, 3, 32, 32))
Evaluate ---->>>> ori-test   with 40 batchs
Evaluate ---->>>> x-valid    with 20 batchs
Evaluate ---->>>> x-test     with 20 batchs
[2020-10-15 13:28:13] Seed-------------------------- 111 --------------------------
FLOP = 11.72106 MB, Param = 0.107156 MB
[2020-10-15 13:28:29] Time Left: [00:03:00] epoch=000/012 :: Train [loss=3.77057, acc@1=4.77%, acc@5=17.78%] Valid [loss=0.30066, acc@1=5.10%, acc@5=19.48%]
[2020-10-15 13:28:46] Time Left: [00:02:48] epoch=001/012 :: Train [loss=-0.71556, acc@1=7.88%, acc@5=25.31%] Valid [loss=-1.30778, acc@1=4.98%, acc@5=19.14%]
[2020-10-15 13:29:03] Time Left: [00:02:29] epoch=002/012 :: Train [loss=-2.11285, acc@1=9.87%, acc@5=29.74%] Valid [loss=-2.72776, acc@1=8.50%, acc@5=25.42%]
[2020-10-15 13:29:19] Time Left: [00:02:11] epoch=003/012 :: Train [loss=-3.07962, acc@1=12.22%, acc@5=33.72%] Valid [loss=-2.96613, acc@1=10.04%, acc@5=28.92%]
[2020-10-15 13:29:35] Time Left: [00:01:55] epoch=004/012 :: Train [loss=-3.65559, acc@1=13.45%, acc@5=36.23%] Valid [loss=-3.27031, acc@1=10.46%, acc@5=31.02%]
[2020-10-15 13:29:51] Time Left: [00:01:38] epoch=005/012 :: Train [loss=-3.64367, acc@1=13.68%, acc@5=36.88%] Valid [loss=-4.39978, acc@1=11.80%, acc@5=32.30%]
[2020-10-15 13:30:07] Time Left: [00:01:21] epoch=006/012 :: Train [loss=-4.90957, acc@1=16.11%, acc@5=40.90%] Valid [loss=-5.48655, acc@1=13.30%, acc@5=35.68%]
[2020-10-15 13:30:23] Time Left: [00:01:05] epoch=007/012 :: Train [loss=-5.83830, acc@1=18.15%, acc@5=43.96%] Valid [loss=-6.04064, acc@1=11.88%, acc@5=34.32%]
[2020-10-15 13:30:39] Time Left: [00:00:48] epoch=008/012 :: Train [loss=-6.43975, acc@1=19.70%, acc@5=46.83%] Valid [loss=-7.09928, acc@1=16.62%, acc@5=43.04%]
[2020-10-15 13:30:56] Time Left: [00:00:32] epoch=009/012 :: Train [loss=-6.82631, acc@1=21.23%, acc@5=49.21%] Valid [loss=-7.50176, acc@1=18.68%, acc@5=45.38%]
[2020-10-15 13:31:12] Time Left: [00:00:16] epoch=010/012 :: Train [loss=-7.01665, acc@1=22.34%, acc@5=50.82%] Valid [loss=-7.69515, acc@1=20.46%, acc@5=48.88%]
[2020-10-15 13:31:28] Time Left: [00:00:00] epoch=011/012 :: Train [loss=-7.08940, acc@1=22.83%, acc@5=51.49%] Valid [loss=-7.76514, acc@1=21.46%, acc@5=48.90%]
Python  Version  : 3.7.7 (default, Mar 26 2020, 15:48:22)  [GCC 7.3.0]
Pillow  Version  : 7.0.0
PyTorch Version  : 1.4.0
cuDNN   Version  : 7603
CUDA available   : True
CUDA GPU numbers : 1
CUDA_VISIBLE_DEVICES=0

--------------- dataset : cifar100 ---------------
Flops = 11.72106 MB, Params = 0.107156 MB
config : OrderedDict([('scheduler', 'cos'), ('eta_min', 0.0), ('epochs', 12), ('warmup', 0), ('optim', 'SGD'), ('LR', 0.1), ('decay', 0.0005), ('momentum', 0.9), ('nesterov', True), ('criterion', 'Softmax'), ('batch_size', 256), ('class_num', 100), ('xshape', (1, 3, 32, 32))])
Training State (finish) = True

<<<***>>> The 00/01-th seed is 111 <finish> other procedures need Time Left: [00:00:00]
