Start train-evaluate |skip_connect~0|+|nor_conv_1x1~0|skip_connect~1|+|avg_pool_3x3~0|skip_connect~1|nor_conv_1x1~2|
arch_config : {'channel': 16, 'num_cells': 5}

The 00/01-th seed is 111 ----------------------<.>----------------------
Does not find the existing file output/trofim-NST/specifics/LESS-|skip_connect~0|+|nor_conv_1x1~0|skip_connect~1|+|avg_pool_3x3~0|skip_connect~1|nor_conv_1x1~2|-16-5/seed-0111.pth, train and evaluate!
configs/nas-benchmark/LESS.config
Configure(scheduler='cos', eta_min=0.0, epochs=12, warmup=0, optim='SGD', LR=0.1, decay=0.0005, momentum=0.9, nesterov=True, criterion='Softmax', batch_size=256, class_num=100, xshape=(1, 3, 32, 32))
Evaluate ||||||| cifar100   ||||||| Train-Num=50000, Valid-Num=10000, Train-Loader-Num=196, Valid-Loader-Num=40, batch size=256
Evaluate ||||||| cifar100   ||||||| Config=Configure(scheduler='cos', eta_min=0.0, epochs=12, warmup=0, optim='SGD', LR=0.1, decay=0.0005, momentum=0.9, nesterov=True, criterion='Softmax', batch_size=256, class_num=100, xshape=(1, 3, 32, 32))
Evaluate ---->>>> ori-test   with 40 batchs
Evaluate ---->>>> x-valid    with 20 batchs
Evaluate ---->>>> x-test     with 20 batchs
[2020-10-15 13:45:49] Seed-------------------------- 111 --------------------------
FLOP = 15.65322 MB, Param = 0.135156 MB
[2020-10-15 13:46:08] Time Left: [00:03:30] epoch=000/012 :: Train [loss=10.69894, acc@1=4.66%, acc@5=17.23%] Valid [loss=7.17041, acc@1=5.52%, acc@5=18.98%]
[2020-10-15 13:46:28] Time Left: [00:03:15] epoch=001/012 :: Train [loss=3.01979, acc@1=7.83%, acc@5=25.96%] Valid [loss=3.11951, acc@1=7.10%, acc@5=23.40%]
[2020-10-15 13:46:47] Time Left: [00:02:53] epoch=002/012 :: Train [loss=0.63226, acc@1=9.69%, acc@5=29.97%] Valid [loss=1.69365, acc@1=5.44%, acc@5=20.02%]
[2020-10-15 13:47:05] Time Left: [00:02:33] epoch=003/012 :: Train [loss=-1.06272, acc@1=11.36%, acc@5=33.09%] Valid [loss=-0.55570, acc@1=8.02%, acc@5=25.80%]
[2020-10-15 13:47:24] Time Left: [00:02:13] epoch=004/012 :: Train [loss=-2.21119, acc@1=12.90%, acc@5=35.83%] Valid [loss=-1.96348, acc@1=9.58%, acc@5=28.82%]
[2020-10-15 13:47:43] Time Left: [00:01:54] epoch=005/012 :: Train [loss=-2.84644, acc@1=14.34%, acc@5=38.21%] Valid [loss=1.01275, acc@1=4.28%, acc@5=17.24%]
[2020-10-15 13:48:02] Time Left: [00:01:35] epoch=006/012 :: Train [loss=-3.33903, acc@1=15.53%, acc@5=40.33%] Valid [loss=-2.18052, acc@1=11.22%, acc@5=30.82%]
[2020-10-15 13:48:21] Time Left: [00:01:16] epoch=007/012 :: Train [loss=-3.78292, acc@1=16.70%, acc@5=42.41%] Valid [loss=-0.86395, acc@1=8.48%, acc@5=28.12%]
[2020-10-15 13:48:40] Time Left: [00:00:57] epoch=008/012 :: Train [loss=-4.14894, acc@1=18.09%, acc@5=44.94%] Valid [loss=-3.01908, acc@1=11.50%, acc@5=32.98%]
[2020-10-15 13:48:59] Time Left: [00:00:38] epoch=009/012 :: Train [loss=-4.43866, acc@1=19.15%, acc@5=46.13%] Valid [loss=-3.58819, acc@1=13.34%, acc@5=35.94%]
[2020-10-15 13:49:17] Time Left: [00:00:18] epoch=010/012 :: Train [loss=-4.60348, acc@1=19.78%, acc@5=47.28%] Valid [loss=-4.15031, acc@1=17.88%, acc@5=44.02%]
[2020-10-15 13:49:36] Time Left: [00:00:00] epoch=011/012 :: Train [loss=-4.67775, acc@1=20.12%, acc@5=47.66%] Valid [loss=-4.42145, acc@1=18.86%, acc@5=45.50%]
Python  Version  : 3.7.7 (default, Mar 26 2020, 15:48:22)  [GCC 7.3.0]
Pillow  Version  : 7.0.0
PyTorch Version  : 1.4.0
cuDNN   Version  : 7603
CUDA available   : True
CUDA GPU numbers : 1
CUDA_VISIBLE_DEVICES=0

--------------- dataset : cifar100 ---------------
Flops = 15.65322 MB, Params = 0.135156 MB
config : OrderedDict([('scheduler', 'cos'), ('eta_min', 0.0), ('epochs', 12), ('warmup', 0), ('optim', 'SGD'), ('LR', 0.1), ('decay', 0.0005), ('momentum', 0.9), ('nesterov', True), ('criterion', 'Softmax'), ('batch_size', 256), ('class_num', 100), ('xshape', (1, 3, 32, 32))])
Training State (finish) = True

<<<***>>> The 00/01-th seed is 111 <finish> other procedures need Time Left: [00:00:00]
