Start train-evaluate |avg_pool_3x3~0|+|none~0|none~1|+|skip_connect~0|none~1|nor_conv_3x3~2|
arch_config : {'channel': 16, 'num_cells': 5}

The 00/01-th seed is 111 ----------------------<.>----------------------
Does not find the existing file output/trofim-NST/specifics/LESS-|avg_pool_3x3~0|+|none~0|none~1|+|skip_connect~0|none~1|nor_conv_3x3~2|-16-5/seed-0111.pth, train and evaluate!
configs/nas-benchmark/LESS.config
Configure(scheduler='cos', eta_min=0.0, epochs=12, warmup=0, optim='SGD', LR=0.1, decay=0.0005, momentum=0.9, nesterov=True, criterion='Softmax', batch_size=256, class_num=100, xshape=(1, 3, 32, 32))
Evaluate ||||||| cifar100   ||||||| Train-Num=50000, Valid-Num=10000, Train-Loader-Num=196, Valid-Loader-Num=40, batch size=256
Evaluate ||||||| cifar100   ||||||| Config=Configure(scheduler='cos', eta_min=0.0, epochs=12, warmup=0, optim='SGD', LR=0.1, decay=0.0005, momentum=0.9, nesterov=True, criterion='Softmax', batch_size=256, class_num=100, xshape=(1, 3, 32, 32))
Evaluate ---->>>> ori-test   with 40 batchs
Evaluate ---->>>> x-valid    with 20 batchs
Evaluate ---->>>> x-test     with 20 batchs
[2020-10-15 13:13:44] Seed-------------------------- 111 --------------------------
FLOP = 43.17834 MB, Param = 0.322196 MB
[2020-10-15 13:14:02] Time Left: [00:03:13] epoch=000/012 :: Train [loss=27.30345, acc@1=2.02%, acc@5=8.54%] Valid [loss=15.12415, acc@1=2.02%, acc@5=8.92%]
[2020-10-15 13:14:20] Time Left: [00:03:02] epoch=001/012 :: Train [loss=12.68407, acc@1=2.87%, acc@5=11.16%] Valid [loss=9.37642, acc@1=2.56%, acc@5=10.16%]
[2020-10-15 13:14:38] Time Left: [00:02:41] epoch=002/012 :: Train [loss=9.63073, acc@1=4.14%, acc@5=15.85%] Valid [loss=6.84007, acc@1=4.18%, acc@5=15.68%]
[2020-10-15 13:14:55] Time Left: [00:02:22] epoch=003/012 :: Train [loss=6.18727, acc@1=5.09%, acc@5=19.26%] Valid [loss=3.34458, acc@1=4.82%, acc@5=17.02%]
[2020-10-15 13:15:13] Time Left: [00:02:04] epoch=004/012 :: Train [loss=2.86874, acc@1=6.38%, acc@5=22.53%] Valid [loss=0.62696, acc@1=5.26%, acc@5=17.88%]
[2020-10-15 13:15:30] Time Left: [00:01:45] epoch=005/012 :: Train [loss=-0.65474, acc@1=8.67%, acc@5=27.68%] Valid [loss=-2.81139, acc@1=7.06%, acc@5=23.60%]
[2020-10-15 13:15:47] Time Left: [00:01:28] epoch=006/012 :: Train [loss=-2.93536, acc@1=12.13%, acc@5=34.95%] Valid [loss=-3.85643, acc@1=8.66%, acc@5=28.04%]
[2020-10-15 13:16:05] Time Left: [00:01:10] epoch=007/012 :: Train [loss=-4.03440, acc@1=16.33%, acc@5=42.25%] Valid [loss=-4.02090, acc@1=9.38%, acc@5=25.80%]
[2020-10-15 13:16:22] Time Left: [00:00:52] epoch=008/012 :: Train [loss=-4.79276, acc@1=20.51%, acc@5=49.33%] Valid [loss=-5.79325, acc@1=17.96%, acc@5=44.84%]
[2020-10-15 13:16:39] Time Left: [00:00:35] epoch=009/012 :: Train [loss=-5.22438, acc@1=23.58%, acc@5=53.45%] Valid [loss=-6.29669, acc@1=21.44%, acc@5=50.60%]
[2020-10-15 13:16:57] Time Left: [00:00:17] epoch=010/012 :: Train [loss=-5.45635, acc@1=25.63%, acc@5=55.96%] Valid [loss=-6.55775, acc@1=23.88%, acc@5=54.70%]
[2020-10-15 13:17:14] Time Left: [00:00:00] epoch=011/012 :: Train [loss=-5.56671, acc@1=27.04%, acc@5=57.38%] Valid [loss=-6.68934, acc@1=27.16%, acc@5=56.42%]
Python  Version  : 3.7.7 (default, Mar 26 2020, 15:48:22)  [GCC 7.3.0]
Pillow  Version  : 7.0.0
PyTorch Version  : 1.4.0
cuDNN   Version  : 7603
CUDA available   : True
CUDA GPU numbers : 1
CUDA_VISIBLE_DEVICES=0

--------------- dataset : cifar100 ---------------
Flops = 43.17834 MB, Params = 0.322196 MB
config : OrderedDict([('scheduler', 'cos'), ('eta_min', 0.0), ('epochs', 12), ('warmup', 0), ('optim', 'SGD'), ('LR', 0.1), ('decay', 0.0005), ('momentum', 0.9), ('nesterov', True), ('criterion', 'Softmax'), ('batch_size', 256), ('class_num', 100), ('xshape', (1, 3, 32, 32))])
Training State (finish) = True

<<<***>>> The 00/01-th seed is 111 <finish> other procedures need Time Left: [00:00:00]
